#
# There is insufficient memory for the Java Runtime Environment to continue.
# Native memory allocation (mmap) failed to map 65536 bytes. Error detail: Failed to commit metaspace.
# Possible reasons:
#   The system is out of physical RAM or swap space
#   This process is running with CompressedOops enabled, and the Java Heap may be blocking the growth of the native heap
# Possible solutions:
#   Reduce memory load on the system
#   Increase physical memory or swap space
#   Check if swap backing store is full
#   Decrease Java heap size (-Xmx/-Xms)
#   Decrease number of Java threads
#   Decrease Java thread stack sizes (-Xss)
#   Set larger code cache with -XX:ReservedCodeCacheSize=
#   JVM is running with Zero Based Compressed Oops mode in which the Java heap is
#     placed in the first 32GB address space. The Java Heap base address is the
#     maximum limit for the native heap growth. Please use -XX:HeapBaseMinAddress
#     to set the Java Heap base and to place the Java Heap above 32GB virtual address.
# This output file may be truncated or incomplete.
#
#  Out of Memory Error (virtualSpaceNode.cpp:113), pid=18408, tid=14624
#
# JRE version: Java(TM) SE Runtime Environment (23.0.1+11) (build 23.0.1+11-39)
# Java VM: Java HotSpot(TM) 64-Bit Server VM (23.0.1+11-39, mixed mode, sharing, tiered, compressed oops, compressed class ptrs, g1 gc, windows-amd64)
# No core dump will be written. Minidumps are not enabled by default on client versions of Windows
#

---------------  S U M M A R Y ------------

Command Line: -Dclassworlds.conf=C:\Program Files\NetBeans-24\netbeans\java\maven\bin\m2.conf -Dmaven.home=C:\Program Files\NetBeans-24\netbeans\java\maven -Dlibrary.jansi.path=C:\Program Files\NetBeans-24\netbeans\java\maven\lib\jansi-native -Dmaven.multiModuleProjectDirectory=C:\Users\Papa\Documents\NetBeansProjects\MotorPhPayroll org.codehaus.plexus.classworlds.launcher.Launcher -Dmaven.ext.class.path=C:\Program Files\NetBeans-24\netbeans\java\maven-nblib\netbeans-eventspy.jar --no-transfer-progress install

Host: AMD Ryzen 5 3400GE with Radeon Vega Graphics   , 8 cores, 13G,  Windows 11 , 64 bit Build 26100 (10.0.26100.7920)
Time: Sat Mar  7 14:06:31 2026 Malay Peninsula Standard Time elapsed time: 41.051060 seconds (0d 0h 0m 41s)

---------------  T H R E A D  ---------------

Current thread (0x0000028e4c4f9630):  JavaThread "main"             [_thread_in_vm, id=14624, stack(0x000000d997500000,0x000000d997600000) (1024K)]

Stack: [0x000000d997500000,0x000000d997600000]
Native frames: (J=compiled Java code, j=interpreted, Vv=VM code, C=native code)
V  [jvm.dll+0x6e08b9]  (no source info available)
V  [jvm.dll+0x87dc83]  (no source info available)
V  [jvm.dll+0x88010e]  (no source info available)
V  [jvm.dll+0x8807e3]  (no source info available)
V  [jvm.dll+0x27aee6]  (no source info available)
V  [jvm.dll+0x87988e]  (no source info available)
V  [jvm.dll+0x682035]  (no source info available)
V  [jvm.dll+0x1e09dc]  (no source info available)
V  [jvm.dll+0x1e07ae]  (no source info available)
V  [jvm.dll+0x684988]  (no source info available)
V  [jvm.dll+0x2219dc]  (no source info available)
V  [jvm.dll+0x682a4e]  (no source info available)
V  [jvm.dll+0x26509f]  (no source info available)
V  [jvm.dll+0x68cde4]  (no source info available)
V  [jvm.dll+0x211fe1]  (no source info available)
V  [jvm.dll+0x21244a]  (no source info available)
V  [jvm.dll+0x212e71]  (no source info available)
V  [jvm.dll+0x20811e]  (no source info available)
V  [jvm.dll+0x5be6df]  (no source info available)
V  [jvm.dll+0x7f3ad6]  (no source info available)
V  [jvm.dll+0x475cf6]  (no source info available)
V  [jvm.dll+0x47bb98]  (no source info available)
C  [java.dll+0x17d4]  (no source info available)
C  0x0000028e5c7181fc  (no source info available)

The last pc belongs to native nmethod (printed below).
Java frames: (J=compiled Java code, j=interpreted, Vv=VM code)
J 531  java.lang.ClassLoader.defineClass1(Ljava/lang/ClassLoader;Ljava/lang/String;[BIILjava/security/ProtectionDomain;Ljava/lang/String;)Ljava/lang/Class; java.base@23.0.1 (0 bytes) @ 0x0000028e5c718161 [0x0000028e5c7180a0+0x00000000000000c1]
j  java.lang.ClassLoader.defineClass(Ljava/lang/String;[BIILjava/security/ProtectionDomain;)Ljava/lang/Class;+27 java.base@23.0.1
j  java.security.SecureClassLoader.defineClass(Ljava/lang/String;[BIILjava/security/CodeSource;)Ljava/lang/Class;+12 java.base@23.0.1
j  java.net.URLClassLoader.defineClass(Ljava/lang/String;Ljdk/internal/loader/Resource;)Ljava/lang/Class;+220 java.base@23.0.1
j  java.net.URLClassLoader$1.run()Ljava/lang/Class;+43 java.base@23.0.1
j  java.net.URLClassLoader$1.run()Ljava/lang/Object;+1 java.base@23.0.1
J 847 c1 java.security.AccessController.doPrivileged(Ljava/security/PrivilegedExceptionAction;Ljava/security/AccessControlContext;)Ljava/lang/Object; java.base@23.0.1 (26 bytes) @ 0x0000028e54d5ed94 [0x0000028e54d5eba0+0x00000000000001f4]
j  java.net.URLClassLoader.findClass(Ljava/lang/String;)Ljava/lang/Class;+13 java.base@23.0.1
J 856 c1 org.codehaus.plexus.classworlds.realm.ClassRealm.loadClassFromSelf(Ljava/lang/String;)Ljava/lang/Class; (40 bytes) @ 0x0000028e54d6262c [0x0000028e54d62280+0x00000000000003ac]
J 882 c1 org.codehaus.plexus.classworlds.strategy.SelfFirstStrategy.loadClass(Ljava/lang/String;)Ljava/lang/Class; (50 bytes) @ 0x0000028e54d6bd1c [0x0000028e54d6b940+0x00000000000003dc]
J 591 c1 org.codehaus.plexus.classworlds.realm.ClassRealm.loadClass(Ljava/lang/String;Z)Ljava/lang/Class; (33 bytes) @ 0x0000028e54ce2d64 [0x0000028e54ce2be0+0x0000000000000184]
J 590 c1 org.codehaus.plexus.classworlds.realm.ClassRealm.loadClass(Ljava/lang/String;)Ljava/lang/Class; (7 bytes) @ 0x0000028e54ce2924 [0x0000028e54ce2820+0x0000000000000104]
v  ~StubRoutines::call_stub 0x0000028e5c160fcd
j  com.google.common.cache.CacheBuilder.weakKeys()Lcom/google/common/cache/CacheBuilder;+1
j  com.google.inject.internal.WeakKeySet.<init>(Ljava/lang/Object;)V+8
j  com.google.inject.internal.InjectorJitBindingData.<init>(Ljava/util/Optional;)V+57
j  com.google.inject.internal.InjectorShell$Builder.lock()Ljava/lang/Object;+15
j  com.google.inject.internal.InternalInjectorCreator.build()Lcom/google/inject/Injector;+21
j  com.google.inject.Guice.createInjector(Lcom/google/inject/Stage;Ljava/lang/Iterable;)Lcom/google/inject/Injector;+15
j  com.google.inject.Guice.createInjector(Ljava/lang/Iterable;)Lcom/google/inject/Injector;+4
j  com.google.inject.Guice.createInjector([Lcom/google/inject/Module;)Lcom/google/inject/Injector;+4
j  org.codehaus.plexus.DefaultPlexusContainer.addPlexusInjector(Ljava/util/List;[Lcom/google/inject/Module;)Lcom/google/inject/Injector;+88
j  org.codehaus.plexus.DefaultPlexusContainer.<init>(Lorg/codehaus/plexus/ContainerConfiguration;[Lcom/google/inject/Module;)V+406
j  org.apache.maven.cli.MavenCli.container(Lorg/apache/maven/cli/CliRequest;)Lorg/codehaus/plexus/PlexusContainer;+279
j  org.apache.maven.cli.MavenCli.doMain(Lorg/apache/maven/cli/CliRequest;)I+34
j  org.apache.maven.cli.MavenCli.main([Ljava/lang/String;Lorg/codehaus/plexus/classworlds/ClassWorld;)I+24
j  java.lang.invoke.DirectMethodHandle$Holder.invokeStatic(Ljava/lang/Object;Ljava/lang/Object;Ljava/lang/Object;)I+11 java.base@23.0.1
j  java.lang.invoke.LambdaForm$MH+0x0000028e01009400.invoke(Ljava/lang/Object;Ljava/lang/Object;Ljava/lang/Object;Ljava/lang/Object;)Ljava/lang/Object;+54 java.base@23.0.1
j  java.lang.invoke.LambdaForm$MH+0x0000028e01009800.invokeExact_MT(Ljava/lang/Object;Ljava/lang/Object;Ljava/lang/Object;Ljava/lang/Object;Ljava/lang/Object;)Ljava/lang/Object;+22 java.base@23.0.1
j  jdk.internal.reflect.DirectMethodHandleAccessor.invokeImpl(Ljava/lang/Object;[Ljava/lang/Object;)Ljava/lang/Object;+72 java.base@23.0.1
j  jdk.internal.reflect.DirectMethodHandleAccessor.invoke(Ljava/lang/Object;[Ljava/lang/Object;)Ljava/lang/Object;+23 java.base@23.0.1
j  java.lang.reflect.Method.invoke(Ljava/lang/Object;[Ljava/lang/Object;)Ljava/lang/Object;+102 java.base@23.0.1
j  org.codehaus.plexus.classworlds.launcher.Launcher.launchEnhanced([Ljava/lang/String;)V+45
j  org.codehaus.plexus.classworlds.launcher.Launcher.launch([Ljava/lang/String;)V+2
j  org.codehaus.plexus.classworlds.launcher.Launcher.mainWithExitCode([Ljava/lang/String;)I+108
j  org.codehaus.plexus.classworlds.launcher.Launcher.main([Ljava/lang/String;)V+1
v  ~StubRoutines::call_stub 0x0000028e5c160fcd
Lock stack of current Java thread (top to bottom):
LockStack[1]: java.lang.Object 
{0x000000072e533b60} - klass: 'java/lang/Object'
 - ---- fields (total size 2 words):
LockStack[0]: [I 
{0x000000072e533a60} - klass: {type array int}
 - length: 0


Compiled method (n/a) 43042  531     n 0       java.lang.ClassLoader::defineClass1 (native)
 total in heap  [0x0000028e5c717f88,0x0000028e5c718540] = 1464
 relocation     [0x0000028e5c718060,0x0000028e5c718098] = 56
 main code      [0x0000028e5c7180a0,0x0000028e5c71853f] = 1183
 stub code      [0x0000028e5c71853f,0x0000028e5c718540] = 1

[Constant Pool (empty)]

[MachCode]
[Entry Point]
  # {method} {0x0000028e00478b70} 'defineClass1' '(Ljava/lang/ClassLoader;Ljava/lang/String;[BIILjava/security/ProtectionDomain;Ljava/lang/String;)Ljava/lang/Class;' in 'java/lang/ClassLoader'
  # parm0:    rdx:rdx   = 'java/lang/ClassLoader'
  # parm1:    r8:r8     = 'java/lang/String'
  # parm2:    r9:r9     = '[B'
  # parm3:    rdi       = int
  # parm4:    rsi       = int
  # parm5:    rcx:rcx   = 'java/security/ProtectionDomain'
  # parm6:    [sp+0xa0]   = 'java/lang/String'  (sp of caller)
  0x0000028e5c7180a0: 6690 448b | 5208 443b 

  0x0000028e5c7180a8: ;   {runtime_call ic_miss_stub}
  0x0000028e5c7180a8: 5008 0f85 | 3064 a9ff 
[Verified Entry Point]
  0x0000028e5c7180b0: 8984 2400 | 80ff ff55 | 488b ec48 | 81ec 9000 | 0000 6690 | 4181 7f20 | 0100 0000 

  0x0000028e5c7180cc: ;   {runtime_call StubRoutines (final stubs)}
  0x0000028e5c7180cc: 7405 e86d | f6a7 ff48 | 837d 1000 | 488d 4510 | 480f 4445 | 1048 8944 | 2440 4889 | 4c24 7048 
  0x0000028e5c7180ec: 83f9 0048 | 8d44 2470 | 480f 4444 | 2470 4889 | 4424 3848 | 8974 2430 | 4889 7c24 | 284c 894c 
  0x0000028e5c71810c: 2458 4983 | f900 488d | 4424 5848 | 0f44 4424 | 5848 8944 | 2420 4c89 | 4424 5049 | 83f8 004c 
  0x0000028e5c71812c: 8d4c 2450 | 4c0f 444c | 2450 4889 | 5424 4848 | 83fa 004c | 8d44 2448 | 4c0f 4444 

  0x0000028e5c718148: ;   {oop(a 'java/lang/Class'{0x000000072f001478} = 'java/lang/ClassLoader')}
  0x0000028e5c718148: 2448 49be | 7814 002f | 0700 0000 | 4c89 7424 | 784c 8d74 | 2478 498b | d6c5 f877 

  0x0000028e5c718164: ;   {internal_word}
  0x0000028e5c718164: 49ba 6181 | 715c 8e02 | 0000 4d89 | 97a8 0300 | 0049 89a7 | a003 0000 

  0x0000028e5c71817c: ;   {external_word}
  0x0000028e5c71817c: 49ba 41ad | 86fe fc7f | 0000 4180 | 3a00 0f84 | 4e00 0000 | 5241 5041 

  0x0000028e5c718194: ;   {metadata({method} {0x0000028e00478b70} 'defineClass1' '(Ljava/lang/ClassLoader;Ljava/lang/String;[BIILjava/security/ProtectionDomain;Ljava/lang/String;)Ljava/lang/Class;' in 'java/lang/ClassLoader')}
  0x0000028e5c718194: 5148 ba68 | 8b47 008e | 0200 0049 | 8bcf 4883 | ec20 40f6 | c40f 0f84 | 1900 0000 | 4883 ec08 
  0x0000028e5c7181b4: ;   {runtime_call}
  0x0000028e5c7181b4: 48b8 10ee | 36fe fc7f | 0000 ffd0 | 4883 c408 | e90c 0000 

  0x0000028e5c7181c8: ;   {runtime_call}
  0x0000028e5c7181c8: 0048 b810 | ee36 fefc | 7f00 00ff | d048 83c4 | 2041 5941 | 585a 498d | 8fc0 0300 | 0041 c787 
  0x0000028e5c7181e8: 4404 0000 | 0400 0000 

  0x0000028e5c7181f0: ;   {runtime_call}
  0x0000028e5c7181f0: 48b8 9416 | d859 fd7f | 0000 ffd0 | c5f8 7741 | c787 4404 | 0000 0500 | 0000 f083 | 4424 c000 
  0x0000028e5c718210: 493b af48 | 0400 000f | 870e 0000 | 0041 83bf | 4004 0000 | 000f 842b | 0000 00c5 | f877 4889 
  0x0000028e5c718230: 45f8 498b | cf4c 8be4 | 4883 ec20 | 4883 e4f0 

  0x0000028e5c718240: ;   {runtime_call}
  0x0000028e5c718240: 48b8 90a9 | 00fe fc7f | 0000 ffd0 | 498b e44d | 33e4 488b | 45f8 41c7 | 8744 0400 | 0008 0000 
  0x0000028e5c718260: 0041 83bf | c804 0000 | 020f 84a3 

  0x0000028e5c71826c: ;   {external_word}
  0x0000028e5c71826c: 0200 0049 | ba41 ad86 | fefc 7f00 | 0041 803a | 000f 844c | 0000 0048 

  0x0000028e5c718284: ;   {metadata({method} {0x0000028e00478b70} 'defineClass1' '(Ljava/lang/ClassLoader;Ljava/lang/String;[BIILjava/security/ProtectionDomain;Ljava/lang/String;)Ljava/lang/Class;' in 'java/lang/ClassLoader')}
  0x0000028e5c718284: 8945 f848 | ba68 8b47 | 008e 0200 | 0049 8bcf | 4883 ec20 | 40f6 c40f | 0f84 1900 | 0000 4883 
  0x0000028e5c7182a4: ;   {runtime_call}
  0x0000028e5c7182a4: ec08 48b8 | 10ee 36fe | fc7f 0000 | ffd0 4883 | c408 e90c 

  0x0000028e5c7182b8: ;   {runtime_call}
  0x0000028e5c7182b8: 0000 0048 | b810 ee36 | fefc 7f00 | 00ff d048 | 83c4 2048 | 8b45 f849 | c787 a003 | 0000 0000 
  0x0000028e5c7182d8: 0000 49c7 | 87a8 0300 | 0000 0000 | 00c5 f877 | 4885 c00f | 84fe 0100 | 00a8 030f | 8508 0000 
  0x0000028e5c7182f8: 0048 8b00 | e9ee 0100 | 00a8 010f | 8509 0000 | 0048 8b40 | fee9 dd01 | 0000 488b | 40ff 4180 
  0x0000028e5c718318: 7f38 000f | 84ce 0100 | 0048 83f8 | 000f 84c4 | 0100 0049 | 8b4f 2848 | 83f9 000f | 8414 0000 
  0x0000028e5c718338: 0048 83e9 | 0849 894f | 2849 034f | 3048 8901 | e9a2 0100 | 0048 81ec | d000 0000 | 4889 0424 
  0x0000028e5c718358: 4889 4c24 | 0848 8954 | 2410 4889 | 7424 1848 | 897c 2420 | 4c89 4424 | 284c 894c | 2430 4c89 
  0x0000028e5c718378: 5424 384c | 895c 2440 | c5fb 1144 | 2450 c5fb | 114c 2458 | c5fb 1154 | 2460 c5fb | 115c 2468 
  0x0000028e5c718398: c5fb 1164 | 2470 c5fb | 116c 2478 | c5fb 11b4 | 2480 0000 | 00c5 fb11 | bc24 8800 | 0000 c57b 
  0x0000028e5c7183b8: ;   {no_reloc}
  0x0000028e5c7183b8: 1184 2490 | 0000 00c5 | 7b11 8c24 | 9800 0000 | c57b 1194 | 24a0 0000 | 00c5 7b11 | 9c24 a800 
  0x0000028e5c7183d8: 0000 c57b | 11a4 24b0 | 0000 00c5 | 7b11 ac24 | b800 0000 | c57b 11b4 | 24c0 0000 | 00c5 7b11 
  0x0000028e5c7183f8: bc24 c800 | 0000 498b | d748 8bc8 | 4883 ec20 | 40f6 c40f | 0f84 1900 | 0000 4883 

  0x0000028e5c718414: ;   {runtime_call}
  0x0000028e5c718414: ec08 48b8 | e007 f4fd | fc7f 0000 | ffd0 4883 | c408 e90c 

  0x0000028e5c718428: ;   {runtime_call}
  0x0000028e5c718428: 0000 0048 | b8e0 07f4 | fdfc 7f00 | 00ff d048 | 83c4 20c5 | 7b10 bc24 | c800 0000 | c57b 10b4 
  0x0000028e5c718448: 24c0 0000 | 00c5 7b10 | ac24 b800 | 0000 c57b | 10a4 24b0 | 0000 00c5 | 7b10 9c24 | a800 0000 
  0x0000028e5c718468: c57b 1094 | 24a0 0000 | 00c5 7b10 | 8c24 9800 | 0000 c57b | 1084 2490 | 0000 00c5 | fb10 bc24 
  0x0000028e5c718488: 8800 0000 | c5fb 10b4 | 2480 0000 | 00c5 fb10 | 6c24 78c5 | fb10 6424 | 70c5 fb10 | 5c24 68c5 
  0x0000028e5c7184a8: fb10 5424 | 60c5 fb10 | 4c24 58c5 | fb10 4424 | 504c 8b5c | 2440 4c8b | 5424 384c | 8b4c 2430 
  0x0000028e5c7184c8: 4c8b 4424 | 2848 8b7c | 2420 488b | 7424 1848 | 8b54 2410 | 488b 4c24 | 0848 8b04 | 2448 81c4 
  0x0000028e5c7184e8: d000 0000 | c5f8 7749 | 8b8f 3004 | 0000 c781 | 0001 0000 | 0000 0000 | c949 837f | 0800 0f85 
  0x0000028e5c718508: 0100 0000 

  0x0000028e5c71850c: ;   {runtime_call StubRoutines (initial stubs)}
  0x0000028e5c71850c: c3e9 ae89 | a4ff c5f8 | 7748 8945 | f84c 8be4 | 4883 ec20 | 4883 e4f0 

  0x0000028e5c718524: ;   {runtime_call}
  0x0000028e5c718524: 48b8 c022 | 37fe fc7f | 0000 ffd0 | 498b e44d | 33e4 488b | 45f8 e930 | fdff fff4 
[/MachCode]


Compiled method (c1) 43063  847   !   3       java.security.AccessController::doPrivileged (26 bytes)
 total in heap  [0x0000028e54d5ea08,0x0000028e54d5f0d8] = 1744
 relocation     [0x0000028e54d5eae0,0x0000028e54d5eb98] = 184
 main code      [0x0000028e54d5eba0,0x0000028e54d5f030] = 1168
 stub code      [0x0000028e54d5f030,0x0000028e54d5f0b8] = 136
 metadata       [0x0000028e54d5f0b8,0x0000028e54d5f0d8] = 32
 immutable data [0x0000028e459386a0,0x0000028e45938938] = 664
 dependencies   [0x0000028e459386a0,0x0000028e459386b0] = 16
 nul chk table  [0x0000028e459386b0,0x0000028e459386c0] = 16
 handler table  [0x0000028e459386c0,0x0000028e45938750] = 144
 scopes pcs     [0x0000028e45938750,0x0000028e45938850] = 256
 scopes data    [0x0000028e45938850,0x0000028e45938938] = 232

[Constant Pool (empty)]

[MachCode]
[Verified Entry Point]
  # {method} {0x0000028e0049afe8} 'doPrivileged' '(Ljava/security/PrivilegedExceptionAction;Ljava/security/AccessControlContext;)Ljava/lang/Object;' in 'java/security/AccessController'
  # parm0:    rdx:rdx   = 'java/security/PrivilegedExceptionAction'
  # parm1:    r8:r8     = 'java/security/AccessControlContext'
  #           [sp+0x90]  (sp of caller)
  0x0000028e54d5eba0: 8984 2400 | 80ff ff55 | 4881 ec80 | 0000 0090 | 4181 7f20 | 0100 0000 

  0x0000028e54d5ebb8: ;   {runtime_call StubRoutines (final stubs)}
  0x0000028e54d5ebb8: 7405 e881 

  0x0000028e54d5ebbc: ;   {metadata(method data for {method} {0x0000028e0049afe8} 'doPrivileged' '(Ljava/security/PrivilegedExceptionAction;Ljava/security/AccessControlContext;)Ljava/lang/Object;' in 'java/security/AccessController')}
  0x0000028e54d5ebbc: 8b43 0748 | bef8 b80a | 418e 0200 | 008b becc | 0000 0083 | c702 89be | cc00 0000 | 81e7 fe07 
  0x0000028e54d5ebdc: 0000 85ff | 0f84 3803 | 0000 4c89 | 4424 4048 | 8954 2448 

  0x0000028e54d5ebf0: ;   {metadata(method data for {method} {0x0000028e0049afe8} 'doPrivileged' '(Ljava/security/PrivilegedExceptionAction;Ljava/security/AccessControlContext;)Ljava/lang/Object;' in 'java/security/AccessController')}
  0x0000028e54d5ebf0: 48be f8b8 | 0a41 8e02 | 0000 4883 | 8618 0100 | 0001 0f1f 

  0x0000028e54d5ec04: ;   {static_call}
  0x0000028e54d5ec04: 4400 00e8 

  0x0000028e54d5ec08: ; ImmutableOopMap {[64]=Oop [72]=Oop }
                      ;*invokestatic getCallerClass {reexecute=0 rethrow=0 return_oop=0}
                      ; - java.security.AccessController::doPrivileged@0 (line 711)
  0x0000028e54d5ec08: 2482 9a07 

  0x0000028e54d5ec0c: ;   {other}
  0x0000028e54d5ec0c: 0f1f 8400 | 0402 0000 | 4889 4424 

  0x0000028e54d5ec18: ;   {metadata(method data for {method} {0x0000028e0049afe8} 'doPrivileged' '(Ljava/security/PrivilegedExceptionAction;Ljava/security/AccessControlContext;)Ljava/lang/Object;' in 'java/security/AccessController')}
  0x0000028e54d5ec18: 5048 baf8 | b80a 418e | 0200 0048 | 8382 2801 | 0000 0148 | 8b54 2440 | 4c8b c00f 

  0x0000028e54d5ec34: ;   {static_call}
  0x0000028e54d5ec34: 1f40 00e8 

  0x0000028e54d5ec38: ; ImmutableOopMap {[72]=Oop [80]=Oop }
                      ;*invokestatic checkContext {reexecute=0 rethrow=0 return_oop=0}
                      ; - java.security.AccessController::doPrivileged@6 (line 712)
  0x0000028e54d5ec38: e443 f8ff 

  0x0000028e54d5ec3c: ;   {other}
  0x0000028e54d5ec3c: 0f1f 8400 | 3402 0001 | 4889 4424 

  0x0000028e54d5ec48: ;   {metadata(method data for {method} {0x0000028e0049afe8} 'doPrivileged' '(Ljava/security/PrivilegedExceptionAction;Ljava/security/AccessControlContext;)Ljava/lang/Object;' in 'java/security/AccessController')}
  0x0000028e54d5ec48: 5848 baf8 | b80a 418e | 0200 0048 | 8382 3801 

  0x0000028e54d5ec58: ;   {metadata(method data for {method} {0x0000028e0049b270} 'executePrivileged' '(Ljava/security/PrivilegedExceptionAction;Ljava/security/AccessControlContext;Ljava/lang/Class;)Ljava/lang/Object;' in 'java/security/AccessController')}
  0x0000028e54d5ec58: 0000 0148 | baa0 e712 | 418e 0200 | 008b b2cc | 0000 0083 | c602 89b2 | cc00 0000 | 81e6 feff 
  0x0000028e54d5ec78: 1f00 85f6 | 0f84 bd02 | 0000 4885 

  0x0000028e54d5ec84: ;   {metadata(method data for {method} {0x0000028e0049b270} 'executePrivileged' '(Ljava/security/PrivilegedExceptionAction;Ljava/security/AccessControlContext;Ljava/lang/Class;)Ljava/lang/Object;' in 'java/security/AccessController')}
  0x0000028e54d5ec84: c048 baa0 | e712 418e | 0200 00be | 1801 0000 | 7405 be28 | 0100 0048 | 8b3c 3248 | 8d7f 0148 
  0x0000028e54d5eca4: 893c 320f | 8427 0000 

  0x0000028e54d5ecac: ;   {metadata(method data for {method} {0x0000028e0049b270} 'executePrivileged' '(Ljava/security/PrivilegedExceptionAction;Ljava/security/AccessControlContext;Ljava/lang/Class;)Ljava/lang/Object;' in 'java/security/AccessController')}
  0x0000028e54d5ecac: 0048 baa0 | e712 418e | 0200 0048 | 8382 3801 | 0000 0148 | 8bd0 0f1f 

  0x0000028e54d5ecc4: ;   {static_call}
  0x0000028e54d5ecc4: 4400 00e8 

  0x0000028e54d5ecc8: ; ImmutableOopMap {[72]=Oop [80]=Oop [88]=Oop }
                      ;*invokestatic ensureMaterializedForStackWalk {reexecute=0 rethrow=0 return_oop=0}
                      ; - java.security.AccessController::executePrivileged@5 (line 812)
                      ; - java.security.AccessController::doPrivileged@13 (line 714)
  0x0000028e54d5ecc8: 6449 9a07 

  0x0000028e54d5eccc: ;   {other}
  0x0000028e54d5eccc: 0f1f 8400 | c402 0002 

  0x0000028e54d5ecd4: ;   {metadata(method data for {method} {0x0000028e0049b270} 'executePrivileged' '(Ljava/security/PrivilegedExceptionAction;Ljava/security/AccessControlContext;Ljava/lang/Class;)Ljava/lang/Object;' in 'java/security/AccessController')}
  0x0000028e54d5ecd4: 48ba a0e7 | 1241 8e02 | 0000 ff82 | 4801 0000 | 488b 5424 | 4848 3b02 

  0x0000028e54d5ecec: ;   {metadata(method data for {method} {0x0000028e0049b270} 'executePrivileged' '(Ljava/security/PrivilegedExceptionAction;Ljava/security/AccessControlContext;Ljava/lang/Class;)Ljava/lang/Object;' in 'java/security/AccessController')}
  0x0000028e54d5ecec: 488b f248 | bfa0 e712 | 418e 0200 | 008b 7608 | 49ba 0000 | 0000 8e02 | 0000 4903 | f248 3bb7 
  0x0000028e54d5ed0c: b001 0000 | 750d 4883 | 87b8 0100 | 0001 e960 | 0000 0048 | 3bb7 c001 | 0000 750d | 4883 87c8 
  0x0000028e54d5ed2c: 0100 0001 | e94a 0000 | 0048 83bf | b001 0000 | 0075 1748 | 89b7 b001 | 0000 48c7 | 87b8 0100 
  0x0000028e54d5ed4c: 0001 0000 | 00e9 2900 | 0000 4883 | bfc0 0100 | 0000 7517 | 4889 b7c0 | 0100 0048 | c787 c801 
  0x0000028e54d5ed6c: 0000 0100 | 0000 e908 | 0000 0048 | 8387 a801 | 0000 0166 | 0f1f 4400 | 0048 b8e0 | 8bb8 458e 
  0x0000028e54d5ed8c: ;   {virtual_call}
  0x0000028e54d5ed8c: 0200 00e8 

  0x0000028e54d5ed90: ; ImmutableOopMap {[80]=Oop [88]=Oop }
                      ;*invokeinterface run {reexecute=0 rethrow=0 return_oop=0}
                      ; - java.security.AccessController::executePrivileged@29 (line 816)
                      ; - java.security.AccessController::doPrivileged@13 (line 714)
  0x0000028e54d5ed90: fd43 4507 

  0x0000028e54d5ed94: ;   {other}
  0x0000028e54d5ed94: 0f1f 8400 | 8c03 0003 

  0x0000028e54d5ed9c: ;   {metadata(method data for {method} {0x0000028e0049b270} 'executePrivileged' '(Ljava/security/PrivilegedExceptionAction;Ljava/security/AccessControlContext;Ljava/lang/Class;)Ljava/lang/Object;' in 'java/security/AccessController')}
  0x0000028e54d5ed9c: 48ba a0e7 | 1241 8e02 | 0000 ff82 | d801 0000 

  0x0000028e54d5edac: ;   {metadata(method data for {method} {0x0000028e0049b270} 'executePrivileged' '(Ljava/security/PrivilegedExceptionAction;Ljava/security/AccessControlContext;Ljava/lang/Class;)Ljava/lang/Object;' in 'java/security/AccessController')}
  0x0000028e54d5edac: 48ba a0e7 | 1241 8e02 | 0000 4883 | 8238 0200 | 0001 488b | d048 8944 

  0x0000028e54d5edc4: ;   {static_call}
  0x0000028e54d5edc4: 2460 90e8 

  0x0000028e54d5edc8: ; ImmutableOopMap {[80]=Oop [88]=Oop [96]=Oop }
                      ;*invokestatic ensureMaterializedForStackWalk {reexecute=0 rethrow=0 return_oop=0}
                      ; - java.security.AccessController::executePrivileged@56 (line 824)
                      ; - java.security.AccessController::doPrivileged@13 (line 714)
  0x0000028e54d5edc8: 6448 9a07 

  0x0000028e54d5edcc: ;   {other}
  0x0000028e54d5edcc: 0f1f 8400 | c403 0004 

  0x0000028e54d5edd4: ;   {metadata(method data for {method} {0x0000028e0049b270} 'executePrivileged' '(Ljava/security/PrivilegedExceptionAction;Ljava/security/AccessControlContext;Ljava/lang/Class;)Ljava/lang/Object;' in 'java/security/AccessController')}
  0x0000028e54d5edd4: 48b8 a0e7 | 1241 8e02 | 0000 4883 | 8048 0200 

  0x0000028e54d5ede4: ;   {metadata(method data for {method} {0x0000028e001957a0} 'reachabilityFence' '(Ljava/lang/Object;)V' in 'java/lang/ref/Reference')}
  0x0000028e54d5ede4: 0001 48b8 | 58a3 0841 | 8e02 0000 | 8b90 cc00 | 0000 83c2 | 0289 90cc | 0000 0081 | e2fe ff1f 
  0x0000028e54d5ee04: 0085 d20f | 8458 0100 

  0x0000028e54d5ee0c: ;   {metadata(method data for {method} {0x0000028e0049b270} 'executePrivileged' '(Ljava/security/PrivilegedExceptionAction;Ljava/security/AccessControlContext;Ljava/lang/Class;)Ljava/lang/Object;' in 'java/security/AccessController')}
  0x0000028e54d5ee0c: 0048 b8a0 | e712 418e | 0200 0048 | 8380 5802 

  0x0000028e54d5ee1c: ;   {metadata(method data for {method} {0x0000028e001957a0} 'reachabilityFence' '(Ljava/lang/Object;)V' in 'java/lang/ref/Reference')}
  0x0000028e54d5ee1c: 0000 0148 | b858 a308 | 418e 0200 | 008b 90cc | 0000 0083 | c202 8990 | cc00 0000 | 81e2 feff 
  0x0000028e54d5ee3c: 1f00 85d2 | 0f84 4001 | 0000 488b | 4424 6048 | 81c4 8000 

  0x0000028e54d5ee50: ;   {poll_return}
  0x0000028e54d5ee50: 0000 5d49 | 3ba7 4804 | 0000 0f87 | 4701 0000 | c349 8b87 | 0005 0000 | 4d33 d24d | 8997 0005 
  0x0000028e54d5ee70: 0000 4d33 | d24d 8997 | 0805 0000 

  0x0000028e54d5ee7c: ;   {metadata(method data for {method} {0x0000028e0049afe8} 'doPrivileged' '(Ljava/security/PrivilegedExceptionAction;Ljava/security/AccessControlContext;)Ljava/lang/Object;' in 'java/security/AccessController')}
  0x0000028e54d5ee7c: 4c8b c048 | baf8 b80a | 418e 0200 | 0048 8382 | 4801 0000 

  0x0000028e54d5ee90: ;   {metadata(method data for {method} {0x0000028e0049aba8} 'wrapException' '(Ljava/lang/Exception;)Ljava/security/PrivilegedActionException;' in 'java/security/AccessController')}
  0x0000028e54d5ee90: 0148 ba90 | e917 418e | 0200 008b | 82cc 0000 | 0083 c002 | 8982 cc00 | 0000 25fe | ff1f 0085 
  0x0000028e54d5eeb0: c00f 8406 | 0100 0090 

  0x0000028e54d5eeb8: ;   {no_reloc}
  0x0000028e54d5eeb8: e930 0100 | 0000 0000 | 0000 e930 | 0100 0048 

  0x0000028e54d5eec8: ;   {metadata(method data for {method} {0x0000028e0049aba8} 'wrapException' '(Ljava/lang/Exception;)Ljava/security/PrivilegedActionException;' in 'java/security/AccessController')}
  0x0000028e54d5eec8: 8bd0 48be | 90e9 1741 | 8e02 0000 | 4883 8618 | 0100 0001 | 488b d048 | 8944 2468 

  0x0000028e54d5eee4: ;   {optimized virtual_call}
  0x0000028e54d5eee4: 6666 90e8 

  0x0000028e54d5eee8: ; ImmutableOopMap {[104]=Oop }
                      ;*invokespecial <init> {reexecute=0 rethrow=0 return_oop=0}
                      ; - java.security.AccessController::wrapException@5 (line 844)
                      ; - java.security.AccessController::doPrivileged@22 (line 718)
  0x0000028e54d5eee8: f4f8 4407 

  0x0000028e54d5eeec: ;   {other}
  0x0000028e54d5eeec: 0f1f 8400 | e404 0005 | 488b 4424 | 68e9 2301 | 0000 498b | 8700 0500 | 004d 33d2 | 4d89 9700 
  0x0000028e54d5ef0c: 0500 004d | 33d2 4d89 | 9708 0500 | 00e9 0301 

  0x0000028e54d5ef1c: ;   {metadata({method} {0x0000028e0049afe8} 'doPrivileged' '(Ljava/security/PrivilegedExceptionAction;Ljava/security/AccessControlContext;)Ljava/lang/Object;' in 'java/security/AccessController')}
  0x0000028e54d5ef1c: 0000 49ba | e0af 4900 | 8e02 0000 | 4c89 5424 | 0848 c704 | 24ff ffff 

  0x0000028e54d5ef34: ;   {runtime_call counter_overflow Runtime1 stub}
  0x0000028e54d5ef34: ffe8 269f 

  0x0000028e54d5ef38: ; ImmutableOopMap {rdx=Oop r8=Oop }
                      ;*synchronization entry
                      ; - java.security.AccessController::doPrivileged@-1 (line 711)
  0x0000028e54d5ef38: 5107 e9a7 

  0x0000028e54d5ef3c: ;   {metadata({method} {0x0000028e0049b270} 'executePrivileged' '(Ljava/security/PrivilegedExceptionAction;Ljava/security/AccessControlContext;Ljava/lang/Class;)Ljava/lang/Object;' in 'java/security/AccessController')}
  0x0000028e54d5ef3c: fcff ff49 | ba68 b249 | 008e 0200 | 004c 8954 | 2408 48c7 | 0424 ffff 

  0x0000028e54d5ef54: ;   {runtime_call counter_overflow Runtime1 stub}
  0x0000028e54d5ef54: ffff e805 

  0x0000028e54d5ef58: ; ImmutableOopMap {rax=Oop [72]=Oop [80]=Oop [88]=Oop }
                      ;*synchronization entry
                      ; - java.security.AccessController::executePrivileged@-1 (line 811)
                      ; - java.security.AccessController::doPrivileged@13 (line 714)
  0x0000028e54d5ef58: 9f51 07e9 | 22fd ffff 

  0x0000028e54d5ef60: ;   {runtime_call throw_null_pointer_exception Runtime1 stub}
  0x0000028e54d5ef60: e87b 5f48 

  0x0000028e54d5ef64: ; ImmutableOopMap {rdx=Oop [80]=Oop [88]=Oop }
                      ;*invokeinterface run {reexecute=0 rethrow=0 return_oop=0}
                      ; - java.security.AccessController::executePrivileged@29 (line 816)
                      ; - java.security.AccessController::doPrivileged@13 (line 714)
                      ;   {metadata({method} {0x0000028e001957a0} 'reachabilityFence' '(Ljava/lang/Object;)V' in 'java/lang/ref/Reference')}
  0x0000028e54d5ef64: 0749 ba98 | 5719 008e | 0200 004c | 8954 2408 | 48c7 0424 | ffff ffff 

  0x0000028e54d5ef7c: ;   {runtime_call counter_overflow Runtime1 stub}
  0x0000028e54d5ef7c: e8df 9e51 

  0x0000028e54d5ef80: ; ImmutableOopMap {[80]=Oop [96]=Oop }
                      ;*synchronization entry
                      ; - java.lang.ref.Reference::reachabilityFence@-1 (line 661)
                      ; - java.security.AccessController::executePrivileged@60 (line 828)
                      ; - java.security.AccessController::doPrivileged@13 (line 714)
  0x0000028e54d5ef80: 07e9 87fe 

  0x0000028e54d5ef84: ;   {metadata({method} {0x0000028e001957a0} 'reachabilityFence' '(Ljava/lang/Object;)V' in 'java/lang/ref/Reference')}
  0x0000028e54d5ef84: ffff 49ba | 9857 1900 | 8e02 0000 | 4c89 5424 | 0848 c704 | 24ff ffff 

  0x0000028e54d5ef9c: ;   {runtime_call counter_overflow Runtime1 stub}
  0x0000028e54d5ef9c: ffe8 be9e 

  0x0000028e54d5efa0: ; ImmutableOopMap {[96]=Oop }
                      ;*synchronization entry
                      ; - java.lang.ref.Reference::reachabilityFence@-1 (line 661)
                      ; - java.security.AccessController::executePrivileged@64 (line 829)
                      ; - java.security.AccessController::doPrivileged@13 (line 714)
  0x0000028e54d5efa0: 5107 e99f 

  0x0000028e54d5efa4: ;   {internal_word}
  0x0000028e54d5efa4: feff ff49 | ba53 eed5 | 548e 0200 | 004d 8997 | 6004 0000 

  0x0000028e54d5efb8: ;   {runtime_call SafepointBlob}
  0x0000028e54d5efb8: e923 6445 

  0x0000028e54d5efbc: ;   {metadata({method} {0x0000028e0049aba8} 'wrapException' '(Ljava/lang/Exception;)Ljava/security/PrivilegedActionException;' in 'java/security/AccessController')}
  0x0000028e54d5efbc: 0749 baa0 | ab49 008e | 0200 004c | 8954 2408 | 48c7 0424 | ffff ffff 

  0x0000028e54d5efd4: ;   {runtime_call counter_overflow Runtime1 stub}
  0x0000028e54d5efd4: e887 9e51 

  0x0000028e54d5efd8: ; ImmutableOopMap {r8=Oop }
                      ;*synchronization entry
                      ; - java.security.AccessController::wrapException@-1 (line 844)
                      ; - java.security.AccessController::doPrivileged@22 (line 718)
  0x0000028e54d5efd8: 07e9 d9fe 

  0x0000028e54d5efdc: ;   {metadata(nullptr)}
  0x0000028e54d5efdc: ffff 48ba | 0000 0000 | 0000 0000 | b800 0f05 

  0x0000028e54d5efec: ;   {runtime_call load_klass_patching Runtime1 stub}
  0x0000028e54d5efec: 0ae8 ee8d 

  0x0000028e54d5eff0: ; ImmutableOopMap {r8=Oop }
                      ;*new {reexecute=1 rethrow=0 return_oop=0}
                      ; - (reexecute) java.security.AccessController::wrapException@0 (line 844)
                      ; - java.security.AccessController::doPrivileged@22 (line 718)
  0x0000028e54d5eff0: 5107 e9c1 | feff ff48 

  0x0000028e54d5eff8: ;   {runtime_call new_instance Runtime1 stub}
  0x0000028e54d5eff8: 8bd2 e8e1 

  0x0000028e54d5effc: ; ImmutableOopMap {r8=Oop }
                      ;*new {reexecute=0 rethrow=0 return_oop=0}
                      ; - java.security.AccessController::wrapException@0 (line 844)
                      ; - java.security.AccessController::doPrivileged@22 (line 718)
  0x0000028e54d5effc: 5848 07e9 | c3fe ffff | 498b 8700 | 0500 0049 | c787 0005 | 0000 0000 | 0000 49c7 | 8708 0500 
  0x0000028e54d5f01c: 0000 0000 | 0048 81c4 | 8000 0000 

  0x0000028e54d5f028: ;   {runtime_call unwind_exception Runtime1 stub}
  0x0000028e54d5f028: 5de9 b26d | 4807 f4f4 
[Stub Code]
  0x0000028e54d5f030: ;   {no_reloc}
  0x0000028e54d5f030: 0f1f 4400 

  0x0000028e54d5f034: ;   {static_stub}
  0x0000028e54d5f034: 0048 bb00 | 0000 0000 

  0x0000028e54d5f03c: ;   {runtime_call nmethod}
  0x0000028e54d5f03c: 0000 00e9 | fbff ffff 

  0x0000028e54d5f044: ;   {static_stub}
  0x0000028e54d5f044: 9048 bb00 | 0000 0000 

  0x0000028e54d5f04c: ;   {runtime_call nmethod}
  0x0000028e54d5f04c: 0000 00e9 | fbff ffff 

  0x0000028e54d5f054: ;   {static_stub}
  0x0000028e54d5f054: 48bb 0000 | 0000 0000 

  0x0000028e54d5f05c: ;   {runtime_call nmethod}
  0x0000028e54d5f05c: 0000 e9fb 

  0x0000028e54d5f060: ;   {static_stub}
  0x0000028e54d5f060: ffff ff48 | bb00 0000 | 0000 0000 

  0x0000028e54d5f06c: ;   {runtime_call nmethod}
  0x0000028e54d5f06c: 00e9 fbff 

  0x0000028e54d5f070: ;   {static_stub}
  0x0000028e54d5f070: ffff 48bb | 0000 0000 | 0000 0000 

  0x0000028e54d5f07c: ;   {runtime_call nmethod}
  0x0000028e54d5f07c: e9fb ffff 

  0x0000028e54d5f080: ;   {runtime_call handle_exception_from_callee Runtime1 stub}
  0x0000028e54d5f080: ffe8 5a3e 

  0x0000028e54d5f084: ;   {external_word}
  0x0000028e54d5f084: 4807 48b9 | 40d5 5efe | fc7f 0000 | 4883 e4f0 

  0x0000028e54d5f094: ;   {runtime_call}
  0x0000028e54d5f094: 48b8 704a | 25fe fc7f | 0000 ffd0 

  0x0000028e54d5f0a0: ;   {section_word}
  0x0000028e54d5f0a0: f449 baa1 | f0d5 548e | 0200 0041 

  0x0000028e54d5f0ac: ;   {runtime_call DeoptimizationBlob}
  0x0000028e54d5f0ac: 52e9 ce55 | 4507 f4f4 | f4f4 f4f4 
[/MachCode]


Compiled method (c1) 43644  856   !   3       org.codehaus.plexus.classworlds.realm.ClassRealm::loadClassFromSelf (40 bytes)
 total in heap  [0x0000028e54d62108,0x0000028e54d629a0] = 2200
 relocation     [0x0000028e54d621e0,0x0000028e54d62280] = 160
 main code      [0x0000028e54d62280,0x0000028e54d628f0] = 1648
 stub code      [0x0000028e54d628f0,0x0000028e54d62968] = 120
 oops           [0x0000028e54d62968,0x0000028e54d62970] = 8
 metadata       [0x0000028e54d62970,0x0000028e54d629a0] = 48
 immutable data [0x0000028e45b91ec0,0x0000028e45b920d8] = 536
 dependencies   [0x0000028e45b91ec0,0x0000028e45b91ed8] = 24
 nul chk table  [0x0000028e45b91ed8,0x0000028e45b91ee8] = 16
 handler table  [0x0000028e45b91ee8,0x0000028e45b91f58] = 112
 scopes pcs     [0x0000028e45b91f58,0x0000028e45b92018] = 192
 scopes data    [0x0000028e45b92018,0x0000028e45b920d8] = 192

[Constant Pool (empty)]

[MachCode]
[Instructions begin]
  0x0000028e54d62280: 660f 1f84 | 0000 0000 | 0066 0f1f | 8400 0000 | 0000 448b | 5208 443b 

  0x0000028e54d62298: ;   {runtime_call ic_miss_stub}
  0x0000028e54d62298: 5008 0f85 | 40c2 4407 
[Verified Entry Point]
  0x0000028e54d622a0: 8984 2400 | 80ff ff55 | 4883 ec60 | 4181 7f20 | 0100 0000 

  0x0000028e54d622b4: ;   {runtime_call StubRoutines (final stubs)}
  0x0000028e54d622b4: 7405 e885 

  0x0000028e54d622b8: ;   {metadata(method data for {method} {0x0000028e41405050} 'loadClassFromSelf' '(Ljava/lang/String;)Ljava/lang/Class;' in 'org/codehaus/plexus/classworlds/realm/ClassRealm')}
  0x0000028e54d622b8: 5443 0748 | bea0 9448 | 418e 0200 | 008b becc | 0000 0083 | c702 89be | cc00 0000 | 81e7 fe07 
  0x0000028e54d622d8: 0000 85ff | 0f84 e604 | 0000 488b 

  0x0000028e54d622e4: ;   {metadata(method data for {method} {0x0000028e41405050} 'loadClassFromSelf' '(Ljava/lang/String;)Ljava/lang/Class;' in 'org/codehaus/plexus/classworlds/realm/ClassRealm')}
  0x0000028e54d622e4: f248 bfa0 | 9448 418e | 0200 0048 | 8387 1801 

  0x0000028e54d622f4: ;   {metadata(method data for {method} {0x0000028e41405140} 'getClassRealmLoadingLock' '(Ljava/lang/String;)Ljava/lang/Object;' in 'org/codehaus/plexus/classworlds/realm/ClassRealm')}
  0x0000028e54d622f4: 0000 0148 | beb0 9648 | 418e 0200 | 008b becc | 0000 0083 | c702 89be | cc00 0000 | 81e7 feff 
  0x0000028e54d62314: 1f00 85ff | 0f84 cb04 

  0x0000028e54d6231c: ;   {metadata(method data for {method} {0x0000028e41405140} 'getClassRealmLoadingLock' '(Ljava/lang/String;)Ljava/lang/Object;' in 'org/codehaus/plexus/classworlds/realm/ClassRealm')}
  0x0000028e54d6231c: 0000 48be | b096 4841 | 8e02 0000 | ff86 2801 | 0000 488b 

  0x0000028e54d62330: ;   {metadata(method data for {method} {0x0000028e41405140} 'getClassRealmLoadingLock' '(Ljava/lang/String;)Ljava/lang/Object;' in 'org/codehaus/plexus/classworlds/realm/ClassRealm')}
  0x0000028e54d62330: f248 bfb0 | 9648 418e | 0200 008b | 7608 49ba | 0000 0000 | 8e02 0000 | 4903 f248 | 3bb7 4001 
  0x0000028e54d62350: 0000 750d | 4883 8748 | 0100 0001 | e960 0000 | 0048 3bb7 | 5001 0000 | 750d 4883 | 8758 0100 
  0x0000028e54d62370: 0001 e94a | 0000 0048 | 83bf 4001 | 0000 0075 | 1748 89b7 | 4001 0000 | 48c7 8748 | 0100 0001 
  0x0000028e54d62390: 0000 00e9 | 2900 0000 | 4883 bf50 | 0100 0000 | 7517 4889 | b750 0100 | 0048 c787 | 5801 0000 
  0x0000028e54d623b0: 0100 0000 | e908 0000 | 0048 8387 | 3801 0000 | 0149 8bf0 | 4c8b c648 | 8bfa 488b | d748 8974 
  0x0000028e54d623d0: 2438 4889 

  0x0000028e54d623d4: ;   {optimized virtual_call}
  0x0000028e54d623d4: 7c24 30e8 

  0x0000028e54d623d8: ; ImmutableOopMap {[48]=Oop [56]=Oop }
                      ;*invokevirtual getClassLoadingLock {reexecute=0 rethrow=0 return_oop=0}
                      ; - org.codehaus.plexus.classworlds.realm.ClassRealm::getClassRealmLoadingLock@8 (line 363)
                      ; - org.codehaus.plexus.classworlds.realm.ClassRealm::loadClassFromSelf@2 (line 346)
  0x0000028e54d623d8: 04c9 f4ff 

  0x0000028e54d623dc: ;   {other}
  0x0000028e54d623dc: 0f1f 8400 | d402 0000 | 4889 4424 | 4048 8d54 | 2448 488b | f048 8972 | 0848 8b06 | 418b bf18 
  0x0000028e54d623fc: 0600 0081 | ff68 0600 | 000f 8d04 | 0400 0049 | 3b74 3ff8 | 0f84 2500 | 0000 a802 | 0f85 f103 
  0x0000028e54d6241c: 0000 488b | f848 83e7 | fe48 83c8 | 01f0 480f | b13e 0f85 | db03 0000 | 418b bf18 | 0600 0049 
  0x0000028e54d6243c: 8934 3f83 | c708 4189 | bf18 0600 | 0049 ff87 | 5005 0000 | 488b 5424 

  0x0000028e54d62454: ;   {metadata(method data for {method} {0x0000028e41405050} 'loadClassFromSelf' '(Ljava/lang/String;)Ljava/lang/Class;' in 'org/codehaus/plexus/classworlds/realm/ClassRealm')}
  0x0000028e54d62454: 3048 bea0 | 9448 418e | 0200 0048 | 8386 2801 

  0x0000028e54d62464: ;   {metadata(method data for {method} {0x0000028e00478ff8} 'findLoadedClass' '(Ljava/lang/String;)Ljava/lang/Class;' in 'java/lang/ClassLoader')}
  0x0000028e54d62464: 0000 0148 | ba80 e40b | 418e 0200 | 008b b2cc | 0000 0083 | c602 89b2 | cc00 0000 | 81e6 feff 
  0x0000028e54d62484: 1f00 85f6 | 0f84 9403 

  0x0000028e54d6248c: ;   {metadata(method data for {method} {0x0000028e00478ff8} 'findLoadedClass' '(Ljava/lang/String;)Ljava/lang/Class;' in 'java/lang/ClassLoader')}
  0x0000028e54d6248c: 0000 48ba | 80e4 0b41 | 8e02 0000 | 4883 8218 | 0100 0001 | 488b 5424 

  0x0000028e54d624a4: ;   {static_call}
  0x0000028e54d624a4: 3866 90e8 

  0x0000028e54d624a8: ; ImmutableOopMap {[48]=Oop [56]=Oop [64]=Oop [80]=Oop }
                      ;*invokestatic checkName {reexecute=0 rethrow=0 return_oop=0}
                      ; - java.lang.ClassLoader::findLoadedClass@1 (line 1296)
                      ; - org.codehaus.plexus.classworlds.realm.ClassRealm::loadClassFromSelf@10 (line 348)
  0x0000028e54d624a8: 7444 f2ff 

  0x0000028e54d624ac: ;   {other}
  0x0000028e54d624ac: 0f1f 8400 | a403 0001 

  0x0000028e54d624b4: ;   {metadata(method data for {method} {0x0000028e00478ff8} 'findLoadedClass' '(Ljava/lang/String;)Ljava/lang/Class;' in 'java/lang/ClassLoader')}
  0x0000028e54d624b4: 85c0 49b8 | 80e4 0b41 | 8e02 0000 | ba28 0100 | 0075 05ba | 3801 0000 | 498b 3410 | 488d 7601 
  0x0000028e54d624d4: 4989 3410 | 0f85 0f00 

  0x0000028e54d624dc: ;   {oop(nullptr)}
  0x0000028e54d624dc: 0000 48be | 0000 0000 | 0000 0000 | e932 0000 | 0048 8b54 

  0x0000028e54d624f0: ;   {metadata(method data for {method} {0x0000028e00478ff8} 'findLoadedClass' '(Ljava/lang/String;)Ljava/lang/Class;' in 'java/lang/ClassLoader')}
  0x0000028e54d624f0: 2430 49b8 | 80e4 0b41 | 8e02 0000 | 4983 8048 | 0100 0001 | 4c8b 4424 | 3848 8b54 

  0x0000028e54d6250c: ;   {optimized virtual_call}
  0x0000028e54d6250c: 2430 90e8 

  0x0000028e54d62510: ; ImmutableOopMap {[48]=Oop [56]=Oop [64]=Oop [80]=Oop }
                      ;*invokevirtual findLoadedClass0 {reexecute=0 rethrow=0 return_oop=0}
                      ; - java.lang.ClassLoader::findLoadedClass@11 (line 1298)
                      ; - org.codehaus.plexus.classworlds.realm.ClassRealm::loadClassFromSelf@10 (line 348)
  0x0000028e54d62510: 9c38 9a07 

  0x0000028e54d62514: ;   {other}
  0x0000028e54d62514: 0f1f 8400 | 0c04 0002 | 488b f048 

  0x0000028e54d62520: ;   {metadata(method data for {method} {0x0000028e41405050} 'loadClassFromSelf' '(Ljava/lang/String;)Ljava/lang/Class;' in 'org/codehaus/plexus/classworlds/realm/ClassRealm')}
  0x0000028e54d62520: 85f6 49b8 | a094 4841 | 8e02 0000 | ba58 0100 | 0075 05ba | 6801 0000 | 498b 3c10 | 488d 7f01 
  0x0000028e54d62540: 4989 3c10 | 0f85 ed00 | 0000 4c8b | 4424 3848 | 8b54 2430 

  0x0000028e54d62554: ;   {metadata(method data for {method} {0x0000028e41405050} 'loadClassFromSelf' '(Ljava/lang/String;)Ljava/lang/Class;' in 'org/codehaus/plexus/classworlds/realm/ClassRealm')}
  0x0000028e54d62554: 488b f248 | bfa0 9448 | 418e 0200 | 008b 7608 | 49ba 0000 | 0000 8e02 | 0000 4903 | f248 3bb7 
  0x0000028e54d62574: 8001 0000 | 750d 4883 | 8788 0100 | 0001 e960 | 0000 0048 | 3bb7 9001 | 0000 750d | 4883 8798 
  0x0000028e54d62594: 0100 0001 | e94a 0000 | 0048 83bf | 8001 0000 | 0075 1748 | 89b7 8001 | 0000 48c7 | 8788 0100 
  0x0000028e54d625b4: 0001 0000 | 00e9 2900 | 0000 4883 | bf90 0100 | 0000 7517 | 4889 b790 | 0100 0048 | c787 9801 
  0x0000028e54d625d4: 0000 0100 | 0000 e908 | 0000 0048 | 8387 7801 

  0x0000028e54d625e4: ;   {metadata(method data for {method} {0x0000028e414045f0} 'findClassInternal' '(Ljava/lang/String;)Ljava/lang/Class;' in 'org/codehaus/plexus/classworlds/realm/ClassRealm')}
  0x0000028e54d625e4: 0000 0148 | be60 9848 | 418e 0200 | 008b becc | 0000 0083 | c702 89be | cc00 0000 | 81e7 feff 
  0x0000028e54d62604: 1f00 85ff | 0f84 3502 | 0000 488b 

  0x0000028e54d62610: ;   {metadata(method data for {method} {0x0000028e414045f0} 'findClassInternal' '(Ljava/lang/String;)Ljava/lang/Class;' in 'org/codehaus/plexus/classworlds/realm/ClassRealm')}
  0x0000028e54d62610: f248 bf60 | 9848 418e | 0200 0048 | 8387 1801 | 0000 010f 

  0x0000028e54d62624: ;   {optimized virtual_call}
  0x0000028e54d62624: 1f40 00e8 

  0x0000028e54d62628: ; ImmutableOopMap {[64]=Oop [80]=Oop }
                      ;*invokespecial findClass {reexecute=0 rethrow=0 return_oop=0}
                      ; - org.codehaus.plexus.classworlds.realm.ClassRealm::findClassInternal@2 (line 256)
                      ; - org.codehaus.plexus.classworlds.realm.ClassRealm::loadClassFromSelf@20 (line 351)
  0x0000028e54d62628: d902 0000 

  0x0000028e54d6262c: ;   {other}
  0x0000028e54d6262c: 0f1f 8400 | 2405 0003 | 488b f048 | 8d44 2448 | 488b 5808 | 418b bf18 | 0600 0049 | 3b5c 3ff8 
  0x0000028e54d6264c: 0f85 1202 | 0000 4183 | af18 0600 | 0008 493b | 5c3f f00f | 842a 0000 | 0048 8b03 | a802 0f85 
  0x0000028e54d6266c: 1200 0000 | 488b f848 | 83cf 01f0 | 480f b13b | 0f84 0d00 | 0000 4183 | 8718 0600 | 0008 e9d5 
  0x0000028e54d6268c: 0100 0049 | ff8f 5005 | 0000 488b | c648 83c4 

  0x0000028e54d6269c: ;   {poll_return}
  0x0000028e54d6269c: 605d 493b | a748 0400 | 000f 87cc | 0100 00c3 | 498b 8700 | 0500 004d | 33d2 4d89 | 9700 0500 
  0x0000028e54d626bc: 004d 33d2 | 4d89 9708 | 0500 0048 | 8d44 2448 | 488b 7808 | 418b b718 | 0600 0049 | 3b7c 37f8 
  0x0000028e54d626dc: 0f85 ab01 | 0000 4183 | af18 0600 | 0008 493b | 7c37 f00f | 842a 0000 | 0048 8b07 | a802 0f85 
  0x0000028e54d626fc: 1200 0000 | 488b f048 | 83ce 01f0 | 480f b137 | 0f84 0d00 | 0000 4183 | 8718 0600 | 0008 e96e 
  0x0000028e54d6271c: 0100 0049 | ff8f 5005 

  0x0000028e54d62724: ;   {oop(nullptr)}
  0x0000028e54d62724: 0000 48b8 | 0000 0000 | 0000 0000 | 4883 c460 

  0x0000028e54d62734: ;   {poll_return}
  0x0000028e54d62734: 5d49 3ba7 | 4804 0000 | 0f87 5e01 | 0000 c349 | 8b87 0005 | 0000 4d33 | d24d 8997 | 0005 0000 
  0x0000028e54d62754: 4d33 d24d | 8997 0805 | 0000 488b | f048 8d44 | 2448 488b | 5808 418b | bf18 0600 | 0049 3b5c 
  0x0000028e54d62774: 3ff8 0f85 | 3a01 0000 | 4183 af18 | 0600 0008 | 493b 5c3f | f00f 842a | 0000 0048 | 8b03 a802 
  0x0000028e54d62794: 0f85 1200 | 0000 488b | f848 83cf | 01f0 480f | b13b 0f84 | 0d00 0000 | 4183 8718 | 0600 0008 
  0x0000028e54d627b4: e9fd 0000 | 0049 ff8f | 5005 0000 | 488b c6e9 | 1e01 0000 

  0x0000028e54d627c8: ;   {metadata({method} {0x0000028e41405050} 'loadClassFromSelf' '(Ljava/lang/String;)Ljava/lang/Class;' in 'org/codehaus/plexus/classworlds/realm/ClassRealm')}
  0x0000028e54d627c8: 49ba 4850 | 4041 8e02 | 0000 4c89 | 5424 0848 | c704 24ff 

  0x0000028e54d627dc: ;   {runtime_call counter_overflow Runtime1 stub}
  0x0000028e54d627dc: ffff ffe8 

  0x0000028e54d627e0: ; ImmutableOopMap {rdx=Oop r8=Oop }
                      ;*synchronization entry
                      ; - org.codehaus.plexus.classworlds.realm.ClassRealm::loadClassFromSelf@-1 (line 346)
  0x0000028e54d627e0: 7c66 5107 | e9f9 faff 

  0x0000028e54d627e8: ;   {metadata({method} {0x0000028e41405140} 'getClassRealmLoadingLock' '(Ljava/lang/String;)Ljava/lang/Object;' in 'org/codehaus/plexus/classworlds/realm/ClassRealm')}
  0x0000028e54d627e8: ff49 ba38 | 5140 418e | 0200 004c | 8954 2408 | 48c7 0424 | ffff ffff 

  0x0000028e54d62800: ;   {runtime_call counter_overflow Runtime1 stub}
  0x0000028e54d62800: e85b 6651 

  0x0000028e54d62804: ; ImmutableOopMap {rdx=Oop r8=Oop }
                      ;*synchronization entry
                      ; - org.codehaus.plexus.classworlds.realm.ClassRealm::getClassRealmLoadingLock@-1 (line 362)
                      ; - org.codehaus.plexus.classworlds.realm.ClassRealm::loadClassFromSelf@2 (line 346)
  0x0000028e54d62804: 07e9 14fb 

  0x0000028e54d62808: ;   {runtime_call throw_null_pointer_exception Runtime1 stub}
  0x0000028e54d62808: ffff e8d1 

  0x0000028e54d6280c: ; ImmutableOopMap {rsi=Oop [48]=Oop [56]=Oop [64]=Oop }
                      ;*monitorenter {reexecute=0 rethrow=0 return_oop=0}
                      ; - org.codehaus.plexus.classworlds.realm.ClassRealm::loadClassFromSelf@7 (line 346)
  0x0000028e54d6280c: 2648 0748 | 8974 2408 | 4889 1424 

  0x0000028e54d62818: ;   {runtime_call monitorenter_nofpu Runtime1 stub}
  0x0000028e54d62818: e843 4551 

  0x0000028e54d6281c: ; ImmutableOopMap {rsi=Oop [48]=Oop [56]=Oop [64]=Oop [80]=Oop }
                      ;*monitorenter {reexecute=0 rethrow=0 return_oop=0}
                      ; - org.codehaus.plexus.classworlds.realm.ClassRealm::loadClassFromSelf@7 (line 346)
  0x0000028e54d6281c: 07e9 2efc 

  0x0000028e54d62820: ;   {metadata({method} {0x0000028e00478ff8} 'findLoadedClass' '(Ljava/lang/String;)Ljava/lang/Class;' in 'java/lang/ClassLoader')}
  0x0000028e54d62820: ffff 49ba | f08f 4700 | 8e02 0000 | 4c89 5424 | 0848 c704 | 24ff ffff 

  0x0000028e54d62838: ;   {runtime_call counter_overflow Runtime1 stub}
  0x0000028e54d62838: ffe8 2266 

  0x0000028e54d6283c: ; ImmutableOopMap {[48]=Oop [56]=Oop [64]=Oop [80]=Oop }
                      ;*synchronization entry
                      ; - java.lang.ClassLoader::findLoadedClass@-1 (line 1296)
                      ; - org.codehaus.plexus.classworlds.realm.ClassRealm::loadClassFromSelf@10 (line 348)
  0x0000028e54d6283c: 5107 e94b 

  0x0000028e54d62840: ;   {metadata({method} {0x0000028e414045f0} 'findClassInternal' '(Ljava/lang/String;)Ljava/lang/Class;' in 'org/codehaus/plexus/classworlds/realm/ClassRealm')}
  0x0000028e54d62840: fcff ff49 | bae8 4540 | 418e 0200 | 004c 8954 | 2408 48c7 | 0424 ffff 

  0x0000028e54d62858: ;   {runtime_call counter_overflow Runtime1 stub}
  0x0000028e54d62858: ffff e801 

  0x0000028e54d6285c: ; ImmutableOopMap {r8=Oop rdx=Oop [64]=Oop [80]=Oop }
                      ;*synchronization entry
                      ; - org.codehaus.plexus.classworlds.realm.ClassRealm::findClassInternal@-1 (line 256)
                      ; - org.codehaus.plexus.classworlds.realm.ClassRealm::loadClassFromSelf@20 (line 351)
  0x0000028e54d6285c: 6651 07e9 | aafd ffff | 488d 4424 | 4848 8904 

  0x0000028e54d6286c: ;   {runtime_call monitorexit_nofpu Runtime1 stub}
  0x0000028e54d6286c: 24e8 ee4a | 5107 e91f 

  0x0000028e54d62874: ;   {internal_word}
  0x0000028e54d62874: feff ff49 | ba9e 26d6 | 548e 0200 | 004d 8997 | 6004 0000 

  0x0000028e54d62888: ;   {runtime_call SafepointBlob}
  0x0000028e54d62888: e953 2b45 | 0748 8d44 | 2448 4889 

  0x0000028e54d62894: ;   {runtime_call monitorexit_nofpu Runtime1 stub}
  0x0000028e54d62894: 0424 e8c5 | 4a51 07e9 | 86fe ffff 

  0x0000028e54d628a0: ;   {internal_word}
  0x0000028e54d628a0: 49ba 3527 | d654 8e02 | 0000 4d89 | 9760 0400 

  0x0000028e54d628b0: ;   {runtime_call SafepointBlob}
  0x0000028e54d628b0: 00e9 2a2b | 4507 488d | 4424 4848 

  0x0000028e54d628bc: ;   {runtime_call monitorexit_nofpu Runtime1 stub}
  0x0000028e54d628bc: 8904 24e8 | 9c4a 5107 | e9f7 feff | ff49 8b87 | 0005 0000 | 49c7 8700 | 0500 0000 | 0000 0049 
  0x0000028e54d628dc: c787 0805 | 0000 0000 | 0000 4883 

  0x0000028e54d628e8: ;   {runtime_call unwind_exception Runtime1 stub}
  0x0000028e54d628e8: c460 5de9 | f034 4807 
[Stub Code]
  0x0000028e54d628f0: ;   {no_reloc}
  0x0000028e54d628f0: 0f1f 4400 

  0x0000028e54d628f4: ;   {static_stub}
  0x0000028e54d628f4: 0048 bb00 | 0000 0000 

  0x0000028e54d628fc: ;   {runtime_call nmethod}
  0x0000028e54d628fc: 0000 00e9 | fbff ffff 

  0x0000028e54d62904: ;   {static_stub}
  0x0000028e54d62904: 9048 bbc8 | 141a 008e 

  0x0000028e54d6290c: ;   {runtime_call I2C/C2I adapters}
  0x0000028e54d6290c: 0200 00e9 | 2216 4507 

  0x0000028e54d62914: ;   {static_stub}
  0x0000028e54d62914: 48bb 0000 | 0000 0000 

  0x0000028e54d6291c: ;   {runtime_call nmethod}
  0x0000028e54d6291c: 0000 e9fb 

  0x0000028e54d62920: ;   {static_stub}
  0x0000028e54d62920: ffff ff48 | bb00 0000 | 0000 0000 

  0x0000028e54d6292c: ;   {runtime_call nmethod}
  0x0000028e54d6292c: 00e9 fbff 

  0x0000028e54d62930: ;   {runtime_call handle_exception_from_callee Runtime1 stub}
  0x0000028e54d62930: ffff e8a9 

  0x0000028e54d62934: ;   {external_word}
  0x0000028e54d62934: 0548 0748 | b940 d55e | fefc 7f00 | 0048 83e4 

  0x0000028e54d62944: ;   {runtime_call}
  0x0000028e54d62944: f048 b870 | 4a25 fefc | 7f00 00ff 

  0x0000028e54d62950: ;   {section_word}
  0x0000028e54d62950: d0f4 49ba | 5229 d654 | 8e02 0000 

  0x0000028e54d6295c: ;   {runtime_call DeoptimizationBlob}
  0x0000028e54d6295c: 4152 e91d | 1d45 07f4 | f4f4 f4f4 
[/MachCode]


---------------  P R O C E S S  ---------------

Threads class SMR info:
_java_thread_list=0x0000028e45b891b0, length=11, elements={
0x0000028e4c4f9630, 0x0000028e6af44570, 0x0000028e6af49e10, 0x0000028e6af4e330,
0x0000028e6af4ed90, 0x0000028e6af4f7f0, 0x0000028e6af50250, 0x0000028e6af50fe0,
0x0000028e6af9d650, 0x0000028e45122650, 0x0000028e4512b4e0
}

Java Threads: ( => current thread )
=>0x0000028e4c4f9630 JavaThread "main"                              [_thread_in_vm, id=14624, stack(0x000000d997500000,0x000000d997600000) (1024K)]
  0x0000028e6af44570 JavaThread "Reference Handler"          daemon [_thread_blocked, id=22088, stack(0x000000d997e00000,0x000000d997f00000) (1024K)]
  0x0000028e6af49e10 JavaThread "Finalizer"                  daemon [_thread_blocked, id=22092, stack(0x000000d997f00000,0x000000d998000000) (1024K)]
  0x0000028e6af4e330 JavaThread "Signal Dispatcher"          daemon [_thread_blocked, id=22104, stack(0x000000d998000000,0x000000d998100000) (1024K)]
  0x0000028e6af4ed90 JavaThread "Attach Listener"            daemon [_thread_blocked, id=22108, stack(0x000000d998100000,0x000000d998200000) (1024K)]
  0x0000028e6af4f7f0 JavaThread "Service Thread"             daemon [_thread_blocked, id=22136, stack(0x000000d998200000,0x000000d998300000) (1024K)]
  0x0000028e6af50250 JavaThread "Monitor Deflation Thread"   daemon [_thread_blocked, id=22140, stack(0x000000d998300000,0x000000d998400000) (1024K)]
  0x0000028e6af50fe0 JavaThread "C2 CompilerThread0"         daemon [_thread_blocked, id=22144, stack(0x000000d998400000,0x000000d998500000) (1024K)]
  0x0000028e6af9d650 JavaThread "C1 CompilerThread0"         daemon [_thread_blocked, id=22560, stack(0x000000d998500000,0x000000d998600000) (1024K)]
  0x0000028e45122650 JavaThread "Notification Thread"        daemon [_thread_blocked, id=23532, stack(0x000000d998600000,0x000000d998700000) (1024K)]
  0x0000028e4512b4e0 JavaThread "Common-Cleaner"             daemon [_thread_blocked, id=23544, stack(0x000000d998700000,0x000000d998800000) (1024K)]
Total: 11

Other Threads:
  0x0000028e6af29e10 VMThread "VM Thread"                           [id=21648, stack(0x000000d997d00000,0x000000d997e00000) (1024K)]
  0x0000028e6af1ae00 WatcherThread "VM Periodic Task Thread"        [id=21644, stack(0x000000d997c00000,0x000000d997d00000) (1024K)]
  0x0000028e4c557650 WorkerThread "GC Thread#0"                     [id=17860, stack(0x000000d997700000,0x000000d997800000) (1024K)]
  0x0000028e4c56b130 ConcurrentGCThread "G1 Main Marker"            [id=18756, stack(0x000000d997800000,0x000000d997900000) (1024K)]
  0x0000028e4c56bc40 WorkerThread "G1 Conc#0"                       [id=17424, stack(0x000000d997900000,0x000000d997a00000) (1024K)]
  0x0000028e6ade79a0 ConcurrentGCThread "G1 Refine#0"               [id=1920, stack(0x000000d997a00000,0x000000d997b00000) (1024K)]
  0x0000028e6ade9140 ConcurrentGCThread "G1 Service"                [id=16600, stack(0x000000d997b00000,0x000000d997c00000) (1024K)]
Total: 7

Threads with active compile tasks:
Total: 0

VM state: not at safepoint (normal execution)

VM Mutex/Monitor currently owned by a thread:  ([mutex/lock_event])
[0x00007ffcfe891890] Metaspace_lock - owner thread: 0x0000028e4c4f9630

Heap address: 0x0000000721200000, size: 3566 MB, Compressed Oops mode: Zero based, Oop shift amount: 3

CDS archive(s) mapped at: [0x0000028e00000000-0x0000028e00d70000-0x0000028e00d70000), size 14090240, SharedBaseAddress: 0x0000028e00000000, ArchiveRelocationMode: 1.
Compressed class space mapped at: 0x0000028e01000000-0x0000028e41000000, reserved size: 1073741824
Narrow klass base: 0x0000028e00000000, Narrow klass shift: 0, Narrow klass range: 0x41000000

GC Precious Log:
 CardTable entry size: 512
 Card Set container configuration: InlinePtr #cards 4 size 8 Array Of Cards #cards 16 size 48 Howl #buckets 8 coarsen threshold 3686 Howl Bitmap #cards 512 size 80 coarsen threshold 460 Card regions per heap region 1 cards per card region 4096
 CPUs: 8 total, 8 available
 Memory: 14258M
 Large Page Support: Disabled
 NUMA Support: Disabled
 Compressed Oops: Enabled (Zero based)
 Heap Region Size: 2M
 Heap Min Capacity: 8M
 Heap Initial Capacity: 224M
 Heap Max Capacity: 3566M
 Pre-touch: Disabled
 Parallel Workers: 8
 Concurrent Workers: 2
 Concurrent Refinement Workers: 8
 Periodic GC: Disabled

Heap:
 garbage-first heap   total reserved 3651584K, committed 229376K, used 12288K [0x0000000721200000, 0x0000000800000000)
  region size 2048K, 7 young (14336K), 0 survivors (0K)
 Metaspace       used 3759K, committed 3904K, reserved 1114112K
  class space    used 395K, committed 512K, reserved 1048576K

Heap Regions: E=young(eden), S=young(survivor), O=old, HS=humongous(starts), HC=humongous(continues), CS=collection set, F=free, TAMS=top-at-mark-start, PB=parsable bottom
|   0|0x0000000721200000, 0x0000000721200000, 0x0000000721400000|  0%| F|  |TAMS 0x0000000721200000| PB 0x0000000721200000| Untracked |  0
|   1|0x0000000721400000, 0x0000000721400000, 0x0000000721600000|  0%| F|  |TAMS 0x0000000721400000| PB 0x0000000721400000| Untracked |  0
|   2|0x0000000721600000, 0x0000000721600000, 0x0000000721800000|  0%| F|  |TAMS 0x0000000721600000| PB 0x0000000721600000| Untracked |  0
|   3|0x0000000721800000, 0x0000000721800000, 0x0000000721a00000|  0%| F|  |TAMS 0x0000000721800000| PB 0x0000000721800000| Untracked |  0
|   4|0x0000000721a00000, 0x0000000721a00000, 0x0000000721c00000|  0%| F|  |TAMS 0x0000000721a00000| PB 0x0000000721a00000| Untracked |  0
|   5|0x0000000721c00000, 0x0000000721c00000, 0x0000000721e00000|  0%| F|  |TAMS 0x0000000721c00000| PB 0x0000000721c00000| Untracked |  0
|   6|0x0000000721e00000, 0x0000000721e00000, 0x0000000722000000|  0%| F|  |TAMS 0x0000000721e00000| PB 0x0000000721e00000| Untracked |  0
|   7|0x0000000722000000, 0x0000000722000000, 0x0000000722200000|  0%| F|  |TAMS 0x0000000722000000| PB 0x0000000722000000| Untracked |  0
|   8|0x0000000722200000, 0x0000000722200000, 0x0000000722400000|  0%| F|  |TAMS 0x0000000722200000| PB 0x0000000722200000| Untracked |  0
|   9|0x0000000722400000, 0x0000000722400000, 0x0000000722600000|  0%| F|  |TAMS 0x0000000722400000| PB 0x0000000722400000| Untracked |  0
|  10|0x0000000722600000, 0x0000000722600000, 0x0000000722800000|  0%| F|  |TAMS 0x0000000722600000| PB 0x0000000722600000| Untracked |  0
|  11|0x0000000722800000, 0x0000000722800000, 0x0000000722a00000|  0%| F|  |TAMS 0x0000000722800000| PB 0x0000000722800000| Untracked |  0
|  12|0x0000000722a00000, 0x0000000722a00000, 0x0000000722c00000|  0%| F|  |TAMS 0x0000000722a00000| PB 0x0000000722a00000| Untracked |  0
|  13|0x0000000722c00000, 0x0000000722c00000, 0x0000000722e00000|  0%| F|  |TAMS 0x0000000722c00000| PB 0x0000000722c00000| Untracked |  0
|  14|0x0000000722e00000, 0x0000000722e00000, 0x0000000723000000|  0%| F|  |TAMS 0x0000000722e00000| PB 0x0000000722e00000| Untracked |  0
|  15|0x0000000723000000, 0x0000000723000000, 0x0000000723200000|  0%| F|  |TAMS 0x0000000723000000| PB 0x0000000723000000| Untracked |  0
|  16|0x0000000723200000, 0x0000000723200000, 0x0000000723400000|  0%| F|  |TAMS 0x0000000723200000| PB 0x0000000723200000| Untracked |  0
|  17|0x0000000723400000, 0x0000000723400000, 0x0000000723600000|  0%| F|  |TAMS 0x0000000723400000| PB 0x0000000723400000| Untracked |  0
|  18|0x0000000723600000, 0x0000000723600000, 0x0000000723800000|  0%| F|  |TAMS 0x0000000723600000| PB 0x0000000723600000| Untracked |  0
|  19|0x0000000723800000, 0x0000000723800000, 0x0000000723a00000|  0%| F|  |TAMS 0x0000000723800000| PB 0x0000000723800000| Untracked |  0
|  20|0x0000000723a00000, 0x0000000723a00000, 0x0000000723c00000|  0%| F|  |TAMS 0x0000000723a00000| PB 0x0000000723a00000| Untracked |  0
|  21|0x0000000723c00000, 0x0000000723c00000, 0x0000000723e00000|  0%| F|  |TAMS 0x0000000723c00000| PB 0x0000000723c00000| Untracked |  0
|  22|0x0000000723e00000, 0x0000000723e00000, 0x0000000724000000|  0%| F|  |TAMS 0x0000000723e00000| PB 0x0000000723e00000| Untracked |  0
|  23|0x0000000724000000, 0x0000000724000000, 0x0000000724200000|  0%| F|  |TAMS 0x0000000724000000| PB 0x0000000724000000| Untracked |  0
|  24|0x0000000724200000, 0x0000000724200000, 0x0000000724400000|  0%| F|  |TAMS 0x0000000724200000| PB 0x0000000724200000| Untracked |  0
|  25|0x0000000724400000, 0x0000000724400000, 0x0000000724600000|  0%| F|  |TAMS 0x0000000724400000| PB 0x0000000724400000| Untracked |  0
|  26|0x0000000724600000, 0x0000000724600000, 0x0000000724800000|  0%| F|  |TAMS 0x0000000724600000| PB 0x0000000724600000| Untracked |  0
|  27|0x0000000724800000, 0x0000000724800000, 0x0000000724a00000|  0%| F|  |TAMS 0x0000000724800000| PB 0x0000000724800000| Untracked |  0
|  28|0x0000000724a00000, 0x0000000724a00000, 0x0000000724c00000|  0%| F|  |TAMS 0x0000000724a00000| PB 0x0000000724a00000| Untracked |  0
|  29|0x0000000724c00000, 0x0000000724c00000, 0x0000000724e00000|  0%| F|  |TAMS 0x0000000724c00000| PB 0x0000000724c00000| Untracked |  0
|  30|0x0000000724e00000, 0x0000000724e00000, 0x0000000725000000|  0%| F|  |TAMS 0x0000000724e00000| PB 0x0000000724e00000| Untracked |  0
|  31|0x0000000725000000, 0x0000000725000000, 0x0000000725200000|  0%| F|  |TAMS 0x0000000725000000| PB 0x0000000725000000| Untracked |  0
|  32|0x0000000725200000, 0x0000000725200000, 0x0000000725400000|  0%| F|  |TAMS 0x0000000725200000| PB 0x0000000725200000| Untracked |  0
|  33|0x0000000725400000, 0x0000000725400000, 0x0000000725600000|  0%| F|  |TAMS 0x0000000725400000| PB 0x0000000725400000| Untracked |  0
|  34|0x0000000725600000, 0x0000000725600000, 0x0000000725800000|  0%| F|  |TAMS 0x0000000725600000| PB 0x0000000725600000| Untracked |  0
|  35|0x0000000725800000, 0x0000000725800000, 0x0000000725a00000|  0%| F|  |TAMS 0x0000000725800000| PB 0x0000000725800000| Untracked |  0
|  36|0x0000000725a00000, 0x0000000725a00000, 0x0000000725c00000|  0%| F|  |TAMS 0x0000000725a00000| PB 0x0000000725a00000| Untracked |  0
|  37|0x0000000725c00000, 0x0000000725c00000, 0x0000000725e00000|  0%| F|  |TAMS 0x0000000725c00000| PB 0x0000000725c00000| Untracked |  0
|  38|0x0000000725e00000, 0x0000000725e00000, 0x0000000726000000|  0%| F|  |TAMS 0x0000000725e00000| PB 0x0000000725e00000| Untracked |  0
|  39|0x0000000726000000, 0x0000000726000000, 0x0000000726200000|  0%| F|  |TAMS 0x0000000726000000| PB 0x0000000726000000| Untracked |  0
|  40|0x0000000726200000, 0x0000000726200000, 0x0000000726400000|  0%| F|  |TAMS 0x0000000726200000| PB 0x0000000726200000| Untracked |  0
|  41|0x0000000726400000, 0x0000000726400000, 0x0000000726600000|  0%| F|  |TAMS 0x0000000726400000| PB 0x0000000726400000| Untracked |  0
|  42|0x0000000726600000, 0x0000000726600000, 0x0000000726800000|  0%| F|  |TAMS 0x0000000726600000| PB 0x0000000726600000| Untracked |  0
|  43|0x0000000726800000, 0x0000000726800000, 0x0000000726a00000|  0%| F|  |TAMS 0x0000000726800000| PB 0x0000000726800000| Untracked |  0
|  44|0x0000000726a00000, 0x0000000726a00000, 0x0000000726c00000|  0%| F|  |TAMS 0x0000000726a00000| PB 0x0000000726a00000| Untracked |  0
|  45|0x0000000726c00000, 0x0000000726c00000, 0x0000000726e00000|  0%| F|  |TAMS 0x0000000726c00000| PB 0x0000000726c00000| Untracked |  0
|  46|0x0000000726e00000, 0x0000000726e00000, 0x0000000727000000|  0%| F|  |TAMS 0x0000000726e00000| PB 0x0000000726e00000| Untracked |  0
|  47|0x0000000727000000, 0x0000000727000000, 0x0000000727200000|  0%| F|  |TAMS 0x0000000727000000| PB 0x0000000727000000| Untracked |  0
|  48|0x0000000727200000, 0x0000000727200000, 0x0000000727400000|  0%| F|  |TAMS 0x0000000727200000| PB 0x0000000727200000| Untracked |  0
|  49|0x0000000727400000, 0x0000000727400000, 0x0000000727600000|  0%| F|  |TAMS 0x0000000727400000| PB 0x0000000727400000| Untracked |  0
|  50|0x0000000727600000, 0x0000000727600000, 0x0000000727800000|  0%| F|  |TAMS 0x0000000727600000| PB 0x0000000727600000| Untracked |  0
|  51|0x0000000727800000, 0x0000000727800000, 0x0000000727a00000|  0%| F|  |TAMS 0x0000000727800000| PB 0x0000000727800000| Untracked |  0
|  52|0x0000000727a00000, 0x0000000727a00000, 0x0000000727c00000|  0%| F|  |TAMS 0x0000000727a00000| PB 0x0000000727a00000| Untracked |  0
|  53|0x0000000727c00000, 0x0000000727c00000, 0x0000000727e00000|  0%| F|  |TAMS 0x0000000727c00000| PB 0x0000000727c00000| Untracked |  0
|  54|0x0000000727e00000, 0x0000000727e00000, 0x0000000728000000|  0%| F|  |TAMS 0x0000000727e00000| PB 0x0000000727e00000| Untracked |  0
|  55|0x0000000728000000, 0x0000000728000000, 0x0000000728200000|  0%| F|  |TAMS 0x0000000728000000| PB 0x0000000728000000| Untracked |  0
|  56|0x0000000728200000, 0x0000000728200000, 0x0000000728400000|  0%| F|  |TAMS 0x0000000728200000| PB 0x0000000728200000| Untracked |  0
|  57|0x0000000728400000, 0x0000000728400000, 0x0000000728600000|  0%| F|  |TAMS 0x0000000728400000| PB 0x0000000728400000| Untracked |  0
|  58|0x0000000728600000, 0x0000000728600000, 0x0000000728800000|  0%| F|  |TAMS 0x0000000728600000| PB 0x0000000728600000| Untracked |  0
|  59|0x0000000728800000, 0x0000000728800000, 0x0000000728a00000|  0%| F|  |TAMS 0x0000000728800000| PB 0x0000000728800000| Untracked |  0
|  60|0x0000000728a00000, 0x0000000728a00000, 0x0000000728c00000|  0%| F|  |TAMS 0x0000000728a00000| PB 0x0000000728a00000| Untracked |  0
|  61|0x0000000728c00000, 0x0000000728c00000, 0x0000000728e00000|  0%| F|  |TAMS 0x0000000728c00000| PB 0x0000000728c00000| Untracked |  0
|  62|0x0000000728e00000, 0x0000000728e00000, 0x0000000729000000|  0%| F|  |TAMS 0x0000000728e00000| PB 0x0000000728e00000| Untracked |  0
|  63|0x0000000729000000, 0x0000000729000000, 0x0000000729200000|  0%| F|  |TAMS 0x0000000729000000| PB 0x0000000729000000| Untracked |  0
|  64|0x0000000729200000, 0x0000000729200000, 0x0000000729400000|  0%| F|  |TAMS 0x0000000729200000| PB 0x0000000729200000| Untracked |  0
|  65|0x0000000729400000, 0x0000000729400000, 0x0000000729600000|  0%| F|  |TAMS 0x0000000729400000| PB 0x0000000729400000| Untracked |  0
|  66|0x0000000729600000, 0x0000000729600000, 0x0000000729800000|  0%| F|  |TAMS 0x0000000729600000| PB 0x0000000729600000| Untracked |  0
|  67|0x0000000729800000, 0x0000000729800000, 0x0000000729a00000|  0%| F|  |TAMS 0x0000000729800000| PB 0x0000000729800000| Untracked |  0
|  68|0x0000000729a00000, 0x0000000729a00000, 0x0000000729c00000|  0%| F|  |TAMS 0x0000000729a00000| PB 0x0000000729a00000| Untracked |  0
|  69|0x0000000729c00000, 0x0000000729c00000, 0x0000000729e00000|  0%| F|  |TAMS 0x0000000729c00000| PB 0x0000000729c00000| Untracked |  0
|  70|0x0000000729e00000, 0x0000000729e00000, 0x000000072a000000|  0%| F|  |TAMS 0x0000000729e00000| PB 0x0000000729e00000| Untracked |  0
|  71|0x000000072a000000, 0x000000072a000000, 0x000000072a200000|  0%| F|  |TAMS 0x000000072a000000| PB 0x000000072a000000| Untracked |  0
|  72|0x000000072a200000, 0x000000072a200000, 0x000000072a400000|  0%| F|  |TAMS 0x000000072a200000| PB 0x000000072a200000| Untracked |  0
|  73|0x000000072a400000, 0x000000072a400000, 0x000000072a600000|  0%| F|  |TAMS 0x000000072a400000| PB 0x000000072a400000| Untracked |  0
|  74|0x000000072a600000, 0x000000072a600000, 0x000000072a800000|  0%| F|  |TAMS 0x000000072a600000| PB 0x000000072a600000| Untracked |  0
|  75|0x000000072a800000, 0x000000072a800000, 0x000000072aa00000|  0%| F|  |TAMS 0x000000072a800000| PB 0x000000072a800000| Untracked |  0
|  76|0x000000072aa00000, 0x000000072aa00000, 0x000000072ac00000|  0%| F|  |TAMS 0x000000072aa00000| PB 0x000000072aa00000| Untracked |  0
|  77|0x000000072ac00000, 0x000000072ac00000, 0x000000072ae00000|  0%| F|  |TAMS 0x000000072ac00000| PB 0x000000072ac00000| Untracked |  0
|  78|0x000000072ae00000, 0x000000072ae00000, 0x000000072b000000|  0%| F|  |TAMS 0x000000072ae00000| PB 0x000000072ae00000| Untracked |  0
|  79|0x000000072b000000, 0x000000072b000000, 0x000000072b200000|  0%| F|  |TAMS 0x000000072b000000| PB 0x000000072b000000| Untracked |  0
|  80|0x000000072b200000, 0x000000072b200000, 0x000000072b400000|  0%| F|  |TAMS 0x000000072b200000| PB 0x000000072b200000| Untracked |  0
|  81|0x000000072b400000, 0x000000072b400000, 0x000000072b600000|  0%| F|  |TAMS 0x000000072b400000| PB 0x000000072b400000| Untracked |  0
|  82|0x000000072b600000, 0x000000072b600000, 0x000000072b800000|  0%| F|  |TAMS 0x000000072b600000| PB 0x000000072b600000| Untracked |  0
|  83|0x000000072b800000, 0x000000072b800000, 0x000000072ba00000|  0%| F|  |TAMS 0x000000072b800000| PB 0x000000072b800000| Untracked |  0
|  84|0x000000072ba00000, 0x000000072ba00000, 0x000000072bc00000|  0%| F|  |TAMS 0x000000072ba00000| PB 0x000000072ba00000| Untracked |  0
|  85|0x000000072bc00000, 0x000000072bc00000, 0x000000072be00000|  0%| F|  |TAMS 0x000000072bc00000| PB 0x000000072bc00000| Untracked |  0
|  86|0x000000072be00000, 0x000000072be00000, 0x000000072c000000|  0%| F|  |TAMS 0x000000072be00000| PB 0x000000072be00000| Untracked |  0
|  87|0x000000072c000000, 0x000000072c000000, 0x000000072c200000|  0%| F|  |TAMS 0x000000072c000000| PB 0x000000072c000000| Untracked |  0
|  88|0x000000072c200000, 0x000000072c200000, 0x000000072c400000|  0%| F|  |TAMS 0x000000072c200000| PB 0x000000072c200000| Untracked |  0
|  89|0x000000072c400000, 0x000000072c400000, 0x000000072c600000|  0%| F|  |TAMS 0x000000072c400000| PB 0x000000072c400000| Untracked |  0
|  90|0x000000072c600000, 0x000000072c600000, 0x000000072c800000|  0%| F|  |TAMS 0x000000072c600000| PB 0x000000072c600000| Untracked |  0
|  91|0x000000072c800000, 0x000000072c800000, 0x000000072ca00000|  0%| F|  |TAMS 0x000000072c800000| PB 0x000000072c800000| Untracked |  0
|  92|0x000000072ca00000, 0x000000072ca00000, 0x000000072cc00000|  0%| F|  |TAMS 0x000000072ca00000| PB 0x000000072ca00000| Untracked |  0
|  93|0x000000072cc00000, 0x000000072cc00000, 0x000000072ce00000|  0%| F|  |TAMS 0x000000072cc00000| PB 0x000000072cc00000| Untracked |  0
|  94|0x000000072ce00000, 0x000000072ce00000, 0x000000072d000000|  0%| F|  |TAMS 0x000000072ce00000| PB 0x000000072ce00000| Untracked |  0
|  95|0x000000072d000000, 0x000000072d000000, 0x000000072d200000|  0%| F|  |TAMS 0x000000072d000000| PB 0x000000072d000000| Untracked |  0
|  96|0x000000072d200000, 0x000000072d200000, 0x000000072d400000|  0%| F|  |TAMS 0x000000072d200000| PB 0x000000072d200000| Untracked |  0
|  97|0x000000072d400000, 0x000000072d400000, 0x000000072d600000|  0%| F|  |TAMS 0x000000072d400000| PB 0x000000072d400000| Untracked |  0
|  98|0x000000072d600000, 0x000000072d600000, 0x000000072d800000|  0%| F|  |TAMS 0x000000072d600000| PB 0x000000072d600000| Untracked |  0
|  99|0x000000072d800000, 0x000000072d800000, 0x000000072da00000|  0%| F|  |TAMS 0x000000072d800000| PB 0x000000072d800000| Untracked |  0
| 100|0x000000072da00000, 0x000000072da00000, 0x000000072dc00000|  0%| F|  |TAMS 0x000000072da00000| PB 0x000000072da00000| Untracked |  0
| 101|0x000000072dc00000, 0x000000072dc00000, 0x000000072de00000|  0%| F|  |TAMS 0x000000072dc00000| PB 0x000000072dc00000| Untracked |  0
| 102|0x000000072de00000, 0x000000072de00000, 0x000000072e000000|  0%| F|  |TAMS 0x000000072de00000| PB 0x000000072de00000| Untracked |  0
| 103|0x000000072e000000, 0x000000072e000000, 0x000000072e200000|  0%| F|  |TAMS 0x000000072e000000| PB 0x000000072e000000| Untracked |  0
| 104|0x000000072e200000, 0x000000072e200000, 0x000000072e400000|  0%| F|  |TAMS 0x000000072e200000| PB 0x000000072e200000| Untracked |  0
| 105|0x000000072e400000, 0x000000072e573360, 0x000000072e600000| 72%| E|  |TAMS 0x000000072e400000| PB 0x000000072e400000| Complete |  0
| 106|0x000000072e600000, 0x000000072e800000, 0x000000072e800000|100%| E|CS|TAMS 0x000000072e600000| PB 0x000000072e600000| Complete |  0
| 107|0x000000072e800000, 0x000000072ea00000, 0x000000072ea00000|100%| E|CS|TAMS 0x000000072e800000| PB 0x000000072e800000| Complete |  0
| 108|0x000000072ea00000, 0x000000072ec00000, 0x000000072ec00000|100%| E|CS|TAMS 0x000000072ea00000| PB 0x000000072ea00000| Complete |  0
| 109|0x000000072ec00000, 0x000000072ee00000, 0x000000072ee00000|100%| E|CS|TAMS 0x000000072ec00000| PB 0x000000072ec00000| Complete |  0
| 110|0x000000072ee00000, 0x000000072f000000, 0x000000072f000000|100%| E|CS|TAMS 0x000000072ee00000| PB 0x000000072ee00000| Complete |  0
| 111|0x000000072f000000, 0x000000072f200000, 0x000000072f200000|100%| E|CS|TAMS 0x000000072f000000| PB 0x000000072f000000| Complete |  0

Card table byte_map: [0x0000028e64660000,0x0000028e64d60000] _byte_map_base: 0x0000028e60d57000

Marking Bits: (CMBitMap*) 0x0000028e4c557d60
 Bits: [0x0000028e64d60000, 0x0000028e68518000)

Polling page: 0x0000028e4a2e0000

Metaspace:

Usage:
  Non-class:      3.29 MB used.
      Class:    395.20 KB used.
       Both:      3.67 MB used.

Virtual space:
  Non-class space:       64.00 MB reserved,       3.31 MB (  5%) committed,  1 nodes.
      Class space:        1.00 GB reserved,     512.00 KB ( <1%) committed,  1 nodes.
             Both:        1.06 GB reserved,       3.81 MB ( <1%) committed. 

Chunk freelists:
   Non-Class:  10.23 MB
       Class:  15.47 MB
        Both:  25.70 MB

MaxMetaspaceSize: unlimited
CompressedClassSpaceSize: 1.00 GB
Initial GC threshold: 21.00 MB
Current GC threshold: 21.00 MB
CDS: on
 - commit_granule_bytes: 65536.
 - commit_granule_words: 8192.
 - virtual_space_node_default_size: 8388608.
 - enlarge_chunks_in_place: 1.
 - use_allocation_guard: 0.


Internal statistics:

num_allocs_failed_limit: 0.
num_arena_births: 38.
num_arena_deaths: 0.
num_vsnodes_births: 2.
num_vsnodes_deaths: 0.
num_space_committed: 61.
num_space_uncommitted: 0.
num_chunks_returned_to_freelist: 0.
num_chunks_taken_from_freelist: 133.
num_chunk_merges: 0.
num_chunk_splits: 89.
num_chunks_enlarged: 73.
num_inconsistent_stats: 0.

CodeHeap 'non-profiled nmethods': size=120064Kb used=244Kb max_used=244Kb free=119819Kb
 bounds [0x0000028e5c6f0000, 0x0000028e5c960000, 0x0000028e63c30000]
CodeHeap 'profiled nmethods': size=120000Kb used=1310Kb max_used=1310Kb free=118689Kb
 bounds [0x0000028e54c30000, 0x0000028e54ea0000, 0x0000028e5c160000]
CodeHeap 'non-nmethods': size=5696Kb used=1343Kb max_used=1356Kb free=4352Kb
 bounds [0x0000028e5c160000, 0x0000028e5c3d0000, 0x0000028e5c6f0000]
CodeCache: size=245760Kb, used=2897Kb, max_used=2910Kb, free=242860Kb
 total_blobs=1357, nmethods=899, adapters=364, full_count=0
Compilation: enabled, stopped_count=0, restarted_count=0

Compilation events (20 events):
Event: 37.810 Thread 0x0000028e6af9d650  891   !   3       java.util.zip.ZipFile$ZipFileInputStream::read (135 bytes)
Event: 37.811 Thread 0x0000028e6af9d650 nmethod 891 0x0000028e54d6f788 code [0x0000028e54d6f920, 0x0000028e54d700b0]
Event: 37.811 Thread 0x0000028e6af9d650  892       3       java.util.zip.ZipFile$InflaterCleanupAction::run (12 bytes)
Event: 37.811 Thread 0x0000028e6af9d650 nmethod 892 0x0000028e54d70108 code [0x0000028e54d70220, 0x0000028e54d70388]
Event: 37.811 Thread 0x0000028e6af9d650  893   !   3       java.util.zip.ZipFile$CleanableResource::releaseInflater (53 bytes)
Event: 37.811 Thread 0x0000028e6af9d650 nmethod 893 0x0000028e54d70408 code [0x0000028e54d70560, 0x0000028e54d70a78]
Event: 37.811 Thread 0x0000028e6af50fe0  894       4       java.lang.StringLatin1::inflate (34 bytes)
Event: 37.814 Thread 0x0000028e6af9d650  895       3       java.util.zip.ZipEntry::<init> (84 bytes)
Event: 37.815 Thread 0x0000028e6af9d650 nmethod 895 0x0000028e54d70b08 code [0x0000028e54d70c80, 0x0000028e54d711f0]
Event: 37.820 Thread 0x0000028e6af50fe0 nmethod 894 0x0000028e5c72d008 code [0x0000028e5c72d100, 0x0000028e5c72d308]
Event: 37.820 Thread 0x0000028e6af9d650  896   !   3       jdk.internal.loader.BuiltinClassLoader::findClassOnClassPathOrNull (64 bytes)
Event: 37.822 Thread 0x0000028e6af9d650 nmethod 896 0x0000028e54d71288 code [0x0000028e54d71580, 0x0000028e54d728d8]
Event: 37.822 Thread 0x0000028e6af9d650  897       3       java.net.URLClassLoader::isSealed (72 bytes)
Event: 37.824 Thread 0x0000028e6af9d650 nmethod 897 0x0000028e54d72988 code [0x0000028e54d72d60, 0x0000028e54d749b8]
Event: 37.860 Thread 0x0000028e6af9d650  898       3       java.util.zip.CRC32::updateBytesCheck (35 bytes)
Event: 37.860 Thread 0x0000028e6af9d650 nmethod 898 0x0000028e54d74b08 code [0x0000028e54d74c60, 0x0000028e54d74fa0]
Event: 37.879 Thread 0x0000028e6af9d650  899       3       sun.net.www.protocol.jar.Handler::canonicalizeString (72 bytes)
Event: 37.881 Thread 0x0000028e6af9d650 nmethod 899 0x0000028e54d75008 code [0x0000028e54d75280, 0x0000028e54d760a8]
Event: 37.881 Thread 0x0000028e6af9d650  900       3       java.net.URLStreamHandler::setURL (159 bytes)
Event: 37.882 Thread 0x0000028e6af9d650 nmethod 900 0x0000028e54d76188 code [0x0000028e54d76480, 0x0000028e54d77938]

GC Heap History (0 events):
No events

Dll operation events (8 events):
Event: 0.217 Loaded shared library C:\Program Files\Java\jdk-23\bin\java.dll
Event: 3.132 Loaded shared library C:\Program Files\Java\jdk-23\bin\jsvml.dll
Event: 4.644 Loaded shared library C:\Program Files\Java\jdk-23\bin\net.dll
Event: 4.648 Loaded shared library C:\Program Files\Java\jdk-23\bin\nio.dll
Event: 5.084 Loaded shared library C:\Program Files\Java\jdk-23\bin\zip.dll
Event: 22.824 Loaded shared library C:\Program Files\NetBeans-24\netbeans\java\maven\lib\jansi-native\Windows\x86_64\jansi.dll
Event: 26.699 Loaded shared library C:\Program Files\Java\jdk-23\bin\verify.dll
Event: 26.874 Loaded shared library C:\Program Files\Java\jdk-23\bin\jimage.dll

Deoptimization events (20 events):
Event: 29.236 Thread 0x0000028e4c4f9630 DEOPT PACKING pc=0x0000028e54c73941 sp=0x000000d9975fa400
Event: 29.236 Thread 0x0000028e4c4f9630 DEOPT UNPACKING pc=0x0000028e5c1b4b22 sp=0x000000d9975f9870 mode 0
Event: 32.731 Thread 0x0000028e4c4f9630 Uncommon trap: trap_request=0xffffff45 fr.pc=0x0000028e5c6fd890 relative=0x00000000000004d0
Event: 32.731 Thread 0x0000028e4c4f9630 Uncommon trap: reason=unstable_if action=reinterpret pc=0x0000028e5c6fd890 method=java.lang.StringLatin1.canEncode(C)Z @ 4 c2
Event: 32.731 Thread 0x0000028e4c4f9630 DEOPT PACKING pc=0x0000028e5c6fd890 sp=0x000000d9975fe540
Event: 32.731 Thread 0x0000028e4c4f9630 DEOPT UNPACKING pc=0x0000028e5c1b4402 sp=0x000000d9975fe470 mode 2
Event: 32.731 Thread 0x0000028e4c4f9630 Uncommon trap: trap_request=0xffffff45 fr.pc=0x0000028e5c7170e0 relative=0x00000000000004a0
Event: 32.731 Thread 0x0000028e4c4f9630 Uncommon trap: reason=unstable_if action=reinterpret pc=0x0000028e5c7170e0 method=java.lang.AbstractStringBuilder.isLatin1()Z @ 10 c2
Event: 32.731 Thread 0x0000028e4c4f9630 DEOPT PACKING pc=0x0000028e5c7170e0 sp=0x000000d9975fe560
Event: 32.731 Thread 0x0000028e4c4f9630 DEOPT UNPACKING pc=0x0000028e5c1b4402 sp=0x000000d9975fe4f0 mode 2
Event: 32.731 Thread 0x0000028e4c4f9630 Uncommon trap: trap_request=0xffffff45 fr.pc=0x0000028e5c7013dc relative=0x000000000000005c
Event: 32.731 Thread 0x0000028e4c4f9630 Uncommon trap: reason=unstable_if action=reinterpret pc=0x0000028e5c7013dc method=java.lang.AbstractStringBuilder.isLatin1()Z @ 10 c2
Event: 32.731 Thread 0x0000028e4c4f9630 DEOPT PACKING pc=0x0000028e5c7013dc sp=0x000000d9975fe560
Event: 32.731 Thread 0x0000028e4c4f9630 DEOPT UNPACKING pc=0x0000028e5c1b4402 sp=0x000000d9975fe4f0 mode 2
Event: 32.743 Thread 0x0000028e4c4f9630 DEOPT PACKING pc=0x0000028e54c7988d sp=0x000000d9975fdd10
Event: 32.743 Thread 0x0000028e4c4f9630 DEOPT UNPACKING pc=0x0000028e5c1b4b22 sp=0x000000d9975fd160 mode 0
Event: 34.479 Thread 0x0000028e4c4f9630 DEOPT PACKING pc=0x0000028e54c73941 sp=0x000000d9975fd230
Event: 34.479 Thread 0x0000028e4c4f9630 DEOPT UNPACKING pc=0x0000028e5c1b4b22 sp=0x000000d9975fc6a0 mode 0
Event: 37.808 Thread 0x0000028e4c4f9630 DEOPT PACKING pc=0x0000028e54c5e2bf sp=0x000000d9975f7b30
Event: 37.808 Thread 0x0000028e4c4f9630 DEOPT UNPACKING pc=0x0000028e5c1b4b22 sp=0x000000d9975f6fa8 mode 0

Classes loaded (20 events):
Event: 29.682 Loading class sun/util/calendar/ZoneInfoFile$Checksum
Event: 29.682 Loading class sun/util/calendar/ZoneInfoFile$Checksum done
Event: 29.686 Loading class jdk/internal/module/ModulePatcher$PatchedModuleReader
Event: 29.687 Loading class jdk/internal/module/ModulePatcher$PatchedModuleReader done
Event: 29.993 Loading class sun/net/www/protocol/jrt/Handler
Event: 29.993 Loading class sun/net/www/protocol/jrt/Handler done
Event: 32.727 Loading class sun/text/resources/cldr/FormatData_en
Event: 32.728 Loading class sun/text/resources/cldr/FormatData_en done
Event: 32.729 Loading class sun/text/resources/cldr/FormatData_en_US
Event: 32.729 Loading class sun/text/resources/cldr/FormatData_en_US done
Event: 34.489 Loading class java/io/FilterReader
Event: 34.489 Loading class java/io/FilterReader done
Event: 35.984 Loading class java/io/InvalidObjectException
Event: 35.984 Loading class java/io/ObjectStreamException
Event: 35.984 Loading class java/io/ObjectStreamException done
Event: 35.984 Loading class java/io/InvalidObjectException done
Event: 37.806 Loading class java/util/NoSuchElementException
Event: 37.806 Loading class java/util/NoSuchElementException done
Event: 37.857 Loading class java/util/Arrays$ArrayItr
Event: 37.857 Loading class java/util/Arrays$ArrayItr done

Classes unloaded (0 events):
No events

Classes redefined (0 events):
No events

Internal exceptions (20 events):
Event: 5.474 Thread 0x0000028e4c4f9630 Exception <a 'java/lang/NoSuchMethodError'{0x000000072ee282f8}: 'int java.lang.invoke.DirectMethodHandle$Holder.invokeSpecial(java.lang.Object, java.lang.Object, java.lang.Object)'> (0x000000072ee282f8) 
thrown [s\open\src\hotspot\share\interpreter\linkResolver.cpp, line 796]
Event: 18.758 Thread 0x0000028e4c4f9630 Exception <a 'java/lang/NoSuchMethodError'{0x000000072ec645f8}: 'java.lang.Object java.lang.invoke.Invokers$Holder.invokeExact_MT(java.lang.Object, java.lang.Object, java.lang.Object, java.lang.Object, java.lang.Object)'> (0x000000072ec645f8) 
thrown [s\open\src\hotspot\share\interpreter\linkResolver.cpp, line 796]
Event: 21.378 Thread 0x0000028e4c4f9630 Exception <a 'java/lang/NullPointerException'{0x000000072ecbfa08}> (0x000000072ecbfa08) 
thrown [s\open\src\hotspot\share\interpreter\linkResolver.cpp, line 1389]
Event: 22.829 Thread 0x0000028e4c4f9630 Exception <a 'java/lang/NullPointerException'{0x000000072ecdc8c8}> (0x000000072ecdc8c8) 
thrown [s\open\src\hotspot\share\interpreter\linkResolver.cpp, line 1389]
Event: 22.829 Thread 0x0000028e4c4f9630 Exception <a 'java/lang/NullPointerException'{0x000000072ecdcba8}> (0x000000072ecdcba8) 
thrown [s\open\src\hotspot\share\interpreter\linkResolver.cpp, line 1389]
Event: 22.830 Thread 0x0000028e4c4f9630 Exception <a 'java/lang/NullPointerException'{0x000000072ecdce88}> (0x000000072ecdce88) 
thrown [s\open\src\hotspot\share\interpreter\linkResolver.cpp, line 1389]
Event: 22.833 Thread 0x0000028e4c4f9630 Exception <a 'java/lang/NullPointerException'{0x000000072ece2398}> (0x000000072ece2398) 
thrown [s\open\src\hotspot\share\interpreter\linkResolver.cpp, line 1389]
Event: 22.836 Thread 0x0000028e4c4f9630 Exception <a 'java/lang/NullPointerException'{0x000000072ecf5bc0}> (0x000000072ecf5bc0) 
thrown [s\open\src\hotspot\share\interpreter\linkResolver.cpp, line 1389]
Event: 22.836 Thread 0x0000028e4c4f9630 Exception <a 'java/lang/NullPointerException'{0x000000072ecf5ea0}> (0x000000072ecf5ea0) 
thrown [s\open\src\hotspot\share\interpreter\linkResolver.cpp, line 1389]
Event: 22.836 Thread 0x0000028e4c4f9630 Exception <a 'java/lang/NullPointerException'{0x000000072ecf6180}> (0x000000072ecf6180) 
thrown [s\open\src\hotspot\share\interpreter\linkResolver.cpp, line 1389]
Event: 22.836 Thread 0x0000028e4c4f9630 Exception <a 'java/lang/NullPointerException'{0x000000072ecf6460}> (0x000000072ecf6460) 
thrown [s\open\src\hotspot\share\interpreter\linkResolver.cpp, line 1389]
Event: 26.236 Thread 0x0000028e4c4f9630 Exception <a 'sun/nio/fs/WindowsException'{0x000000072ed9b9a0}> (0x000000072ed9b9a0) 
thrown [s\open\src\hotspot\share\prims\jni.cpp, line 520]
Event: 26.238 Thread 0x0000028e4c4f9630 Exception <a 'sun/nio/fs/WindowsException'{0x000000072ed9c0f0}> (0x000000072ed9c0f0) 
thrown [s\open\src\hotspot\share\prims\jni.cpp, line 520]
Event: 26.238 Thread 0x0000028e4c4f9630 Exception <a 'sun/nio/fs/WindowsException'{0x000000072ed9c668}> (0x000000072ed9c668) 
thrown [s\open\src\hotspot\share\prims\jni.cpp, line 520]
Event: 26.238 Thread 0x0000028e4c4f9630 Exception <a 'sun/nio/fs/WindowsException'{0x000000072ed9cbc0}> (0x000000072ed9cbc0) 
thrown [s\open\src\hotspot\share\prims\jni.cpp, line 520]
Event: 26.238 Thread 0x0000028e4c4f9630 Exception <a 'sun/nio/fs/WindowsException'{0x000000072ed9d0c8}> (0x000000072ed9d0c8) 
thrown [s\open\src\hotspot\share\prims\jni.cpp, line 520]
Event: 26.239 Thread 0x0000028e4c4f9630 Exception <a 'sun/nio/fs/WindowsException'{0x000000072ed9d588}> (0x000000072ed9d588) 
thrown [s\open\src\hotspot\share\prims\jni.cpp, line 520]
Event: 26.788 Thread 0x0000028e4c4f9630 Exception <a 'java/lang/NoSuchMethodError'{0x000000072ede9ec8}: 'void java.lang.invoke.DirectMethodHandle$Holder.invokeStatic(java.lang.Object, java.lang.Object)'> (0x000000072ede9ec8) 
thrown [s\open\src\hotspot\share\interpreter\linkResolver.cpp, line 796]
Event: 26.789 Thread 0x0000028e4c4f9630 Exception <a 'java/lang/NoSuchMethodError'{0x000000072eded2e0}: 'void java.lang.invoke.DirectMethodHandle$Holder.invokeStaticInit(java.lang.Object, java.lang.Object)'> (0x000000072eded2e0) 
thrown [s\open\src\hotspot\share\interpreter\linkResolver.cpp, line 796]
Event: 29.223 Thread 0x0000028e4c4f9630 Exception <a 'java/lang/NoSuchMethodError'{0x000000072eba3d28}: 'java.lang.Object java.lang.invoke.DirectMethodHandle$Holder.invokeSpecialIFC(java.lang.Object, java.lang.Object, java.lang.Object, java.lang.Object)'> (0x000000072eba3d28) 
thrown [s\open\src\hotspot\share\interpreter\linkResolver.cpp, line 796]

VM Operations (6 events):
Event: 5.086 Executing VM operation: HandshakeAllThreads (Deoptimize)
Event: 5.086 Executing VM operation: HandshakeAllThreads (Deoptimize) done
Event: 21.376 Executing VM operation: HandshakeAllThreads (Deoptimize)
Event: 21.376 Executing VM operation: HandshakeAllThreads (Deoptimize) done
Event: 26.878 Executing VM operation: HandshakeAllThreads (Deoptimize)
Event: 26.878 Executing VM operation: HandshakeAllThreads (Deoptimize) done

Memory protections (0 events):
No events

Nmethod flushes (0 events):
No events

Events (13 events):
Event: 2.501 Thread 0x0000028e4c4f9630 Thread added: 0x0000028e4c4f9630
Event: 3.076 Thread 0x0000028e4c4f9630 Thread added: 0x0000028e6af44570
Event: 3.077 Thread 0x0000028e4c4f9630 Thread added: 0x0000028e6af49e10
Event: 3.094 Thread 0x0000028e4c4f9630 Thread added: 0x0000028e6af4e330
Event: 3.095 Thread 0x0000028e4c4f9630 Thread added: 0x0000028e6af4ed90
Event: 3.130 Thread 0x0000028e4c4f9630 Thread added: 0x0000028e6af4f7f0
Event: 3.130 Thread 0x0000028e4c4f9630 Thread added: 0x0000028e6af50250
Event: 3.130 Thread 0x0000028e4c4f9630 Thread added: 0x0000028e6af50fe0
Event: 3.443 Thread 0x0000028e4c4f9630 Thread added: 0x0000028e6af9d650
Event: 4.355 Thread 0x0000028e4c4f9630 Thread added: 0x0000028e45122650
Event: 4.359 Thread 0x0000028e4c4f9630 Thread added: 0x0000028e4512b4e0
Event: 21.382 Thread 0x0000028e4c4f9630 Thread added: 0x0000028e453f8f20
Event: 34.734 Thread 0x0000028e453f8f20 Thread exited: 0x0000028e453f8f20


Dynamic libraries:
0x00007ff67dd80000 - 0x00007ff67dd90000 	C:\Program Files\Java\jdk-23\bin\java.exe
0x00007ffd5f560000 - 0x00007ffd5f7c7000 	C:\WINDOWS\SYSTEM32\ntdll.dll
0x00007ffd5e130000 - 0x00007ffd5e1f9000 	C:\WINDOWS\System32\KERNEL32.DLL
0x00007ffd5bf90000 - 0x00007ffd5c381000 	C:\WINDOWS\System32\KERNELBASE.dll
0x00007ffd5cf50000 - 0x00007ffd5d09b000 	C:\WINDOWS\System32\ucrtbase.dll
0x00007ffd57070000 - 0x00007ffd57087000 	C:\Program Files\Java\jdk-23\bin\jli.dll
0x00007ffd5e610000 - 0x00007ffd5e7d5000 	C:\WINDOWS\System32\USER32.dll
0x00007ffd5d150000 - 0x00007ffd5d177000 	C:\WINDOWS\System32\win32u.dll
0x00007ffd5da90000 - 0x00007ffd5dabb000 	C:\WINDOWS\System32\GDI32.dll
0x00007ffd5cc00000 - 0x00007ffd5cd2a000 	C:\WINDOWS\System32\gdi32full.dll
0x00007ffd5d0a0000 - 0x00007ffd5d143000 	C:\WINDOWS\System32\msvcp_win.dll
0x00007ffd59dc0000 - 0x00007ffd59ddb000 	C:\Program Files\Java\jdk-23\bin\VCRUNTIME140.dll
0x00007ffd4e0c0000 - 0x00007ffd4e353000 	C:\WINDOWS\WinSxS\amd64_microsoft.windows.common-controls_6595b64144ccf1df_6.0.26100.7922_none_3e089e1ee3342171\COMCTL32.dll
0x00007ffd5f460000 - 0x00007ffd5f509000 	C:\WINDOWS\System32\msvcrt.dll
0x00007ffd5ded0000 - 0x00007ffd5df01000 	C:\WINDOWS\System32\IMM32.DLL
0x00007ffd5a240000 - 0x00007ffd5a24c000 	C:\Program Files\Java\jdk-23\bin\vcruntime140_1.dll
0x00007ffd4eb00000 - 0x00007ffd4eb8e000 	C:\Program Files\Java\jdk-23\bin\msvcp140.dll
0x00007ffcfdc20000 - 0x00007ffcfe96f000 	C:\Program Files\Java\jdk-23\bin\server\jvm.dll
0x00007ffd5df10000 - 0x00007ffd5dfcb000 	C:\WINDOWS\System32\ADVAPI32.dll
0x00007ffd5d7f0000 - 0x00007ffd5d897000 	C:\WINDOWS\System32\sechost.dll
0x00007ffd5f320000 - 0x00007ffd5f438000 	C:\WINDOWS\System32\RPCRT4.dll
0x00007ffd5e480000 - 0x00007ffd5e4f4000 	C:\WINDOWS\System32\WS2_32.dll
0x00007ffd5bca0000 - 0x00007ffd5bcfe000 	C:\WINDOWS\SYSTEM32\POWRPROF.dll
0x00007ffd56060000 - 0x00007ffd56095000 	C:\WINDOWS\SYSTEM32\WINMM.dll
0x00007ffd560a0000 - 0x00007ffd560ab000 	C:\WINDOWS\SYSTEM32\VERSION.dll
0x00007ffd5bc80000 - 0x00007ffd5bc94000 	C:\WINDOWS\SYSTEM32\UMPDC.dll
0x00007ffd5abd0000 - 0x00007ffd5abeb000 	C:\WINDOWS\SYSTEM32\kernel.appcore.dll
0x00007ffd5a1f0000 - 0x00007ffd5a1fa000 	C:\Program Files\Java\jdk-23\bin\jimage.dll
0x00007ffd59e50000 - 0x00007ffd5a092000 	C:\WINDOWS\SYSTEM32\DBGHELP.DLL
0x00007ffd5dac0000 - 0x00007ffd5de42000 	C:\WINDOWS\System32\combase.dll
0x00007ffd5e7f0000 - 0x00007ffd5e8c7000 	C:\WINDOWS\System32\OLEAUT32.dll
0x00007ffd4ced0000 - 0x00007ffd4cf0b000 	C:\WINDOWS\SYSTEM32\dbgcore.DLL
0x00007ffd5cd30000 - 0x00007ffd5cdd5000 	C:\WINDOWS\System32\bcryptPrimitives.dll
0x00007ffd59d80000 - 0x00007ffd59d9e000 	C:\Program Files\Java\jdk-23\bin\java.dll
0x00007ffd5d8f0000 - 0x00007ffd5da85000 	C:\WINDOWS\System32\ole32.dll
0x00007ffd5e9c0000 - 0x00007ffd5f11f000 	C:\WINDOWS\System32\SHELL32.dll
0x00007ffd5cde0000 - 0x00007ffd5cf4a000 	C:\WINDOWS\System32\wintypes.dll
0x00007ffd5c390000 - 0x00007ffd5cbf4000 	C:\WINDOWS\System32\windows.storage.dll
0x00007ffd5f130000 - 0x00007ffd5f227000 	C:\WINDOWS\System32\SHCORE.dll
0x00007ffd5e8d0000 - 0x00007ffd5e937000 	C:\WINDOWS\System32\shlwapi.dll
0x00007ffd5bd60000 - 0x00007ffd5bd89000 	C:\WINDOWS\SYSTEM32\profapi.dll
0x00007ffd06010000 - 0x00007ffd060e7000 	C:\Program Files\Java\jdk-23\bin\jsvml.dll
0x00007ffd580c0000 - 0x00007ffd580d0000 	C:\Program Files\Java\jdk-23\bin\net.dll
0x00007ffd5b140000 - 0x00007ffd5b1ab000 	C:\WINDOWS\system32\mswsock.dll
0x00007ffd55950000 - 0x00007ffd55966000 	C:\Program Files\Java\jdk-23\bin\nio.dll
0x00007ffd52b10000 - 0x00007ffd52b27000 	C:\Program Files\Java\jdk-23\bin\zip.dll
0x00007ffd36960000 - 0x00007ffd36984000 	C:\Program Files\NetBeans-24\netbeans\java\maven\lib\jansi-native\Windows\x86_64\jansi.dll
0x00007ffd58070000 - 0x00007ffd58080000 	C:\Program Files\Java\jdk-23\bin\verify.dll

dbghelp: loaded successfully - version: 4.0.5 - missing functions: none
symbol engine: initialized successfully - sym options: 0x614 - pdb path: .;C:\Program Files\Java\jdk-23\bin;C:\WINDOWS\SYSTEM32;C:\WINDOWS\WinSxS\amd64_microsoft.windows.common-controls_6595b64144ccf1df_6.0.26100.7922_none_3e089e1ee3342171;C:\Program Files\Java\jdk-23\bin\server;C:\Program Files\NetBeans-24\netbeans\java\maven\lib\jansi-native\Windows\x86_64

VM Arguments:
jvm_args: -Dclassworlds.conf=C:\Program Files\NetBeans-24\netbeans\java\maven\bin\m2.conf -Dmaven.home=C:\Program Files\NetBeans-24\netbeans\java\maven -Dlibrary.jansi.path=C:\Program Files\NetBeans-24\netbeans\java\maven\lib\jansi-native -Dmaven.multiModuleProjectDirectory=C:\Users\Papa\Documents\NetBeansProjects\MotorPhPayroll 
java_command: org.codehaus.plexus.classworlds.launcher.Launcher -Dmaven.ext.class.path=C:\Program Files\NetBeans-24\netbeans\java\maven-nblib\netbeans-eventspy.jar --no-transfer-progress install
java_class_path (initial): C:\Program Files\NetBeans-24\netbeans\java\maven\boot\plexus-classworlds-2.8.0.jar
Launcher Type: SUN_STANDARD

[Global flags]
     intx CICompilerCount                          = 4                                         {product} {ergonomic}
     uint ConcGCThreads                            = 2                                         {product} {ergonomic}
     uint G1ConcRefinementThreads                  = 8                                         {product} {ergonomic}
   size_t G1HeapRegionSize                         = 2097152                                   {product} {ergonomic}
   size_t InitialHeapSize                          = 234881024                                 {product} {ergonomic}
   size_t MarkStackSize                            = 4194304                                   {product} {ergonomic}
   size_t MarkStackSizeMax                         = 536870912                                 {product} {ergonomic}
   size_t MaxHeapSize                              = 3739222016                                {product} {ergonomic}
   size_t MaxNewSize                               = 2241855488                                {product} {ergonomic}
   size_t MinHeapDeltaBytes                        = 2097152                                   {product} {ergonomic}
   size_t MinHeapSize                              = 8388608                                   {product} {ergonomic}
    uintx NonNMethodCodeHeapSize                   = 5832704                                {pd product} {ergonomic}
    uintx NonProfiledCodeHeapSize                  = 122945536                              {pd product} {ergonomic}
    uintx ProfiledCodeHeapSize                     = 122880000                              {pd product} {ergonomic}
    uintx ReservedCodeCacheSize                    = 251658240                              {pd product} {ergonomic}
     bool SegmentedCodeCache                       = true                                      {product} {ergonomic}
   size_t SoftMaxHeapSize                          = 3739222016                             {manageable} {ergonomic}
     bool UseCompressedOops                        = true                           {product lp64_product} {ergonomic}
     bool UseG1GC                                  = true                                      {product} {ergonomic}
     bool UseLargePagesIndividualAllocation        = false                                  {pd product} {ergonomic}

Logging:
Log output configuration:
 #0: stdout all=warning uptime,level,tags foldmultilines=false
 #1: stderr all=off uptime,level,tags foldmultilines=false

Environment Variables:
JAVA_HOME=C:\Program Files\Java\jdk-23
PATH=C:\Program Files\Common Files\Oracle\Java\javapath;C:\Python312\Scripts\;C:\Python312\;C:\WINDOWS\system32;C:\WINDOWS;C:\WINDOWS\System32\Wbem;C:\WINDOWS\System32\WindowsPowerShell\v1.0\;C:\WINDOWS\System32\OpenSSH\;C:\Program Files\nodejs\;C:\ProgramData\chocolatey\bin;C:\Program Files (x86)\AOMEI\AOMEI Backupper\7.4.1;C:\Program Files\Java\jdk-23\bin;C:\Users\Papa\AppData\Local\GitHubDesktop\bin;C:\Users\Papa\AppData\Local\Programs\Microsoft VS Code\bin;C:\Users\Papa\AppData\Local\Programs\Git\cmd;C:\Users\Papa\AppData\Roaming\npm;C:\Users\Papa\AppData\Local\Microsoft\WindowsApps;
USERNAME=Papa
OS=Windows_NT
PROCESSOR_IDENTIFIER=AMD64 Family 23 Model 24 Stepping 1, AuthenticAMD
TMP=C:\Users\Papa\AppData\Local\Temp
TEMP=C:\Users\Papa\AppData\Local\Temp




Periodic native trim disabled

---------------  S Y S T E M  ---------------

OS:
 Windows 11 , 64 bit Build 26100 (10.0.26100.7920)
OS uptime: 1 days 18:47 hours

CPU: total 8 (initial active 8) (8 cores per cpu, 2 threads per core) family 23 model 24 stepping 1 microcode 0x8108109, cx8, cmov, fxsr, ht, mmx, 3dnowpref, sse, sse2, sse3, ssse3, sse4a, sse4.1, sse4.2, popcnt, lzcnt, tsc, tscinvbit, avx, avx2, aes, clmul, bmi1, bmi2, adx, sha, fma, vzeroupper, clflush, clflushopt, rdtscp, f16c
Processor Information for the first 8 processors :
  Max Mhz: 3300, Current Mhz: 3300, Mhz Limit: 3300

Memory: 4k page, system-wide physical 14258M (2409M free)
TotalPageFile size 57266M (AvailPageFile size 1719M)
current process WorkingSet (physical memory assigned to process): 60M, peak: 61M
current process commit charge ("private bytes"): 315M, peak: 320M

vm_info: Java HotSpot(TM) 64-Bit Server VM (23.0.1+11-39) for windows-amd64 JRE (23.0.1+11-39), built on 2024-09-30T07:20:43Z with MS VC++ 17.6 (VS2022)

END.
