#
# There is insufficient memory for the Java Runtime Environment to continue.
# Native memory allocation (mmap) failed to map 65536 bytes. Error detail: Failed to commit metaspace.
# Possible reasons:
#   The system is out of physical RAM or swap space
#   This process is running with CompressedOops enabled, and the Java Heap may be blocking the growth of the native heap
# Possible solutions:
#   Reduce memory load on the system
#   Increase physical memory or swap space
#   Check if swap backing store is full
#   Decrease Java heap size (-Xmx/-Xms)
#   Decrease number of Java threads
#   Decrease Java thread stack sizes (-Xss)
#   Set larger code cache with -XX:ReservedCodeCacheSize=
#   JVM is running with Zero Based Compressed Oops mode in which the Java heap is
#     placed in the first 32GB address space. The Java Heap base address is the
#     maximum limit for the native heap growth. Please use -XX:HeapBaseMinAddress
#     to set the Java Heap base and to place the Java Heap above 32GB virtual address.
# This output file may be truncated or incomplete.
#
#  Out of Memory Error (virtualSpaceNode.cpp:113), pid=26456, tid=27140
#
# JRE version: Java(TM) SE Runtime Environment (23.0.1+11) (build 23.0.1+11-39)
# Java VM: Java HotSpot(TM) 64-Bit Server VM (23.0.1+11-39, mixed mode, sharing, tiered, compressed oops, compressed class ptrs, g1 gc, windows-amd64)
# No core dump will be written. Minidumps are not enabled by default on client versions of Windows
#

---------------  S U M M A R Y ------------

Command Line: -Dclassworlds.conf=C:\Program Files\NetBeans-24\netbeans\java\maven\bin\m2.conf -Dmaven.home=C:\Program Files\NetBeans-24\netbeans\java\maven -Dlibrary.jansi.path=C:\Program Files\NetBeans-24\netbeans\java\maven\lib\jansi-native -Dmaven.multiModuleProjectDirectory=C:\Users\Papa\Documents\NetBeansProjects\MotorPhPayroll org.codehaus.plexus.classworlds.launcher.Launcher -Dmaven.ext.class.path=C:\Program Files\NetBeans-24\netbeans\java\maven-nblib\netbeans-eventspy.jar --no-transfer-progress install

Host: AMD Ryzen 5 3400GE with Radeon Vega Graphics   , 8 cores, 13G,  Windows 11 , 64 bit Build 26100 (10.0.26100.7920)
Time: Sat Mar  7 14:06:30 2026 Malay Peninsula Standard Time elapsed time: 31.967684 seconds (0d 0h 0m 31s)

---------------  T H R E A D  ---------------

Current thread (0x000001aeca9e97d0):  JavaThread "main"             [_thread_in_vm, id=27140, stack(0x0000002b15800000,0x0000002b15900000) (1024K)]

Stack: [0x0000002b15800000,0x0000002b15900000]
Native frames: (J=compiled Java code, j=interpreted, Vv=VM code, C=native code)
V  [jvm.dll+0x6e08b9]  (no source info available)
V  [jvm.dll+0x87dc83]  (no source info available)
V  [jvm.dll+0x88010e]  (no source info available)
V  [jvm.dll+0x8807e3]  (no source info available)
V  [jvm.dll+0x27aee6]  (no source info available)
V  [jvm.dll+0x87988e]  (no source info available)
V  [jvm.dll+0x682035]  (no source info available)
V  [jvm.dll+0x1e09dc]  (no source info available)
V  [jvm.dll+0x1e07ae]  (no source info available)
V  [jvm.dll+0x684988]  (no source info available)
V  [jvm.dll+0x2219dc]  (no source info available)
V  [jvm.dll+0x682a4e]  (no source info available)
V  [jvm.dll+0x68ce28]  (no source info available)
V  [jvm.dll+0x211fe1]  (no source info available)
V  [jvm.dll+0x21244a]  (no source info available)
V  [jvm.dll+0x212e71]  (no source info available)
V  [jvm.dll+0x20811e]  (no source info available)
V  [jvm.dll+0x5be6df]  (no source info available)
V  [jvm.dll+0x7f3ad6]  (no source info available)
V  [jvm.dll+0x475cf6]  (no source info available)
V  [jvm.dll+0x47bb98]  (no source info available)
C  [java.dll+0x17d4]  (no source info available)
C  0x000001aedac0927c  (no source info available)

The last pc belongs to native nmethod (printed below).
Java frames: (J=compiled Java code, j=interpreted, Vv=VM code)
J 528  java.lang.ClassLoader.defineClass1(Ljava/lang/ClassLoader;Ljava/lang/String;[BIILjava/security/ProtectionDomain;Ljava/lang/String;)Ljava/lang/Class; java.base@23.0.1 (0 bytes) @ 0x000001aedac091e1 [0x000001aedac09120+0x00000000000000c1]
J 968 c1 java.lang.ClassLoader.defineClass(Ljava/lang/String;[BIILjava/security/ProtectionDomain;)Ljava/lang/Class; java.base@23.0.1 (43 bytes) @ 0x000001aed32786d4 [0x000001aed3278380+0x0000000000000354]
J 967 c1 java.security.SecureClassLoader.defineClass(Ljava/lang/String;[BIILjava/security/CodeSource;)Ljava/lang/Class; java.base@23.0.1 (16 bytes) @ 0x000001aed327811c [0x000001aed3278040+0x00000000000000dc]
J 973 c1 java.net.URLClassLoader.defineClass(Ljava/lang/String;Ljdk/internal/loader/Resource;)Ljava/lang/Class; java.base@23.0.1 (224 bytes) @ 0x000001aed327cd34 [0x000001aed327b720+0x0000000000001614]
J 918 c1 java.net.URLClassLoader$1.run()Ljava/lang/Class; java.base@23.0.1 (81 bytes) @ 0x000001aed326815c [0x000001aed3267540+0x0000000000000c1c]
J 917 c1 java.net.URLClassLoader$1.run()Ljava/lang/Object; java.base@23.0.1 (5 bytes) @ 0x000001aed32670b4 [0x000001aed3267020+0x0000000000000094]
J 582 c1 java.security.AccessController.doPrivileged(Ljava/security/PrivilegedExceptionAction;Ljava/security/AccessControlContext;)Ljava/lang/Object; java.base@23.0.1 (26 bytes) @ 0x000001aed31c9e94 [0x000001aed31c9ca0+0x00000000000001f4]
J 915 c1 java.net.URLClassLoader.findClass(Ljava/lang/String;)Ljava/lang/Class; java.base@23.0.1 (47 bytes) @ 0x000001aed32666b4 [0x000001aed3266500+0x00000000000001b4]
J 920 c1 org.codehaus.plexus.classworlds.realm.ClassRealm.loadClassFromSelf(Ljava/lang/String;)Ljava/lang/Class; (40 bytes) @ 0x000001aed326942c [0x000001aed3269080+0x00000000000003ac]
J 864 c1 org.codehaus.plexus.classworlds.strategy.SelfFirstStrategy.loadClass(Ljava/lang/String;)Ljava/lang/Class; (50 bytes) @ 0x000001aed324041c [0x000001aed3240040+0x00000000000003dc]
J 584 c1 org.codehaus.plexus.classworlds.realm.ClassRealm.loadClass(Ljava/lang/String;Z)Ljava/lang/Class; (33 bytes) @ 0x000001aed31ca864 [0x000001aed31ca6e0+0x0000000000000184]
J 583 c1 org.codehaus.plexus.classworlds.realm.ClassRealm.loadClass(Ljava/lang/String;)Ljava/lang/Class; (7 bytes) @ 0x000001aed31ca424 [0x000001aed31ca320+0x0000000000000104]
v  ~StubRoutines::call_stub 0x000001aeda650fcd
j  org.apache.maven.artifact.versioning.DefaultArtifactVersion.parseVersion(Ljava/lang/String;)V+1
j  org.apache.maven.artifact.versioning.DefaultArtifactVersion.<init>(Ljava/lang/String;)V+6
j  org.apache.maven.artifact.versioning.VersionRange.createFromVersion(Ljava/lang/String;)Lorg/apache/maven/artifact/versioning/VersionRange;+30
j  org.apache.maven.bridge.MavenRepositorySystem.createArtifactX(Ljava/lang/String;Ljava/lang/String;Ljava/lang/String;Ljava/lang/String;Ljava/lang/String;Ljava/lang/String;Ljava/lang/String;)Lorg/apache/maven/artifact/Artifact;+8
j  org.apache.maven.bridge.MavenRepositorySystem.createArtifactX(Ljava/lang/String;Ljava/lang/String;Ljava/lang/String;Ljava/lang/String;Ljava/lang/String;)Lorg/apache/maven/artifact/Artifact;+10
j  org.apache.maven.bridge.MavenRepositorySystem.createArtifact(Ljava/lang/String;Ljava/lang/String;Ljava/lang/String;Ljava/lang/String;Ljava/lang/String;)Lorg/apache/maven/artifact/Artifact;+8
j  org.apache.maven.project.DefaultProjectBuilder.initProject(Lorg/apache/maven/project/MavenProject;Ljava/util/Map;ZLorg/apache/maven/model/building/ModelBuildingResult;Ljava/util/Map;Lorg/apache/maven/project/ProjectBuildingRequest;)V+67
j  org.apache.maven.project.DefaultProjectBuilder.build(Ljava/util/List;Ljava/util/List;Ljava/util/Map;Ljava/io/File;Ljava/util/Set;ZZLorg/apache/maven/project/DefaultProjectBuilder$InternalConfig;)Z+185
j  org.apache.maven.project.DefaultProjectBuilder.build(Ljava/util/List;Ljava/util/List;Ljava/util/Map;Ljava/util/List;Ljava/util/Set;ZZLorg/apache/maven/project/DefaultProjectBuilder$InternalConfig;)Z+58
j  org.apache.maven.project.DefaultProjectBuilder.build(Ljava/util/List;ZLorg/apache/maven/project/ProjectBuildingRequest;)Ljava/util/List;+98
j  org.apache.maven.graph.DefaultGraphBuilder.collectProjects(Ljava/util/List;Ljava/util/List;Lorg/apache/maven/execution/MavenExecutionRequest;)V+21
j  org.apache.maven.graph.DefaultGraphBuilder.getProjectsForMavenReactor(Lorg/apache/maven/execution/MavenSession;)Ljava/util/List;+131
j  org.apache.maven.graph.DefaultGraphBuilder.build(Lorg/apache/maven/execution/MavenSession;)Lorg/apache/maven/model/building/Result;+12
j  org.apache.maven.DefaultMaven.buildGraph(Lorg/apache/maven/execution/MavenSession;Lorg/apache/maven/execution/MavenExecutionResult;)Lorg/apache/maven/model/building/Result;+5
j  org.apache.maven.DefaultMaven.doExecute(Lorg/apache/maven/execution/MavenExecutionRequest;Lorg/apache/maven/execution/MavenSession;Lorg/apache/maven/execution/MavenExecutionResult;Lorg/eclipse/aether/DefaultRepositorySystemSession;)Lorg/apache/maven/execution/MavenExecutionResult;+75
j  org.apache.maven.DefaultMaven.doExecute(Lorg/apache/maven/execution/MavenExecutionRequest;)Lorg/apache/maven/execution/MavenExecutionResult;+98
j  org.apache.maven.DefaultMaven.execute(Lorg/apache/maven/execution/MavenExecutionRequest;)Lorg/apache/maven/execution/MavenExecutionResult;+2
j  org.apache.maven.cli.MavenCli.execute(Lorg/apache/maven/cli/CliRequest;)I+27
j  org.apache.maven.cli.MavenCli.doMain(Lorg/apache/maven/cli/CliRequest;)I+66
j  org.apache.maven.cli.MavenCli.main([Ljava/lang/String;Lorg/codehaus/plexus/classworlds/ClassWorld;)I+24
j  java.lang.invoke.DirectMethodHandle$Holder.invokeStatic(Ljava/lang/Object;Ljava/lang/Object;Ljava/lang/Object;)I+11 java.base@23.0.1
j  java.lang.invoke.LambdaForm$MH+0x000001ae81009400.invoke(Ljava/lang/Object;Ljava/lang/Object;Ljava/lang/Object;Ljava/lang/Object;)Ljava/lang/Object;+54 java.base@23.0.1
j  java.lang.invoke.LambdaForm$MH+0x000001ae81009800.invokeExact_MT(Ljava/lang/Object;Ljava/lang/Object;Ljava/lang/Object;Ljava/lang/Object;Ljava/lang/Object;)Ljava/lang/Object;+22 java.base@23.0.1
j  jdk.internal.reflect.DirectMethodHandleAccessor.invokeImpl(Ljava/lang/Object;[Ljava/lang/Object;)Ljava/lang/Object;+72 java.base@23.0.1
j  jdk.internal.reflect.DirectMethodHandleAccessor.invoke(Ljava/lang/Object;[Ljava/lang/Object;)Ljava/lang/Object;+23 java.base@23.0.1
j  java.lang.reflect.Method.invoke(Ljava/lang/Object;[Ljava/lang/Object;)Ljava/lang/Object;+102 java.base@23.0.1
j  org.codehaus.plexus.classworlds.launcher.Launcher.launchEnhanced([Ljava/lang/String;)V+45
j  org.codehaus.plexus.classworlds.launcher.Launcher.launch([Ljava/lang/String;)V+2
j  org.codehaus.plexus.classworlds.launcher.Launcher.mainWithExitCode([Ljava/lang/String;)I+108
j  org.codehaus.plexus.classworlds.launcher.Launcher.main([Ljava/lang/String;)V+1
v  ~StubRoutines::call_stub 0x000001aeda650fcd
Lock stack of current Java thread (top to bottom):
LockStack[0]: java.lang.Object 
{0x000000072d113df8} - klass: 'java/lang/Object'
 - ---- fields (total size 2 words):


Compiled method (n/a) 32175  528     n 0       java.lang.ClassLoader::defineClass1 (native)
 total in heap  [0x000001aedac09008,0x000001aedac095c0] = 1464
 relocation     [0x000001aedac090e0,0x000001aedac09118] = 56
 main code      [0x000001aedac09120,0x000001aedac095bf] = 1183
 stub code      [0x000001aedac095bf,0x000001aedac095c0] = 1

[Constant Pool (empty)]

[MachCode]
[Entry Point]
  # {method} {0x000001ae80478b70} 'defineClass1' '(Ljava/lang/ClassLoader;Ljava/lang/String;[BIILjava/security/ProtectionDomain;Ljava/lang/String;)Ljava/lang/Class;' in 'java/lang/ClassLoader'
  # parm0:    rdx:rdx   = 'java/lang/ClassLoader'
  # parm1:    r8:r8     = 'java/lang/String'
  # parm2:    r9:r9     = '[B'
  # parm3:    rdi       = int
  # parm4:    rsi       = int
  # parm5:    rcx:rcx   = 'java/security/ProtectionDomain'
  # parm6:    [sp+0xa0]   = 'java/lang/String'  (sp of caller)
  0x000001aedac09120: 6690 448b | 5208 443b 

  0x000001aedac09128: ;   {runtime_call ic_miss_stub}
  0x000001aedac09128: 5008 0f85 | b053 a9ff 
[Verified Entry Point]
  0x000001aedac09130: 8984 2400 | 80ff ff55 | 488b ec48 | 81ec 9000 | 0000 6690 | 4181 7f20 | 0100 0000 

  0x000001aedac0914c: ;   {runtime_call StubRoutines (final stubs)}
  0x000001aedac0914c: 7405 e8ed | e5a7 ff48 | 837d 1000 | 488d 4510 | 480f 4445 | 1048 8944 | 2440 4889 | 4c24 7048 
  0x000001aedac0916c: 83f9 0048 | 8d44 2470 | 480f 4444 | 2470 4889 | 4424 3848 | 8974 2430 | 4889 7c24 | 284c 894c 
  0x000001aedac0918c: 2458 4983 | f900 488d | 4424 5848 | 0f44 4424 | 5848 8944 | 2420 4c89 | 4424 5049 | 83f8 004c 
  0x000001aedac091ac: 8d4c 2450 | 4c0f 444c | 2450 4889 | 5424 4848 | 83fa 004c | 8d44 2448 | 4c0f 4444 

  0x000001aedac091c8: ;   {oop(a 'java/lang/Class'{0x000000072122f7e0} = 'java/lang/ClassLoader')}
  0x000001aedac091c8: 2448 49be | e0f7 2221 | 0700 0000 | 4c89 7424 | 784c 8d74 | 2478 498b | d6c5 f877 

  0x000001aedac091e4: ;   {internal_word}
  0x000001aedac091e4: 49ba e191 | c0da ae01 | 0000 4d89 | 97a8 0300 | 0049 89a7 | a003 0000 

  0x000001aedac091fc: ;   {external_word}
  0x000001aedac091fc: 49ba 41ad | 86fe fc7f | 0000 4180 | 3a00 0f84 | 4e00 0000 | 5241 5041 

  0x000001aedac09214: ;   {metadata({method} {0x000001ae80478b70} 'defineClass1' '(Ljava/lang/ClassLoader;Ljava/lang/String;[BIILjava/security/ProtectionDomain;Ljava/lang/String;)Ljava/lang/Class;' in 'java/lang/ClassLoader')}
  0x000001aedac09214: 5148 ba68 | 8b47 80ae | 0100 0049 | 8bcf 4883 | ec20 40f6 | c40f 0f84 | 1900 0000 | 4883 ec08 
  0x000001aedac09234: ;   {runtime_call}
  0x000001aedac09234: 48b8 10ee | 36fe fc7f | 0000 ffd0 | 4883 c408 | e90c 0000 

  0x000001aedac09248: ;   {runtime_call}
  0x000001aedac09248: 0048 b810 | ee36 fefc | 7f00 00ff | d048 83c4 | 2041 5941 | 585a 498d | 8fc0 0300 | 0041 c787 
  0x000001aedac09268: 4404 0000 | 0400 0000 

  0x000001aedac09270: ;   {runtime_call}
  0x000001aedac09270: 48b8 9416 | d859 fd7f | 0000 ffd0 | c5f8 7741 | c787 4404 | 0000 0500 | 0000 f083 | 4424 c000 
  0x000001aedac09290: 493b af48 | 0400 000f | 870e 0000 | 0041 83bf | 4004 0000 | 000f 842b | 0000 00c5 | f877 4889 
  0x000001aedac092b0: 45f8 498b | cf4c 8be4 | 4883 ec20 | 4883 e4f0 

  0x000001aedac092c0: ;   {runtime_call}
  0x000001aedac092c0: 48b8 90a9 | 00fe fc7f | 0000 ffd0 | 498b e44d | 33e4 488b | 45f8 41c7 | 8744 0400 | 0008 0000 
  0x000001aedac092e0: 0041 83bf | c804 0000 | 020f 84a3 

  0x000001aedac092ec: ;   {external_word}
  0x000001aedac092ec: 0200 0049 | ba41 ad86 | fefc 7f00 | 0041 803a | 000f 844c | 0000 0048 

  0x000001aedac09304: ;   {metadata({method} {0x000001ae80478b70} 'defineClass1' '(Ljava/lang/ClassLoader;Ljava/lang/String;[BIILjava/security/ProtectionDomain;Ljava/lang/String;)Ljava/lang/Class;' in 'java/lang/ClassLoader')}
  0x000001aedac09304: 8945 f848 | ba68 8b47 | 80ae 0100 | 0049 8bcf | 4883 ec20 | 40f6 c40f | 0f84 1900 | 0000 4883 
  0x000001aedac09324: ;   {runtime_call}
  0x000001aedac09324: ec08 48b8 | 10ee 36fe | fc7f 0000 | ffd0 4883 | c408 e90c 

  0x000001aedac09338: ;   {runtime_call}
  0x000001aedac09338: 0000 0048 | b810 ee36 | fefc 7f00 | 00ff d048 | 83c4 2048 | 8b45 f849 | c787 a003 | 0000 0000 
  0x000001aedac09358: 0000 49c7 | 87a8 0300 | 0000 0000 | 00c5 f877 | 4885 c00f | 84fe 0100 | 00a8 030f | 8508 0000 
  0x000001aedac09378: 0048 8b00 | e9ee 0100 | 00a8 010f | 8509 0000 | 0048 8b40 | fee9 dd01 | 0000 488b | 40ff 4180 
  0x000001aedac09398: 7f38 000f | 84ce 0100 | 0048 83f8 | 000f 84c4 | 0100 0049 | 8b4f 2848 | 83f9 000f | 8414 0000 
  0x000001aedac093b8: 0048 83e9 | 0849 894f | 2849 034f | 3048 8901 | e9a2 0100 | 0048 81ec | d000 0000 | 4889 0424 
  0x000001aedac093d8: 4889 4c24 | 0848 8954 | 2410 4889 | 7424 1848 | 897c 2420 | 4c89 4424 | 284c 894c | 2430 4c89 
  0x000001aedac093f8: 5424 384c | 895c 2440 | c5fb 1144 | 2450 c5fb | 114c 2458 | c5fb 1154 | 2460 c5fb | 115c 2468 
  0x000001aedac09418: c5fb 1164 | 2470 c5fb | 116c 2478 | c5fb 11b4 | 2480 0000 | 00c5 fb11 | bc24 8800 | 0000 c57b 
  0x000001aedac09438: ;   {no_reloc}
  0x000001aedac09438: 1184 2490 | 0000 00c5 | 7b11 8c24 | 9800 0000 | c57b 1194 | 24a0 0000 | 00c5 7b11 | 9c24 a800 
  0x000001aedac09458: 0000 c57b | 11a4 24b0 | 0000 00c5 | 7b11 ac24 | b800 0000 | c57b 11b4 | 24c0 0000 | 00c5 7b11 
  0x000001aedac09478: bc24 c800 | 0000 498b | d748 8bc8 | 4883 ec20 | 40f6 c40f | 0f84 1900 | 0000 4883 

  0x000001aedac09494: ;   {runtime_call}
  0x000001aedac09494: ec08 48b8 | e007 f4fd | fc7f 0000 | ffd0 4883 | c408 e90c 

  0x000001aedac094a8: ;   {runtime_call}
  0x000001aedac094a8: 0000 0048 | b8e0 07f4 | fdfc 7f00 | 00ff d048 | 83c4 20c5 | 7b10 bc24 | c800 0000 | c57b 10b4 
  0x000001aedac094c8: 24c0 0000 | 00c5 7b10 | ac24 b800 | 0000 c57b | 10a4 24b0 | 0000 00c5 | 7b10 9c24 | a800 0000 
  0x000001aedac094e8: c57b 1094 | 24a0 0000 | 00c5 7b10 | 8c24 9800 | 0000 c57b | 1084 2490 | 0000 00c5 | fb10 bc24 
  0x000001aedac09508: 8800 0000 | c5fb 10b4 | 2480 0000 | 00c5 fb10 | 6c24 78c5 | fb10 6424 | 70c5 fb10 | 5c24 68c5 
  0x000001aedac09528: fb10 5424 | 60c5 fb10 | 4c24 58c5 | fb10 4424 | 504c 8b5c | 2440 4c8b | 5424 384c | 8b4c 2430 
  0x000001aedac09548: 4c8b 4424 | 2848 8b7c | 2420 488b | 7424 1848 | 8b54 2410 | 488b 4c24 | 0848 8b04 | 2448 81c4 
  0x000001aedac09568: d000 0000 | c5f8 7749 | 8b8f 3004 | 0000 c781 | 0001 0000 | 0000 0000 | c949 837f | 0800 0f85 
  0x000001aedac09588: 0100 0000 

  0x000001aedac0958c: ;   {runtime_call StubRoutines (initial stubs)}
  0x000001aedac0958c: c3e9 2e79 | a4ff c5f8 | 7748 8945 | f84c 8be4 | 4883 ec20 | 4883 e4f0 

  0x000001aedac095a4: ;   {runtime_call}
  0x000001aedac095a4: 48b8 c022 | 37fe fc7f | 0000 ffd0 | 498b e44d | 33e4 488b | 45f8 e930 | fdff fff4 
[/MachCode]


Compiled method (c1) 32194  968       3       java.lang.ClassLoader::defineClass (43 bytes)
 total in heap  [0x000001aed3278208,0x000001aed32788d0] = 1736
 relocation     [0x000001aed32782e0,0x000001aed3278380] = 160
 main code      [0x000001aed3278380,0x000001aed3278818] = 1176
 stub code      [0x000001aed3278818,0x000001aed3278890] = 120
 metadata       [0x000001aed3278890,0x000001aed32788d0] = 64
 immutable data [0x000001aec5b9e890,0x000001aec5b9eaa0] = 528
 dependencies   [0x000001aec5b9e890,0x000001aec5b9e8a8] = 24
 nul chk table  [0x000001aec5b9e8a8,0x000001aec5b9e8d0] = 40
 scopes pcs     [0x000001aec5b9e8d0,0x000001aec5b9e9b0] = 224
 scopes data    [0x000001aec5b9e9b0,0x000001aec5b9eaa0] = 240

[Constant Pool (empty)]

[MachCode]
[Instructions begin]
  0x000001aed3278380: 660f 1f84 | 0000 0000 | 0066 0f1f | 8400 0000 | 0000 448b | 5208 443b 

  0x000001aed3278398: ;   {runtime_call ic_miss_stub}
  0x000001aed3278398: 5008 0f85 | 4061 4207 
[Verified Entry Point]
  0x000001aed32783a0: 8984 2400 | 80ff ff55 | 4881 ecb0 | 0000 0090 | 4181 7f20 | 0100 0000 

  0x000001aed32783b8: ;   {runtime_call StubRoutines (final stubs)}
  0x000001aed32783b8: 7405 e881 | f340 0748 | 8954 2478 

  0x000001aed32783c4: ;   {metadata(method data for {method} {0x000001ae80478ef0} 'defineClass' '(Ljava/lang/String;[BIILjava/security/ProtectionDomain;)Ljava/lang/Class;' in 'java/lang/ClassLoader')}
  0x000001aed32783c4: 48bb b0a0 | 1bc1 ae01 | 0000 8b83 | cc00 0000 | 83c0 0289 | 83cc 0000 | 0025 fe07 | 0000 85c0 
  0x000001aed32783e4: 0f84 5003 | 0000 89b4 | 2494 0000 | 0089 bc24 | 9000 0000 | 4c89 8c24 | 8800 0000 

  0x000001aed3278400: ;   {metadata(method data for {method} {0x000001ae80478ef0} 'defineClass' '(Ljava/lang/String;[BIILjava/security/ProtectionDomain;)Ljava/lang/Class;' in 'java/lang/ClassLoader')}
  0x000001aed3278400: 488b da48 | b8b0 a01b | c1ae 0100 | 0048 8380 | 1801 0000 | 0149 8bd8 | 4c8b c34c | 8bc9 488b 
  0x000001aed3278420: ca48 8bd1 | 4889 9c24 | 8000 0000 

  0x000001aed327842c: ;   {optimized virtual_call}
  0x000001aed327842c: 6666 90e8 

  0x000001aed3278430: ; ImmutableOopMap {[120]=Oop [128]=Oop [136]=Oop }
                      ;*invokevirtual preDefineClass {reexecute=0 rethrow=0 return_oop=0}
                      ; - java.lang.ClassLoader::defineClass@4 (line 1024)
  0x000001aed3278430: ec81 feff 

  0x000001aed3278434: ;   {other}
  0x000001aed3278434: 0f1f 8400 | 2c02 0000 | 4889 8424 | 9800 0000 | 488b 5424 

  0x000001aed3278448: ;   {metadata(method data for {method} {0x000001ae80478ef0} 'defineClass' '(Ljava/lang/String;[BIILjava/security/ProtectionDomain;)Ljava/lang/Class;' in 'java/lang/ClassLoader')}
  0x000001aed3278448: 7849 b8b0 | a01b c1ae | 0100 0049 | 8380 4801 

  0x000001aed3278458: ;   {metadata(method data for {method} {0x000001ae80478bd8} 'defineClassSourceLocation' '(Ljava/security/ProtectionDomain;)Ljava/lang/String;' in 'java/lang/ClassLoader')}
  0x000001aed3278458: 0000 0149 | b8d0 a21b | c1ae 0100 | 0041 8b90 | cc00 0000 | 83c2 0241 | 8990 cc00 | 0000 81e2 
  0x000001aed3278478: feff 1f00 | 85d2 0f84 | d702 0000 

  0x000001aed3278484: ; implicit exception: dispatches to 0x000001aed327877c
  0x000001aed3278484: 483b 004c 

  0x000001aed3278488: ;   {metadata(method data for {method} {0x000001ae80478bd8} 'defineClassSourceLocation' '(Ljava/security/ProtectionDomain;)Ljava/lang/String;' in 'java/lang/ClassLoader')}
  0x000001aed3278488: 8bc0 48ba | d0a2 1bc1 | ae01 0000 | 4883 8218 | 0100 0001 | 448b 4010 | 49c1 e003 

  0x000001aed32784a4: ;   {metadata(method data for {method} {0x000001ae80478bd8} 'defineClassSourceLocation' '(Ljava/security/ProtectionDomain;)Ljava/lang/String;' in 'java/lang/ClassLoader')}
  0x000001aed32784a4: 4d85 c048 | bad0 a21b | c1ae 0100 | 00be 5801 | 0000 7505 | be48 0100 | 0048 8b3c | 3248 8d7f 
  0x000001aed32784c4: 0148 893c | 320f 850f 

  0x000001aed32784cc: ;   {oop(nullptr)}
  0x000001aed32784cc: 0000 0048 | bb00 0000 | 0000 0000 | 00e9 a101 | 0000 493b | 0049 8bd0 

  0x000001aed32784e4: ;   {metadata(method data for {method} {0x000001ae80478bd8} 'defineClassSourceLocation' '(Ljava/security/ProtectionDomain;)Ljava/lang/String;' in 'java/lang/ClassLoader')}
  0x000001aed32784e4: 48be d0a2 | 1bc1 ae01 | 0000 4883 | 8668 0100 | 0001 418b | 500c 48c1 | e203 4885 

  0x000001aed3278500: ;   {metadata(method data for {method} {0x000001ae80478bd8} 'defineClassSourceLocation' '(Ljava/security/ProtectionDomain;)Ljava/lang/String;' in 'java/lang/ClassLoader')}
  0x000001aed3278500: d248 bed0 | a21b c1ae | 0100 00bf | a801 0000 | 7505 bf98 | 0100 0048 | 8b1c 3e48 | 8d5b 0148 
  0x000001aed3278520: 891c 3e0f | 850f 0000 

  0x000001aed3278528: ;   {oop(nullptr)}
  0x000001aed3278528: 0048 bb00 | 0000 0000 | 0000 00e9 | 4701 0000 

  0x000001aed3278538: ;   {metadata(method data for {method} {0x000001ae80478bd8} 'defineClassSourceLocation' '(Ljava/security/ProtectionDomain;)Ljava/lang/String;' in 'java/lang/ClassLoader')}
  0x000001aed3278538: 48be d0a2 | 1bc1 ae01 | 0000 4883 | 86b8 0100 | 0001 483b | 024c 8bc2 

  0x000001aed3278550: ;   {metadata(method data for {method} {0x000001ae80478bd8} 'defineClassSourceLocation' '(Ljava/security/ProtectionDomain;)Ljava/lang/String;' in 'java/lang/ClassLoader')}
  0x000001aed3278550: 48be d0a2 | 1bc1 ae01 | 0000 4883 | 86e8 0100 

  0x000001aed3278560: ;   {metadata(method data for {method} {0x000001ae8017d7f8} 'toString' '()Ljava/lang/String;' in 'java/net/URL')}
  0x000001aed3278560: 0001 49b8 | 10fd 16c1 | ae01 0000 | 418b b0cc | 0000 0083 | c602 4189 | b0cc 0000 | 0081 e6fe 
  0x000001aed3278580: ff1f 0085 | f60f 8400 | 0200 004c 

  0x000001aed327858c: ;   {metadata(method data for {method} {0x000001ae8017d7f8} 'toString' '()Ljava/lang/String;' in 'java/net/URL')}
  0x000001aed327858c: 8bc2 48be | 10fd 16c1 | ae01 0000 | 4883 8618 | 0100 0001 

  0x000001aed32785a0: ;   {metadata(method data for {method} {0x000001ae804719c0} 'toExternalForm' '()Ljava/lang/String;' in 'java/net/URL')}
  0x000001aed32785a0: 49b8 c8c3 | 12c1 ae01 | 0000 418b | b0cc 0000 | 0083 c602 | 4189 b0cc | 0000 0081 | e6fe ff1f 
  0x000001aed32785c0: 0085 f60f | 84e3 0100 | 008b 7238 | 48c1 e603 

  0x000001aed32785d0: ; implicit exception: dispatches to 0x000001aed32787cd
  0x000001aed32785d0: 483b 064c 

  0x000001aed32785d4: ;   {metadata(method data for {method} {0x000001ae804719c0} 'toExternalForm' '()Ljava/lang/String;' in 'java/net/URL')}
  0x000001aed32785d4: 8bc6 48bf | c8c3 12c1 | ae01 0000 | 458b 4008 | 49ba 0000 | 0080 ae01 | 0000 4d03 | c24c 3b87 
  0x000001aed32785f4: 2001 0000 | 750d 4883 | 8728 0100 | 0001 e960 | 0000 004c | 3b87 3001 | 0000 750d | 4883 8738 
  0x000001aed3278614: 0100 0001 | e94a 0000 | 0048 83bf | 2001 0000 | 0075 174c | 8987 2001 | 0000 48c7 | 8728 0100 
  0x000001aed3278634: 0001 0000 | 00e9 2900 | 0000 4883 | bf30 0100 | 0000 7517 | 4c89 8730 | 0100 0048 | c787 3801 
  0x000001aed3278654: 0000 0100 | 0000 e908 | 0000 0048 | 8387 1801 | 0000 014c | 8bc2 488b 

  0x000001aed327866c: ;   {optimized virtual_call}
  0x000001aed327866c: d666 90e8 

  0x000001aed3278670: ; ImmutableOopMap {[120]=Oop [128]=Oop [136]=Oop [152]=Oop }
                      ;*invokevirtual toExternalForm {reexecute=0 rethrow=0 return_oop=0}
                      ; - java.net.URL::toExternalForm@5 (line 1203)
                      ; - java.net.URL::toString@1 (line 1189)
                      ; - java.lang.ClassLoader::defineClassSourceLocation@22 (line 928)
                      ; - java.lang.ClassLoader::defineClass@12 (line 1025)
  0x000001aed3278670: ac87 fcff 

  0x000001aed3278674: ;   {other}
  0x000001aed3278674: 0f1f 8400 | 6c04 0001 | 488b d848 | 8b84 2498 | 0000 008b | b424 9400 | 0000 8bbc | 2490 0000 
  0x000001aed3278694: 004c 8b8c | 2488 0000 | 004c 8b84 | 2480 0000 | 0048 8b54 

  0x000001aed32786a8: ;   {metadata(method data for {method} {0x000001ae80478ef0} 'defineClass' '(Ljava/lang/String;[BIILjava/security/ProtectionDomain;)Ljava/lang/Class;' in 'java/lang/ClassLoader')}
  0x000001aed32786a8: 2478 48b9 | b0a0 1bc1 | ae01 0000 | 4883 8178 | 0100 0001 | 4c8b da49 | 8bd3 488b | c848 891c 
  0x000001aed32786c8: 2466 0f1f 

  0x000001aed32786cc: ;   {static_call}
  0x000001aed32786cc: 4400 00e8 

  0x000001aed32786d0: ; ImmutableOopMap {[120]=Oop [152]=Oop }
                      ;*invokestatic defineClass1 {reexecute=0 rethrow=0 return_oop=0}
                      ; - java.lang.ClassLoader::defineClass@27 (line 1026)
  0x000001aed32786d0: 5c0a 9907 

  0x000001aed32786d4: ;   {other}
  0x000001aed32786d4: 0f1f 8400 | cc04 0002 | 488b 5424 

  0x000001aed32786e0: ;   {metadata(method data for {method} {0x000001ae80478ef0} 'defineClass' '(Ljava/lang/String;[BIILjava/security/ProtectionDomain;)Ljava/lang/Class;' in 'java/lang/ClassLoader')}
  0x000001aed32786e0: 7849 b8b0 | a01b c1ae | 0100 0049 | 8380 8801 | 0000 014c | 8bc0 4c8b | 8c24 9800 | 0000 488b 
  0x000001aed3278700: 5424 7848 | 8984 24a0 | 0000 000f 

  0x000001aed327870c: ;   {optimized virtual_call}
  0x000001aed327870c: 1f40 00e8 

  0x000001aed3278710: ; ImmutableOopMap {[160]=Oop }
                      ;*invokevirtual postDefineClass {reexecute=0 rethrow=0 return_oop=0}
                      ; - java.lang.ClassLoader::defineClass@37 (line 1027)
  0x000001aed3278710: 8c51 fbff 

  0x000001aed3278714: ;   {other}
  0x000001aed3278714: 0f1f 8400 | 0c05 0003 | 488b 8424 | a000 0000 | 4881 c4b0 | 0000 005d 

  0x000001aed327872c: ;   {poll_return}
  0x000001aed327872c: 493b a748 | 0400 000f | 8799 0000 

  0x000001aed3278738: ;   {metadata({method} {0x000001ae80478ef0} 'defineClass' '(Ljava/lang/String;[BIILjava/security/ProtectionDomain;)Ljava/lang/Class;' in 'java/lang/ClassLoader')}
  0x000001aed3278738: 00c3 49ba | e88e 4780 | ae01 0000 | 4c89 5424 | 0848 c704 | 24ff ffff 

  0x000001aed3278750: ;   {runtime_call counter_overflow Runtime1 stub}
  0x000001aed3278750: ffe8 0ac3 

  0x000001aed3278754: ; ImmutableOopMap {rdx=Oop r8=Oop r9=Oop rcx=Oop [120]=Oop }
                      ;*synchronization entry
                      ; - java.lang.ClassLoader::defineClass@-1 (line 1024)
  0x000001aed3278754: 4e07 e98f 

  0x000001aed3278758: ;   {metadata({method} {0x000001ae80478bd8} 'defineClassSourceLocation' '(Ljava/security/ProtectionDomain;)Ljava/lang/String;' in 'java/lang/ClassLoader')}
  0x000001aed3278758: fcff ff49 | bad0 8b47 | 80ae 0100 | 004c 8954 | 2408 48c7 | 0424 ffff 

  0x000001aed3278770: ;   {runtime_call counter_overflow Runtime1 stub}
  0x000001aed3278770: ffff e8e9 

  0x000001aed3278774: ; ImmutableOopMap {rax=Oop [120]=Oop [128]=Oop [136]=Oop [152]=Oop }
                      ;*synchronization entry
                      ; - java.lang.ClassLoader::defineClassSourceLocation@-1 (line 925)
                      ; - java.lang.ClassLoader::defineClass@12 (line 1025)
  0x000001aed3278774: c24e 07e9 | 08fd ffff 

  0x000001aed327877c: ;   {runtime_call throw_null_pointer_exception Runtime1 stub}
  0x000001aed327877c: e8df 714e 

  0x000001aed3278780: ; ImmutableOopMap {rax=Oop [120]=Oop [128]=Oop [136]=Oop [152]=Oop }
                      ;*invokevirtual getCodeSource {reexecute=0 rethrow=0 return_oop=0}
                      ; - java.lang.ClassLoader::defineClassSourceLocation@1 (line 925)
                      ; - java.lang.ClassLoader::defineClass@12 (line 1025)
                      ;   {runtime_call throw_null_pointer_exception Runtime1 stub}
  0x000001aed3278780: 07e8 da71 

  0x000001aed3278784: ; ImmutableOopMap {rax=Oop r8=Oop [120]=Oop [128]=Oop [136]=Oop [152]=Oop }
                      ;*invokevirtual getLocation {reexecute=0 rethrow=0 return_oop=0}
                      ; - java.lang.ClassLoader::defineClassSourceLocation@12 (line 927)
                      ; - java.lang.ClassLoader::defineClass@12 (line 1025)
                      ;   {runtime_call throw_null_pointer_exception Runtime1 stub}
  0x000001aed3278784: 4e07 e8d5 

  0x000001aed3278788: ; ImmutableOopMap {rdx=Oop [120]=Oop [128]=Oop [136]=Oop [152]=Oop }
                      ;*invokevirtual toString {reexecute=0 rethrow=0 return_oop=0}
                      ; - java.lang.ClassLoader::defineClassSourceLocation@22 (line 928)
                      ; - java.lang.ClassLoader::defineClass@12 (line 1025)
                      ;   {metadata({method} {0x000001ae8017d7f8} 'toString' '()Ljava/lang/String;' in 'java/net/URL')}
  0x000001aed3278788: 714e 0749 | baf0 d717 | 80ae 0100 | 004c 8954 | 2408 48c7 | 0424 ffff 

  0x000001aed32787a0: ;   {runtime_call counter_overflow Runtime1 stub}
  0x000001aed32787a0: ffff e8b9 

  0x000001aed32787a4: ; ImmutableOopMap {rdx=Oop [120]=Oop [128]=Oop [136]=Oop [152]=Oop }
                      ;*synchronization entry
                      ; - java.net.URL::toString@-1 (line 1189)
                      ; - java.lang.ClassLoader::defineClassSourceLocation@22 (line 928)
                      ; - java.lang.ClassLoader::defineClass@12 (line 1025)
  0x000001aed32787a4: c24e 07e9 | dffd ffff 

  0x000001aed32787ac: ;   {metadata({method} {0x000001ae804719c0} 'toExternalForm' '()Ljava/lang/String;' in 'java/net/URL')}
  0x000001aed32787ac: 49ba b819 | 4780 ae01 | 0000 4c89 | 5424 0848 | c704 24ff 

  0x000001aed32787c0: ;   {runtime_call counter_overflow Runtime1 stub}
  0x000001aed32787c0: ffff ffe8 

  0x000001aed32787c4: ; ImmutableOopMap {rdx=Oop [120]=Oop [128]=Oop [136]=Oop [152]=Oop }
                      ;*synchronization entry
                      ; - java.net.URL::toExternalForm@-1 (line 1203)
                      ; - java.net.URL::toString@1 (line 1189)
                      ; - java.lang.ClassLoader::defineClassSourceLocation@22 (line 928)
                      ; - java.lang.ClassLoader::defineClass@12 (line 1025)
  0x000001aed32787c4: 98c2 4e07 | e9fc fdff 

  0x000001aed32787cc: ;   {runtime_call throw_null_pointer_exception Runtime1 stub}
  0x000001aed32787cc: ffe8 8e71 

  0x000001aed32787d0: ; ImmutableOopMap {rdx=Oop rsi=Oop [120]=Oop [128]=Oop [136]=Oop [152]=Oop }
                      ;*invokevirtual toExternalForm {reexecute=0 rethrow=0 return_oop=0}
                      ; - java.net.URL::toExternalForm@5 (line 1203)
                      ; - java.net.URL::toString@1 (line 1189)
                      ; - java.lang.ClassLoader::defineClassSourceLocation@22 (line 928)
                      ; - java.lang.ClassLoader::defineClass@12 (line 1025)
                      ;   {internal_word}
  0x000001aed32787d0: 4e07 49ba | 2c87 27d3 | ae01 0000 | 4d89 9760 

  0x000001aed32787e0: ;   {runtime_call SafepointBlob}
  0x000001aed32787e0: 0400 00e9 | f8cb 4207 | 498b 8700 | 0500 0049 | c787 0005 | 0000 0000 | 0000 49c7 | 8708 0500 
  0x000001aed3278800: 0000 0000 | 0048 81c4 | b000 0000 

  0x000001aed327880c: ;   {runtime_call unwind_exception Runtime1 stub}
  0x000001aed327880c: 5de9 4e62 | 4e07 f4f4 | f4f4 f4f4 
[Stub Code]
  0x000001aed3278818: ;   {no_reloc}
  0x000001aed3278818: 0f1f 4400 

  0x000001aed327881c: ;   {static_stub}
  0x000001aed327881c: 0048 bb00 | 0000 0000 

  0x000001aed3278824: ;   {runtime_call nmethod}
  0x000001aed3278824: 0000 00e9 | fbff ffff 

  0x000001aed327882c: ;   {static_stub}
  0x000001aed327882c: 48bb 0000 | 0000 0000 

  0x000001aed3278834: ;   {runtime_call nmethod}
  0x000001aed3278834: 0000 e9fb 

  0x000001aed3278838: ;   {static_stub}
  0x000001aed3278838: ffff ff48 | bb00 0000 | 0000 0000 

  0x000001aed3278844: ;   {runtime_call nmethod}
  0x000001aed3278844: 00e9 fbff 

  0x000001aed3278848: ;   {static_stub}
  0x000001aed3278848: ffff 48bb | 0000 0000 | 0000 0000 

  0x000001aed3278854: ;   {runtime_call nmethod}
  0x000001aed3278854: e9fb ffff 

  0x000001aed3278858: ;   {runtime_call handle_exception_from_callee Runtime1 stub}
  0x000001aed3278858: ffe8 028f 

  0x000001aed327885c: ;   {external_word}
  0x000001aed327885c: 4e07 48b9 | 40d5 5efe | fc7f 0000 | 4883 e4f0 

  0x000001aed327886c: ;   {runtime_call}
  0x000001aed327886c: 48b8 704a | 25fe fc7f | 0000 ffd0 

  0x000001aed3278878: ;   {section_word}
  0x000001aed3278878: f449 ba79 | 8827 d3ae | 0100 0041 

  0x000001aed3278884: ;   {runtime_call DeoptimizationBlob}
  0x000001aed3278884: 52e9 f6bd | 4207 f4f4 | f4f4 f4f4 
[/MachCode]


Compiled method (c1) 32222  967       3       java.security.SecureClassLoader::defineClass (16 bytes)
 total in heap  [0x000001aed3277f08,0x000001aed32781f0] = 744
 relocation     [0x000001aed3277fe0,0x000001aed3278030] = 80
 main code      [0x000001aed3278040,0x000001aed3278198] = 344
 stub code      [0x000001aed3278198,0x000001aed32781e8] = 80
 metadata       [0x000001aed32781e8,0x000001aed32781f0] = 8
 immutable data [0x000001aec5d52c20,0x000001aec5d52cc0] = 160
 dependencies   [0x000001aec5d52c20,0x000001aec5d52c28] = 8
 scopes pcs     [0x000001aec5d52c28,0x000001aec5d52c78] = 80
 scopes data    [0x000001aec5d52c78,0x000001aec5d52cc0] = 72

[Constant Pool (empty)]

[MachCode]
[Instructions begin]
  0x000001aed3278040: 660f 1f84 | 0000 0000 | 0066 0f1f | 8400 0000 | 0000 448b | 5208 443b 

  0x000001aed3278058: ;   {runtime_call ic_miss_stub}
  0x000001aed3278058: 5008 0f85 | 8064 4207 
[Verified Entry Point]
  0x000001aed3278060: 8984 2400 | 80ff ff55 | 4883 ec70 | 4181 7f20 | 0100 0000 

  0x000001aed3278074: ;   {runtime_call StubRoutines (final stubs)}
  0x000001aed3278074: 7405 e8c5 

  0x000001aed3278078: ;   {metadata(method data for {method} {0x000001ae801a0e20} 'defineClass' '(Ljava/lang/String;[BIILjava/security/CodeSource;)Ljava/lang/Class;' in 'java/security/SecureClassLoader')}
  0x000001aed3278078: f640 0748 | bbd0 9e1b | c1ae 0100 | 008b 83cc | 0000 0083 | c002 8983 | cc00 0000 | 25fe 0700 
  0x000001aed3278098: 0085 c00f | 8496 0000 | 0089 7424 | 5c89 7c24 | 584c 894c | 2450 4c89 | 4424 4848 

  0x000001aed32780b4: ;   {metadata(method data for {method} {0x000001ae801a0e20} 'defineClass' '(Ljava/lang/String;[BIILjava/security/CodeSource;)Ljava/lang/Class;' in 'java/security/SecureClassLoader')}
  0x000001aed32780b4: 8bda 48b8 | d09e 1bc1 | ae01 0000 | 4883 8018 | 0100 0001 | 4c8b c148 | 8bc2 488b | d048 8944 
  0x000001aed32780d4: ;   {optimized virtual_call}
  0x000001aed32780d4: 2440 90e8 

  0x000001aed32780d8: ; ImmutableOopMap {[64]=Oop [72]=Oop [80]=Oop }
                      ;*invokevirtual getProtectionDomain {reexecute=0 rethrow=0 return_oop=0}
                      ; - java.security.SecureClassLoader::defineClass@9 (line 150)
  0x000001aed32780d8: 4470 feff 

  0x000001aed32780dc: ;   {other}
  0x000001aed32780dc: 0f1f 8400 | d401 0000 | 488b 5424 

  0x000001aed32780e8: ;   {metadata(method data for {method} {0x000001ae801a0e20} 'defineClass' '(Ljava/lang/String;[BIILjava/security/CodeSource;)Ljava/lang/Class;' in 'java/security/SecureClassLoader')}
  0x000001aed32780e8: 4049 b8d0 | 9e1b c1ae | 0100 0049 | 8380 4801 | 0000 014c | 8b44 2448 | 4c8b 4c24 | 508b 7c24 
  0x000001aed3278108: 588b 7424 | 5c48 8bc8 | 488b 5424 

  0x000001aed3278114: ;   {optimized virtual_call}
  0x000001aed3278114: 4066 90e8 

  0x000001aed3278118: ; ImmutableOopMap {}
                      ;*invokevirtual defineClass {reexecute=0 rethrow=0 return_oop=0}
                      ; - java.security.SecureClassLoader::defineClass@12 (line 150)
  0x000001aed3278118: 8402 0000 

  0x000001aed327811c: ;   {other}
  0x000001aed327811c: 0f1f 8400 | 1402 0001 | 4883 c470 

  0x000001aed3278128: ;   {poll_return}
  0x000001aed3278128: 5d49 3ba7 | 4804 0000 | 0f87 2200 

  0x000001aed3278134: ;   {metadata({method} {0x000001ae801a0e20} 'defineClass' '(Ljava/lang/String;[BIILjava/security/CodeSource;)Ljava/lang/Class;' in 'java/security/SecureClassLoader')}
  0x000001aed3278134: 0000 c349 | ba18 0e1a | 80ae 0100 | 004c 8954 | 2408 48c7 | 0424 ffff 

  0x000001aed327814c: ;   {runtime_call counter_overflow Runtime1 stub}
  0x000001aed327814c: ffff e80d 

  0x000001aed3278150: ; ImmutableOopMap {rdx=Oop r8=Oop r9=Oop rcx=Oop }
                      ;*synchronization entry
                      ; - java.security.SecureClassLoader::defineClass@-1 (line 150)
  0x000001aed3278150: c94e 07e9 | 49ff ffff 

  0x000001aed3278158: ;   {internal_word}
  0x000001aed3278158: 49ba 2981 | 27d3 ae01 | 0000 4d89 | 9760 0400 

  0x000001aed3278168: ;   {runtime_call SafepointBlob}
  0x000001aed3278168: 00e9 72d2 | 4207 498b | 8700 0500 | 0049 c787 | 0005 0000 | 0000 0000 | 49c7 8708 | 0500 0000 
  0x000001aed3278188: 0000 0048 | 83c4 705d 

  0x000001aed3278190: ;   {runtime_call unwind_exception Runtime1 stub}
  0x000001aed3278190: e9cb 684e | 07f4 f4f4 
[Stub Code]
  0x000001aed3278198: ;   {no_reloc}
  0x000001aed3278198: 48bb 0000 | 0000 0000 

  0x000001aed32781a0: ;   {runtime_call nmethod}
  0x000001aed32781a0: 0000 e9fb 

  0x000001aed32781a4: ;   {static_stub}
  0x000001aed32781a4: ffff ff48 | bb00 0000 | 0000 0000 

  0x000001aed32781b0: ;   {runtime_call nmethod}
  0x000001aed32781b0: 00e9 fbff 

  0x000001aed32781b4: ;   {runtime_call handle_exception_from_callee Runtime1 stub}
  0x000001aed32781b4: ffff e8a5 

  0x000001aed32781b8: ;   {external_word}
  0x000001aed32781b8: 954e 0748 | b940 d55e | fefc 7f00 | 0048 83e4 

  0x000001aed32781c8: ;   {runtime_call}
  0x000001aed32781c8: f048 b870 | 4a25 fefc | 7f00 00ff 

  0x000001aed32781d4: ;   {section_word}
  0x000001aed32781d4: d0f4 49ba | d681 27d3 | ae01 0000 

  0x000001aed32781e0: ;   {runtime_call DeoptimizationBlob}
  0x000001aed32781e0: 4152 e999 | c442 07f4 
[/MachCode]


---------------  P R O C E S S  ---------------

Threads class SMR info:
_java_thread_list=0x000001aec5b888e0, length=12, elements={
0x000001aeca9e97d0, 0x000001aee9443bd0, 0x000001aee9447460, 0x000001aee9447ec0,
0x000001aee944a930, 0x000001aee944b390, 0x000001aee944bdf0, 0x000001aee944cb80,
0x000001aee944fd90, 0x000001aee949e4d0, 0x000001aec5037350, 0x000001aec5c2f0b0
}

Java Threads: ( => current thread )
=>0x000001aeca9e97d0 JavaThread "main"                              [_thread_in_vm, id=27140, stack(0x0000002b15800000,0x0000002b15900000) (1024K)]
  0x000001aee9443bd0 JavaThread "Reference Handler"          daemon [_thread_blocked, id=31736, stack(0x0000002b16000000,0x0000002b16100000) (1024K)]
  0x000001aee9447460 JavaThread "Finalizer"                  daemon [_thread_blocked, id=31740, stack(0x0000002b16100000,0x0000002b16200000) (1024K)]
  0x000001aee9447ec0 JavaThread "Signal Dispatcher"          daemon [_thread_blocked, id=29624, stack(0x0000002b16200000,0x0000002b16300000) (1024K)]
  0x000001aee944a930 JavaThread "Attach Listener"            daemon [_thread_blocked, id=28820, stack(0x0000002b16300000,0x0000002b16400000) (1024K)]
  0x000001aee944b390 JavaThread "Service Thread"             daemon [_thread_blocked, id=31256, stack(0x0000002b16400000,0x0000002b16500000) (1024K)]
  0x000001aee944bdf0 JavaThread "Monitor Deflation Thread"   daemon [_thread_blocked, id=31268, stack(0x0000002b16500000,0x0000002b16600000) (1024K)]
  0x000001aee944cb80 JavaThread "C2 CompilerThread0"         daemon [_thread_blocked, id=31324, stack(0x0000002b16600000,0x0000002b16700000) (1024K)]
  0x000001aee944fd90 JavaThread "C1 CompilerThread0"         daemon [_thread_blocked, id=31308, stack(0x0000002b16700000,0x0000002b16800000) (1024K)]
  0x000001aee949e4d0 JavaThread "Notification Thread"        daemon [_thread_blocked, id=31776, stack(0x0000002b16800000,0x0000002b16900000) (1024K)]
  0x000001aec5037350 JavaThread "Common-Cleaner"             daemon [_thread_blocked, id=31800, stack(0x0000002b16900000,0x0000002b16a00000) (1024K)]
  0x000001aec5c2f0b0 JavaThread "C2 CompilerThread1"         daemon [_thread_blocked, id=31388, stack(0x0000002b16a00000,0x0000002b16b00000) (1024K)]
Total: 12

Other Threads:
  0x000001aee94246a0 VMThread "VM Thread"                           [id=30268, stack(0x0000002b15f00000,0x0000002b16000000) (1024K)]
  0x000001aee9414680 WatcherThread "VM Periodic Task Thread"        [id=30260, stack(0x0000002b15e00000,0x0000002b15f00000) (1024K)]
  0x000001aecaa477a0 WorkerThread "GC Thread#0"                     [id=29768, stack(0x0000002b15900000,0x0000002b15a00000) (1024K)]
  0x000001aec5c7e740 WorkerThread "GC Thread#1"                     [id=29300, stack(0x0000002b16c00000,0x0000002b16d00000) (1024K)]
  0x000001aec5ceae10 WorkerThread "GC Thread#2"                     [id=25680, stack(0x0000002b16d00000,0x0000002b16e00000) (1024K)]
  0x000001aec5e5b010 WorkerThread "GC Thread#3"                     [id=27956, stack(0x0000002b16e00000,0x0000002b16f00000) (1024K)]
  0x000001aec63fd7c0 WorkerThread "GC Thread#4"                     [id=27016, stack(0x0000002b16f00000,0x0000002b17000000) (1024K)]
  0x000001aec62f0ac0 WorkerThread "GC Thread#5"                     [id=35172, stack(0x0000002b17000000,0x0000002b17100000) (1024K)]
  0x000001aec5caff40 WorkerThread "GC Thread#6"                     [id=37652, stack(0x0000002b17100000,0x0000002b17200000) (1024K)]
  0x000001aec5cb02f0 WorkerThread "GC Thread#7"                     [id=35432, stack(0x0000002b17200000,0x0000002b17300000) (1024K)]
  0x000001aecaa5b280 ConcurrentGCThread "G1 Main Marker"            [id=29772, stack(0x0000002b15a00000,0x0000002b15b00000) (1024K)]
  0x000001aecaa5bd90 WorkerThread "G1 Conc#0"                       [id=29776, stack(0x0000002b15b00000,0x0000002b15c00000) (1024K)]
  0x000001aecaaae840 ConcurrentGCThread "G1 Refine#0"               [id=29780, stack(0x0000002b15c00000,0x0000002b15d00000) (1024K)]
  0x000001aee92e4980 ConcurrentGCThread "G1 Service"                [id=29784, stack(0x0000002b15d00000,0x0000002b15e00000) (1024K)]
Total: 14

Threads with active compile tasks:
Total: 0

VM state: not at safepoint (normal execution)

VM Mutex/Monitor currently owned by a thread:  ([mutex/lock_event])
[0x00007ffcfe891890] Metaspace_lock - owner thread: 0x000001aeca9e97d0

Heap address: 0x0000000721200000, size: 3566 MB, Compressed Oops mode: Zero based, Oop shift amount: 3

CDS archive(s) mapped at: [0x000001ae80000000-0x000001ae80d70000-0x000001ae80d70000), size 14090240, SharedBaseAddress: 0x000001ae80000000, ArchiveRelocationMode: 1.
Compressed class space mapped at: 0x000001ae81000000-0x000001aec1000000, reserved size: 1073741824
Narrow klass base: 0x000001ae80000000, Narrow klass shift: 0, Narrow klass range: 0x41000000

GC Precious Log:
 CardTable entry size: 512
 Card Set container configuration: InlinePtr #cards 4 size 8 Array Of Cards #cards 16 size 48 Howl #buckets 8 coarsen threshold 3686 Howl Bitmap #cards 512 size 80 coarsen threshold 460 Card regions per heap region 1 cards per card region 4096
 CPUs: 8 total, 8 available
 Memory: 14258M
 Large Page Support: Disabled
 NUMA Support: Disabled
 Compressed Oops: Enabled (Zero based)
 Heap Region Size: 2M
 Heap Min Capacity: 8M
 Heap Initial Capacity: 224M
 Heap Max Capacity: 3566M
 Pre-touch: Disabled
 Parallel Workers: 8
 Concurrent Workers: 2
 Concurrent Refinement Workers: 8
 Periodic GC: Disabled

Heap:
 garbage-first heap   total reserved 3651584K, committed 229376K, used 35715K [0x0000000721200000, 0x0000000800000000)
  region size 2048K, 17 young (34816K), 1 survivors (2048K)
 Metaspace       used 14681K, committed 14912K, reserved 1114112K
  class space    used 1829K, committed 1984K, reserved 1048576K

Heap Regions: E=young(eden), S=young(survivor), O=old, HS=humongous(starts), HC=humongous(continues), CS=collection set, F=free, TAMS=top-at-mark-start, PB=parsable bottom
|   0|0x0000000721200000, 0x0000000721400000, 0x0000000721400000|100%| O|  |TAMS 0x0000000721200000| PB 0x0000000721200000| Untracked |  0
|   1|0x0000000721400000, 0x00000007215a0e78, 0x0000000721600000| 81%| O|  |TAMS 0x0000000721400000| PB 0x0000000721400000| Untracked |  0
|   2|0x0000000721600000, 0x0000000721600000, 0x0000000721800000|  0%| F|  |TAMS 0x0000000721600000| PB 0x0000000721600000| Untracked |  0
|   3|0x0000000721800000, 0x0000000721800000, 0x0000000721a00000|  0%| F|  |TAMS 0x0000000721800000| PB 0x0000000721800000| Untracked |  0
|   4|0x0000000721a00000, 0x0000000721a00000, 0x0000000721c00000|  0%| F|  |TAMS 0x0000000721a00000| PB 0x0000000721a00000| Untracked |  0
|   5|0x0000000721c00000, 0x0000000721c00000, 0x0000000721e00000|  0%| F|  |TAMS 0x0000000721c00000| PB 0x0000000721c00000| Untracked |  0
|   6|0x0000000721e00000, 0x0000000721e00000, 0x0000000722000000|  0%| F|  |TAMS 0x0000000721e00000| PB 0x0000000721e00000| Untracked |  0
|   7|0x0000000722000000, 0x0000000722000000, 0x0000000722200000|  0%| F|  |TAMS 0x0000000722000000| PB 0x0000000722000000| Untracked |  0
|   8|0x0000000722200000, 0x0000000722200000, 0x0000000722400000|  0%| F|  |TAMS 0x0000000722200000| PB 0x0000000722200000| Untracked |  0
|   9|0x0000000722400000, 0x0000000722400000, 0x0000000722600000|  0%| F|  |TAMS 0x0000000722400000| PB 0x0000000722400000| Untracked |  0
|  10|0x0000000722600000, 0x0000000722600000, 0x0000000722800000|  0%| F|  |TAMS 0x0000000722600000| PB 0x0000000722600000| Untracked |  0
|  11|0x0000000722800000, 0x0000000722800000, 0x0000000722a00000|  0%| F|  |TAMS 0x0000000722800000| PB 0x0000000722800000| Untracked |  0
|  12|0x0000000722a00000, 0x0000000722a00000, 0x0000000722c00000|  0%| F|  |TAMS 0x0000000722a00000| PB 0x0000000722a00000| Untracked |  0
|  13|0x0000000722c00000, 0x0000000722c00000, 0x0000000722e00000|  0%| F|  |TAMS 0x0000000722c00000| PB 0x0000000722c00000| Untracked |  0
|  14|0x0000000722e00000, 0x0000000722e00000, 0x0000000723000000|  0%| F|  |TAMS 0x0000000722e00000| PB 0x0000000722e00000| Untracked |  0
|  15|0x0000000723000000, 0x0000000723000000, 0x0000000723200000|  0%| F|  |TAMS 0x0000000723000000| PB 0x0000000723000000| Untracked |  0
|  16|0x0000000723200000, 0x0000000723200000, 0x0000000723400000|  0%| F|  |TAMS 0x0000000723200000| PB 0x0000000723200000| Untracked |  0
|  17|0x0000000723400000, 0x0000000723400000, 0x0000000723600000|  0%| F|  |TAMS 0x0000000723400000| PB 0x0000000723400000| Untracked |  0
|  18|0x0000000723600000, 0x0000000723600000, 0x0000000723800000|  0%| F|  |TAMS 0x0000000723600000| PB 0x0000000723600000| Untracked |  0
|  19|0x0000000723800000, 0x0000000723800000, 0x0000000723a00000|  0%| F|  |TAMS 0x0000000723800000| PB 0x0000000723800000| Untracked |  0
|  20|0x0000000723a00000, 0x0000000723a00000, 0x0000000723c00000|  0%| F|  |TAMS 0x0000000723a00000| PB 0x0000000723a00000| Untracked |  0
|  21|0x0000000723c00000, 0x0000000723c00000, 0x0000000723e00000|  0%| F|  |TAMS 0x0000000723c00000| PB 0x0000000723c00000| Untracked |  0
|  22|0x0000000723e00000, 0x0000000723e00000, 0x0000000724000000|  0%| F|  |TAMS 0x0000000723e00000| PB 0x0000000723e00000| Untracked |  0
|  23|0x0000000724000000, 0x0000000724000000, 0x0000000724200000|  0%| F|  |TAMS 0x0000000724000000| PB 0x0000000724000000| Untracked |  0
|  24|0x0000000724200000, 0x0000000724200000, 0x0000000724400000|  0%| F|  |TAMS 0x0000000724200000| PB 0x0000000724200000| Untracked |  0
|  25|0x0000000724400000, 0x0000000724400000, 0x0000000724600000|  0%| F|  |TAMS 0x0000000724400000| PB 0x0000000724400000| Untracked |  0
|  26|0x0000000724600000, 0x0000000724600000, 0x0000000724800000|  0%| F|  |TAMS 0x0000000724600000| PB 0x0000000724600000| Untracked |  0
|  27|0x0000000724800000, 0x0000000724800000, 0x0000000724a00000|  0%| F|  |TAMS 0x0000000724800000| PB 0x0000000724800000| Untracked |  0
|  28|0x0000000724a00000, 0x0000000724a00000, 0x0000000724c00000|  0%| F|  |TAMS 0x0000000724a00000| PB 0x0000000724a00000| Untracked |  0
|  29|0x0000000724c00000, 0x0000000724c00000, 0x0000000724e00000|  0%| F|  |TAMS 0x0000000724c00000| PB 0x0000000724c00000| Untracked |  0
|  30|0x0000000724e00000, 0x0000000724e00000, 0x0000000725000000|  0%| F|  |TAMS 0x0000000724e00000| PB 0x0000000724e00000| Untracked |  0
|  31|0x0000000725000000, 0x0000000725000000, 0x0000000725200000|  0%| F|  |TAMS 0x0000000725000000| PB 0x0000000725000000| Untracked |  0
|  32|0x0000000725200000, 0x0000000725200000, 0x0000000725400000|  0%| F|  |TAMS 0x0000000725200000| PB 0x0000000725200000| Untracked |  0
|  33|0x0000000725400000, 0x0000000725400000, 0x0000000725600000|  0%| F|  |TAMS 0x0000000725400000| PB 0x0000000725400000| Untracked |  0
|  34|0x0000000725600000, 0x0000000725600000, 0x0000000725800000|  0%| F|  |TAMS 0x0000000725600000| PB 0x0000000725600000| Untracked |  0
|  35|0x0000000725800000, 0x0000000725800000, 0x0000000725a00000|  0%| F|  |TAMS 0x0000000725800000| PB 0x0000000725800000| Untracked |  0
|  36|0x0000000725a00000, 0x0000000725a00000, 0x0000000725c00000|  0%| F|  |TAMS 0x0000000725a00000| PB 0x0000000725a00000| Untracked |  0
|  37|0x0000000725c00000, 0x0000000725c00000, 0x0000000725e00000|  0%| F|  |TAMS 0x0000000725c00000| PB 0x0000000725c00000| Untracked |  0
|  38|0x0000000725e00000, 0x0000000725e00000, 0x0000000726000000|  0%| F|  |TAMS 0x0000000725e00000| PB 0x0000000725e00000| Untracked |  0
|  39|0x0000000726000000, 0x0000000726000000, 0x0000000726200000|  0%| F|  |TAMS 0x0000000726000000| PB 0x0000000726000000| Untracked |  0
|  40|0x0000000726200000, 0x0000000726200000, 0x0000000726400000|  0%| F|  |TAMS 0x0000000726200000| PB 0x0000000726200000| Untracked |  0
|  41|0x0000000726400000, 0x0000000726400000, 0x0000000726600000|  0%| F|  |TAMS 0x0000000726400000| PB 0x0000000726400000| Untracked |  0
|  42|0x0000000726600000, 0x0000000726600000, 0x0000000726800000|  0%| F|  |TAMS 0x0000000726600000| PB 0x0000000726600000| Untracked |  0
|  43|0x0000000726800000, 0x0000000726800000, 0x0000000726a00000|  0%| F|  |TAMS 0x0000000726800000| PB 0x0000000726800000| Untracked |  0
|  44|0x0000000726a00000, 0x0000000726a00000, 0x0000000726c00000|  0%| F|  |TAMS 0x0000000726a00000| PB 0x0000000726a00000| Untracked |  0
|  45|0x0000000726c00000, 0x0000000726c00000, 0x0000000726e00000|  0%| F|  |TAMS 0x0000000726c00000| PB 0x0000000726c00000| Untracked |  0
|  46|0x0000000726e00000, 0x0000000726e00000, 0x0000000727000000|  0%| F|  |TAMS 0x0000000726e00000| PB 0x0000000726e00000| Untracked |  0
|  47|0x0000000727000000, 0x0000000727000000, 0x0000000727200000|  0%| F|  |TAMS 0x0000000727000000| PB 0x0000000727000000| Untracked |  0
|  48|0x0000000727200000, 0x0000000727200000, 0x0000000727400000|  0%| F|  |TAMS 0x0000000727200000| PB 0x0000000727200000| Untracked |  0
|  49|0x0000000727400000, 0x0000000727400000, 0x0000000727600000|  0%| F|  |TAMS 0x0000000727400000| PB 0x0000000727400000| Untracked |  0
|  50|0x0000000727600000, 0x0000000727600000, 0x0000000727800000|  0%| F|  |TAMS 0x0000000727600000| PB 0x0000000727600000| Untracked |  0
|  51|0x0000000727800000, 0x0000000727800000, 0x0000000727a00000|  0%| F|  |TAMS 0x0000000727800000| PB 0x0000000727800000| Untracked |  0
|  52|0x0000000727a00000, 0x0000000727a00000, 0x0000000727c00000|  0%| F|  |TAMS 0x0000000727a00000| PB 0x0000000727a00000| Untracked |  0
|  53|0x0000000727c00000, 0x0000000727c00000, 0x0000000727e00000|  0%| F|  |TAMS 0x0000000727c00000| PB 0x0000000727c00000| Untracked |  0
|  54|0x0000000727e00000, 0x0000000727e00000, 0x0000000728000000|  0%| F|  |TAMS 0x0000000727e00000| PB 0x0000000727e00000| Untracked |  0
|  55|0x0000000728000000, 0x0000000728000000, 0x0000000728200000|  0%| F|  |TAMS 0x0000000728000000| PB 0x0000000728000000| Untracked |  0
|  56|0x0000000728200000, 0x0000000728200000, 0x0000000728400000|  0%| F|  |TAMS 0x0000000728200000| PB 0x0000000728200000| Untracked |  0
|  57|0x0000000728400000, 0x0000000728400000, 0x0000000728600000|  0%| F|  |TAMS 0x0000000728400000| PB 0x0000000728400000| Untracked |  0
|  58|0x0000000728600000, 0x0000000728600000, 0x0000000728800000|  0%| F|  |TAMS 0x0000000728600000| PB 0x0000000728600000| Untracked |  0
|  59|0x0000000728800000, 0x0000000728800000, 0x0000000728a00000|  0%| F|  |TAMS 0x0000000728800000| PB 0x0000000728800000| Untracked |  0
|  60|0x0000000728a00000, 0x0000000728a00000, 0x0000000728c00000|  0%| F|  |TAMS 0x0000000728a00000| PB 0x0000000728a00000| Untracked |  0
|  61|0x0000000728c00000, 0x0000000728c00000, 0x0000000728e00000|  0%| F|  |TAMS 0x0000000728c00000| PB 0x0000000728c00000| Untracked |  0
|  62|0x0000000728e00000, 0x0000000728e00000, 0x0000000729000000|  0%| F|  |TAMS 0x0000000728e00000| PB 0x0000000728e00000| Untracked |  0
|  63|0x0000000729000000, 0x0000000729000000, 0x0000000729200000|  0%| F|  |TAMS 0x0000000729000000| PB 0x0000000729000000| Untracked |  0
|  64|0x0000000729200000, 0x0000000729200000, 0x0000000729400000|  0%| F|  |TAMS 0x0000000729200000| PB 0x0000000729200000| Untracked |  0
|  65|0x0000000729400000, 0x0000000729400000, 0x0000000729600000|  0%| F|  |TAMS 0x0000000729400000| PB 0x0000000729400000| Untracked |  0
|  66|0x0000000729600000, 0x0000000729600000, 0x0000000729800000|  0%| F|  |TAMS 0x0000000729600000| PB 0x0000000729600000| Untracked |  0
|  67|0x0000000729800000, 0x0000000729800000, 0x0000000729a00000|  0%| F|  |TAMS 0x0000000729800000| PB 0x0000000729800000| Untracked |  0
|  68|0x0000000729a00000, 0x0000000729a00000, 0x0000000729c00000|  0%| F|  |TAMS 0x0000000729a00000| PB 0x0000000729a00000| Untracked |  0
|  69|0x0000000729c00000, 0x0000000729c00000, 0x0000000729e00000|  0%| F|  |TAMS 0x0000000729c00000| PB 0x0000000729c00000| Untracked |  0
|  70|0x0000000729e00000, 0x0000000729e00000, 0x000000072a000000|  0%| F|  |TAMS 0x0000000729e00000| PB 0x0000000729e00000| Untracked |  0
|  71|0x000000072a000000, 0x000000072a000000, 0x000000072a200000|  0%| F|  |TAMS 0x000000072a000000| PB 0x000000072a000000| Untracked |  0
|  72|0x000000072a200000, 0x000000072a200000, 0x000000072a400000|  0%| F|  |TAMS 0x000000072a200000| PB 0x000000072a200000| Untracked |  0
|  73|0x000000072a400000, 0x000000072a400000, 0x000000072a600000|  0%| F|  |TAMS 0x000000072a400000| PB 0x000000072a400000| Untracked |  0
|  74|0x000000072a600000, 0x000000072a600000, 0x000000072a800000|  0%| F|  |TAMS 0x000000072a600000| PB 0x000000072a600000| Untracked |  0
|  75|0x000000072a800000, 0x000000072a800000, 0x000000072aa00000|  0%| F|  |TAMS 0x000000072a800000| PB 0x000000072a800000| Untracked |  0
|  76|0x000000072aa00000, 0x000000072aa00000, 0x000000072ac00000|  0%| F|  |TAMS 0x000000072aa00000| PB 0x000000072aa00000| Untracked |  0
|  77|0x000000072ac00000, 0x000000072ac00000, 0x000000072ae00000|  0%| F|  |TAMS 0x000000072ac00000| PB 0x000000072ac00000| Untracked |  0
|  78|0x000000072ae00000, 0x000000072ae00000, 0x000000072b000000|  0%| F|  |TAMS 0x000000072ae00000| PB 0x000000072ae00000| Untracked |  0
|  79|0x000000072b000000, 0x000000072b000000, 0x000000072b200000|  0%| F|  |TAMS 0x000000072b000000| PB 0x000000072b000000| Untracked |  0
|  80|0x000000072b200000, 0x000000072b200000, 0x000000072b400000|  0%| F|  |TAMS 0x000000072b200000| PB 0x000000072b200000| Untracked |  0
|  81|0x000000072b400000, 0x000000072b400000, 0x000000072b600000|  0%| F|  |TAMS 0x000000072b400000| PB 0x000000072b400000| Untracked |  0
|  82|0x000000072b600000, 0x000000072b600000, 0x000000072b800000|  0%| F|  |TAMS 0x000000072b600000| PB 0x000000072b600000| Untracked |  0
|  83|0x000000072b800000, 0x000000072b800000, 0x000000072ba00000|  0%| F|  |TAMS 0x000000072b800000| PB 0x000000072b800000| Untracked |  0
|  84|0x000000072ba00000, 0x000000072ba00000, 0x000000072bc00000|  0%| F|  |TAMS 0x000000072ba00000| PB 0x000000072ba00000| Untracked |  0
|  85|0x000000072bc00000, 0x000000072bc00000, 0x000000072be00000|  0%| F|  |TAMS 0x000000072bc00000| PB 0x000000072bc00000| Untracked |  0
|  86|0x000000072be00000, 0x000000072be00000, 0x000000072c000000|  0%| F|  |TAMS 0x000000072be00000| PB 0x000000072be00000| Untracked |  0
|  87|0x000000072c000000, 0x000000072c000000, 0x000000072c200000|  0%| F|  |TAMS 0x000000072c000000| PB 0x000000072c000000| Untracked |  0
|  88|0x000000072c200000, 0x000000072c200000, 0x000000072c400000|  0%| F|  |TAMS 0x000000072c200000| PB 0x000000072c200000| Untracked |  0
|  89|0x000000072c400000, 0x000000072c400000, 0x000000072c600000|  0%| F|  |TAMS 0x000000072c400000| PB 0x000000072c400000| Untracked |  0
|  90|0x000000072c600000, 0x000000072c600000, 0x000000072c800000|  0%| F|  |TAMS 0x000000072c600000| PB 0x000000072c600000| Untracked |  0
|  91|0x000000072c800000, 0x000000072c800000, 0x000000072ca00000|  0%| F|  |TAMS 0x000000072c800000| PB 0x000000072c800000| Untracked |  0
|  92|0x000000072ca00000, 0x000000072ca00000, 0x000000072cc00000|  0%| F|  |TAMS 0x000000072ca00000| PB 0x000000072ca00000| Untracked |  0
|  93|0x000000072cc00000, 0x000000072cc00000, 0x000000072ce00000|  0%| F|  |TAMS 0x000000072cc00000| PB 0x000000072cc00000| Untracked |  0
|  94|0x000000072ce00000, 0x000000072ce00000, 0x000000072d000000|  0%| F|  |TAMS 0x000000072ce00000| PB 0x000000072ce00000| Untracked |  0
|  95|0x000000072d000000, 0x000000072d16c398, 0x000000072d200000| 71%| E|  |TAMS 0x000000072d000000| PB 0x000000072d000000| Complete |  0
|  96|0x000000072d200000, 0x000000072d400000, 0x000000072d400000|100%| E|CS|TAMS 0x000000072d200000| PB 0x000000072d200000| Complete |  0
|  97|0x000000072d400000, 0x000000072d600000, 0x000000072d600000|100%| E|CS|TAMS 0x000000072d400000| PB 0x000000072d400000| Complete |  0
|  98|0x000000072d600000, 0x000000072d800000, 0x000000072d800000|100%| E|CS|TAMS 0x000000072d600000| PB 0x000000072d600000| Complete |  0
|  99|0x000000072d800000, 0x000000072da00000, 0x000000072da00000|100%| E|CS|TAMS 0x000000072d800000| PB 0x000000072d800000| Complete |  0
| 100|0x000000072da00000, 0x000000072db400a0, 0x000000072dc00000| 62%| S|CS|TAMS 0x000000072da00000| PB 0x000000072da00000| Complete |  0
| 101|0x000000072dc00000, 0x000000072de00000, 0x000000072de00000|100%| E|CS|TAMS 0x000000072dc00000| PB 0x000000072dc00000| Complete |  0
| 102|0x000000072de00000, 0x000000072e000000, 0x000000072e000000|100%| E|CS|TAMS 0x000000072de00000| PB 0x000000072de00000| Complete |  0
| 103|0x000000072e000000, 0x000000072e200000, 0x000000072e200000|100%| E|CS|TAMS 0x000000072e000000| PB 0x000000072e000000| Complete |  0
| 104|0x000000072e200000, 0x000000072e400000, 0x000000072e400000|100%| E|CS|TAMS 0x000000072e200000| PB 0x000000072e200000| Complete |  0
| 105|0x000000072e400000, 0x000000072e600000, 0x000000072e600000|100%| E|CS|TAMS 0x000000072e400000| PB 0x000000072e400000| Complete |  0
| 106|0x000000072e600000, 0x000000072e800000, 0x000000072e800000|100%| E|CS|TAMS 0x000000072e600000| PB 0x000000072e600000| Complete |  0
| 107|0x000000072e800000, 0x000000072ea00000, 0x000000072ea00000|100%| E|CS|TAMS 0x000000072e800000| PB 0x000000072e800000| Complete |  0
| 108|0x000000072ea00000, 0x000000072ec00000, 0x000000072ec00000|100%| E|CS|TAMS 0x000000072ea00000| PB 0x000000072ea00000| Complete |  0
| 109|0x000000072ec00000, 0x000000072ee00000, 0x000000072ee00000|100%| E|CS|TAMS 0x000000072ec00000| PB 0x000000072ec00000| Complete |  0
| 110|0x000000072ee00000, 0x000000072f000000, 0x000000072f000000|100%| E|CS|TAMS 0x000000072ee00000| PB 0x000000072ee00000| Complete |  0
| 111|0x000000072f000000, 0x000000072f200000, 0x000000072f200000|100%| E|CS|TAMS 0x000000072f000000| PB 0x000000072f000000| Complete |  0

Card table byte_map: [0x000001aee2b50000,0x000001aee3250000] _byte_map_base: 0x000001aedf247000

Marking Bits: (CMBitMap*) 0x000001aecaa47eb0
 Bits: [0x000001aee3250000, 0x000001aee6a08000)

Polling page: 0x000001aec8820000

Metaspace:

Usage:
  Non-class:     12.55 MB used.
      Class:      1.79 MB used.
       Both:     14.34 MB used.

Virtual space:
  Non-class space:       64.00 MB reserved,      12.62 MB ( 20%) committed,  1 nodes.
      Class space:        1.00 GB reserved,       1.94 MB ( <1%) committed,  1 nodes.
             Both:        1.06 GB reserved,      14.56 MB (  1%) committed. 

Chunk freelists:
   Non-Class:  2.92 MB
       Class:  14.00 MB
        Both:  16.92 MB

MaxMetaspaceSize: unlimited
CompressedClassSpaceSize: 1.00 GB
Initial GC threshold: 21.00 MB
Current GC threshold: 21.00 MB
CDS: on
 - commit_granule_bytes: 65536.
 - commit_granule_words: 8192.
 - virtual_space_node_default_size: 8388608.
 - enlarge_chunks_in_place: 1.
 - use_allocation_guard: 0.


Internal statistics:

num_allocs_failed_limit: 0.
num_arena_births: 140.
num_arena_deaths: 0.
num_vsnodes_births: 2.
num_vsnodes_deaths: 0.
num_space_committed: 233.
num_space_uncommitted: 0.
num_chunks_returned_to_freelist: 0.
num_chunks_taken_from_freelist: 606.
num_chunk_merges: 0.
num_chunk_splits: 430.
num_chunks_enlarged: 359.
num_inconsistent_stats: 0.

CodeHeap 'non-profiled nmethods': size=120064Kb used=919Kb max_used=919Kb free=119144Kb
 bounds [0x000001aedabe0000, 0x000001aedae50000, 0x000001aee2120000]
CodeHeap 'profiled nmethods': size=120000Kb used=4583Kb max_used=4583Kb free=115416Kb
 bounds [0x000001aed3120000, 0x000001aed35a0000, 0x000001aeda650000]
CodeHeap 'non-nmethods': size=5696Kb used=1390Kb max_used=1420Kb free=4305Kb
 bounds [0x000001aeda650000, 0x000001aeda8c0000, 0x000001aedabe0000]
CodeCache: size=245760Kb, used=6892Kb, max_used=6922Kb, free=238865Kb
 total_blobs=3557, nmethods=3062, adapters=400, full_count=0
Compilation: enabled, stopped_count=0, restarted_count=0

Compilation events (20 events):
Event: 29.920 Thread 0x000001aee944fd90 3056       3       java.lang.PublicMethods$MethodList::length (24 bytes)
Event: 29.920 Thread 0x000001aee944fd90 nmethod 3056 0x000001aed3595f08 code [0x000001aed3596020, 0x000001aed35961e0]
Event: 29.923 Thread 0x000001aee944fd90 3057       3       java.lang.PublicMethods::merge (81 bytes)
Event: 29.924 Thread 0x000001aee944fd90 nmethod 3057 0x000001aed3596208 code [0x000001aed35963c0, 0x000001aed3596d80]
Event: 29.924 Thread 0x000001aee944fd90 3060       3       java.lang.AbstractStringBuilder::<init> (63 bytes)
Event: 29.925 Thread 0x000001aee944fd90 nmethod 3060 0x000001aed3596e08 code [0x000001aed3596f80, 0x000001aed35975e8]
Event: 29.925 Thread 0x000001aee944fd90 3059  s    3       java.util.Hashtable::get (69 bytes)
Event: 29.925 Thread 0x000001aee944fd90 nmethod 3059 0x000001aed3597688 code [0x000001aed35977e0, 0x000001aed3597e00]
Event: 29.925 Thread 0x000001aee944fd90 3058       3       java.lang.PublicMethods$Key::<init> (24 bytes)
Event: 29.925 Thread 0x000001aee944fd90 nmethod 3058 0x000001aed3597e88 code [0x000001aed3597fc0, 0x000001aed35982f8]
Event: 29.927 Thread 0x000001aee944fd90 3061       3       java.util.Hashtable::addEntry (87 bytes)
Event: 29.927 Thread 0x000001aee944fd90 nmethod 3061 0x000001aed3598388 code [0x000001aed3598500, 0x000001aed3598c58]
Event: 29.928 Thread 0x000001aee944fd90 3063  s    3       java.util.Hashtable::put (104 bytes)
Event: 29.928 Thread 0x000001aee944fd90 nmethod 3063 0x000001aed3598c88 code [0x000001aed3598e20, 0x000001aed3599620]
Event: 29.928 Thread 0x000001aee944fd90 3062       3       java.util.Hashtable$Entry::<init> (26 bytes)
Event: 29.928 Thread 0x000001aee944fd90 nmethod 3062 0x000001aed3599688 code [0x000001aed35997a0, 0x000001aed3599a38]
Event: 29.928 Thread 0x000001aee944fd90 3064       1       org.codehaus.plexus.util.xml.Xpp3Dom::getValue (5 bytes)
Event: 29.928 Thread 0x000001aee944fd90 nmethod 3064 0x000001aedacc5788 code [0x000001aedacc58a0, 0x000001aedacc5970]
Event: 29.932 Thread 0x000001aee944fd90 3066       3       java.lang.invoke.MethodHandleStatics::dumper (4 bytes)
Event: 29.932 Thread 0x000001aee944fd90 nmethod 3066 0x000001aed3599a88 code [0x000001aed3599ba0, 0x000001aed3599c98]

GC Heap History (4 events):
Event: 21.704 GC heap before
{Heap before GC invocations=0 (full 0):
 garbage-first heap   total reserved 3651584K, committed 229376K, used 22528K [0x0000000721200000, 0x0000000800000000)
  region size 2048K, 12 young (24576K), 0 survivors (0K)
 Metaspace       used 5971K, committed 6144K, reserved 1114112K
  class space    used 732K, committed 832K, reserved 1048576K
}
Event: 22.304 GC heap after
{Heap after GC invocations=1 (full 0):
 garbage-first heap   total reserved 3651584K, committed 229376K, used 4095K [0x0000000721200000, 0x0000000800000000)
  region size 2048K, 2 young (4096K), 2 survivors (4096K)
 Metaspace       used 5971K, committed 6144K, reserved 1114112K
  class space    used 732K, committed 832K, reserved 1048576K
}
Event: 24.306 GC heap before
{Heap before GC invocations=1 (full 0):
 garbage-first heap   total reserved 3651584K, committed 229376K, used 24575K [0x0000000721200000, 0x0000000800000000)
  region size 2048K, 13 young (26624K), 2 survivors (4096K)
 Metaspace       used 8573K, committed 8768K, reserved 1114112K
  class space    used 1038K, committed 1152K, reserved 1048576K
}
Event: 24.311 GC heap after
{Heap after GC invocations=2 (full 0):
 garbage-first heap   total reserved 3651584K, committed 229376K, used 4995K [0x0000000721200000, 0x0000000800000000)
  region size 2048K, 1 young (2048K), 1 survivors (2048K)
 Metaspace       used 8573K, committed 8768K, reserved 1114112K
  class space    used 1038K, committed 1152K, reserved 1048576K
}

Dll operation events (8 events):
Event: 2.518 Loaded shared library C:\Program Files\Java\jdk-23\bin\java.dll
Event: 6.700 Loaded shared library C:\Program Files\Java\jdk-23\bin\net.dll
Event: 6.704 Loaded shared library C:\Program Files\Java\jdk-23\bin\nio.dll
Event: 6.704 Loaded shared library C:\Program Files\Java\jdk-23\bin\jsvml.dll
Event: 7.337 Loaded shared library C:\Program Files\Java\jdk-23\bin\zip.dll
Event: 17.038 Loaded shared library C:\Program Files\NetBeans-24\netbeans\java\maven\lib\jansi-native\Windows\x86_64\jansi.dll
Event: 17.056 Loaded shared library C:\Program Files\Java\jdk-23\bin\verify.dll
Event: 17.093 Loaded shared library C:\Program Files\Java\jdk-23\bin\jimage.dll

Deoptimization events (20 events):
Event: 29.029 Thread 0x000001aeca9e97d0 DEOPT PACKING pc=0x000001aedacb25d4 sp=0x0000002b158f87f0
Event: 29.029 Thread 0x000001aeca9e97d0 DEOPT UNPACKING pc=0x000001aeda6a4402 sp=0x0000002b158f8708 mode 2
Event: 29.414 Thread 0x000001aeca9e97d0 Uncommon trap: trap_request=0xffffff45 fr.pc=0x000001aedacba278 relative=0x0000000000000b78
Event: 29.414 Thread 0x000001aeca9e97d0 Uncommon trap: reason=unstable_if action=reinterpret pc=0x000001aedacba278 method=org.eclipse.sisu.inject.InjectorBindings.isAssignableFrom(Lcom/google/inject/TypeLiteral;Lcom/google/inject/Binding;)Z @ 15 c2
Event: 29.414 Thread 0x000001aeca9e97d0 DEOPT PACKING pc=0x000001aedacba278 sp=0x0000002b158fdea0
Event: 29.414 Thread 0x000001aeca9e97d0 DEOPT UNPACKING pc=0x000001aeda6a4402 sp=0x0000002b158fde70 mode 2
Event: 29.435 Thread 0x000001aeca9e97d0 Uncommon trap: trap_request=0xffffff45 fr.pc=0x000001aedac4dc80 relative=0x0000000000000900
Event: 29.435 Thread 0x000001aeca9e97d0 Uncommon trap: reason=unstable_if action=reinterpret pc=0x000001aedac4dc80 method=sun.nio.cs.StreamDecoder.implRead([CII)I @ 36 c2
Event: 29.435 Thread 0x000001aeca9e97d0 DEOPT PACKING pc=0x000001aedac4dc80 sp=0x0000002b158fe8a0
Event: 29.435 Thread 0x000001aeca9e97d0 DEOPT UNPACKING pc=0x000001aeda6a4402 sp=0x0000002b158fe860 mode 2
Event: 29.435 Thread 0x000001aeca9e97d0 Uncommon trap: trap_request=0x000000e1 fr.pc=0x000001aedac3a3f4 relative=0x00000000000000d4
Event: 29.435 Thread 0x000001aeca9e97d0 Uncommon trap: reason=unloaded action=reinterpret pc=0x000001aedac3a3f4 method=org.codehaus.plexus.util.xml.pull.MXParser.more()C @ 22 c2
Event: 29.435 Thread 0x000001aeca9e97d0 DEOPT PACKING pc=0x000001aedac3a3f4 sp=0x0000002b158fec50
Event: 29.435 Thread 0x000001aeca9e97d0 DEOPT UNPACKING pc=0x000001aeda6a4402 sp=0x0000002b158febf0 mode 2
Event: 29.526 Thread 0x000001aeca9e97d0 DEOPT PACKING pc=0x000001aed3341314 sp=0x0000002b158feaf0
Event: 29.526 Thread 0x000001aeca9e97d0 DEOPT UNPACKING pc=0x000001aeda6a4b22 sp=0x0000002b158fdfb8 mode 0
Event: 29.928 Thread 0x000001aeca9e97d0 Uncommon trap: trap_request=0xffffff45 fr.pc=0x000001aedac63834 relative=0x0000000000000674
Event: 29.928 Thread 0x000001aeca9e97d0 Uncommon trap: reason=unstable_if action=reinterpret pc=0x000001aedac63834 method=java.lang.String.replace(CC)Ljava/lang/String; @ 2 c2
Event: 29.928 Thread 0x000001aeca9e97d0 DEOPT PACKING pc=0x000001aedac63834 sp=0x0000002b158fe360
Event: 29.928 Thread 0x000001aeca9e97d0 DEOPT UNPACKING pc=0x000001aeda6a4402 sp=0x0000002b158fe320 mode 2

Classes loaded (20 events):
Event: 29.525 Loading class java/net/URL$1
Event: 29.525 Loading class java/net/URL$1 done
Event: 29.525 Loading class java/net/spi/URLStreamHandlerProvider
Event: 29.525 Loading class java/net/spi/URLStreamHandlerProvider done
Event: 29.526 Loading class sun/net/www/protocol/https/Handler
Event: 29.526 Loading class sun/net/www/protocol/http/Handler
Event: 29.527 Loading class sun/net/www/protocol/http/Handler done
Event: 29.527 Loading class sun/net/www/protocol/https/Handler done
Event: 29.530 Loading class java/util/regex/Pattern$Pos
Event: 29.530 Loading class java/util/regex/Pattern$Pos done
Event: 29.545 Loading class java/util/ArrayList$SubList$1
Event: 29.546 Loading class java/util/ArrayList$SubList$1 done
Event: 29.557 Loading class java/util/concurrent/atomic/AtomicReference
Event: 29.574 Loading class java/util/concurrent/atomic/AtomicReference done
Event: 29.929 Loading class java/util/stream/IntStream
Event: 29.930 Loading class java/util/stream/IntStream done
Event: 29.930 Loading class java/util/stream/IntPipeline$Head
Event: 29.930 Loading class java/util/stream/IntPipeline
Event: 29.931 Loading class java/util/stream/IntPipeline done
Event: 29.931 Loading class java/util/stream/IntPipeline$Head done

Classes unloaded (0 events):
No events

Classes redefined (0 events):
No events

Internal exceptions (20 events):
Event: 20.310 Thread 0x000001aeca9e97d0 Exception <a 'java/lang/NoSuchMethodError'{0x000000072e3408a0}: 'int java.lang.invoke.DirectMethodHandle$Holder.invokeStatic(java.lang.Object, java.lang.Object, java.lang.Object, java.lang.Object)'> (0x000000072e3408a0) 
thrown [s\open\src\hotspot\share\interpreter\linkResolver.cpp, line 796]
Event: 20.315 Thread 0x000001aeca9e97d0 Exception <a 'java/lang/NoSuchMethodError'{0x000000072e34f230}: 'int java.lang.invoke.DirectMethodHandle$Holder.invokeSpecialIFC(java.lang.Object, java.lang.Object, java.lang.Object, java.lang.Object, java.lang.Object)'> (0x000000072e34f230) 
thrown [s\open\src\hotspot\share\interpreter\linkResolver.cpp, line 796]
Event: 20.439 Thread 0x000001aeca9e97d0 Exception <a 'java/lang/NoSuchMethodError'{0x000000072e0e12d0}: 'void java.lang.invoke.DirectMethodHandle$Holder.invokeStatic(java.lang.Object, int, java.lang.Object)'> (0x000000072e0e12d0) 
thrown [s\open\src\hotspot\share\interpreter\linkResolver.cpp, line 796]
Event: 20.556 Thread 0x000001aeca9e97d0 Exception <a 'java/lang/NoSuchMethodError'{0x000000072de4e608}: 'int java.lang.invoke.DirectMethodHandle$Holder.invokeStaticInit(java.lang.Object, java.lang.Object)'> (0x000000072de4e608) 
thrown [s\open\src\hotspot\share\interpreter\linkResolver.cpp, line 796]
Event: 20.709 Thread 0x000001aeca9e97d0 Exception <a 'java/lang/NoClassDefFoundError'{0x000000072de85870}: javax/enterprise/inject/Typed> (0x000000072de85870) 
thrown [s\open\src\hotspot\share\classfile\systemDictionary.cpp, line 302]
Event: 27.578 Thread 0x000001aeca9e97d0 Exception <a 'java/lang/NoSuchMethodError'{0x000000072e7c55d0}: 'void java.lang.invoke.DirectMethodHandle$Holder.invokeStaticInit(java.lang.Object, java.lang.Object, java.lang.Object)'> (0x000000072e7c55d0) 
thrown [s\open\src\hotspot\share\interpreter\linkResolver.cpp, line 796]
Event: 27.583 Thread 0x000001aeca9e97d0 Exception <a 'java/lang/ExceptionInInitializerError'{0x000000072e7ef180}> (0x000000072e7ef180) 
thrown [s\open\src\hotspot\share\oops\instanceKlass.cpp, line 1236]
Event: 27.623 Thread 0x000001aeca9e97d0 Exception <a 'java/lang/NoSuchMethodError'{0x000000072e5047d8}: 'long java.lang.invoke.DirectMethodHandle$Holder.invokeStatic(java.lang.Object, java.lang.Object, int)'> (0x000000072e5047d8) 
thrown [s\open\src\hotspot\share\interpreter\linkResolver.cpp, line 796]
Event: 27.625 Thread 0x000001aeca9e97d0 Exception <a 'java/lang/NoSuchMethodError'{0x000000072e517da8}: 'java.lang.Object java.lang.invoke.DirectMethodHandle$Holder.invokeStatic(java.lang.Object, java.lang.Object, java.lang.Object, java.lang.Object, int)'> (0x000000072e517da8) 
thrown [s\open\src\hotspot\share\interpreter\linkResolver.cpp, line 796]
Event: 27.627 Thread 0x000001aeca9e97d0 Exception <a 'java/lang/NoSuchMethodError'{0x000000072e51ff90}: 'java.lang.Object java.lang.invoke.DirectMethodHandle$Holder.invokeSpecial(java.lang.Object, java.lang.Object, java.lang.Object, java.lang.Object, long)'> (0x000000072e51ff90) 
thrown [s\open\src\hotspot\share\interpreter\linkResolver.cpp, line 796]
Event: 27.629 Thread 0x000001aeca9e97d0 Exception <a 'java/lang/NoSuchMethodError'{0x000000072e52bb20}: 'java.lang.Object java.lang.invoke.DirectMethodHandle$Holder.invokeSpecial(java.lang.Object, java.lang.Object, java.lang.Object, int, java.lang.Object)'> (0x000000072e52bb20) 
thrown [s\open\src\hotspot\share\interpreter\linkResolver.cpp, line 796]
Event: 27.635 Thread 0x000001aeca9e97d0 Implicit null exception at 0x000001aedac5c9bd to 0x000001aedac5cb54
Event: 27.638 Thread 0x000001aeca9e97d0 Exception <a 'java/lang/NoSuchMethodError'{0x000000072e554ae8}: 'java.lang.Object java.lang.invoke.Invokers$Holder.invokeExact_MT(java.lang.Object, int, java.lang.Object)'> (0x000000072e554ae8) 
thrown [s\open\src\hotspot\share\interpreter\linkResolver.cpp, line 796]
Event: 28.621 Thread 0x000001aeca9e97d0 Exception <a 'java/lang/NoSuchMethodError'{0x000000072dd9a9c8}: 'void java.lang.invoke.Invokers$Holder.invokeExact_MT(java.lang.Object, java.lang.Object, java.lang.Object, java.lang.Object)'> (0x000000072dd9a9c8) 
thrown [s\open\src\hotspot\share\interpreter\linkResolver.cpp, line 796]
Event: 28.755 Thread 0x000001aeca9e97d0 Exception <a 'java/lang/NoClassDefFoundError'{0x000000072d82d8d8}: com/google/inject/servlet/ServletModuleTargetVisitor> (0x000000072d82d8d8) 
thrown [s\open\src\hotspot\share\classfile\systemDictionary.cpp, line 302]
Event: 29.077 Thread 0x000001aeca9e97d0 Exception <a 'java/lang/NoSuchMethodError'{0x000000072d6d24b0}: 'void java.lang.invoke.DirectMethodHandle$Holder.invokeVirtual(java.lang.Object, java.lang.Object)'> (0x000000072d6d24b0) 
thrown [s\open\src\hotspot\share\interpreter\linkResolver.cpp, line 796]
Event: 29.159 Thread 0x000001aeca9e97d0 Exception <a 'java/lang/NoSuchMethodError'{0x000000072d761900}: 'java.lang.Object java.lang.invoke.DirectMethodHandle$Holder.invokeStaticInit(java.lang.Object, int, int, int, int)'> (0x000000072d761900) 
thrown [s\open\src\hotspot\share\interpreter\linkResolver.cpp, line 796]
Event: 29.731 Thread 0x000001aeca9e97d0 Exception <a 'java/lang/NoSuchMethodError'{0x000000072d001b50}: 'void java.lang.invoke.DirectMethodHandle$Holder.invokeSpecial(java.lang.Object, java.lang.Object, java.lang.Object, java.lang.Object, java.lang.Object)'> (0x000000072d001b50) 
thrown [s\open\src\hotspot\share\interpreter\linkResolver.cpp, line 796]
Event: 29.737 Thread 0x000001aeca9e97d0 Exception <a 'java/lang/NoSuchMethodError'{0x000000072d01bfe8}: 'java.lang.Object java.lang.invoke.DirectMethodHandle$Holder.invokeVirtual(java.lang.Object, java.lang.Object, java.lang.Object)'> (0x000000072d01bfe8) 
thrown [s\open\src\hotspot\share\interpreter\linkResolver.cpp, line 796]
Event: 29.740 Thread 0x000001aeca9e97d0 Exception <a 'java/lang/NoSuchMethodError'{0x000000072d029450}: 'void java.lang.invoke.DirectMethodHandle$Holder.invokeSpecial(java.lang.Object, java.lang.Object, java.lang.Object, java.lang.Object, java.lang.Object, java.lang.Object)'> (0x000000072d029450) 
thrown [s\open\src\hotspot\share\interpreter\linkResolver.cpp, line 796]

VM Operations (20 events):
Event: 27.594 Executing VM operation: HandshakeAllThreads (Deoptimize)
Event: 27.594 Executing VM operation: HandshakeAllThreads (Deoptimize) done
Event: 27.880 Executing VM operation: HandshakeAllThreads (Deoptimize)
Event: 27.880 Executing VM operation: HandshakeAllThreads (Deoptimize) done
Event: 27.883 Executing VM operation: HandshakeAllThreads (Deoptimize)
Event: 27.883 Executing VM operation: HandshakeAllThreads (Deoptimize) done
Event: 28.026 Executing VM operation: HandshakeAllThreads (Deoptimize)
Event: 28.026 Executing VM operation: HandshakeAllThreads (Deoptimize) done
Event: 28.612 Executing VM operation: HandshakeAllThreads (Deoptimize)
Event: 28.612 Executing VM operation: HandshakeAllThreads (Deoptimize) done
Event: 29.092 Executing VM operation: HandshakeAllThreads (Deoptimize)
Event: 29.093 Executing VM operation: HandshakeAllThreads (Deoptimize) done
Event: 29.261 Executing VM operation: HandshakeAllThreads (Deoptimize)
Event: 29.261 Executing VM operation: HandshakeAllThreads (Deoptimize) done
Event: 29.437 Executing VM operation: HandshakeAllThreads (Deoptimize)
Event: 29.437 Executing VM operation: HandshakeAllThreads (Deoptimize) done
Event: 29.526 Executing VM operation: HandshakeAllThreads (Deoptimize)
Event: 29.526 Executing VM operation: HandshakeAllThreads (Deoptimize) done
Event: 29.527 Executing VM operation: HandshakeAllThreads (Deoptimize)
Event: 29.527 Executing VM operation: HandshakeAllThreads (Deoptimize) done

Memory protections (0 events):
No events

Nmethod flushes (0 events):
No events

Events (20 events):
Event: 4.149 Thread 0x000001aeca9e97d0 Thread added: 0x000001aee9447460
Event: 4.149 Thread 0x000001aeca9e97d0 Thread added: 0x000001aee9447ec0
Event: 4.150 Thread 0x000001aeca9e97d0 Thread added: 0x000001aee944a930
Event: 4.150 Thread 0x000001aeca9e97d0 Thread added: 0x000001aee944b390
Event: 4.150 Thread 0x000001aeca9e97d0 Thread added: 0x000001aee944bdf0
Event: 4.150 Thread 0x000001aeca9e97d0 Thread added: 0x000001aee944cb80
Event: 4.151 Thread 0x000001aeca9e97d0 Thread added: 0x000001aee944fd90
Event: 4.221 Thread 0x000001aeca9e97d0 Thread added: 0x000001aee949e4d0
Event: 4.229 Thread 0x000001aeca9e97d0 Thread added: 0x000001aec5037350
Event: 17.032 Thread 0x000001aeca9e97d0 Thread added: 0x000001aec53d4610
Event: 17.234 Thread 0x000001aec53d4610 Thread exited: 0x000001aec53d4610
Event: 20.992 Thread 0x000001aee944fd90 Thread added: 0x000001aec5c85990
Event: 21.503 Thread 0x000001aec5c85990 Thread added: 0x000001aec5d357c0
Event: 22.600 Thread 0x000001aec5d357c0 Thread exited: 0x000001aec5d357c0
Event: 22.673 Thread 0x000001aec5c85990 Thread exited: 0x000001aec5c85990
Event: 28.031 Thread 0x000001aee944fd90 Thread added: 0x000001aec61dc7d0
Event: 28.320 Thread 0x000001aec61dc7d0 Thread exited: 0x000001aec61dc7d0
Event: 29.055 Thread 0x000001aee944fd90 Thread added: 0x000001aec60b3ec0
Event: 29.183 Thread 0x000001aec60b3ec0 Thread exited: 0x000001aec60b3ec0
Event: 29.680 Thread 0x000001aee944fd90 Thread added: 0x000001aec5c2f0b0


Dynamic libraries:
0x00007ff67dd80000 - 0x00007ff67dd90000 	C:\Program Files\Java\jdk-23\bin\java.exe
0x00007ffd5f560000 - 0x00007ffd5f7c7000 	C:\WINDOWS\SYSTEM32\ntdll.dll
0x00007ffd5e130000 - 0x00007ffd5e1f9000 	C:\WINDOWS\System32\KERNEL32.DLL
0x00007ffd5bf90000 - 0x00007ffd5c381000 	C:\WINDOWS\System32\KERNELBASE.dll
0x00007ffd57070000 - 0x00007ffd57087000 	C:\Program Files\Java\jdk-23\bin\jli.dll
0x00007ffd5e610000 - 0x00007ffd5e7d5000 	C:\WINDOWS\System32\USER32.dll
0x00007ffd5cf50000 - 0x00007ffd5d09b000 	C:\WINDOWS\System32\ucrtbase.dll
0x00007ffd59dc0000 - 0x00007ffd59ddb000 	C:\Program Files\Java\jdk-23\bin\VCRUNTIME140.dll
0x00007ffd4e0c0000 - 0x00007ffd4e353000 	C:\WINDOWS\WinSxS\amd64_microsoft.windows.common-controls_6595b64144ccf1df_6.0.26100.7922_none_3e089e1ee3342171\COMCTL32.dll
0x00007ffd5f460000 - 0x00007ffd5f509000 	C:\WINDOWS\System32\msvcrt.dll
0x00007ffd5da90000 - 0x00007ffd5dabb000 	C:\WINDOWS\System32\GDI32.dll
0x00007ffd5d150000 - 0x00007ffd5d177000 	C:\WINDOWS\System32\win32u.dll
0x00007ffd5cc00000 - 0x00007ffd5cd2a000 	C:\WINDOWS\System32\gdi32full.dll
0x00007ffd5d0a0000 - 0x00007ffd5d143000 	C:\WINDOWS\System32\msvcp_win.dll
0x00007ffd5ded0000 - 0x00007ffd5df01000 	C:\WINDOWS\System32\IMM32.DLL
0x00007ffd5a240000 - 0x00007ffd5a24c000 	C:\Program Files\Java\jdk-23\bin\vcruntime140_1.dll
0x00007ffd4eb00000 - 0x00007ffd4eb8e000 	C:\Program Files\Java\jdk-23\bin\msvcp140.dll
0x00007ffcfdc20000 - 0x00007ffcfe96f000 	C:\Program Files\Java\jdk-23\bin\server\jvm.dll
0x00007ffd5df10000 - 0x00007ffd5dfcb000 	C:\WINDOWS\System32\ADVAPI32.dll
0x00007ffd5d7f0000 - 0x00007ffd5d897000 	C:\WINDOWS\System32\sechost.dll
0x00007ffd5f320000 - 0x00007ffd5f438000 	C:\WINDOWS\System32\RPCRT4.dll
0x00007ffd5e480000 - 0x00007ffd5e4f4000 	C:\WINDOWS\System32\WS2_32.dll
0x00007ffd5bca0000 - 0x00007ffd5bcfe000 	C:\WINDOWS\SYSTEM32\POWRPROF.dll
0x00007ffd56060000 - 0x00007ffd56095000 	C:\WINDOWS\SYSTEM32\WINMM.dll
0x00007ffd560a0000 - 0x00007ffd560ab000 	C:\WINDOWS\SYSTEM32\VERSION.dll
0x00007ffd5bc80000 - 0x00007ffd5bc94000 	C:\WINDOWS\SYSTEM32\UMPDC.dll
0x00007ffd5abd0000 - 0x00007ffd5abeb000 	C:\WINDOWS\SYSTEM32\kernel.appcore.dll
0x00007ffd5a1f0000 - 0x00007ffd5a1fa000 	C:\Program Files\Java\jdk-23\bin\jimage.dll
0x00007ffd59e50000 - 0x00007ffd5a092000 	C:\WINDOWS\SYSTEM32\DBGHELP.DLL
0x00007ffd5dac0000 - 0x00007ffd5de42000 	C:\WINDOWS\System32\combase.dll
0x00007ffd5e7f0000 - 0x00007ffd5e8c7000 	C:\WINDOWS\System32\OLEAUT32.dll
0x00007ffd4ced0000 - 0x00007ffd4cf0b000 	C:\WINDOWS\SYSTEM32\dbgcore.DLL
0x00007ffd5cd30000 - 0x00007ffd5cdd5000 	C:\WINDOWS\System32\bcryptPrimitives.dll
0x00007ffd59d80000 - 0x00007ffd59d9e000 	C:\Program Files\Java\jdk-23\bin\java.dll
0x00007ffd5d8f0000 - 0x00007ffd5da85000 	C:\WINDOWS\System32\ole32.dll
0x00007ffd5e9c0000 - 0x00007ffd5f11f000 	C:\WINDOWS\System32\SHELL32.dll
0x00007ffd5cde0000 - 0x00007ffd5cf4a000 	C:\WINDOWS\System32\wintypes.dll
0x00007ffd5c390000 - 0x00007ffd5cbf4000 	C:\WINDOWS\System32\windows.storage.dll
0x00007ffd5f130000 - 0x00007ffd5f227000 	C:\WINDOWS\System32\SHCORE.dll
0x00007ffd5e8d0000 - 0x00007ffd5e937000 	C:\WINDOWS\System32\shlwapi.dll
0x00007ffd5bd60000 - 0x00007ffd5bd89000 	C:\WINDOWS\SYSTEM32\profapi.dll
0x00007ffd580c0000 - 0x00007ffd580d0000 	C:\Program Files\Java\jdk-23\bin\net.dll
0x00007ffd5b140000 - 0x00007ffd5b1ab000 	C:\WINDOWS\system32\mswsock.dll
0x00007ffd55950000 - 0x00007ffd55966000 	C:\Program Files\Java\jdk-23\bin\nio.dll
0x00007ffd06010000 - 0x00007ffd060e7000 	C:\Program Files\Java\jdk-23\bin\jsvml.dll
0x00007ffd52b10000 - 0x00007ffd52b27000 	C:\Program Files\Java\jdk-23\bin\zip.dll
0x00007ffd36960000 - 0x00007ffd36984000 	C:\Program Files\NetBeans-24\netbeans\java\maven\lib\jansi-native\Windows\x86_64\jansi.dll
0x00007ffd58070000 - 0x00007ffd58080000 	C:\Program Files\Java\jdk-23\bin\verify.dll

dbghelp: loaded successfully - version: 4.0.5 - missing functions: none
symbol engine: initialized successfully - sym options: 0x614 - pdb path: .;C:\Program Files\Java\jdk-23\bin;C:\WINDOWS\SYSTEM32;C:\WINDOWS\WinSxS\amd64_microsoft.windows.common-controls_6595b64144ccf1df_6.0.26100.7922_none_3e089e1ee3342171;C:\Program Files\Java\jdk-23\bin\server;C:\Program Files\NetBeans-24\netbeans\java\maven\lib\jansi-native\Windows\x86_64

VM Arguments:
jvm_args: -Dclassworlds.conf=C:\Program Files\NetBeans-24\netbeans\java\maven\bin\m2.conf -Dmaven.home=C:\Program Files\NetBeans-24\netbeans\java\maven -Dlibrary.jansi.path=C:\Program Files\NetBeans-24\netbeans\java\maven\lib\jansi-native -Dmaven.multiModuleProjectDirectory=C:\Users\Papa\Documents\NetBeansProjects\MotorPhPayroll 
java_command: org.codehaus.plexus.classworlds.launcher.Launcher -Dmaven.ext.class.path=C:\Program Files\NetBeans-24\netbeans\java\maven-nblib\netbeans-eventspy.jar --no-transfer-progress install
java_class_path (initial): C:\Program Files\NetBeans-24\netbeans\java\maven\boot\plexus-classworlds-2.8.0.jar
Launcher Type: SUN_STANDARD

[Global flags]
     intx CICompilerCount                          = 4                                         {product} {ergonomic}
     uint ConcGCThreads                            = 2                                         {product} {ergonomic}
     uint G1ConcRefinementThreads                  = 8                                         {product} {ergonomic}
   size_t G1HeapRegionSize                         = 2097152                                   {product} {ergonomic}
   size_t InitialHeapSize                          = 234881024                                 {product} {ergonomic}
   size_t MarkStackSize                            = 4194304                                   {product} {ergonomic}
   size_t MarkStackSizeMax                         = 536870912                                 {product} {ergonomic}
   size_t MaxHeapSize                              = 3739222016                                {product} {ergonomic}
   size_t MaxNewSize                               = 2241855488                                {product} {ergonomic}
   size_t MinHeapDeltaBytes                        = 2097152                                   {product} {ergonomic}
   size_t MinHeapSize                              = 8388608                                   {product} {ergonomic}
    uintx NonNMethodCodeHeapSize                   = 5832704                                {pd product} {ergonomic}
    uintx NonProfiledCodeHeapSize                  = 122945536                              {pd product} {ergonomic}
    uintx ProfiledCodeHeapSize                     = 122880000                              {pd product} {ergonomic}
    uintx ReservedCodeCacheSize                    = 251658240                              {pd product} {ergonomic}
     bool SegmentedCodeCache                       = true                                      {product} {ergonomic}
   size_t SoftMaxHeapSize                          = 3739222016                             {manageable} {ergonomic}
     bool UseCompressedOops                        = true                           {product lp64_product} {ergonomic}
     bool UseG1GC                                  = true                                      {product} {ergonomic}
     bool UseLargePagesIndividualAllocation        = false                                  {pd product} {ergonomic}

Logging:
Log output configuration:
 #0: stdout all=warning uptime,level,tags foldmultilines=false
 #1: stderr all=off uptime,level,tags foldmultilines=false

Environment Variables:
JAVA_HOME=C:\Program Files\Java\jdk-23
PATH=C:\Program Files\Common Files\Oracle\Java\javapath;C:\Python312\Scripts\;C:\Python312\;C:\WINDOWS\system32;C:\WINDOWS;C:\WINDOWS\System32\Wbem;C:\WINDOWS\System32\WindowsPowerShell\v1.0\;C:\WINDOWS\System32\OpenSSH\;C:\Program Files\nodejs\;C:\ProgramData\chocolatey\bin;C:\Program Files (x86)\AOMEI\AOMEI Backupper\7.4.1;C:\Program Files\Java\jdk-23\bin;C:\Users\Papa\AppData\Local\GitHubDesktop\bin;C:\Users\Papa\AppData\Local\Programs\Microsoft VS Code\bin;C:\Users\Papa\AppData\Local\Programs\Git\cmd;C:\Users\Papa\AppData\Roaming\npm;C:\Users\Papa\AppData\Local\Microsoft\WindowsApps;
USERNAME=Papa
OS=Windows_NT
PROCESSOR_IDENTIFIER=AMD64 Family 23 Model 24 Stepping 1, AuthenticAMD
TMP=C:\Users\Papa\AppData\Local\Temp
TEMP=C:\Users\Papa\AppData\Local\Temp




Periodic native trim disabled

---------------  S Y S T E M  ---------------

OS:
 Windows 11 , 64 bit Build 26100 (10.0.26100.7920)
OS uptime: 1 days 18:47 hours

CPU: total 8 (initial active 8) (8 cores per cpu, 2 threads per core) family 23 model 24 stepping 1 microcode 0x8108109, cx8, cmov, fxsr, ht, mmx, 3dnowpref, sse, sse2, sse3, ssse3, sse4a, sse4.1, sse4.2, popcnt, lzcnt, tsc, tscinvbit, avx, avx2, aes, clmul, bmi1, bmi2, adx, sha, fma, vzeroupper, clflush, clflushopt, rdtscp, f16c
Processor Information for the first 8 processors :
  Max Mhz: 3300, Current Mhz: 3300, Mhz Limit: 3300

Memory: 4k page, system-wide physical 14258M (2466M free)
TotalPageFile size 57266M (AvailPageFile size 68M)
current process WorkingSet (physical memory assigned to process): 115M, peak: 119M
current process commit charge ("private bytes"): 344M, peak: 348M

vm_info: Java HotSpot(TM) 64-Bit Server VM (23.0.1+11-39) for windows-amd64 JRE (23.0.1+11-39), built on 2024-09-30T07:20:43Z with MS VC++ 17.6 (VS2022)

END.
