#
# There is insufficient memory for the Java Runtime Environment to continue.
# Native memory allocation (malloc) failed to allocate 32744 bytes. Error detail: Chunk::new
# Possible reasons:
#   The system is out of physical RAM or swap space
#   This process is running with CompressedOops enabled, and the Java Heap may be blocking the growth of the native heap
# Possible solutions:
#   Reduce memory load on the system
#   Increase physical memory or swap space
#   Check if swap backing store is full
#   Decrease Java heap size (-Xmx/-Xms)
#   Decrease number of Java threads
#   Decrease Java thread stack sizes (-Xss)
#   Set larger code cache with -XX:ReservedCodeCacheSize=
#   JVM is running with Zero Based Compressed Oops mode in which the Java heap is
#     placed in the first 32GB address space. The Java Heap base address is the
#     maximum limit for the native heap growth. Please use -XX:HeapBaseMinAddress
#     to set the Java Heap base and to place the Java Heap above 32GB virtual address.
# This output file may be truncated or incomplete.
#
#  Out of Memory Error (arena.cpp:149), pid=23164, tid=23120
#
# JRE version: Java(TM) SE Runtime Environment (23.0.1+11) (build 23.0.1+11-39)
# Java VM: Java HotSpot(TM) 64-Bit Server VM (23.0.1+11-39, mixed mode, tiered, compressed oops, compressed class ptrs, g1 gc, windows-amd64)
# No core dump will be written. Minidumps are not enabled by default on client versions of Windows
#

---------------  S U M M A R Y ------------

Command Line: -Dclassworlds.conf=C:\Program Files\NetBeans-24\netbeans\java\maven\bin\m2.conf -Dmaven.home=C:\Program Files\NetBeans-24\netbeans\java\maven -Dlibrary.jansi.path=C:\Program Files\NetBeans-24\netbeans\java\maven\lib\jansi-native -Dmaven.multiModuleProjectDirectory=C:\Users\Papa\Documents\NetBeansProjects\MotorPhPayroll org.codehaus.plexus.classworlds.launcher.Launcher -Dmaven.ext.class.path=C:\Program Files\NetBeans-24\netbeans\java\maven-nblib\netbeans-eventspy.jar --no-transfer-progress install

Host: AMD Ryzen 5 3400GE with Radeon Vega Graphics   , 8 cores, 13G,  Windows 11 , 64 bit Build 26100 (10.0.26100.7920)
Time: Sat Mar  7 14:06:43 2026 Malay Peninsula Standard Time elapsed time: 47.737666 seconds (0d 0h 0m 47s)

---------------  T H R E A D  ---------------

Current thread (0x000001bed035fdc0):  JavaThread "C1 CompilerThread0" daemon [_thread_in_native, id=23120, stack(0x0000003011d00000,0x0000003011e00000) (1024K)]


Current CompileTask:
C1:47737  182       3       java.util.zip.ZipFile$Source::isMetaName (141 bytes)

Stack: [0x0000003011d00000,0x0000003011e00000]
Native frames: (J=compiled Java code, j=interpreted, Vv=VM code, C=native code)
V  [jvm.dll+0x6e08b9]  (no source info available)
V  [jvm.dll+0x87dc83]  (no source info available)
V  [jvm.dll+0x88010e]  (no source info available)
V  [jvm.dll+0x8807e3]  (no source info available)
V  [jvm.dll+0x27aee6]  (no source info available)
V  [jvm.dll+0xbc06f]  (no source info available)
V  [jvm.dll+0xbc2cb]  (no source info available)
V  [jvm.dll+0x27d060]  (no source info available)
V  [jvm.dll+0x1503a2]  (no source info available)
V  [jvm.dll+0x14f8a8]  (no source info available)
V  [jvm.dll+0x1516ed]  (no source info available)
V  [jvm.dll+0x253cf1]  (no source info available)
V  [jvm.dll+0x251faa]  (no source info available)
V  [jvm.dll+0x3ee036]  (no source info available)
V  [jvm.dll+0x824f8b]  (no source info available)
V  [jvm.dll+0x6df065]  (no source info available)
C  [ucrtbase.dll+0x37b0]  (no source info available)
C  [KERNEL32.DLL+0x2e8d7]  (no source info available)
C  [ntdll.dll+0x8c48c]  (no source info available)

Lock stack of current Java thread (top to bottom):


---------------  P R O C E S S  ---------------

Threads class SMR info:
_java_thread_list=0x000001bed0436900, length=11, elements={
0x000001beb1849630, 0x000001bed032beb0, 0x000001bed032c910, 0x000001bed036c3f0,
0x000001bed0357860, 0x000001bed03582c0, 0x000001bed035ad30, 0x000001bed035bac0,
0x000001bed035fdc0, 0x000001bed046dc80, 0x000001bed047bb40
}

Java Threads: ( => current thread )
  0x000001beb1849630 JavaThread "main"                              [_thread_in_native, id=23220, stack(0x0000003010d00000,0x0000003010e00000) (1024K)]
  0x000001bed032beb0 JavaThread "Reference Handler"          daemon [_thread_blocked, id=32780, stack(0x0000003011600000,0x0000003011700000) (1024K)]
  0x000001bed032c910 JavaThread "Finalizer"                  daemon [_thread_blocked, id=37604, stack(0x0000003011700000,0x0000003011800000) (1024K)]
  0x000001bed036c3f0 JavaThread "Signal Dispatcher"          daemon [_thread_blocked, id=34700, stack(0x0000003011800000,0x0000003011900000) (1024K)]
  0x000001bed0357860 JavaThread "Attach Listener"            daemon [_thread_blocked, id=33100, stack(0x0000003011900000,0x0000003011a00000) (1024K)]
  0x000001bed03582c0 JavaThread "Service Thread"             daemon [_thread_blocked, id=32876, stack(0x0000003011a00000,0x0000003011b00000) (1024K)]
  0x000001bed035ad30 JavaThread "Monitor Deflation Thread"   daemon [_thread_blocked, id=33004, stack(0x0000003011b00000,0x0000003011c00000) (1024K)]
  0x000001bed035bac0 JavaThread "C2 CompilerThread0"         daemon [_thread_blocked, id=33432, stack(0x0000003011c00000,0x0000003011d00000) (1024K)]
=>0x000001bed035fdc0 JavaThread "C1 CompilerThread0"         daemon [_thread_in_native, id=23120, stack(0x0000003011d00000,0x0000003011e00000) (1024K)]
  0x000001bed046dc80 JavaThread "Notification Thread"        daemon [_thread_blocked, id=32984, stack(0x0000003011e00000,0x0000003011f00000) (1024K)]
  0x000001bed047bb40 JavaThread "Common-Cleaner"             daemon [_thread_blocked, id=38416, stack(0x0000003011f00000,0x0000003012000000) (1024K)]
Total: 11

Other Threads:
  0x000001bed027bb90 VMThread "VM Thread"                           [id=22000, stack(0x0000003011500000,0x0000003011600000) (1024K)]
  0x000001bed02680c0 WatcherThread "VM Periodic Task Thread"        [id=39164, stack(0x0000003011400000,0x0000003011500000) (1024K)]
  0x000001beb18a7650 WorkerThread "GC Thread#0"                     [id=34344, stack(0x0000003010f00000,0x0000003011000000) (1024K)]
  0x000001beb18bb130 ConcurrentGCThread "G1 Main Marker"            [id=34348, stack(0x0000003011000000,0x0000003011100000) (1024K)]
  0x000001beb18bbc40 WorkerThread "G1 Conc#0"                       [id=34352, stack(0x0000003011100000,0x0000003011200000) (1024K)]
  0x000001beb190eaa0 ConcurrentGCThread "G1 Refine#0"               [id=34356, stack(0x0000003011200000,0x0000003011300000) (1024K)]
  0x000001bed01377f0 ConcurrentGCThread "G1 Service"                [id=34360, stack(0x0000003011300000,0x0000003011400000) (1024K)]
Total: 7

Threads with active compile tasks:
C1 CompilerThread0  48163  182       3       java.util.zip.ZipFile$Source::isMetaName (141 bytes)
Total: 1

VM state: not at safepoint (normal execution)

VM Mutex/Monitor currently owned by a thread: None

Heap address: 0x0000000721200000, size: 3566 MB, Compressed Oops mode: Zero based, Oop shift amount: 3

CDS archive(s) not mapped
Compressed class space mapped at: 0x00000000a1000000-0x00000000e1000000, reserved size: 1073741824
Narrow klass base: 0x0000000000000000, Narrow klass shift: 0, Narrow klass range: 0xe1000000

GC Precious Log:
 CardTable entry size: 512
 Card Set container configuration: InlinePtr #cards 4 size 8 Array Of Cards #cards 16 size 48 Howl #buckets 8 coarsen threshold 3686 Howl Bitmap #cards 512 size 80 coarsen threshold 460 Card regions per heap region 1 cards per card region 4096
 CPUs: 8 total, 8 available
 Memory: 14258M
 Large Page Support: Disabled
 NUMA Support: Disabled
 Compressed Oops: Enabled (Zero based)
 Heap Region Size: 2M
 Heap Min Capacity: 8M
 Heap Initial Capacity: 224M
 Heap Max Capacity: 3566M
 Pre-touch: Disabled
 Parallel Workers: 8
 Concurrent Workers: 2
 Concurrent Refinement Workers: 8
 Periodic GC: Disabled

Heap:
 garbage-first heap   total reserved 3651584K, committed 229376K, used 2048K [0x0000000721200000, 0x0000000800000000)
  region size 2048K, 2 young (4096K), 0 survivors (0K)
 Metaspace       used 6896K, committed 7104K, reserved 1114112K
  class space    used 578K, committed 704K, reserved 1048576K

Heap Regions: E=young(eden), S=young(survivor), O=old, HS=humongous(starts), HC=humongous(continues), CS=collection set, F=free, TAMS=top-at-mark-start, PB=parsable bottom
|   0|0x0000000721200000, 0x0000000721200000, 0x0000000721400000|  0%| F|  |TAMS 0x0000000721200000| PB 0x0000000721200000| Untracked |  0
|   1|0x0000000721400000, 0x0000000721400000, 0x0000000721600000|  0%| F|  |TAMS 0x0000000721400000| PB 0x0000000721400000| Untracked |  0
|   2|0x0000000721600000, 0x0000000721600000, 0x0000000721800000|  0%| F|  |TAMS 0x0000000721600000| PB 0x0000000721600000| Untracked |  0
|   3|0x0000000721800000, 0x0000000721800000, 0x0000000721a00000|  0%| F|  |TAMS 0x0000000721800000| PB 0x0000000721800000| Untracked |  0
|   4|0x0000000721a00000, 0x0000000721a00000, 0x0000000721c00000|  0%| F|  |TAMS 0x0000000721a00000| PB 0x0000000721a00000| Untracked |  0
|   5|0x0000000721c00000, 0x0000000721c00000, 0x0000000721e00000|  0%| F|  |TAMS 0x0000000721c00000| PB 0x0000000721c00000| Untracked |  0
|   6|0x0000000721e00000, 0x0000000721e00000, 0x0000000722000000|  0%| F|  |TAMS 0x0000000721e00000| PB 0x0000000721e00000| Untracked |  0
|   7|0x0000000722000000, 0x0000000722000000, 0x0000000722200000|  0%| F|  |TAMS 0x0000000722000000| PB 0x0000000722000000| Untracked |  0
|   8|0x0000000722200000, 0x0000000722200000, 0x0000000722400000|  0%| F|  |TAMS 0x0000000722200000| PB 0x0000000722200000| Untracked |  0
|   9|0x0000000722400000, 0x0000000722400000, 0x0000000722600000|  0%| F|  |TAMS 0x0000000722400000| PB 0x0000000722400000| Untracked |  0
|  10|0x0000000722600000, 0x0000000722600000, 0x0000000722800000|  0%| F|  |TAMS 0x0000000722600000| PB 0x0000000722600000| Untracked |  0
|  11|0x0000000722800000, 0x0000000722800000, 0x0000000722a00000|  0%| F|  |TAMS 0x0000000722800000| PB 0x0000000722800000| Untracked |  0
|  12|0x0000000722a00000, 0x0000000722a00000, 0x0000000722c00000|  0%| F|  |TAMS 0x0000000722a00000| PB 0x0000000722a00000| Untracked |  0
|  13|0x0000000722c00000, 0x0000000722c00000, 0x0000000722e00000|  0%| F|  |TAMS 0x0000000722c00000| PB 0x0000000722c00000| Untracked |  0
|  14|0x0000000722e00000, 0x0000000722e00000, 0x0000000723000000|  0%| F|  |TAMS 0x0000000722e00000| PB 0x0000000722e00000| Untracked |  0
|  15|0x0000000723000000, 0x0000000723000000, 0x0000000723200000|  0%| F|  |TAMS 0x0000000723000000| PB 0x0000000723000000| Untracked |  0
|  16|0x0000000723200000, 0x0000000723200000, 0x0000000723400000|  0%| F|  |TAMS 0x0000000723200000| PB 0x0000000723200000| Untracked |  0
|  17|0x0000000723400000, 0x0000000723400000, 0x0000000723600000|  0%| F|  |TAMS 0x0000000723400000| PB 0x0000000723400000| Untracked |  0
|  18|0x0000000723600000, 0x0000000723600000, 0x0000000723800000|  0%| F|  |TAMS 0x0000000723600000| PB 0x0000000723600000| Untracked |  0
|  19|0x0000000723800000, 0x0000000723800000, 0x0000000723a00000|  0%| F|  |TAMS 0x0000000723800000| PB 0x0000000723800000| Untracked |  0
|  20|0x0000000723a00000, 0x0000000723a00000, 0x0000000723c00000|  0%| F|  |TAMS 0x0000000723a00000| PB 0x0000000723a00000| Untracked |  0
|  21|0x0000000723c00000, 0x0000000723c00000, 0x0000000723e00000|  0%| F|  |TAMS 0x0000000723c00000| PB 0x0000000723c00000| Untracked |  0
|  22|0x0000000723e00000, 0x0000000723e00000, 0x0000000724000000|  0%| F|  |TAMS 0x0000000723e00000| PB 0x0000000723e00000| Untracked |  0
|  23|0x0000000724000000, 0x0000000724000000, 0x0000000724200000|  0%| F|  |TAMS 0x0000000724000000| PB 0x0000000724000000| Untracked |  0
|  24|0x0000000724200000, 0x0000000724200000, 0x0000000724400000|  0%| F|  |TAMS 0x0000000724200000| PB 0x0000000724200000| Untracked |  0
|  25|0x0000000724400000, 0x0000000724400000, 0x0000000724600000|  0%| F|  |TAMS 0x0000000724400000| PB 0x0000000724400000| Untracked |  0
|  26|0x0000000724600000, 0x0000000724600000, 0x0000000724800000|  0%| F|  |TAMS 0x0000000724600000| PB 0x0000000724600000| Untracked |  0
|  27|0x0000000724800000, 0x0000000724800000, 0x0000000724a00000|  0%| F|  |TAMS 0x0000000724800000| PB 0x0000000724800000| Untracked |  0
|  28|0x0000000724a00000, 0x0000000724a00000, 0x0000000724c00000|  0%| F|  |TAMS 0x0000000724a00000| PB 0x0000000724a00000| Untracked |  0
|  29|0x0000000724c00000, 0x0000000724c00000, 0x0000000724e00000|  0%| F|  |TAMS 0x0000000724c00000| PB 0x0000000724c00000| Untracked |  0
|  30|0x0000000724e00000, 0x0000000724e00000, 0x0000000725000000|  0%| F|  |TAMS 0x0000000724e00000| PB 0x0000000724e00000| Untracked |  0
|  31|0x0000000725000000, 0x0000000725000000, 0x0000000725200000|  0%| F|  |TAMS 0x0000000725000000| PB 0x0000000725000000| Untracked |  0
|  32|0x0000000725200000, 0x0000000725200000, 0x0000000725400000|  0%| F|  |TAMS 0x0000000725200000| PB 0x0000000725200000| Untracked |  0
|  33|0x0000000725400000, 0x0000000725400000, 0x0000000725600000|  0%| F|  |TAMS 0x0000000725400000| PB 0x0000000725400000| Untracked |  0
|  34|0x0000000725600000, 0x0000000725600000, 0x0000000725800000|  0%| F|  |TAMS 0x0000000725600000| PB 0x0000000725600000| Untracked |  0
|  35|0x0000000725800000, 0x0000000725800000, 0x0000000725a00000|  0%| F|  |TAMS 0x0000000725800000| PB 0x0000000725800000| Untracked |  0
|  36|0x0000000725a00000, 0x0000000725a00000, 0x0000000725c00000|  0%| F|  |TAMS 0x0000000725a00000| PB 0x0000000725a00000| Untracked |  0
|  37|0x0000000725c00000, 0x0000000725c00000, 0x0000000725e00000|  0%| F|  |TAMS 0x0000000725c00000| PB 0x0000000725c00000| Untracked |  0
|  38|0x0000000725e00000, 0x0000000725e00000, 0x0000000726000000|  0%| F|  |TAMS 0x0000000725e00000| PB 0x0000000725e00000| Untracked |  0
|  39|0x0000000726000000, 0x0000000726000000, 0x0000000726200000|  0%| F|  |TAMS 0x0000000726000000| PB 0x0000000726000000| Untracked |  0
|  40|0x0000000726200000, 0x0000000726200000, 0x0000000726400000|  0%| F|  |TAMS 0x0000000726200000| PB 0x0000000726200000| Untracked |  0
|  41|0x0000000726400000, 0x0000000726400000, 0x0000000726600000|  0%| F|  |TAMS 0x0000000726400000| PB 0x0000000726400000| Untracked |  0
|  42|0x0000000726600000, 0x0000000726600000, 0x0000000726800000|  0%| F|  |TAMS 0x0000000726600000| PB 0x0000000726600000| Untracked |  0
|  43|0x0000000726800000, 0x0000000726800000, 0x0000000726a00000|  0%| F|  |TAMS 0x0000000726800000| PB 0x0000000726800000| Untracked |  0
|  44|0x0000000726a00000, 0x0000000726a00000, 0x0000000726c00000|  0%| F|  |TAMS 0x0000000726a00000| PB 0x0000000726a00000| Untracked |  0
|  45|0x0000000726c00000, 0x0000000726c00000, 0x0000000726e00000|  0%| F|  |TAMS 0x0000000726c00000| PB 0x0000000726c00000| Untracked |  0
|  46|0x0000000726e00000, 0x0000000726e00000, 0x0000000727000000|  0%| F|  |TAMS 0x0000000726e00000| PB 0x0000000726e00000| Untracked |  0
|  47|0x0000000727000000, 0x0000000727000000, 0x0000000727200000|  0%| F|  |TAMS 0x0000000727000000| PB 0x0000000727000000| Untracked |  0
|  48|0x0000000727200000, 0x0000000727200000, 0x0000000727400000|  0%| F|  |TAMS 0x0000000727200000| PB 0x0000000727200000| Untracked |  0
|  49|0x0000000727400000, 0x0000000727400000, 0x0000000727600000|  0%| F|  |TAMS 0x0000000727400000| PB 0x0000000727400000| Untracked |  0
|  50|0x0000000727600000, 0x0000000727600000, 0x0000000727800000|  0%| F|  |TAMS 0x0000000727600000| PB 0x0000000727600000| Untracked |  0
|  51|0x0000000727800000, 0x0000000727800000, 0x0000000727a00000|  0%| F|  |TAMS 0x0000000727800000| PB 0x0000000727800000| Untracked |  0
|  52|0x0000000727a00000, 0x0000000727a00000, 0x0000000727c00000|  0%| F|  |TAMS 0x0000000727a00000| PB 0x0000000727a00000| Untracked |  0
|  53|0x0000000727c00000, 0x0000000727c00000, 0x0000000727e00000|  0%| F|  |TAMS 0x0000000727c00000| PB 0x0000000727c00000| Untracked |  0
|  54|0x0000000727e00000, 0x0000000727e00000, 0x0000000728000000|  0%| F|  |TAMS 0x0000000727e00000| PB 0x0000000727e00000| Untracked |  0
|  55|0x0000000728000000, 0x0000000728000000, 0x0000000728200000|  0%| F|  |TAMS 0x0000000728000000| PB 0x0000000728000000| Untracked |  0
|  56|0x0000000728200000, 0x0000000728200000, 0x0000000728400000|  0%| F|  |TAMS 0x0000000728200000| PB 0x0000000728200000| Untracked |  0
|  57|0x0000000728400000, 0x0000000728400000, 0x0000000728600000|  0%| F|  |TAMS 0x0000000728400000| PB 0x0000000728400000| Untracked |  0
|  58|0x0000000728600000, 0x0000000728600000, 0x0000000728800000|  0%| F|  |TAMS 0x0000000728600000| PB 0x0000000728600000| Untracked |  0
|  59|0x0000000728800000, 0x0000000728800000, 0x0000000728a00000|  0%| F|  |TAMS 0x0000000728800000| PB 0x0000000728800000| Untracked |  0
|  60|0x0000000728a00000, 0x0000000728a00000, 0x0000000728c00000|  0%| F|  |TAMS 0x0000000728a00000| PB 0x0000000728a00000| Untracked |  0
|  61|0x0000000728c00000, 0x0000000728c00000, 0x0000000728e00000|  0%| F|  |TAMS 0x0000000728c00000| PB 0x0000000728c00000| Untracked |  0
|  62|0x0000000728e00000, 0x0000000728e00000, 0x0000000729000000|  0%| F|  |TAMS 0x0000000728e00000| PB 0x0000000728e00000| Untracked |  0
|  63|0x0000000729000000, 0x0000000729000000, 0x0000000729200000|  0%| F|  |TAMS 0x0000000729000000| PB 0x0000000729000000| Untracked |  0
|  64|0x0000000729200000, 0x0000000729200000, 0x0000000729400000|  0%| F|  |TAMS 0x0000000729200000| PB 0x0000000729200000| Untracked |  0
|  65|0x0000000729400000, 0x0000000729400000, 0x0000000729600000|  0%| F|  |TAMS 0x0000000729400000| PB 0x0000000729400000| Untracked |  0
|  66|0x0000000729600000, 0x0000000729600000, 0x0000000729800000|  0%| F|  |TAMS 0x0000000729600000| PB 0x0000000729600000| Untracked |  0
|  67|0x0000000729800000, 0x0000000729800000, 0x0000000729a00000|  0%| F|  |TAMS 0x0000000729800000| PB 0x0000000729800000| Untracked |  0
|  68|0x0000000729a00000, 0x0000000729a00000, 0x0000000729c00000|  0%| F|  |TAMS 0x0000000729a00000| PB 0x0000000729a00000| Untracked |  0
|  69|0x0000000729c00000, 0x0000000729c00000, 0x0000000729e00000|  0%| F|  |TAMS 0x0000000729c00000| PB 0x0000000729c00000| Untracked |  0
|  70|0x0000000729e00000, 0x0000000729e00000, 0x000000072a000000|  0%| F|  |TAMS 0x0000000729e00000| PB 0x0000000729e00000| Untracked |  0
|  71|0x000000072a000000, 0x000000072a000000, 0x000000072a200000|  0%| F|  |TAMS 0x000000072a000000| PB 0x000000072a000000| Untracked |  0
|  72|0x000000072a200000, 0x000000072a200000, 0x000000072a400000|  0%| F|  |TAMS 0x000000072a200000| PB 0x000000072a200000| Untracked |  0
|  73|0x000000072a400000, 0x000000072a400000, 0x000000072a600000|  0%| F|  |TAMS 0x000000072a400000| PB 0x000000072a400000| Untracked |  0
|  74|0x000000072a600000, 0x000000072a600000, 0x000000072a800000|  0%| F|  |TAMS 0x000000072a600000| PB 0x000000072a600000| Untracked |  0
|  75|0x000000072a800000, 0x000000072a800000, 0x000000072aa00000|  0%| F|  |TAMS 0x000000072a800000| PB 0x000000072a800000| Untracked |  0
|  76|0x000000072aa00000, 0x000000072aa00000, 0x000000072ac00000|  0%| F|  |TAMS 0x000000072aa00000| PB 0x000000072aa00000| Untracked |  0
|  77|0x000000072ac00000, 0x000000072ac00000, 0x000000072ae00000|  0%| F|  |TAMS 0x000000072ac00000| PB 0x000000072ac00000| Untracked |  0
|  78|0x000000072ae00000, 0x000000072ae00000, 0x000000072b000000|  0%| F|  |TAMS 0x000000072ae00000| PB 0x000000072ae00000| Untracked |  0
|  79|0x000000072b000000, 0x000000072b000000, 0x000000072b200000|  0%| F|  |TAMS 0x000000072b000000| PB 0x000000072b000000| Untracked |  0
|  80|0x000000072b200000, 0x000000072b200000, 0x000000072b400000|  0%| F|  |TAMS 0x000000072b200000| PB 0x000000072b200000| Untracked |  0
|  81|0x000000072b400000, 0x000000072b400000, 0x000000072b600000|  0%| F|  |TAMS 0x000000072b400000| PB 0x000000072b400000| Untracked |  0
|  82|0x000000072b600000, 0x000000072b600000, 0x000000072b800000|  0%| F|  |TAMS 0x000000072b600000| PB 0x000000072b600000| Untracked |  0
|  83|0x000000072b800000, 0x000000072b800000, 0x000000072ba00000|  0%| F|  |TAMS 0x000000072b800000| PB 0x000000072b800000| Untracked |  0
|  84|0x000000072ba00000, 0x000000072ba00000, 0x000000072bc00000|  0%| F|  |TAMS 0x000000072ba00000| PB 0x000000072ba00000| Untracked |  0
|  85|0x000000072bc00000, 0x000000072bc00000, 0x000000072be00000|  0%| F|  |TAMS 0x000000072bc00000| PB 0x000000072bc00000| Untracked |  0
|  86|0x000000072be00000, 0x000000072be00000, 0x000000072c000000|  0%| F|  |TAMS 0x000000072be00000| PB 0x000000072be00000| Untracked |  0
|  87|0x000000072c000000, 0x000000072c000000, 0x000000072c200000|  0%| F|  |TAMS 0x000000072c000000| PB 0x000000072c000000| Untracked |  0
|  88|0x000000072c200000, 0x000000072c200000, 0x000000072c400000|  0%| F|  |TAMS 0x000000072c200000| PB 0x000000072c200000| Untracked |  0
|  89|0x000000072c400000, 0x000000072c400000, 0x000000072c600000|  0%| F|  |TAMS 0x000000072c400000| PB 0x000000072c400000| Untracked |  0
|  90|0x000000072c600000, 0x000000072c600000, 0x000000072c800000|  0%| F|  |TAMS 0x000000072c600000| PB 0x000000072c600000| Untracked |  0
|  91|0x000000072c800000, 0x000000072c800000, 0x000000072ca00000|  0%| F|  |TAMS 0x000000072c800000| PB 0x000000072c800000| Untracked |  0
|  92|0x000000072ca00000, 0x000000072ca00000, 0x000000072cc00000|  0%| F|  |TAMS 0x000000072ca00000| PB 0x000000072ca00000| Untracked |  0
|  93|0x000000072cc00000, 0x000000072cc00000, 0x000000072ce00000|  0%| F|  |TAMS 0x000000072cc00000| PB 0x000000072cc00000| Untracked |  0
|  94|0x000000072ce00000, 0x000000072ce00000, 0x000000072d000000|  0%| F|  |TAMS 0x000000072ce00000| PB 0x000000072ce00000| Untracked |  0
|  95|0x000000072d000000, 0x000000072d000000, 0x000000072d200000|  0%| F|  |TAMS 0x000000072d000000| PB 0x000000072d000000| Untracked |  0
|  96|0x000000072d200000, 0x000000072d200000, 0x000000072d400000|  0%| F|  |TAMS 0x000000072d200000| PB 0x000000072d200000| Untracked |  0
|  97|0x000000072d400000, 0x000000072d400000, 0x000000072d600000|  0%| F|  |TAMS 0x000000072d400000| PB 0x000000072d400000| Untracked |  0
|  98|0x000000072d600000, 0x000000072d600000, 0x000000072d800000|  0%| F|  |TAMS 0x000000072d600000| PB 0x000000072d600000| Untracked |  0
|  99|0x000000072d800000, 0x000000072d800000, 0x000000072da00000|  0%| F|  |TAMS 0x000000072d800000| PB 0x000000072d800000| Untracked |  0
| 100|0x000000072da00000, 0x000000072da00000, 0x000000072dc00000|  0%| F|  |TAMS 0x000000072da00000| PB 0x000000072da00000| Untracked |  0
| 101|0x000000072dc00000, 0x000000072dc00000, 0x000000072de00000|  0%| F|  |TAMS 0x000000072dc00000| PB 0x000000072dc00000| Untracked |  0
| 102|0x000000072de00000, 0x000000072de00000, 0x000000072e000000|  0%| F|  |TAMS 0x000000072de00000| PB 0x000000072de00000| Untracked |  0
| 103|0x000000072e000000, 0x000000072e000000, 0x000000072e200000|  0%| F|  |TAMS 0x000000072e000000| PB 0x000000072e000000| Untracked |  0
| 104|0x000000072e200000, 0x000000072e200000, 0x000000072e400000|  0%| F|  |TAMS 0x000000072e200000| PB 0x000000072e200000| Untracked |  0
| 105|0x000000072e400000, 0x000000072e400000, 0x000000072e600000|  0%| F|  |TAMS 0x000000072e400000| PB 0x000000072e400000| Untracked |  0
| 106|0x000000072e600000, 0x000000072e600000, 0x000000072e800000|  0%| F|  |TAMS 0x000000072e600000| PB 0x000000072e600000| Untracked |  0
| 107|0x000000072e800000, 0x000000072e800000, 0x000000072ea00000|  0%| F|  |TAMS 0x000000072e800000| PB 0x000000072e800000| Untracked |  0
| 108|0x000000072ea00000, 0x000000072ea00000, 0x000000072ec00000|  0%| F|  |TAMS 0x000000072ea00000| PB 0x000000072ea00000| Untracked |  0
| 109|0x000000072ec00000, 0x000000072ec00000, 0x000000072ee00000|  0%| F|  |TAMS 0x000000072ec00000| PB 0x000000072ec00000| Untracked |  0
| 110|0x000000072ee00000, 0x000000072ee7ae40, 0x000000072f000000| 24%| E|  |TAMS 0x000000072ee00000| PB 0x000000072ee00000| Complete |  0
| 111|0x000000072f000000, 0x000000072f200000, 0x000000072f200000|100%| E|CS|TAMS 0x000000072f000000| PB 0x000000072f000000| Complete |  0

Card table byte_map: [0x000001bec99b0000,0x000001beca0b0000] _byte_map_base: 0x000001bec60a7000

Marking Bits: (CMBitMap*) 0x000001beb18a7d60
 Bits: [0x000001beca0b0000, 0x000001becd868000)

Polling page: 0x000001beaf4e0000

Metaspace:

Usage:
  Non-class:      6.17 MB used.
      Class:    578.67 KB used.
       Both:      6.74 MB used.

Virtual space:
  Non-class space:       64.00 MB reserved,       6.25 MB ( 10%) committed,  1 nodes.
      Class space:        1.00 GB reserved,     704.00 KB ( <1%) committed,  1 nodes.
             Both:        1.06 GB reserved,       6.94 MB ( <1%) committed. 

Chunk freelists:
   Non-Class:  9.00 MB
       Class:  15.25 MB
        Both:  24.25 MB

MaxMetaspaceSize: unlimited
CompressedClassSpaceSize: 1.00 GB
Initial GC threshold: 21.00 MB
Current GC threshold: 21.00 MB
CDS: off
 - commit_granule_bytes: 65536.
 - commit_granule_words: 8192.
 - virtual_space_node_default_size: 8388608.
 - enlarge_chunks_in_place: 1.
 - use_allocation_guard: 0.


Internal statistics:

num_allocs_failed_limit: 0.
num_arena_births: 10.
num_arena_deaths: 0.
num_vsnodes_births: 2.
num_vsnodes_deaths: 0.
num_space_committed: 111.
num_space_uncommitted: 0.
num_chunks_returned_to_freelist: 0.
num_chunks_taken_from_freelist: 31.
num_chunk_merges: 0.
num_chunk_splits: 14.
num_chunks_enlarged: 9.
num_inconsistent_stats: 0.

CodeHeap 'non-profiled nmethods': size=120064Kb used=52Kb max_used=52Kb free=120011Kb
 bounds [0x000001bec1a40000, 0x000001bec1cb0000, 0x000001bec8f80000]
CodeHeap 'profiled nmethods': size=120000Kb used=160Kb max_used=160Kb free=119840Kb
 bounds [0x000001beb9f80000, 0x000001beba1f0000, 0x000001bec14b0000]
CodeHeap 'non-nmethods': size=5696Kb used=1294Kb max_used=1309Kb free=4401Kb
 bounds [0x000001bec14b0000, 0x000001bec1720000, 0x000001bec1a40000]
CodeCache: size=245760Kb, used=1506Kb, max_used=1521Kb, free=244252Kb
 total_blobs=597, nmethods=181, adapters=322, full_count=0
Compilation: enabled, stopped_count=0, restarted_count=0

Compilation events (20 events):
Event: 44.566 Thread 0x000001bed035fdc0  172       3       java.util.zip.ZipUtils::CENFLG (9 bytes)
Event: 44.566 Thread 0x000001bed035fdc0 nmethod 172 0x000001beb9fa5d88 code [0x000001beb9fa5ea0, 0x000001beb9fa6048]
Event: 44.613 Thread 0x000001bed035bac0 nmethod 173 0x000001bec1a4c988 code [0x000001bec1a4ca80, 0x000001bec1a4cc38]
Event: 44.629 Thread 0x000001bed035fdc0  174       3       java.util.HashMap$Node::<init> (26 bytes)
Event: 44.629 Thread 0x000001bed035fdc0 nmethod 174 0x000001beb9fa6088 code [0x000001beb9fa61a0, 0x000001beb9fa6438]
Event: 44.629 Thread 0x000001bed035fdc0  175       3       jdk.internal.util.Preconditions::checkFromIndexSize (25 bytes)
Event: 44.629 Thread 0x000001bed035fdc0 nmethod 175 0x000001beb9fa6488 code [0x000001beb9fa65a0, 0x000001beb9fa6740]
Event: 44.629 Thread 0x000001bed035fdc0  177       3       java.util.jar.Manifest$FastInputStream::readLine (296 bytes)
Event: 44.630 Thread 0x000001bed035fdc0 nmethod 177 0x000001beb9fa6788 code [0x000001beb9fa6920, 0x000001beb9fa7158]
Event: 44.630 Thread 0x000001bed035fdc0  176       3       java.util.HashMap::put (13 bytes)
Event: 44.630 Thread 0x000001bed035fdc0 nmethod 176 0x000001beb9fa7188 code [0x000001beb9fa72c0, 0x000001beb9fa75b8]
Event: 44.630 Thread 0x000001bed035fdc0  178       3       java.util.jar.Manifest$FastInputStream::readLine (9 bytes)
Event: 44.630 Thread 0x000001bed035fdc0 nmethod 178 0x000001beb9fa7608 code [0x000001beb9fa7720, 0x000001beb9fa7880]
Event: 44.630 Thread 0x000001bed035fdc0  179  s    3       java.io.ByteArrayOutputStream::write (43 bytes)
Event: 44.631 Thread 0x000001bed035fdc0 nmethod 179 0x000001beb9fa7908 code [0x000001beb9fa7a60, 0x000001beb9fa7f98]
Event: 44.631 Thread 0x000001bed035fdc0  181       1       java.lang.String::value (5 bytes)
Event: 44.631 Thread 0x000001bed035bac0  180       4       java.lang.String::indexOf (41 bytes)
Event: 44.631 Thread 0x000001bed035fdc0 nmethod 181 0x000001bec1a4cc88 code [0x000001bec1a4cda0, 0x000001bec1a4ce70]
Event: 44.632 Thread 0x000001bed035bac0 nmethod 180 0x000001bec1a4cf88 code [0x000001bec1a4d080, 0x000001bec1a4d248]
Event: 45.718 Thread 0x000001bed035fdc0  182       3       java.util.zip.ZipFile$Source::isMetaName (141 bytes)

GC Heap History (0 events):
No events

Dll operation events (5 events):
Event: 9.666 Loaded shared library C:\Program Files\Java\jdk-23\bin\java.dll
Event: 26.803 Loaded shared library C:\Program Files\Java\jdk-23\bin\jsvml.dll
Event: 27.718 Loaded shared library C:\Program Files\Java\jdk-23\bin\net.dll
Event: 27.723 Loaded shared library C:\Program Files\Java\jdk-23\bin\nio.dll
Event: 29.784 Loaded shared library C:\Program Files\Java\jdk-23\bin\zip.dll

Deoptimization events (6 events):
Event: 38.823 Thread 0x000001beb1849630 Uncommon trap: trap_request=0xffffff45 fr.pc=0x000001bec1a48db4 relative=0x0000000000000274
Event: 38.823 Thread 0x000001beb1849630 Uncommon trap: reason=unstable_if action=reinterpret pc=0x000001bec1a48db4 method=jdk.internal.util.ArraysSupport.hashCodeOfUnsigned([BIII)I @ 1 c2
Event: 38.823 Thread 0x000001beb1849630 DEOPT PACKING pc=0x000001bec1a48db4 sp=0x0000003010dfda00
Event: 38.823 Thread 0x000001beb1849630 DEOPT UNPACKING pc=0x000001bec1504402 sp=0x0000003010dfd8c0 mode 2
Event: 44.511 Thread 0x000001beb1849630 DEOPT PACKING pc=0x000001beb9f80228 sp=0x0000003010dfe1f0
Event: 44.628 Thread 0x000001beb1849630 DEOPT UNPACKING pc=0x000001bec1504b22 sp=0x0000003010dfd678 mode 0

Classes loaded (20 events):
Event: 38.828 Loading class java/lang/invoke/LambdaFormBuffer
Event: 38.828 Loading class java/lang/invoke/LambdaFormBuffer done
Event: 38.828 Loading class java/lang/invoke/LambdaFormEditor$Transform
Event: 38.828 Loading class java/lang/invoke/LambdaFormEditor$Transform done
Event: 38.829 Loading class java/util/Arrays$LegacyMergeSort
Event: 38.829 Loading class java/util/Arrays$LegacyMergeSort done
Event: 38.829 Loading class java/util/TimSort
Event: 38.830 Loading class java/util/TimSort done
Event: 38.830 Loading class java/util/TreeMap$KeySet
Event: 38.830 Loading class java/util/TreeMap$KeySet done
Event: 38.830 Loading class java/util/TreeMap$KeyIterator
Event: 38.830 Loading class java/util/TreeMap$PrivateEntryIterator
Event: 38.830 Loading class java/util/TreeMap$PrivateEntryIterator done
Event: 38.830 Loading class java/util/TreeMap$KeyIterator done
Event: 38.831 Loading class java/net/URLClassLoader$1
Event: 38.831 Loading class java/net/URLClassLoader$1 done
Event: 38.831 Loading class jdk/internal/loader/URLClassPath$FileLoader
Event: 38.831 Loading class jdk/internal/loader/URLClassPath$FileLoader done
Event: 38.840 Loading class java/util/TreeMap$Entry
Event: 38.840 Loading class java/util/TreeMap$Entry done

Classes unloaded (0 events):
No events

Classes redefined (0 events):
No events

Internal exceptions (1 events):
Event: 38.819 Thread 0x000001beb1849630 Exception <a 'java/lang/NoSuchMethodError'{0x000000072ee27998}: 'int java.lang.invoke.DirectMethodHandle$Holder.invokeSpecial(java.lang.Object, java.lang.Object, java.lang.Object)'> (0x000000072ee27998) 
thrown [s\open\src\hotspot\share\interpreter\linkResolver.cpp, line 796]

VM Operations (0 events):
No events

Memory protections (0 events):
No events

Nmethod flushes (0 events):
No events

Events (11 events):
Event: 22.840 Thread 0x000001beb1849630 Thread added: 0x000001beb1849630
Event: 23.791 Thread 0x000001beb1849630 Thread added: 0x000001bed032beb0
Event: 23.791 Thread 0x000001beb1849630 Thread added: 0x000001bed032c910
Event: 23.793 Thread 0x000001beb1849630 Thread added: 0x000001bed036c3f0
Event: 23.793 Thread 0x000001beb1849630 Thread added: 0x000001bed0357860
Event: 23.793 Thread 0x000001beb1849630 Thread added: 0x000001bed03582c0
Event: 23.793 Thread 0x000001beb1849630 Thread added: 0x000001bed035ad30
Event: 23.793 Thread 0x000001beb1849630 Thread added: 0x000001bed035bac0
Event: 24.186 Thread 0x000001beb1849630 Thread added: 0x000001bed035fdc0
Event: 25.324 Thread 0x000001beb1849630 Thread added: 0x000001bed046dc80
Event: 25.335 Thread 0x000001beb1849630 Thread added: 0x000001bed047bb40


Dynamic libraries:
0x00007ff67dd80000 - 0x00007ff67dd90000 	C:\Program Files\Java\jdk-23\bin\java.exe
0x00007ffd5f560000 - 0x00007ffd5f7c7000 	C:\WINDOWS\SYSTEM32\ntdll.dll
0x00007ffd5e130000 - 0x00007ffd5e1f9000 	C:\WINDOWS\System32\KERNEL32.DLL
0x00007ffd5bf90000 - 0x00007ffd5c381000 	C:\WINDOWS\System32\KERNELBASE.dll
0x00007ffd5cf50000 - 0x00007ffd5d09b000 	C:\WINDOWS\System32\ucrtbase.dll
0x00007ffd57070000 - 0x00007ffd57087000 	C:\Program Files\Java\jdk-23\bin\jli.dll
0x00007ffd5e610000 - 0x00007ffd5e7d5000 	C:\WINDOWS\System32\USER32.dll
0x00007ffd5d150000 - 0x00007ffd5d177000 	C:\WINDOWS\System32\win32u.dll
0x00007ffd5da90000 - 0x00007ffd5dabb000 	C:\WINDOWS\System32\GDI32.dll
0x00007ffd5cc00000 - 0x00007ffd5cd2a000 	C:\WINDOWS\System32\gdi32full.dll
0x00007ffd5d0a0000 - 0x00007ffd5d143000 	C:\WINDOWS\System32\msvcp_win.dll
0x00007ffd59dc0000 - 0x00007ffd59ddb000 	C:\Program Files\Java\jdk-23\bin\VCRUNTIME140.dll
0x00007ffd4e0c0000 - 0x00007ffd4e353000 	C:\WINDOWS\WinSxS\amd64_microsoft.windows.common-controls_6595b64144ccf1df_6.0.26100.7922_none_3e089e1ee3342171\COMCTL32.dll
0x00007ffd5f460000 - 0x00007ffd5f509000 	C:\WINDOWS\System32\msvcrt.dll
0x00007ffd5ded0000 - 0x00007ffd5df01000 	C:\WINDOWS\System32\IMM32.DLL
0x00007ffd5a240000 - 0x00007ffd5a24c000 	C:\Program Files\Java\jdk-23\bin\vcruntime140_1.dll
0x00007ffd4eb00000 - 0x00007ffd4eb8e000 	C:\Program Files\Java\jdk-23\bin\msvcp140.dll
0x00007ffcfdc20000 - 0x00007ffcfe96f000 	C:\Program Files\Java\jdk-23\bin\server\jvm.dll
0x00007ffd5df10000 - 0x00007ffd5dfcb000 	C:\WINDOWS\System32\ADVAPI32.dll
0x00007ffd5d7f0000 - 0x00007ffd5d897000 	C:\WINDOWS\System32\sechost.dll
0x00007ffd5f320000 - 0x00007ffd5f438000 	C:\WINDOWS\System32\RPCRT4.dll
0x00007ffd5e480000 - 0x00007ffd5e4f4000 	C:\WINDOWS\System32\WS2_32.dll
0x00007ffd5bca0000 - 0x00007ffd5bcfe000 	C:\WINDOWS\SYSTEM32\POWRPROF.dll
0x00007ffd56060000 - 0x00007ffd56095000 	C:\WINDOWS\SYSTEM32\WINMM.dll
0x00007ffd560a0000 - 0x00007ffd560ab000 	C:\WINDOWS\SYSTEM32\VERSION.dll
0x00007ffd5bc80000 - 0x00007ffd5bc94000 	C:\WINDOWS\SYSTEM32\UMPDC.dll
0x00007ffd5abd0000 - 0x00007ffd5abeb000 	C:\WINDOWS\SYSTEM32\kernel.appcore.dll
0x00007ffd5a1f0000 - 0x00007ffd5a1fa000 	C:\Program Files\Java\jdk-23\bin\jimage.dll
0x00007ffd59e50000 - 0x00007ffd5a092000 	C:\WINDOWS\SYSTEM32\DBGHELP.DLL
0x00007ffd5dac0000 - 0x00007ffd5de42000 	C:\WINDOWS\System32\combase.dll
0x00007ffd5e7f0000 - 0x00007ffd5e8c7000 	C:\WINDOWS\System32\OLEAUT32.dll
0x00007ffd4ced0000 - 0x00007ffd4cf0b000 	C:\WINDOWS\SYSTEM32\dbgcore.DLL
0x00007ffd5cd30000 - 0x00007ffd5cdd5000 	C:\WINDOWS\System32\bcryptPrimitives.dll
0x00007ffd59d80000 - 0x00007ffd59d9e000 	C:\Program Files\Java\jdk-23\bin\java.dll
0x00007ffd5d8f0000 - 0x00007ffd5da85000 	C:\WINDOWS\System32\ole32.dll
0x00007ffd5e9c0000 - 0x00007ffd5f11f000 	C:\WINDOWS\System32\SHELL32.dll
0x00007ffd5cde0000 - 0x00007ffd5cf4a000 	C:\WINDOWS\System32\wintypes.dll
0x00007ffd5c390000 - 0x00007ffd5cbf4000 	C:\WINDOWS\System32\windows.storage.dll
0x00007ffd5f130000 - 0x00007ffd5f227000 	C:\WINDOWS\System32\SHCORE.dll
0x00007ffd5e8d0000 - 0x00007ffd5e937000 	C:\WINDOWS\System32\shlwapi.dll
0x00007ffd5bd60000 - 0x00007ffd5bd89000 	C:\WINDOWS\SYSTEM32\profapi.dll
0x00007ffd06010000 - 0x00007ffd060e7000 	C:\Program Files\Java\jdk-23\bin\jsvml.dll
0x00007ffd580c0000 - 0x00007ffd580d0000 	C:\Program Files\Java\jdk-23\bin\net.dll
0x00007ffd5b140000 - 0x00007ffd5b1ab000 	C:\WINDOWS\system32\mswsock.dll
0x00007ffd55950000 - 0x00007ffd55966000 	C:\Program Files\Java\jdk-23\bin\nio.dll
0x00007ffd52b10000 - 0x00007ffd52b27000 	C:\Program Files\Java\jdk-23\bin\zip.dll

dbghelp: loaded successfully - version: 4.0.5 - missing functions: none
symbol engine: initialized successfully - sym options: 0x614 - pdb path: .;C:\Program Files\Java\jdk-23\bin;C:\WINDOWS\SYSTEM32;C:\WINDOWS\WinSxS\amd64_microsoft.windows.common-controls_6595b64144ccf1df_6.0.26100.7922_none_3e089e1ee3342171;C:\Program Files\Java\jdk-23\bin\server

VM Arguments:
jvm_args: -Dclassworlds.conf=C:\Program Files\NetBeans-24\netbeans\java\maven\bin\m2.conf -Dmaven.home=C:\Program Files\NetBeans-24\netbeans\java\maven -Dlibrary.jansi.path=C:\Program Files\NetBeans-24\netbeans\java\maven\lib\jansi-native -Dmaven.multiModuleProjectDirectory=C:\Users\Papa\Documents\NetBeansProjects\MotorPhPayroll 
java_command: org.codehaus.plexus.classworlds.launcher.Launcher -Dmaven.ext.class.path=C:\Program Files\NetBeans-24\netbeans\java\maven-nblib\netbeans-eventspy.jar --no-transfer-progress install
java_class_path (initial): C:\Program Files\NetBeans-24\netbeans\java\maven\boot\plexus-classworlds-2.8.0.jar
Launcher Type: SUN_STANDARD

[Global flags]
     intx CICompilerCount                          = 4                                         {product} {ergonomic}
     uint ConcGCThreads                            = 2                                         {product} {ergonomic}
     uint G1ConcRefinementThreads                  = 8                                         {product} {ergonomic}
   size_t G1HeapRegionSize                         = 2097152                                   {product} {ergonomic}
   size_t InitialHeapSize                          = 234881024                                 {product} {ergonomic}
   size_t MarkStackSize                            = 4194304                                   {product} {ergonomic}
   size_t MarkStackSizeMax                         = 536870912                                 {product} {ergonomic}
   size_t MaxHeapSize                              = 3739222016                                {product} {ergonomic}
   size_t MaxNewSize                               = 2241855488                                {product} {ergonomic}
   size_t MinHeapDeltaBytes                        = 2097152                                   {product} {ergonomic}
   size_t MinHeapSize                              = 8388608                                   {product} {ergonomic}
    uintx NonNMethodCodeHeapSize                   = 5832704                                {pd product} {ergonomic}
    uintx NonProfiledCodeHeapSize                  = 122945536                              {pd product} {ergonomic}
    uintx ProfiledCodeHeapSize                     = 122880000                              {pd product} {ergonomic}
    uintx ReservedCodeCacheSize                    = 251658240                              {pd product} {ergonomic}
     bool SegmentedCodeCache                       = true                                      {product} {ergonomic}
   size_t SoftMaxHeapSize                          = 3739222016                             {manageable} {ergonomic}
     bool UseCompressedOops                        = true                           {product lp64_product} {ergonomic}
     bool UseG1GC                                  = true                                      {product} {ergonomic}
     bool UseLargePagesIndividualAllocation        = false                                  {pd product} {ergonomic}

Logging:
Log output configuration:
 #0: stdout all=warning uptime,level,tags foldmultilines=false
 #1: stderr all=off uptime,level,tags foldmultilines=false

Environment Variables:
JAVA_HOME=C:\Program Files\Java\jdk-23
PATH=C:\Program Files\Common Files\Oracle\Java\javapath;C:\Python312\Scripts\;C:\Python312\;C:\WINDOWS\system32;C:\WINDOWS;C:\WINDOWS\System32\Wbem;C:\WINDOWS\System32\WindowsPowerShell\v1.0\;C:\WINDOWS\System32\OpenSSH\;C:\Program Files\nodejs\;C:\ProgramData\chocolatey\bin;C:\Program Files (x86)\AOMEI\AOMEI Backupper\7.4.1;C:\Program Files\Java\jdk-23\bin;C:\Users\Papa\AppData\Local\GitHubDesktop\bin;C:\Users\Papa\AppData\Local\Programs\Microsoft VS Code\bin;C:\Users\Papa\AppData\Local\Programs\Git\cmd;C:\Users\Papa\AppData\Roaming\npm;C:\Users\Papa\AppData\Local\Microsoft\WindowsApps;
USERNAME=Papa
OS=Windows_NT
PROCESSOR_IDENTIFIER=AMD64 Family 23 Model 24 Stepping 1, AuthenticAMD
TMP=C:\Users\Papa\AppData\Local\Temp
TEMP=C:\Users\Papa\AppData\Local\Temp




Periodic native trim disabled

---------------  S Y S T E M  ---------------

OS:
 Windows 11 , 64 bit Build 26100 (10.0.26100.7920)
OS uptime: 1 days 18:47 hours

CPU: total 8 (initial active 8) (8 cores per cpu, 2 threads per core) family 23 model 24 stepping 1 microcode 0x8108109, cx8, cmov, fxsr, ht, mmx, 3dnowpref, sse, sse2, sse3, ssse3, sse4a, sse4.1, sse4.2, popcnt, lzcnt, tsc, tscinvbit, avx, avx2, aes, clmul, bmi1, bmi2, adx, sha, fma, vzeroupper, clflush, clflushopt, rdtscp, f16c
Processor Information for the first 8 processors :
  Max Mhz: 3300, Current Mhz: 3300, Mhz Limit: 3300

Memory: 4k page, system-wide physical 14258M (1964M free)
TotalPageFile size 57266M (AvailPageFile size 102M)
current process WorkingSet (physical memory assigned to process): 35M, peak: 35M
current process commit charge ("private bytes"): 303M, peak: 303M

vm_info: Java HotSpot(TM) 64-Bit Server VM (23.0.1+11-39) for windows-amd64 JRE (23.0.1+11-39), built on 2024-09-30T07:20:43Z with MS VC++ 17.6 (VS2022)

END.
