#
# There is insufficient memory for the Java Runtime Environment to continue.
# Native memory allocation (mmap) failed to map 65536 bytes. Error detail: Failed to commit metaspace.
# Possible reasons:
#   The system is out of physical RAM or swap space
#   This process is running with CompressedOops enabled, and the Java Heap may be blocking the growth of the native heap
# Possible solutions:
#   Reduce memory load on the system
#   Increase physical memory or swap space
#   Check if swap backing store is full
#   Decrease Java heap size (-Xmx/-Xms)
#   Decrease number of Java threads
#   Decrease Java thread stack sizes (-Xss)
#   Set larger code cache with -XX:ReservedCodeCacheSize=
#   JVM is running with Zero Based Compressed Oops mode in which the Java heap is
#     placed in the first 32GB address space. The Java Heap base address is the
#     maximum limit for the native heap growth. Please use -XX:HeapBaseMinAddress
#     to set the Java Heap base and to place the Java Heap above 32GB virtual address.
# This output file may be truncated or incomplete.
#
#  Out of Memory Error (virtualSpaceNode.cpp:113), pid=36008, tid=24588
#
# JRE version: Java(TM) SE Runtime Environment (23.0.1+11) (build 23.0.1+11-39)
# Java VM: Java HotSpot(TM) 64-Bit Server VM (23.0.1+11-39, mixed mode, sharing, tiered, compressed oops, compressed class ptrs, g1 gc, windows-amd64)
# No core dump will be written. Minidumps are not enabled by default on client versions of Windows
#

---------------  S U M M A R Y ------------

Command Line: -Dclassworlds.conf=C:\Program Files\NetBeans-24\netbeans\java\maven\bin\m2.conf -Dmaven.home=C:\Program Files\NetBeans-24\netbeans\java\maven -Dlibrary.jansi.path=C:\Program Files\NetBeans-24\netbeans\java\maven\lib\jansi-native -Dmaven.multiModuleProjectDirectory=C:\Users\Papa\Documents\NetBeansProjects\MotorPhPayroll org.codehaus.plexus.classworlds.launcher.Launcher -Dmaven.ext.class.path=C:\Program Files\NetBeans-24\netbeans\java\maven-nblib\netbeans-eventspy.jar --no-transfer-progress install

Host: AMD Ryzen 5 3400GE with Radeon Vega Graphics   , 8 cores, 13G,  Windows 11 , 64 bit Build 26100 (10.0.26100.7920)
Time: Sat Mar  7 14:06:43 2026 Malay Peninsula Standard Time elapsed time: 24.376449 seconds (0d 0h 0m 24s)

---------------  T H R E A D  ---------------

Current thread (0x000001bafe3f0e10):  JavaThread "main"             [_thread_in_vm, id=24588, stack(0x000000b45bb00000,0x000000b45bc00000) (1024K)]

Stack: [0x000000b45bb00000,0x000000b45bc00000]
Native frames: (J=compiled Java code, j=interpreted, Vv=VM code, C=native code)
V  [jvm.dll+0x6e08b9]  (no source info available)
V  [jvm.dll+0x87dc83]  (no source info available)
V  [jvm.dll+0x88010e]  (no source info available)
V  [jvm.dll+0x8807e3]  (no source info available)
V  [jvm.dll+0x27aee6]  (no source info available)
V  [jvm.dll+0x87988e]  (no source info available)
V  [jvm.dll+0x682035]  (no source info available)
V  [jvm.dll+0x1e09dc]  (no source info available)
V  [jvm.dll+0x1e07ae]  (no source info available)
V  [jvm.dll+0x684988]  (no source info available)
V  [jvm.dll+0x2219dc]  (no source info available)
V  [jvm.dll+0x682a4e]  (no source info available)
V  [jvm.dll+0x265551]  (no source info available)
V  [jvm.dll+0x21208f]  (no source info available)
V  [jvm.dll+0x21244a]  (no source info available)
V  [jvm.dll+0x212e71]  (no source info available)
V  [jvm.dll+0x20811e]  (no source info available)
V  [jvm.dll+0x5be6df]  (no source info available)
V  [jvm.dll+0x7f3ad6]  (no source info available)
V  [jvm.dll+0x475cf6]  (no source info available)
V  [jvm.dll+0x47bb98]  (no source info available)
C  [java.dll+0x17d4]  (no source info available)
C  0x000001ba90a578fc  (no source info available)

The last pc belongs to native nmethod (printed below).
Java frames: (J=compiled Java code, j=interpreted, Vv=VM code)
J 523  java.lang.ClassLoader.defineClass1(Ljava/lang/ClassLoader;Ljava/lang/String;[BIILjava/security/ProtectionDomain;Ljava/lang/String;)Ljava/lang/Class; java.base@23.0.1 (0 bytes) @ 0x000001ba90a57861 [0x000001ba90a577a0+0x00000000000000c1]
j  java.lang.ClassLoader.defineClass(Ljava/lang/String;[BIILjava/security/ProtectionDomain;)Ljava/lang/Class;+27 java.base@23.0.1
j  java.security.SecureClassLoader.defineClass(Ljava/lang/String;[BIILjava/security/CodeSource;)Ljava/lang/Class;+12 java.base@23.0.1
j  java.net.URLClassLoader.defineClass(Ljava/lang/String;Ljdk/internal/loader/Resource;)Ljava/lang/Class;+220 java.base@23.0.1
j  java.net.URLClassLoader$1.run()Ljava/lang/Class;+43 java.base@23.0.1
j  java.net.URLClassLoader$1.run()Ljava/lang/Object;+1 java.base@23.0.1
j  java.security.AccessController.executePrivileged(Ljava/security/PrivilegedExceptionAction;Ljava/security/AccessControlContext;Ljava/lang/Class;)Ljava/lang/Object;+29 java.base@23.0.1
j  java.security.AccessController.doPrivileged(Ljava/security/PrivilegedExceptionAction;Ljava/security/AccessControlContext;)Ljava/lang/Object;+13 java.base@23.0.1
j  java.net.URLClassLoader.findClass(Ljava/lang/String;)Ljava/lang/Class;+13 java.base@23.0.1
j  org.codehaus.plexus.classworlds.realm.ClassRealm.findClassInternal(Ljava/lang/String;)Ljava/lang/Class;+2
j  org.codehaus.plexus.classworlds.realm.ClassRealm.loadClassFromSelf(Ljava/lang/String;)Ljava/lang/Class;+20
j  org.codehaus.plexus.classworlds.strategy.SelfFirstStrategy.loadClass(Ljava/lang/String;)Ljava/lang/Class;+18
j  org.codehaus.plexus.classworlds.realm.ClassRealm.unsynchronizedLoadClass(Ljava/lang/String;Z)Ljava/lang/Class;+13
j  org.codehaus.plexus.classworlds.realm.ClassRealm.loadClass(Ljava/lang/String;Z)Ljava/lang/Class;+9
j  org.codehaus.plexus.classworlds.realm.ClassRealm.loadClass(Ljava/lang/String;)Ljava/lang/Class;+3
v  ~StubRoutines::call_stub 0x000001ba904a0fcd
j  org.codehaus.plexus.util.xml.Xpp3DomBuilder.build(Ljava/io/Reader;ZLorg/codehaus/plexus/util/xml/Xpp3DomBuilder$InputLocationBuilder;)Lorg/codehaus/plexus/util/xml/Xpp3Dom;+0
j  org.codehaus.plexus.util.xml.Xpp3DomBuilder.build(Ljava/io/Reader;Lorg/codehaus/plexus/util/xml/Xpp3DomBuilder$InputLocationBuilder;)Lorg/codehaus/plexus/util/xml/Xpp3Dom;+3
j  org.codehaus.plexus.util.xml.Xpp3DomBuilder.build(Ljava/io/Reader;)Lorg/codehaus/plexus/util/xml/Xpp3Dom;+2
j  org.apache.maven.project.ExtensionDescriptorBuilder.build(Ljava/io/InputStream;)Lorg/apache/maven/project/ExtensionDescriptor;+12
j  org.apache.maven.extension.internal.CoreExtensionEntry.discoverFrom(Lorg/codehaus/plexus/classworlds/realm/ClassRealm;)Lorg/apache/maven/extension/internal/CoreExtensionEntry;+55
j  org.apache.maven.cli.MavenCli.container(Lorg/apache/maven/cli/CliRequest;)Lorg/codehaus/plexus/PlexusContainer;+70
j  org.apache.maven.cli.MavenCli.doMain(Lorg/apache/maven/cli/CliRequest;)I+34
j  org.apache.maven.cli.MavenCli.main([Ljava/lang/String;Lorg/codehaus/plexus/classworlds/ClassWorld;)I+24
j  java.lang.invoke.DirectMethodHandle$Holder.invokeStatic(Ljava/lang/Object;Ljava/lang/Object;Ljava/lang/Object;)I+11 java.base@23.0.1
j  java.lang.invoke.LambdaForm$MH+0x000001baa1009400.invoke(Ljava/lang/Object;Ljava/lang/Object;Ljava/lang/Object;Ljava/lang/Object;)Ljava/lang/Object;+54 java.base@23.0.1
j  java.lang.invoke.LambdaForm$MH+0x000001baa1009800.invokeExact_MT(Ljava/lang/Object;Ljava/lang/Object;Ljava/lang/Object;Ljava/lang/Object;Ljava/lang/Object;)Ljava/lang/Object;+22 java.base@23.0.1
j  jdk.internal.reflect.DirectMethodHandleAccessor.invokeImpl(Ljava/lang/Object;[Ljava/lang/Object;)Ljava/lang/Object;+72 java.base@23.0.1
j  jdk.internal.reflect.DirectMethodHandleAccessor.invoke(Ljava/lang/Object;[Ljava/lang/Object;)Ljava/lang/Object;+23 java.base@23.0.1
j  java.lang.reflect.Method.invoke(Ljava/lang/Object;[Ljava/lang/Object;)Ljava/lang/Object;+102 java.base@23.0.1
j  org.codehaus.plexus.classworlds.launcher.Launcher.launchEnhanced([Ljava/lang/String;)V+45
j  org.codehaus.plexus.classworlds.launcher.Launcher.launch([Ljava/lang/String;)V+2
j  org.codehaus.plexus.classworlds.launcher.Launcher.mainWithExitCode([Ljava/lang/String;)I+108
j  org.codehaus.plexus.classworlds.launcher.Launcher.main([Ljava/lang/String;)V+1
v  ~StubRoutines::call_stub 0x000001ba904a0fcd
Lock stack of current Java thread (top to bottom):
LockStack[0]: java.lang.Object 
{0x000000072eab7a40} - klass: 'java/lang/Object'
 - ---- fields (total size 2 words):


Compiled method (n/a) 24652  523     n 0       java.lang.ClassLoader::defineClass1 (native)
 total in heap  [0x000001ba90a57688,0x000001ba90a57c40] = 1464
 relocation     [0x000001ba90a57760,0x000001ba90a57798] = 56
 main code      [0x000001ba90a577a0,0x000001ba90a57c3f] = 1183
 stub code      [0x000001ba90a57c3f,0x000001ba90a57c40] = 1

[Constant Pool (empty)]

[MachCode]
[Entry Point]
  # {method} {0x000001baa0478b70} 'defineClass1' '(Ljava/lang/ClassLoader;Ljava/lang/String;[BIILjava/security/ProtectionDomain;Ljava/lang/String;)Ljava/lang/Class;' in 'java/lang/ClassLoader'
  # parm0:    rdx:rdx   = 'java/lang/ClassLoader'
  # parm1:    r8:r8     = 'java/lang/String'
  # parm2:    r9:r9     = '[B'
  # parm3:    rdi       = int
  # parm4:    rsi       = int
  # parm5:    rcx:rcx   = 'java/security/ProtectionDomain'
  # parm6:    [sp+0xa0]   = 'java/lang/String'  (sp of caller)
  0x000001ba90a577a0: 6690 448b | 5208 443b 

  0x000001ba90a577a8: ;   {runtime_call ic_miss_stub}
  0x000001ba90a577a8: 5008 0f85 | 306d a9ff 
[Verified Entry Point]
  0x000001ba90a577b0: 8984 2400 | 80ff ff55 | 488b ec48 | 81ec 9000 | 0000 6690 | 4181 7f20 | 0100 0000 

  0x000001ba90a577cc: ;   {runtime_call StubRoutines (final stubs)}
  0x000001ba90a577cc: 7405 e86d | ffa7 ff48 | 837d 1000 | 488d 4510 | 480f 4445 | 1048 8944 | 2440 4889 | 4c24 7048 
  0x000001ba90a577ec: 83f9 0048 | 8d44 2470 | 480f 4444 | 2470 4889 | 4424 3848 | 8974 2430 | 4889 7c24 | 284c 894c 
  0x000001ba90a5780c: 2458 4983 | f900 488d | 4424 5848 | 0f44 4424 | 5848 8944 | 2420 4c89 | 4424 5049 | 83f8 004c 
  0x000001ba90a5782c: 8d4c 2450 | 4c0f 444c | 2450 4889 | 5424 4848 | 83fa 004c | 8d44 2448 | 4c0f 4444 

  0x000001ba90a57848: ;   {oop(a 'java/lang/Class'{0x000000072f001478} = 'java/lang/ClassLoader')}
  0x000001ba90a57848: 2448 49be | 7814 002f | 0700 0000 | 4c89 7424 | 784c 8d74 | 2478 498b | d6c5 f877 

  0x000001ba90a57864: ;   {internal_word}
  0x000001ba90a57864: 49ba 6178 | a590 ba01 | 0000 4d89 | 97a8 0300 | 0049 89a7 | a003 0000 

  0x000001ba90a5787c: ;   {external_word}
  0x000001ba90a5787c: 49ba 41ad | 86fe fc7f | 0000 4180 | 3a00 0f84 | 4e00 0000 | 5241 5041 

  0x000001ba90a57894: ;   {metadata({method} {0x000001baa0478b70} 'defineClass1' '(Ljava/lang/ClassLoader;Ljava/lang/String;[BIILjava/security/ProtectionDomain;Ljava/lang/String;)Ljava/lang/Class;' in 'java/lang/ClassLoader')}
  0x000001ba90a57894: 5148 ba68 | 8b47 a0ba | 0100 0049 | 8bcf 4883 | ec20 40f6 | c40f 0f84 | 1900 0000 | 4883 ec08 
  0x000001ba90a578b4: ;   {runtime_call}
  0x000001ba90a578b4: 48b8 10ee | 36fe fc7f | 0000 ffd0 | 4883 c408 | e90c 0000 

  0x000001ba90a578c8: ;   {runtime_call}
  0x000001ba90a578c8: 0048 b810 | ee36 fefc | 7f00 00ff | d048 83c4 | 2041 5941 | 585a 498d | 8fc0 0300 | 0041 c787 
  0x000001ba90a578e8: 4404 0000 | 0400 0000 

  0x000001ba90a578f0: ;   {runtime_call}
  0x000001ba90a578f0: 48b8 9416 | d859 fd7f | 0000 ffd0 | c5f8 7741 | c787 4404 | 0000 0500 | 0000 f083 | 4424 c000 
  0x000001ba90a57910: 493b af48 | 0400 000f | 870e 0000 | 0041 83bf | 4004 0000 | 000f 842b | 0000 00c5 | f877 4889 
  0x000001ba90a57930: 45f8 498b | cf4c 8be4 | 4883 ec20 | 4883 e4f0 

  0x000001ba90a57940: ;   {runtime_call}
  0x000001ba90a57940: 48b8 90a9 | 00fe fc7f | 0000 ffd0 | 498b e44d | 33e4 488b | 45f8 41c7 | 8744 0400 | 0008 0000 
  0x000001ba90a57960: 0041 83bf | c804 0000 | 020f 84a3 

  0x000001ba90a5796c: ;   {external_word}
  0x000001ba90a5796c: 0200 0049 | ba41 ad86 | fefc 7f00 | 0041 803a | 000f 844c | 0000 0048 

  0x000001ba90a57984: ;   {metadata({method} {0x000001baa0478b70} 'defineClass1' '(Ljava/lang/ClassLoader;Ljava/lang/String;[BIILjava/security/ProtectionDomain;Ljava/lang/String;)Ljava/lang/Class;' in 'java/lang/ClassLoader')}
  0x000001ba90a57984: 8945 f848 | ba68 8b47 | a0ba 0100 | 0049 8bcf | 4883 ec20 | 40f6 c40f | 0f84 1900 | 0000 4883 
  0x000001ba90a579a4: ;   {runtime_call}
  0x000001ba90a579a4: ec08 48b8 | 10ee 36fe | fc7f 0000 | ffd0 4883 | c408 e90c 

  0x000001ba90a579b8: ;   {runtime_call}
  0x000001ba90a579b8: 0000 0048 | b810 ee36 | fefc 7f00 | 00ff d048 | 83c4 2048 | 8b45 f849 | c787 a003 | 0000 0000 
  0x000001ba90a579d8: 0000 49c7 | 87a8 0300 | 0000 0000 | 00c5 f877 | 4885 c00f | 84fe 0100 | 00a8 030f | 8508 0000 
  0x000001ba90a579f8: 0048 8b00 | e9ee 0100 | 00a8 010f | 8509 0000 | 0048 8b40 | fee9 dd01 | 0000 488b | 40ff 4180 
  0x000001ba90a57a18: 7f38 000f | 84ce 0100 | 0048 83f8 | 000f 84c4 | 0100 0049 | 8b4f 2848 | 83f9 000f | 8414 0000 
  0x000001ba90a57a38: 0048 83e9 | 0849 894f | 2849 034f | 3048 8901 | e9a2 0100 | 0048 81ec | d000 0000 | 4889 0424 
  0x000001ba90a57a58: 4889 4c24 | 0848 8954 | 2410 4889 | 7424 1848 | 897c 2420 | 4c89 4424 | 284c 894c | 2430 4c89 
  0x000001ba90a57a78: 5424 384c | 895c 2440 | c5fb 1144 | 2450 c5fb | 114c 2458 | c5fb 1154 | 2460 c5fb | 115c 2468 
  0x000001ba90a57a98: c5fb 1164 | 2470 c5fb | 116c 2478 | c5fb 11b4 | 2480 0000 | 00c5 fb11 | bc24 8800 | 0000 c57b 
  0x000001ba90a57ab8: ;   {no_reloc}
  0x000001ba90a57ab8: 1184 2490 | 0000 00c5 | 7b11 8c24 | 9800 0000 | c57b 1194 | 24a0 0000 | 00c5 7b11 | 9c24 a800 
  0x000001ba90a57ad8: 0000 c57b | 11a4 24b0 | 0000 00c5 | 7b11 ac24 | b800 0000 | c57b 11b4 | 24c0 0000 | 00c5 7b11 
  0x000001ba90a57af8: bc24 c800 | 0000 498b | d748 8bc8 | 4883 ec20 | 40f6 c40f | 0f84 1900 | 0000 4883 

  0x000001ba90a57b14: ;   {runtime_call}
  0x000001ba90a57b14: ec08 48b8 | e007 f4fd | fc7f 0000 | ffd0 4883 | c408 e90c 

  0x000001ba90a57b28: ;   {runtime_call}
  0x000001ba90a57b28: 0000 0048 | b8e0 07f4 | fdfc 7f00 | 00ff d048 | 83c4 20c5 | 7b10 bc24 | c800 0000 | c57b 10b4 
  0x000001ba90a57b48: 24c0 0000 | 00c5 7b10 | ac24 b800 | 0000 c57b | 10a4 24b0 | 0000 00c5 | 7b10 9c24 | a800 0000 
  0x000001ba90a57b68: c57b 1094 | 24a0 0000 | 00c5 7b10 | 8c24 9800 | 0000 c57b | 1084 2490 | 0000 00c5 | fb10 bc24 
  0x000001ba90a57b88: 8800 0000 | c5fb 10b4 | 2480 0000 | 00c5 fb10 | 6c24 78c5 | fb10 6424 | 70c5 fb10 | 5c24 68c5 
  0x000001ba90a57ba8: fb10 5424 | 60c5 fb10 | 4c24 58c5 | fb10 4424 | 504c 8b5c | 2440 4c8b | 5424 384c | 8b4c 2430 
  0x000001ba90a57bc8: 4c8b 4424 | 2848 8b7c | 2420 488b | 7424 1848 | 8b54 2410 | 488b 4c24 | 0848 8b04 | 2448 81c4 
  0x000001ba90a57be8: d000 0000 | c5f8 7749 | 8b8f 3004 | 0000 c781 | 0001 0000 | 0000 0000 | c949 837f | 0800 0f85 
  0x000001ba90a57c08: 0100 0000 

  0x000001ba90a57c0c: ;   {runtime_call StubRoutines (initial stubs)}
  0x000001ba90a57c0c: c3e9 ae92 | a4ff c5f8 | 7748 8945 | f84c 8be4 | 4883 ec20 | 4883 e4f0 

  0x000001ba90a57c24: ;   {runtime_call}
  0x000001ba90a57c24: 48b8 c022 | 37fe fc7f | 0000 ffd0 | 498b e44d | 33e4 488b | 45f8 e930 | fdff fff4 
[/MachCode]


---------------  P R O C E S S  ---------------

Threads class SMR info:
_java_thread_list=0x000001ba9f51f8e0, length=12, elements={
0x000001bafe3f0e10, 0x000001ba9f291980, 0x000001ba9f295210, 0x000001ba9f2989a0,
0x000001ba9f299400, 0x000001ba9f29be70, 0x000001ba9f29c8d0, 0x000001ba9f29d660,
0x000001ba9f2a0870, 0x000001ba9f311530, 0x000001ba9f318340, 0x000001ba9f5debe0
}

Java Threads: ( => current thread )
=>0x000001bafe3f0e10 JavaThread "main"                              [_thread_in_vm, id=24588, stack(0x000000b45bb00000,0x000000b45bc00000) (1024K)]
  0x000001ba9f291980 JavaThread "Reference Handler"          daemon [_thread_blocked, id=28216, stack(0x000000b45c300000,0x000000b45c400000) (1024K)]
  0x000001ba9f295210 JavaThread "Finalizer"                  daemon [_thread_blocked, id=26176, stack(0x000000b45c400000,0x000000b45c500000) (1024K)]
  0x000001ba9f2989a0 JavaThread "Signal Dispatcher"          daemon [_thread_blocked, id=2848, stack(0x000000b45c500000,0x000000b45c600000) (1024K)]
  0x000001ba9f299400 JavaThread "Attach Listener"            daemon [_thread_blocked, id=4944, stack(0x000000b45c600000,0x000000b45c700000) (1024K)]
  0x000001ba9f29be70 JavaThread "Service Thread"             daemon [_thread_blocked, id=25348, stack(0x000000b45c700000,0x000000b45c800000) (1024K)]
  0x000001ba9f29c8d0 JavaThread "Monitor Deflation Thread"   daemon [_thread_blocked, id=27896, stack(0x000000b45c800000,0x000000b45c900000) (1024K)]
  0x000001ba9f29d660 JavaThread "C2 CompilerThread0"         daemon [_thread_blocked, id=26880, stack(0x000000b45c900000,0x000000b45ca00000) (1024K)]
  0x000001ba9f2a0870 JavaThread "C1 CompilerThread0"         daemon [_thread_blocked, id=28336, stack(0x000000b45ca00000,0x000000b45cb00000) (1024K)]
  0x000001ba9f311530 JavaThread "Notification Thread"        daemon [_thread_blocked, id=32416, stack(0x000000b45cb00000,0x000000b45cc00000) (1024K)]
  0x000001ba9f318340 JavaThread "Common-Cleaner"             daemon [_thread_blocked, id=26256, stack(0x000000b45cc00000,0x000000b45cd00000) (1024K)]
  0x000001ba9f5debe0 JavaThread "cleanup"                    daemon [_thread_in_vm, id=22056, stack(0x000000b45cd00000,0x000000b45ce00000) (1024K)]
Total: 12

Other Threads:
  0x000001ba9f272fa0 VMThread "VM Thread"                           [id=40084, stack(0x000000b45c200000,0x000000b45c300000) (1024K)]
  0x000001ba9f262ee0 WatcherThread "VM Periodic Task Thread"        [id=25656, stack(0x000000b45c100000,0x000000b45c200000) (1024K)]
  0x000001ba808989c0 WorkerThread "GC Thread#0"                     [id=40116, stack(0x000000b45bc00000,0x000000b45bd00000) (1024K)]
  0x000001ba808ab090 ConcurrentGCThread "G1 Main Marker"            [id=26024, stack(0x000000b45bd00000,0x000000b45be00000) (1024K)]
  0x000001ba808abba0 WorkerThread "G1 Conc#0"                       [id=26132, stack(0x000000b45be00000,0x000000b45bf00000) (1024K)]
  0x000001ba808fe4c0 ConcurrentGCThread "G1 Refine#0"               [id=32772, stack(0x000000b45bf00000,0x000000b45c000000) (1024K)]
  0x000001ba9f136560 ConcurrentGCThread "G1 Service"                [id=29296, stack(0x000000b45c000000,0x000000b45c100000) (1024K)]
Total: 7

Threads with active compile tasks:
Total: 0

VM state: not at safepoint (normal execution)

VM Mutex/Monitor currently owned by a thread:  ([mutex/lock_event])
[0x00007ffcfe891890] Metaspace_lock - owner thread: 0x000001bafe3f0e10

Heap address: 0x0000000721200000, size: 3566 MB, Compressed Oops mode: Zero based, Oop shift amount: 3

CDS archive(s) mapped at: [0x000001baa0000000-0x000001baa0d70000-0x000001baa0d70000), size 14090240, SharedBaseAddress: 0x000001baa0000000, ArchiveRelocationMode: 1.
Compressed class space mapped at: 0x000001baa1000000-0x000001bae1000000, reserved size: 1073741824
Narrow klass base: 0x000001baa0000000, Narrow klass shift: 0, Narrow klass range: 0x41000000

GC Precious Log:
 CardTable entry size: 512
 Card Set container configuration: InlinePtr #cards 4 size 8 Array Of Cards #cards 16 size 48 Howl #buckets 8 coarsen threshold 3686 Howl Bitmap #cards 512 size 80 coarsen threshold 460 Card regions per heap region 1 cards per card region 4096
 CPUs: 8 total, 8 available
 Memory: 14258M
 Large Page Support: Disabled
 NUMA Support: Disabled
 Compressed Oops: Enabled (Zero based)
 Heap Region Size: 2M
 Heap Min Capacity: 8M
 Heap Initial Capacity: 224M
 Heap Max Capacity: 3566M
 Pre-touch: Disabled
 Parallel Workers: 8
 Concurrent Workers: 2
 Concurrent Refinement Workers: 8
 Periodic GC: Disabled

Heap:
 garbage-first heap   total reserved 3651584K, committed 229376K, used 6144K [0x0000000721200000, 0x0000000800000000)
  region size 2048K, 4 young (8192K), 0 survivors (0K)
 Metaspace       used 2088K, committed 2176K, reserved 1114112K
  class space    used 203K, committed 256K, reserved 1048576K

Heap Regions: E=young(eden), S=young(survivor), O=old, HS=humongous(starts), HC=humongous(continues), CS=collection set, F=free, TAMS=top-at-mark-start, PB=parsable bottom
|   0|0x0000000721200000, 0x0000000721200000, 0x0000000721400000|  0%| F|  |TAMS 0x0000000721200000| PB 0x0000000721200000| Untracked |  0
|   1|0x0000000721400000, 0x0000000721400000, 0x0000000721600000|  0%| F|  |TAMS 0x0000000721400000| PB 0x0000000721400000| Untracked |  0
|   2|0x0000000721600000, 0x0000000721600000, 0x0000000721800000|  0%| F|  |TAMS 0x0000000721600000| PB 0x0000000721600000| Untracked |  0
|   3|0x0000000721800000, 0x0000000721800000, 0x0000000721a00000|  0%| F|  |TAMS 0x0000000721800000| PB 0x0000000721800000| Untracked |  0
|   4|0x0000000721a00000, 0x0000000721a00000, 0x0000000721c00000|  0%| F|  |TAMS 0x0000000721a00000| PB 0x0000000721a00000| Untracked |  0
|   5|0x0000000721c00000, 0x0000000721c00000, 0x0000000721e00000|  0%| F|  |TAMS 0x0000000721c00000| PB 0x0000000721c00000| Untracked |  0
|   6|0x0000000721e00000, 0x0000000721e00000, 0x0000000722000000|  0%| F|  |TAMS 0x0000000721e00000| PB 0x0000000721e00000| Untracked |  0
|   7|0x0000000722000000, 0x0000000722000000, 0x0000000722200000|  0%| F|  |TAMS 0x0000000722000000| PB 0x0000000722000000| Untracked |  0
|   8|0x0000000722200000, 0x0000000722200000, 0x0000000722400000|  0%| F|  |TAMS 0x0000000722200000| PB 0x0000000722200000| Untracked |  0
|   9|0x0000000722400000, 0x0000000722400000, 0x0000000722600000|  0%| F|  |TAMS 0x0000000722400000| PB 0x0000000722400000| Untracked |  0
|  10|0x0000000722600000, 0x0000000722600000, 0x0000000722800000|  0%| F|  |TAMS 0x0000000722600000| PB 0x0000000722600000| Untracked |  0
|  11|0x0000000722800000, 0x0000000722800000, 0x0000000722a00000|  0%| F|  |TAMS 0x0000000722800000| PB 0x0000000722800000| Untracked |  0
|  12|0x0000000722a00000, 0x0000000722a00000, 0x0000000722c00000|  0%| F|  |TAMS 0x0000000722a00000| PB 0x0000000722a00000| Untracked |  0
|  13|0x0000000722c00000, 0x0000000722c00000, 0x0000000722e00000|  0%| F|  |TAMS 0x0000000722c00000| PB 0x0000000722c00000| Untracked |  0
|  14|0x0000000722e00000, 0x0000000722e00000, 0x0000000723000000|  0%| F|  |TAMS 0x0000000722e00000| PB 0x0000000722e00000| Untracked |  0
|  15|0x0000000723000000, 0x0000000723000000, 0x0000000723200000|  0%| F|  |TAMS 0x0000000723000000| PB 0x0000000723000000| Untracked |  0
|  16|0x0000000723200000, 0x0000000723200000, 0x0000000723400000|  0%| F|  |TAMS 0x0000000723200000| PB 0x0000000723200000| Untracked |  0
|  17|0x0000000723400000, 0x0000000723400000, 0x0000000723600000|  0%| F|  |TAMS 0x0000000723400000| PB 0x0000000723400000| Untracked |  0
|  18|0x0000000723600000, 0x0000000723600000, 0x0000000723800000|  0%| F|  |TAMS 0x0000000723600000| PB 0x0000000723600000| Untracked |  0
|  19|0x0000000723800000, 0x0000000723800000, 0x0000000723a00000|  0%| F|  |TAMS 0x0000000723800000| PB 0x0000000723800000| Untracked |  0
|  20|0x0000000723a00000, 0x0000000723a00000, 0x0000000723c00000|  0%| F|  |TAMS 0x0000000723a00000| PB 0x0000000723a00000| Untracked |  0
|  21|0x0000000723c00000, 0x0000000723c00000, 0x0000000723e00000|  0%| F|  |TAMS 0x0000000723c00000| PB 0x0000000723c00000| Untracked |  0
|  22|0x0000000723e00000, 0x0000000723e00000, 0x0000000724000000|  0%| F|  |TAMS 0x0000000723e00000| PB 0x0000000723e00000| Untracked |  0
|  23|0x0000000724000000, 0x0000000724000000, 0x0000000724200000|  0%| F|  |TAMS 0x0000000724000000| PB 0x0000000724000000| Untracked |  0
|  24|0x0000000724200000, 0x0000000724200000, 0x0000000724400000|  0%| F|  |TAMS 0x0000000724200000| PB 0x0000000724200000| Untracked |  0
|  25|0x0000000724400000, 0x0000000724400000, 0x0000000724600000|  0%| F|  |TAMS 0x0000000724400000| PB 0x0000000724400000| Untracked |  0
|  26|0x0000000724600000, 0x0000000724600000, 0x0000000724800000|  0%| F|  |TAMS 0x0000000724600000| PB 0x0000000724600000| Untracked |  0
|  27|0x0000000724800000, 0x0000000724800000, 0x0000000724a00000|  0%| F|  |TAMS 0x0000000724800000| PB 0x0000000724800000| Untracked |  0
|  28|0x0000000724a00000, 0x0000000724a00000, 0x0000000724c00000|  0%| F|  |TAMS 0x0000000724a00000| PB 0x0000000724a00000| Untracked |  0
|  29|0x0000000724c00000, 0x0000000724c00000, 0x0000000724e00000|  0%| F|  |TAMS 0x0000000724c00000| PB 0x0000000724c00000| Untracked |  0
|  30|0x0000000724e00000, 0x0000000724e00000, 0x0000000725000000|  0%| F|  |TAMS 0x0000000724e00000| PB 0x0000000724e00000| Untracked |  0
|  31|0x0000000725000000, 0x0000000725000000, 0x0000000725200000|  0%| F|  |TAMS 0x0000000725000000| PB 0x0000000725000000| Untracked |  0
|  32|0x0000000725200000, 0x0000000725200000, 0x0000000725400000|  0%| F|  |TAMS 0x0000000725200000| PB 0x0000000725200000| Untracked |  0
|  33|0x0000000725400000, 0x0000000725400000, 0x0000000725600000|  0%| F|  |TAMS 0x0000000725400000| PB 0x0000000725400000| Untracked |  0
|  34|0x0000000725600000, 0x0000000725600000, 0x0000000725800000|  0%| F|  |TAMS 0x0000000725600000| PB 0x0000000725600000| Untracked |  0
|  35|0x0000000725800000, 0x0000000725800000, 0x0000000725a00000|  0%| F|  |TAMS 0x0000000725800000| PB 0x0000000725800000| Untracked |  0
|  36|0x0000000725a00000, 0x0000000725a00000, 0x0000000725c00000|  0%| F|  |TAMS 0x0000000725a00000| PB 0x0000000725a00000| Untracked |  0
|  37|0x0000000725c00000, 0x0000000725c00000, 0x0000000725e00000|  0%| F|  |TAMS 0x0000000725c00000| PB 0x0000000725c00000| Untracked |  0
|  38|0x0000000725e00000, 0x0000000725e00000, 0x0000000726000000|  0%| F|  |TAMS 0x0000000725e00000| PB 0x0000000725e00000| Untracked |  0
|  39|0x0000000726000000, 0x0000000726000000, 0x0000000726200000|  0%| F|  |TAMS 0x0000000726000000| PB 0x0000000726000000| Untracked |  0
|  40|0x0000000726200000, 0x0000000726200000, 0x0000000726400000|  0%| F|  |TAMS 0x0000000726200000| PB 0x0000000726200000| Untracked |  0
|  41|0x0000000726400000, 0x0000000726400000, 0x0000000726600000|  0%| F|  |TAMS 0x0000000726400000| PB 0x0000000726400000| Untracked |  0
|  42|0x0000000726600000, 0x0000000726600000, 0x0000000726800000|  0%| F|  |TAMS 0x0000000726600000| PB 0x0000000726600000| Untracked |  0
|  43|0x0000000726800000, 0x0000000726800000, 0x0000000726a00000|  0%| F|  |TAMS 0x0000000726800000| PB 0x0000000726800000| Untracked |  0
|  44|0x0000000726a00000, 0x0000000726a00000, 0x0000000726c00000|  0%| F|  |TAMS 0x0000000726a00000| PB 0x0000000726a00000| Untracked |  0
|  45|0x0000000726c00000, 0x0000000726c00000, 0x0000000726e00000|  0%| F|  |TAMS 0x0000000726c00000| PB 0x0000000726c00000| Untracked |  0
|  46|0x0000000726e00000, 0x0000000726e00000, 0x0000000727000000|  0%| F|  |TAMS 0x0000000726e00000| PB 0x0000000726e00000| Untracked |  0
|  47|0x0000000727000000, 0x0000000727000000, 0x0000000727200000|  0%| F|  |TAMS 0x0000000727000000| PB 0x0000000727000000| Untracked |  0
|  48|0x0000000727200000, 0x0000000727200000, 0x0000000727400000|  0%| F|  |TAMS 0x0000000727200000| PB 0x0000000727200000| Untracked |  0
|  49|0x0000000727400000, 0x0000000727400000, 0x0000000727600000|  0%| F|  |TAMS 0x0000000727400000| PB 0x0000000727400000| Untracked |  0
|  50|0x0000000727600000, 0x0000000727600000, 0x0000000727800000|  0%| F|  |TAMS 0x0000000727600000| PB 0x0000000727600000| Untracked |  0
|  51|0x0000000727800000, 0x0000000727800000, 0x0000000727a00000|  0%| F|  |TAMS 0x0000000727800000| PB 0x0000000727800000| Untracked |  0
|  52|0x0000000727a00000, 0x0000000727a00000, 0x0000000727c00000|  0%| F|  |TAMS 0x0000000727a00000| PB 0x0000000727a00000| Untracked |  0
|  53|0x0000000727c00000, 0x0000000727c00000, 0x0000000727e00000|  0%| F|  |TAMS 0x0000000727c00000| PB 0x0000000727c00000| Untracked |  0
|  54|0x0000000727e00000, 0x0000000727e00000, 0x0000000728000000|  0%| F|  |TAMS 0x0000000727e00000| PB 0x0000000727e00000| Untracked |  0
|  55|0x0000000728000000, 0x0000000728000000, 0x0000000728200000|  0%| F|  |TAMS 0x0000000728000000| PB 0x0000000728000000| Untracked |  0
|  56|0x0000000728200000, 0x0000000728200000, 0x0000000728400000|  0%| F|  |TAMS 0x0000000728200000| PB 0x0000000728200000| Untracked |  0
|  57|0x0000000728400000, 0x0000000728400000, 0x0000000728600000|  0%| F|  |TAMS 0x0000000728400000| PB 0x0000000728400000| Untracked |  0
|  58|0x0000000728600000, 0x0000000728600000, 0x0000000728800000|  0%| F|  |TAMS 0x0000000728600000| PB 0x0000000728600000| Untracked |  0
|  59|0x0000000728800000, 0x0000000728800000, 0x0000000728a00000|  0%| F|  |TAMS 0x0000000728800000| PB 0x0000000728800000| Untracked |  0
|  60|0x0000000728a00000, 0x0000000728a00000, 0x0000000728c00000|  0%| F|  |TAMS 0x0000000728a00000| PB 0x0000000728a00000| Untracked |  0
|  61|0x0000000728c00000, 0x0000000728c00000, 0x0000000728e00000|  0%| F|  |TAMS 0x0000000728c00000| PB 0x0000000728c00000| Untracked |  0
|  62|0x0000000728e00000, 0x0000000728e00000, 0x0000000729000000|  0%| F|  |TAMS 0x0000000728e00000| PB 0x0000000728e00000| Untracked |  0
|  63|0x0000000729000000, 0x0000000729000000, 0x0000000729200000|  0%| F|  |TAMS 0x0000000729000000| PB 0x0000000729000000| Untracked |  0
|  64|0x0000000729200000, 0x0000000729200000, 0x0000000729400000|  0%| F|  |TAMS 0x0000000729200000| PB 0x0000000729200000| Untracked |  0
|  65|0x0000000729400000, 0x0000000729400000, 0x0000000729600000|  0%| F|  |TAMS 0x0000000729400000| PB 0x0000000729400000| Untracked |  0
|  66|0x0000000729600000, 0x0000000729600000, 0x0000000729800000|  0%| F|  |TAMS 0x0000000729600000| PB 0x0000000729600000| Untracked |  0
|  67|0x0000000729800000, 0x0000000729800000, 0x0000000729a00000|  0%| F|  |TAMS 0x0000000729800000| PB 0x0000000729800000| Untracked |  0
|  68|0x0000000729a00000, 0x0000000729a00000, 0x0000000729c00000|  0%| F|  |TAMS 0x0000000729a00000| PB 0x0000000729a00000| Untracked |  0
|  69|0x0000000729c00000, 0x0000000729c00000, 0x0000000729e00000|  0%| F|  |TAMS 0x0000000729c00000| PB 0x0000000729c00000| Untracked |  0
|  70|0x0000000729e00000, 0x0000000729e00000, 0x000000072a000000|  0%| F|  |TAMS 0x0000000729e00000| PB 0x0000000729e00000| Untracked |  0
|  71|0x000000072a000000, 0x000000072a000000, 0x000000072a200000|  0%| F|  |TAMS 0x000000072a000000| PB 0x000000072a000000| Untracked |  0
|  72|0x000000072a200000, 0x000000072a200000, 0x000000072a400000|  0%| F|  |TAMS 0x000000072a200000| PB 0x000000072a200000| Untracked |  0
|  73|0x000000072a400000, 0x000000072a400000, 0x000000072a600000|  0%| F|  |TAMS 0x000000072a400000| PB 0x000000072a400000| Untracked |  0
|  74|0x000000072a600000, 0x000000072a600000, 0x000000072a800000|  0%| F|  |TAMS 0x000000072a600000| PB 0x000000072a600000| Untracked |  0
|  75|0x000000072a800000, 0x000000072a800000, 0x000000072aa00000|  0%| F|  |TAMS 0x000000072a800000| PB 0x000000072a800000| Untracked |  0
|  76|0x000000072aa00000, 0x000000072aa00000, 0x000000072ac00000|  0%| F|  |TAMS 0x000000072aa00000| PB 0x000000072aa00000| Untracked |  0
|  77|0x000000072ac00000, 0x000000072ac00000, 0x000000072ae00000|  0%| F|  |TAMS 0x000000072ac00000| PB 0x000000072ac00000| Untracked |  0
|  78|0x000000072ae00000, 0x000000072ae00000, 0x000000072b000000|  0%| F|  |TAMS 0x000000072ae00000| PB 0x000000072ae00000| Untracked |  0
|  79|0x000000072b000000, 0x000000072b000000, 0x000000072b200000|  0%| F|  |TAMS 0x000000072b000000| PB 0x000000072b000000| Untracked |  0
|  80|0x000000072b200000, 0x000000072b200000, 0x000000072b400000|  0%| F|  |TAMS 0x000000072b200000| PB 0x000000072b200000| Untracked |  0
|  81|0x000000072b400000, 0x000000072b400000, 0x000000072b600000|  0%| F|  |TAMS 0x000000072b400000| PB 0x000000072b400000| Untracked |  0
|  82|0x000000072b600000, 0x000000072b600000, 0x000000072b800000|  0%| F|  |TAMS 0x000000072b600000| PB 0x000000072b600000| Untracked |  0
|  83|0x000000072b800000, 0x000000072b800000, 0x000000072ba00000|  0%| F|  |TAMS 0x000000072b800000| PB 0x000000072b800000| Untracked |  0
|  84|0x000000072ba00000, 0x000000072ba00000, 0x000000072bc00000|  0%| F|  |TAMS 0x000000072ba00000| PB 0x000000072ba00000| Untracked |  0
|  85|0x000000072bc00000, 0x000000072bc00000, 0x000000072be00000|  0%| F|  |TAMS 0x000000072bc00000| PB 0x000000072bc00000| Untracked |  0
|  86|0x000000072be00000, 0x000000072be00000, 0x000000072c000000|  0%| F|  |TAMS 0x000000072be00000| PB 0x000000072be00000| Untracked |  0
|  87|0x000000072c000000, 0x000000072c000000, 0x000000072c200000|  0%| F|  |TAMS 0x000000072c000000| PB 0x000000072c000000| Untracked |  0
|  88|0x000000072c200000, 0x000000072c200000, 0x000000072c400000|  0%| F|  |TAMS 0x000000072c200000| PB 0x000000072c200000| Untracked |  0
|  89|0x000000072c400000, 0x000000072c400000, 0x000000072c600000|  0%| F|  |TAMS 0x000000072c400000| PB 0x000000072c400000| Untracked |  0
|  90|0x000000072c600000, 0x000000072c600000, 0x000000072c800000|  0%| F|  |TAMS 0x000000072c600000| PB 0x000000072c600000| Untracked |  0
|  91|0x000000072c800000, 0x000000072c800000, 0x000000072ca00000|  0%| F|  |TAMS 0x000000072c800000| PB 0x000000072c800000| Untracked |  0
|  92|0x000000072ca00000, 0x000000072ca00000, 0x000000072cc00000|  0%| F|  |TAMS 0x000000072ca00000| PB 0x000000072ca00000| Untracked |  0
|  93|0x000000072cc00000, 0x000000072cc00000, 0x000000072ce00000|  0%| F|  |TAMS 0x000000072cc00000| PB 0x000000072cc00000| Untracked |  0
|  94|0x000000072ce00000, 0x000000072ce00000, 0x000000072d000000|  0%| F|  |TAMS 0x000000072ce00000| PB 0x000000072ce00000| Untracked |  0
|  95|0x000000072d000000, 0x000000072d000000, 0x000000072d200000|  0%| F|  |TAMS 0x000000072d000000| PB 0x000000072d000000| Untracked |  0
|  96|0x000000072d200000, 0x000000072d200000, 0x000000072d400000|  0%| F|  |TAMS 0x000000072d200000| PB 0x000000072d200000| Untracked |  0
|  97|0x000000072d400000, 0x000000072d400000, 0x000000072d600000|  0%| F|  |TAMS 0x000000072d400000| PB 0x000000072d400000| Untracked |  0
|  98|0x000000072d600000, 0x000000072d600000, 0x000000072d800000|  0%| F|  |TAMS 0x000000072d600000| PB 0x000000072d600000| Untracked |  0
|  99|0x000000072d800000, 0x000000072d800000, 0x000000072da00000|  0%| F|  |TAMS 0x000000072d800000| PB 0x000000072d800000| Untracked |  0
| 100|0x000000072da00000, 0x000000072da00000, 0x000000072dc00000|  0%| F|  |TAMS 0x000000072da00000| PB 0x000000072da00000| Untracked |  0
| 101|0x000000072dc00000, 0x000000072dc00000, 0x000000072de00000|  0%| F|  |TAMS 0x000000072dc00000| PB 0x000000072dc00000| Untracked |  0
| 102|0x000000072de00000, 0x000000072de00000, 0x000000072e000000|  0%| F|  |TAMS 0x000000072de00000| PB 0x000000072de00000| Untracked |  0
| 103|0x000000072e000000, 0x000000072e000000, 0x000000072e200000|  0%| F|  |TAMS 0x000000072e000000| PB 0x000000072e000000| Untracked |  0
| 104|0x000000072e200000, 0x000000072e200000, 0x000000072e400000|  0%| F|  |TAMS 0x000000072e200000| PB 0x000000072e200000| Untracked |  0
| 105|0x000000072e400000, 0x000000072e400000, 0x000000072e600000|  0%| F|  |TAMS 0x000000072e400000| PB 0x000000072e400000| Untracked |  0
| 106|0x000000072e600000, 0x000000072e600000, 0x000000072e800000|  0%| F|  |TAMS 0x000000072e600000| PB 0x000000072e600000| Untracked |  0
| 107|0x000000072e800000, 0x000000072e800000, 0x000000072ea00000|  0%| F|  |TAMS 0x000000072e800000| PB 0x000000072e800000| Untracked |  0
| 108|0x000000072ea00000, 0x000000072eaf6050, 0x000000072ec00000| 48%| E|  |TAMS 0x000000072ea00000| PB 0x000000072ea00000| Complete |  0
| 109|0x000000072ec00000, 0x000000072ee00000, 0x000000072ee00000|100%| E|CS|TAMS 0x000000072ec00000| PB 0x000000072ec00000| Complete |  0
| 110|0x000000072ee00000, 0x000000072f000000, 0x000000072f000000|100%| E|CS|TAMS 0x000000072ee00000| PB 0x000000072ee00000| Complete |  0
| 111|0x000000072f000000, 0x000000072f200000, 0x000000072f200000|100%| E|CS|TAMS 0x000000072f000000| PB 0x000000072f000000| Complete |  0

Card table byte_map: [0x000001ba989a0000,0x000001ba990a0000] _byte_map_base: 0x000001ba95097000

Marking Bits: (CMBitMap*) 0x000001ba808990d0
 Bits: [0x000001ba990a0000, 0x000001ba9c858000)

Polling page: 0x000001ba80000000

Metaspace:

Usage:
  Non-class:      1.84 MB used.
      Class:    203.73 KB used.
       Both:      2.04 MB used.

Virtual space:
  Non-class space:       64.00 MB reserved,       1.88 MB (  3%) committed,  1 nodes.
      Class space:        1.00 GB reserved,     256.00 KB ( <1%) committed,  1 nodes.
             Both:        1.06 GB reserved,       2.12 MB ( <1%) committed. 

Chunk freelists:
   Non-Class:  11.23 MB
       Class:  15.64 MB
        Both:  26.88 MB

MaxMetaspaceSize: unlimited
CompressedClassSpaceSize: 1.00 GB
Initial GC threshold: 21.00 MB
Current GC threshold: 21.00 MB
CDS: on
 - commit_granule_bytes: 65536.
 - commit_granule_words: 8192.
 - virtual_space_node_default_size: 8388608.
 - enlarge_chunks_in_place: 1.
 - use_allocation_guard: 0.


Internal statistics:

num_allocs_failed_limit: 0.
num_arena_births: 30.
num_arena_deaths: 0.
num_vsnodes_births: 2.
num_vsnodes_deaths: 0.
num_space_committed: 34.
num_space_uncommitted: 0.
num_chunks_returned_to_freelist: 0.
num_chunks_taken_from_freelist: 75.
num_chunk_merges: 0.
num_chunk_splits: 49.
num_chunks_enlarged: 37.
num_inconsistent_stats: 0.

CodeHeap 'non-profiled nmethods': size=120064Kb used=162Kb max_used=162Kb free=119901Kb
 bounds [0x000001ba90a30000, 0x000001ba90ca0000, 0x000001ba97f70000]
CodeHeap 'profiled nmethods': size=120000Kb used=589Kb max_used=589Kb free=119410Kb
 bounds [0x000001ba88f70000, 0x000001ba891e0000, 0x000001ba904a0000]
CodeHeap 'non-nmethods': size=5696Kb used=1304Kb max_used=1318Kb free=4391Kb
 bounds [0x000001ba904a0000, 0x000001ba90710000, 0x000001ba90a30000]
CodeCache: size=245760Kb, used=2055Kb, max_used=2069Kb, free=243702Kb
 total_blobs=949, nmethods=525, adapters=330, full_count=0
Compilation: enabled, stopped_count=0, restarted_count=0

Compilation events (20 events):
Event: 22.329 Thread 0x000001ba9f2a0870  518       3       java.lang.CharacterDataLatin1::getType (11 bytes)
Event: 22.329 Thread 0x000001ba9f2a0870 nmethod 518 0x000001ba88fffc88 code [0x000001ba88fffda0, 0x000001ba88ffff50]
Event: 22.332 Thread 0x000001ba9f2a0870  519       3       java.util.jar.JarFile::maybeInstantiateVerifier (42 bytes)
Event: 22.332 Thread 0x000001ba9f2a0870 nmethod 519 0x000001ba88ffff88 code [0x000001ba890000e0, 0x000001ba89000448]
Event: 22.332 Thread 0x000001ba9f2a0870  520       1       java.util.jar.Manifest::getEntries (5 bytes)
Event: 22.332 Thread 0x000001ba9f2a0870 nmethod 520 0x000001ba90a57c88 code [0x000001ba90a57da0, 0x000001ba90a57e70]
Event: 22.332 Thread 0x000001ba9f2a0870  521       1       java.util.jar.Manifest::getMainAttributes (5 bytes)
Event: 22.332 Thread 0x000001ba9f2a0870 nmethod 521 0x000001ba90a57f88 code [0x000001ba90a580a0, 0x000001ba90a58170]
Event: 22.332 Thread 0x000001ba9f2a0870  522       1       java.util.zip.ZipEntry::getCrc (5 bytes)
Event: 22.332 Thread 0x000001ba9f2a0870 nmethod 522 0x000001ba90a58288 code [0x000001ba90a583a0, 0x000001ba90a58468]
Event: 22.333 Thread 0x000001ba9f29d660  524       4       java.util.Objects::requireNonNull (14 bytes)
Event: 22.333 Thread 0x000001ba9f29d660 nmethod 524 0x000001ba90a58588 code [0x000001ba90a58680, 0x000001ba90a58708]
Event: 22.334 Thread 0x000001ba9f2a0870  525       3       java.util.regex.Pattern::has (15 bytes)
Event: 22.334 Thread 0x000001ba9f2a0870 nmethod 525 0x000001ba89000488 code [0x000001ba890005a0, 0x000001ba89000700]
Event: 22.337 Thread 0x000001ba9f2a0870  526       3       sun.net.util.IPAddressUtil::checkHost (157 bytes)
Event: 22.338 Thread 0x000001ba9f29d660  528       4       java.lang.String::getBytes (44 bytes)
Event: 22.339 Thread 0x000001ba9f2a0870 nmethod 526 0x000001ba89000788 code [0x000001ba89000ba0, 0x000001ba89002838]
Event: 22.339 Thread 0x000001ba9f2a0870  527       3       sun.net.util.IPAddressUtil::scan (92 bytes)
Event: 22.339 Thread 0x000001ba9f29d660 nmethod 528 0x000001ba90a58888 code [0x000001ba90a589a0, 0x000001ba90a58af8]
Event: 22.340 Thread 0x000001ba9f2a0870 nmethod 527 0x000001ba89002988 code [0x000001ba89002b60, 0x000001ba89003650]

GC Heap History (0 events):
No events

Dll operation events (8 events):
Event: 1.282 Loaded shared library C:\Program Files\Java\jdk-23\bin\java.dll
Event: 4.579 Loaded shared library C:\Program Files\Java\jdk-23\bin\net.dll
Event: 4.584 Loaded shared library C:\Program Files\Java\jdk-23\bin\jsvml.dll
Event: 4.587 Loaded shared library C:\Program Files\Java\jdk-23\bin\nio.dll
Event: 6.298 Loaded shared library C:\Program Files\Java\jdk-23\bin\zip.dll
Event: 15.331 Loaded shared library C:\Program Files\NetBeans-24\netbeans\java\maven\lib\jansi-native\Windows\x86_64\jansi.dll
Event: 15.351 Loaded shared library C:\Program Files\Java\jdk-23\bin\verify.dll
Event: 15.394 Loaded shared library C:\Program Files\Java\jdk-23\bin\jimage.dll

Deoptimization events (20 events):
Event: 7.877 Thread 0x000001bafe3f0e10 DEOPT PACKING pc=0x000001ba88f8ed41 sp=0x000000b45bbfe590
Event: 7.877 Thread 0x000001bafe3f0e10 DEOPT UNPACKING pc=0x000001ba904f4b22 sp=0x000000b45bbfda00 mode 0
Event: 7.877 Thread 0x000001bafe3f0e10 DEOPT PACKING pc=0x000001ba88f8ed41 sp=0x000000b45bbfe590
Event: 7.877 Thread 0x000001bafe3f0e10 DEOPT UNPACKING pc=0x000001ba904f4b22 sp=0x000000b45bbfda00 mode 0
Event: 7.877 Thread 0x000001bafe3f0e10 DEOPT PACKING pc=0x000001ba88f8ed41 sp=0x000000b45bbfe590
Event: 7.877 Thread 0x000001bafe3f0e10 DEOPT UNPACKING pc=0x000001ba904f4b22 sp=0x000000b45bbfda00 mode 0
Event: 12.596 Thread 0x000001bafe3f0e10 Uncommon trap: trap_request=0xffffff45 fr.pc=0x000001ba90a3e52c relative=0x000000000000012c
Event: 12.596 Thread 0x000001bafe3f0e10 Uncommon trap: reason=unstable_if action=reinterpret pc=0x000001ba90a3e52c method=java.lang.StringCoding.countPositives([BII)I @ 17 c2
Event: 12.596 Thread 0x000001bafe3f0e10 DEOPT PACKING pc=0x000001ba90a3e52c sp=0x000000b45bbfa900
Event: 12.596 Thread 0x000001bafe3f0e10 DEOPT UNPACKING pc=0x000001ba904f4402 sp=0x000000b45bbfa8a0 mode 2
Event: 12.601 Thread 0x000001bafe3f0e10 DEOPT PACKING pc=0x000001ba88fa0ec1 sp=0x000000b45bbfa380
Event: 12.601 Thread 0x000001bafe3f0e10 DEOPT UNPACKING pc=0x000001ba904f4b22 sp=0x000000b45bbf97f0 mode 0
Event: 12.603 Thread 0x000001bafe3f0e10 DEOPT PACKING pc=0x000001ba88fa0ec1 sp=0x000000b45bbfa380
Event: 12.603 Thread 0x000001bafe3f0e10 DEOPT UNPACKING pc=0x000001ba904f4b22 sp=0x000000b45bbf97f0 mode 0
Event: 12.605 Thread 0x000001bafe3f0e10 DEOPT PACKING pc=0x000001ba88fa0ec1 sp=0x000000b45bbfa380
Event: 12.605 Thread 0x000001bafe3f0e10 DEOPT UNPACKING pc=0x000001ba904f4b22 sp=0x000000b45bbf97f0 mode 0
Event: 12.650 Thread 0x000001bafe3f0e10 DEOPT PACKING pc=0x000001ba88fa0ec1 sp=0x000000b45bbfa380
Event: 12.650 Thread 0x000001bafe3f0e10 DEOPT UNPACKING pc=0x000001ba904f4b22 sp=0x000000b45bbf97f0 mode 0
Event: 13.274 Thread 0x000001bafe3f0e10 DEOPT PACKING pc=0x000001ba88fa0ec1 sp=0x000000b45bbfa380
Event: 13.274 Thread 0x000001bafe3f0e10 DEOPT UNPACKING pc=0x000001ba904f4b22 sp=0x000000b45bbf97f0 mode 0

Classes loaded (20 events):
Event: 21.480 Loading class java/util/LinkedHashMap$LinkedKeySet
Event: 21.480 Loading class java/util/LinkedHashMap$LinkedKeySet done
Event: 21.480 Loading class java/util/LinkedHashMap$LinkedKeyIterator
Event: 21.480 Loading class java/util/LinkedHashMap$LinkedKeyIterator done
Event: 21.591 Loading class jdk/internal/loader/URLClassPath$FileLoader$1
Event: 21.592 Loading class jdk/internal/loader/URLClassPath$FileLoader$1 done
Event: 22.308 Loading class java/lang/InstantiationException
Event: 22.308 Loading class java/lang/InstantiationException done
Event: 22.321 Loading class java/util/StringTokenizer
Event: 22.322 Loading class java/util/StringTokenizer done
Event: 22.332 Loading class java/io/StringReader
Event: 22.332 Loading class java/io/StringReader done
Event: 22.333 Loading class java/util/regex/Pattern$BnM
Event: 22.333 Loading class java/util/regex/Pattern$BnM done
Event: 22.333 Loading class java/util/regex/Pattern$SliceS
Event: 22.333 Loading class java/util/regex/Pattern$SliceS done
Event: 22.334 Loading class java/text/MessageFormat
Event: 22.335 Loading class java/text/MessageFormat done
Event: 22.336 Loading class java/io/FileReader
Event: 22.336 Loading class java/io/FileReader done

Classes unloaded (0 events):
No events

Classes redefined (0 events):
No events

Internal exceptions (19 events):
Event: 7.572 Thread 0x000001bafe3f0e10 Exception <a 'java/lang/NoSuchMethodError'{0x000000072ee28330}: 'int java.lang.invoke.DirectMethodHandle$Holder.invokeSpecial(java.lang.Object, java.lang.Object, java.lang.Object)'> (0x000000072ee28330) 
thrown [s\open\src\hotspot\share\interpreter\linkResolver.cpp, line 796]
Event: 15.299 Thread 0x000001bafe3f0e10 Exception <a 'java/lang/NoSuchMethodError'{0x000000072ec63728}: 'java.lang.Object java.lang.invoke.Invokers$Holder.invokeExact_MT(java.lang.Object, java.lang.Object, java.lang.Object, java.lang.Object, java.lang.Object)'> (0x000000072ec63728) 
thrown [s\open\src\hotspot\share\interpreter\linkResolver.cpp, line 796]
Event: 15.318 Thread 0x000001bafe3f0e10 Exception <a 'java/lang/NullPointerException'{0x000000072ecbde70}> (0x000000072ecbde70) 
thrown [s\open\src\hotspot\share\interpreter\linkResolver.cpp, line 1389]
Event: 15.334 Thread 0x000001bafe3f0e10 Exception <a 'java/lang/NullPointerException'{0x000000072ecdae70}> (0x000000072ecdae70) 
thrown [s\open\src\hotspot\share\interpreter\linkResolver.cpp, line 1389]
Event: 15.334 Thread 0x000001bafe3f0e10 Exception <a 'java/lang/NullPointerException'{0x000000072ecdb150}> (0x000000072ecdb150) 
thrown [s\open\src\hotspot\share\interpreter\linkResolver.cpp, line 1389]
Event: 15.334 Thread 0x000001bafe3f0e10 Exception <a 'java/lang/NullPointerException'{0x000000072ecdb430}> (0x000000072ecdb430) 
thrown [s\open\src\hotspot\share\interpreter\linkResolver.cpp, line 1389]
Event: 15.335 Thread 0x000001bafe3f0e10 Exception <a 'java/lang/NullPointerException'{0x000000072ece0940}> (0x000000072ece0940) 
thrown [s\open\src\hotspot\share\interpreter\linkResolver.cpp, line 1389]
Event: 15.338 Thread 0x000001bafe3f0e10 Exception <a 'java/lang/NullPointerException'{0x000000072ecf4168}> (0x000000072ecf4168) 
thrown [s\open\src\hotspot\share\interpreter\linkResolver.cpp, line 1389]
Event: 15.338 Thread 0x000001bafe3f0e10 Exception <a 'java/lang/NullPointerException'{0x000000072ecf4448}> (0x000000072ecf4448) 
thrown [s\open\src\hotspot\share\interpreter\linkResolver.cpp, line 1389]
Event: 15.338 Thread 0x000001bafe3f0e10 Exception <a 'java/lang/NullPointerException'{0x000000072ecf4728}> (0x000000072ecf4728) 
thrown [s\open\src\hotspot\share\interpreter\linkResolver.cpp, line 1389]
Event: 15.338 Thread 0x000001bafe3f0e10 Exception <a 'java/lang/NullPointerException'{0x000000072ecf4a08}> (0x000000072ecf4a08) 
thrown [s\open\src\hotspot\share\interpreter\linkResolver.cpp, line 1389]
Event: 15.348 Thread 0x000001bafe3f0e10 Exception <a 'sun/nio/fs/WindowsException'{0x000000072ed1faf8}> (0x000000072ed1faf8) 
thrown [s\open\src\hotspot\share\prims\jni.cpp, line 520]
Event: 15.348 Thread 0x000001bafe3f0e10 Exception <a 'sun/nio/fs/WindowsException'{0x000000072ed20248}> (0x000000072ed20248) 
thrown [s\open\src\hotspot\share\prims\jni.cpp, line 520]
Event: 15.349 Thread 0x000001bafe3f0e10 Exception <a 'sun/nio/fs/WindowsException'{0x000000072ed207c0}> (0x000000072ed207c0) 
thrown [s\open\src\hotspot\share\prims\jni.cpp, line 520]
Event: 15.349 Thread 0x000001bafe3f0e10 Exception <a 'sun/nio/fs/WindowsException'{0x000000072ed20d18}> (0x000000072ed20d18) 
thrown [s\open\src\hotspot\share\prims\jni.cpp, line 520]
Event: 15.349 Thread 0x000001bafe3f0e10 Exception <a 'sun/nio/fs/WindowsException'{0x000000072ed21220}> (0x000000072ed21220) 
thrown [s\open\src\hotspot\share\prims\jni.cpp, line 520]
Event: 15.349 Thread 0x000001bafe3f0e10 Exception <a 'sun/nio/fs/WindowsException'{0x000000072ed216e0}> (0x000000072ed216e0) 
thrown [s\open\src\hotspot\share\prims\jni.cpp, line 520]
Event: 15.371 Thread 0x000001bafe3f0e10 Exception <a 'java/lang/NoSuchMethodError'{0x000000072ed6e020}: 'void java.lang.invoke.DirectMethodHandle$Holder.invokeStatic(java.lang.Object, java.lang.Object)'> (0x000000072ed6e020) 
thrown [s\open\src\hotspot\share\interpreter\linkResolver.cpp, line 796]
Event: 15.371 Thread 0x000001bafe3f0e10 Exception <a 'java/lang/NoSuchMethodError'{0x000000072ed71438}: 'void java.lang.invoke.DirectMethodHandle$Holder.invokeStaticInit(java.lang.Object, java.lang.Object)'> (0x000000072ed71438) 
thrown [s\open\src\hotspot\share\interpreter\linkResolver.cpp, line 796]

VM Operations (4 events):
Event: 15.316 Executing VM operation: HandshakeAllThreads (Deoptimize)
Event: 15.316 Executing VM operation: HandshakeAllThreads (Deoptimize) done
Event: 15.398 Executing VM operation: HandshakeAllThreads (Deoptimize)
Event: 20.137 Executing VM operation: HandshakeAllThreads (Deoptimize) done

Memory protections (0 events):
No events

Nmethod flushes (0 events):
No events

Events (12 events):
Event: 1.474 Thread 0x000001bafe3f0e10 Thread added: 0x000001bafe3f0e10
Event: 4.115 Thread 0x000001bafe3f0e10 Thread added: 0x000001ba9f291980
Event: 4.115 Thread 0x000001bafe3f0e10 Thread added: 0x000001ba9f295210
Event: 4.116 Thread 0x000001bafe3f0e10 Thread added: 0x000001ba9f2989a0
Event: 4.116 Thread 0x000001bafe3f0e10 Thread added: 0x000001ba9f299400
Event: 4.116 Thread 0x000001bafe3f0e10 Thread added: 0x000001ba9f29be70
Event: 4.116 Thread 0x000001bafe3f0e10 Thread added: 0x000001ba9f29c8d0
Event: 4.116 Thread 0x000001bafe3f0e10 Thread added: 0x000001ba9f29d660
Event: 4.117 Thread 0x000001bafe3f0e10 Thread added: 0x000001ba9f2a0870
Event: 4.149 Thread 0x000001bafe3f0e10 Thread added: 0x000001ba9f311530
Event: 4.155 Thread 0x000001bafe3f0e10 Thread added: 0x000001ba9f318340
Event: 15.322 Thread 0x000001bafe3f0e10 Thread added: 0x000001ba9f5debe0


Dynamic libraries:
0x00007ff67dd80000 - 0x00007ff67dd90000 	C:\Program Files\Java\jdk-23\bin\java.exe
0x00007ffd5f560000 - 0x00007ffd5f7c7000 	C:\WINDOWS\SYSTEM32\ntdll.dll
0x00007ffd5e130000 - 0x00007ffd5e1f9000 	C:\WINDOWS\System32\KERNEL32.DLL
0x00007ffd5bf90000 - 0x00007ffd5c381000 	C:\WINDOWS\System32\KERNELBASE.dll
0x00007ffd5cf50000 - 0x00007ffd5d09b000 	C:\WINDOWS\System32\ucrtbase.dll
0x00007ffd57070000 - 0x00007ffd57087000 	C:\Program Files\Java\jdk-23\bin\jli.dll
0x00007ffd5e610000 - 0x00007ffd5e7d5000 	C:\WINDOWS\System32\USER32.dll
0x00007ffd5d150000 - 0x00007ffd5d177000 	C:\WINDOWS\System32\win32u.dll
0x00007ffd5da90000 - 0x00007ffd5dabb000 	C:\WINDOWS\System32\GDI32.dll
0x00007ffd5cc00000 - 0x00007ffd5cd2a000 	C:\WINDOWS\System32\gdi32full.dll
0x00007ffd5d0a0000 - 0x00007ffd5d143000 	C:\WINDOWS\System32\msvcp_win.dll
0x00007ffd59dc0000 - 0x00007ffd59ddb000 	C:\Program Files\Java\jdk-23\bin\VCRUNTIME140.dll
0x00007ffd4e0c0000 - 0x00007ffd4e353000 	C:\WINDOWS\WinSxS\amd64_microsoft.windows.common-controls_6595b64144ccf1df_6.0.26100.7922_none_3e089e1ee3342171\COMCTL32.dll
0x00007ffd5f460000 - 0x00007ffd5f509000 	C:\WINDOWS\System32\msvcrt.dll
0x00007ffd5ded0000 - 0x00007ffd5df01000 	C:\WINDOWS\System32\IMM32.DLL
0x00007ffd5a240000 - 0x00007ffd5a24c000 	C:\Program Files\Java\jdk-23\bin\vcruntime140_1.dll
0x00007ffd4eb00000 - 0x00007ffd4eb8e000 	C:\Program Files\Java\jdk-23\bin\msvcp140.dll
0x00007ffcfdc20000 - 0x00007ffcfe96f000 	C:\Program Files\Java\jdk-23\bin\server\jvm.dll
0x00007ffd5df10000 - 0x00007ffd5dfcb000 	C:\WINDOWS\System32\ADVAPI32.dll
0x00007ffd5d7f0000 - 0x00007ffd5d897000 	C:\WINDOWS\System32\sechost.dll
0x00007ffd5f320000 - 0x00007ffd5f438000 	C:\WINDOWS\System32\RPCRT4.dll
0x00007ffd5e480000 - 0x00007ffd5e4f4000 	C:\WINDOWS\System32\WS2_32.dll
0x00007ffd5bca0000 - 0x00007ffd5bcfe000 	C:\WINDOWS\SYSTEM32\POWRPROF.dll
0x00007ffd56060000 - 0x00007ffd56095000 	C:\WINDOWS\SYSTEM32\WINMM.dll
0x00007ffd560a0000 - 0x00007ffd560ab000 	C:\WINDOWS\SYSTEM32\VERSION.dll
0x00007ffd5bc80000 - 0x00007ffd5bc94000 	C:\WINDOWS\SYSTEM32\UMPDC.dll
0x00007ffd5abd0000 - 0x00007ffd5abeb000 	C:\WINDOWS\SYSTEM32\kernel.appcore.dll
0x00007ffd5a1f0000 - 0x00007ffd5a1fa000 	C:\Program Files\Java\jdk-23\bin\jimage.dll
0x00007ffd59e50000 - 0x00007ffd5a092000 	C:\WINDOWS\SYSTEM32\DBGHELP.DLL
0x00007ffd5dac0000 - 0x00007ffd5de42000 	C:\WINDOWS\System32\combase.dll
0x00007ffd5e7f0000 - 0x00007ffd5e8c7000 	C:\WINDOWS\System32\OLEAUT32.dll
0x00007ffd4ced0000 - 0x00007ffd4cf0b000 	C:\WINDOWS\SYSTEM32\dbgcore.DLL
0x00007ffd5cd30000 - 0x00007ffd5cdd5000 	C:\WINDOWS\System32\bcryptPrimitives.dll
0x00007ffd59d80000 - 0x00007ffd59d9e000 	C:\Program Files\Java\jdk-23\bin\java.dll
0x00007ffd5d8f0000 - 0x00007ffd5da85000 	C:\WINDOWS\System32\ole32.dll
0x00007ffd5e9c0000 - 0x00007ffd5f11f000 	C:\WINDOWS\System32\SHELL32.dll
0x00007ffd5cde0000 - 0x00007ffd5cf4a000 	C:\WINDOWS\System32\wintypes.dll
0x00007ffd5c390000 - 0x00007ffd5cbf4000 	C:\WINDOWS\System32\windows.storage.dll
0x00007ffd5f130000 - 0x00007ffd5f227000 	C:\WINDOWS\System32\SHCORE.dll
0x00007ffd5e8d0000 - 0x00007ffd5e937000 	C:\WINDOWS\System32\shlwapi.dll
0x00007ffd5bd60000 - 0x00007ffd5bd89000 	C:\WINDOWS\SYSTEM32\profapi.dll
0x00007ffd580c0000 - 0x00007ffd580d0000 	C:\Program Files\Java\jdk-23\bin\net.dll
0x00007ffd06010000 - 0x00007ffd060e7000 	C:\Program Files\Java\jdk-23\bin\jsvml.dll
0x00007ffd5b140000 - 0x00007ffd5b1ab000 	C:\WINDOWS\system32\mswsock.dll
0x00007ffd55950000 - 0x00007ffd55966000 	C:\Program Files\Java\jdk-23\bin\nio.dll
0x00007ffd52b10000 - 0x00007ffd52b27000 	C:\Program Files\Java\jdk-23\bin\zip.dll
0x00007ffd36960000 - 0x00007ffd36984000 	C:\Program Files\NetBeans-24\netbeans\java\maven\lib\jansi-native\Windows\x86_64\jansi.dll
0x00007ffd58070000 - 0x00007ffd58080000 	C:\Program Files\Java\jdk-23\bin\verify.dll

dbghelp: loaded successfully - version: 4.0.5 - missing functions: none
symbol engine: initialized successfully - sym options: 0x614 - pdb path: .;C:\Program Files\Java\jdk-23\bin;C:\WINDOWS\SYSTEM32;C:\WINDOWS\WinSxS\amd64_microsoft.windows.common-controls_6595b64144ccf1df_6.0.26100.7922_none_3e089e1ee3342171;C:\Program Files\Java\jdk-23\bin\server;C:\Program Files\NetBeans-24\netbeans\java\maven\lib\jansi-native\Windows\x86_64

VM Arguments:
jvm_args: -Dclassworlds.conf=C:\Program Files\NetBeans-24\netbeans\java\maven\bin\m2.conf -Dmaven.home=C:\Program Files\NetBeans-24\netbeans\java\maven -Dlibrary.jansi.path=C:\Program Files\NetBeans-24\netbeans\java\maven\lib\jansi-native -Dmaven.multiModuleProjectDirectory=C:\Users\Papa\Documents\NetBeansProjects\MotorPhPayroll 
java_command: org.codehaus.plexus.classworlds.launcher.Launcher -Dmaven.ext.class.path=C:\Program Files\NetBeans-24\netbeans\java\maven-nblib\netbeans-eventspy.jar --no-transfer-progress install
java_class_path (initial): C:\Program Files\NetBeans-24\netbeans\java\maven\boot\plexus-classworlds-2.8.0.jar
Launcher Type: SUN_STANDARD

[Global flags]
     intx CICompilerCount                          = 4                                         {product} {ergonomic}
     uint ConcGCThreads                            = 2                                         {product} {ergonomic}
     uint G1ConcRefinementThreads                  = 8                                         {product} {ergonomic}
   size_t G1HeapRegionSize                         = 2097152                                   {product} {ergonomic}
   size_t InitialHeapSize                          = 234881024                                 {product} {ergonomic}
   size_t MarkStackSize                            = 4194304                                   {product} {ergonomic}
   size_t MarkStackSizeMax                         = 536870912                                 {product} {ergonomic}
   size_t MaxHeapSize                              = 3739222016                                {product} {ergonomic}
   size_t MaxNewSize                               = 2241855488                                {product} {ergonomic}
   size_t MinHeapDeltaBytes                        = 2097152                                   {product} {ergonomic}
   size_t MinHeapSize                              = 8388608                                   {product} {ergonomic}
    uintx NonNMethodCodeHeapSize                   = 5832704                                {pd product} {ergonomic}
    uintx NonProfiledCodeHeapSize                  = 122945536                              {pd product} {ergonomic}
    uintx ProfiledCodeHeapSize                     = 122880000                              {pd product} {ergonomic}
    uintx ReservedCodeCacheSize                    = 251658240                              {pd product} {ergonomic}
     bool SegmentedCodeCache                       = true                                      {product} {ergonomic}
   size_t SoftMaxHeapSize                          = 3739222016                             {manageable} {ergonomic}
     bool UseCompressedOops                        = true                           {product lp64_product} {ergonomic}
     bool UseG1GC                                  = true                                      {product} {ergonomic}
     bool UseLargePagesIndividualAllocation        = false                                  {pd product} {ergonomic}

Logging:
Log output configuration:
 #0: stdout all=warning uptime,level,tags foldmultilines=false
 #1: stderr all=off uptime,level,tags foldmultilines=false

Environment Variables:
JAVA_HOME=C:\Program Files\Java\jdk-23
PATH=C:\Program Files\Common Files\Oracle\Java\javapath;C:\Python312\Scripts\;C:\Python312\;C:\WINDOWS\system32;C:\WINDOWS;C:\WINDOWS\System32\Wbem;C:\WINDOWS\System32\WindowsPowerShell\v1.0\;C:\WINDOWS\System32\OpenSSH\;C:\Program Files\nodejs\;C:\ProgramData\chocolatey\bin;C:\Program Files (x86)\AOMEI\AOMEI Backupper\7.4.1;C:\Program Files\Java\jdk-23\bin;C:\Users\Papa\AppData\Local\GitHubDesktop\bin;C:\Users\Papa\AppData\Local\Programs\Microsoft VS Code\bin;C:\Users\Papa\AppData\Local\Programs\Git\cmd;C:\Users\Papa\AppData\Roaming\npm;C:\Users\Papa\AppData\Local\Microsoft\WindowsApps;
USERNAME=Papa
OS=Windows_NT
PROCESSOR_IDENTIFIER=AMD64 Family 23 Model 24 Stepping 1, AuthenticAMD
TMP=C:\Users\Papa\AppData\Local\Temp
TEMP=C:\Users\Papa\AppData\Local\Temp




Periodic native trim disabled

---------------  S Y S T E M  ---------------

OS:
 Windows 11 , 64 bit Build 26100 (10.0.26100.7920)
OS uptime: 1 days 18:47 hours

CPU: total 8 (initial active 8) (8 cores per cpu, 2 threads per core) family 23 model 24 stepping 1 microcode 0x8108109, cx8, cmov, fxsr, ht, mmx, 3dnowpref, sse, sse2, sse3, ssse3, sse4a, sse4.1, sse4.2, popcnt, lzcnt, tsc, tscinvbit, avx, avx2, aes, clmul, bmi1, bmi2, adx, sha, fma, vzeroupper, clflush, clflushopt, rdtscp, f16c
Processor Information for the first 8 processors :
  Max Mhz: 3300, Current Mhz: 3300, Mhz Limit: 3300

Memory: 4k page, system-wide physical 14258M (1965M free)
TotalPageFile size 57266M (AvailPageFile size 102M)
current process WorkingSet (physical memory assigned to process): 49M, peak: 50M
current process commit charge ("private bytes"): 312M, peak: 313M

vm_info: Java HotSpot(TM) 64-Bit Server VM (23.0.1+11-39) for windows-amd64 JRE (23.0.1+11-39), built on 2024-09-30T07:20:43Z with MS VC++ 17.6 (VS2022)

END.
