#
# There is insufficient memory for the Java Runtime Environment to continue.
# Native memory allocation (mmap) failed to map 65536 bytes. Error detail: Failed to commit metaspace.
# Possible reasons:
#   The system is out of physical RAM or swap space
#   This process is running with CompressedOops enabled, and the Java Heap may be blocking the growth of the native heap
# Possible solutions:
#   Reduce memory load on the system
#   Increase physical memory or swap space
#   Check if swap backing store is full
#   Decrease Java heap size (-Xmx/-Xms)
#   Decrease number of Java threads
#   Decrease Java thread stack sizes (-Xss)
#   Set larger code cache with -XX:ReservedCodeCacheSize=
#   JVM is running with Zero Based Compressed Oops mode in which the Java heap is
#     placed in the first 32GB address space. The Java Heap base address is the
#     maximum limit for the native heap growth. Please use -XX:HeapBaseMinAddress
#     to set the Java Heap base and to place the Java Heap above 32GB virtual address.
# This output file may be truncated or incomplete.
#
#  Out of Memory Error (virtualSpaceNode.cpp:113), pid=13104, tid=23844
#
# JRE version: Java(TM) SE Runtime Environment (23.0.1+11) (build 23.0.1+11-39)
# Java VM: Java HotSpot(TM) 64-Bit Server VM (23.0.1+11-39, mixed mode, sharing, tiered, compressed oops, compressed class ptrs, g1 gc, windows-amd64)
# No core dump will be written. Minidumps are not enabled by default on client versions of Windows
#

---------------  S U M M A R Y ------------

Command Line: -Dclassworlds.conf=C:\Program Files\NetBeans-24\netbeans\java\maven\bin\m2.conf -Dmaven.home=C:\Program Files\NetBeans-24\netbeans\java\maven -Dlibrary.jansi.path=C:\Program Files\NetBeans-24\netbeans\java\maven\lib\jansi-native -Dmaven.multiModuleProjectDirectory=C:\Users\Papa\Documents\NetBeansProjects\MotorPhPayroll org.codehaus.plexus.classworlds.launcher.Launcher -Dmaven.ext.class.path=C:\Program Files\NetBeans-24\netbeans\java\maven-nblib\netbeans-eventspy.jar --no-transfer-progress install

Host: AMD Ryzen 5 3400GE with Radeon Vega Graphics   , 8 cores, 13G,  Windows 11 , 64 bit Build 26100 (10.0.26100.7920)
Time: Sat Mar  7 14:06:30 2026 Malay Peninsula Standard Time elapsed time: 37.152578 seconds (0d 0h 0m 37s)

---------------  T H R E A D  ---------------

Current thread (0x0000025de0fdf690):  JavaThread "C1 CompilerThread0" daemon [_thread_in_vm, id=23844, stack(0x000000934a000000,0x000000934a100000) (1024K)]


Current CompileTask:
C1:37152  847       3       java.lang.invoke.LambdaForm::prepare (108 bytes)

Stack: [0x000000934a000000,0x000000934a100000]
Native frames: (J=compiled Java code, j=interpreted, Vv=VM code, C=native code)
V  [jvm.dll+0x6e08b9]  (no source info available)
V  [jvm.dll+0x87dc83]  (no source info available)
V  [jvm.dll+0x88010e]  (no source info available)
V  [jvm.dll+0x8807e3]  (no source info available)
V  [jvm.dll+0x27aee6]  (no source info available)
V  [jvm.dll+0x87988e]  (no source info available)
V  [jvm.dll+0x682035]  (no source info available)
V  [jvm.dll+0x68209a]  (no source info available)
V  [jvm.dll+0x6848da]  (no source info available)
V  [jvm.dll+0x2219dc]  (no source info available)
V  [jvm.dll+0x682a4e]  (no source info available)
V  [jvm.dll+0x6940aa]  (no source info available)
V  [jvm.dll+0x68d102]  (no source info available)
V  [jvm.dll+0x1ee860]  (no source info available)
V  [jvm.dll+0x1eea48]  (no source info available)
V  [jvm.dll+0x16318e]  (no source info available)
V  [jvm.dll+0x162fc1]  (no source info available)
V  [jvm.dll+0x15a852]  (no source info available)
V  [jvm.dll+0x15caca]  (no source info available)
V  [jvm.dll+0x15b0f5]  (no source info available)
V  [jvm.dll+0x15463f]  (no source info available)
V  [jvm.dll+0x164c46]  (no source info available)
V  [jvm.dll+0x14fd7b]  (no source info available)
V  [jvm.dll+0x150173]  (no source info available)
V  [jvm.dll+0x1504db]  (no source info available)
V  [jvm.dll+0x14f8a8]  (no source info available)
V  [jvm.dll+0x1516ed]  (no source info available)
V  [jvm.dll+0x253cf1]  (no source info available)
V  [jvm.dll+0x251faa]  (no source info available)
V  [jvm.dll+0x3ee036]  (no source info available)
V  [jvm.dll+0x824f8b]  (no source info available)
V  [jvm.dll+0x6df065]  (no source info available)
C  [ucrtbase.dll+0x37b0]  (no source info available)
C  [KERNEL32.DLL+0x2e8d7]  (no source info available)
C  [ntdll.dll+0x8c48c]  (no source info available)

Lock stack of current Java thread (top to bottom):


---------------  P R O C E S S  ---------------

Threads class SMR info:
_java_thread_list=0x0000025de14f8e30, length=12, elements={
0x0000025dc2659630, 0x0000025de0fcb460, 0x0000025de0fd0d10, 0x0000025de0fd2490,
0x0000025de0fd2ef0, 0x0000025de0fd5960, 0x0000025de0fd63c0, 0x0000025de0fd7150,
0x0000025de0fdf690, 0x0000025de1166cb0, 0x0000025de1171f40, 0x0000025de16afc90
}

Java Threads: ( => current thread )
  0x0000025dc2659630 JavaThread "main"                              [_thread_in_vm, id=21144, stack(0x0000009349000000,0x0000009349100000) (1024K)]
  0x0000025de0fcb460 JavaThread "Reference Handler"          daemon [_thread_blocked, id=23448, stack(0x0000009349900000,0x0000009349a00000) (1024K)]
  0x0000025de0fd0d10 JavaThread "Finalizer"                  daemon [_thread_blocked, id=23452, stack(0x0000009349a00000,0x0000009349b00000) (1024K)]
  0x0000025de0fd2490 JavaThread "Signal Dispatcher"          daemon [_thread_blocked, id=23456, stack(0x0000009349b00000,0x0000009349c00000) (1024K)]
  0x0000025de0fd2ef0 JavaThread "Attach Listener"            daemon [_thread_blocked, id=23460, stack(0x0000009349c00000,0x0000009349d00000) (1024K)]
  0x0000025de0fd5960 JavaThread "Service Thread"             daemon [_thread_blocked, id=23464, stack(0x0000009349d00000,0x0000009349e00000) (1024K)]
  0x0000025de0fd63c0 JavaThread "Monitor Deflation Thread"   daemon [_thread_blocked, id=23468, stack(0x0000009349e00000,0x0000009349f00000) (1024K)]
  0x0000025de0fd7150 JavaThread "C2 CompilerThread0"         daemon [_thread_blocked, id=23472, stack(0x0000009349f00000,0x000000934a000000) (1024K)]
=>0x0000025de0fdf690 JavaThread "C1 CompilerThread0"         daemon [_thread_in_vm, id=23844, stack(0x000000934a000000,0x000000934a100000) (1024K)]
  0x0000025de1166cb0 JavaThread "Notification Thread"        daemon [_thread_blocked, id=24320, stack(0x000000934a100000,0x000000934a200000) (1024K)]
  0x0000025de1171f40 JavaThread "Common-Cleaner"             daemon [_thread_blocked, id=24324, stack(0x000000934a200000,0x000000934a300000) (1024K)]
  0x0000025de16afc90 JavaThread "cleanup"                    daemon [_thread_in_vm, id=29876, stack(0x000000934a300000,0x000000934a400000) (1024K)]
Total: 12

Other Threads:
  0x0000025de0fadf40 VMThread "VM Thread"                           [id=22312, stack(0x0000009349800000,0x0000009349900000) (1024K)]
  0x0000025de0f9ef30 WatcherThread "VM Periodic Task Thread"        [id=22300, stack(0x0000009349700000,0x0000009349800000) (1024K)]
  0x0000025dc26b7650 WorkerThread "GC Thread#0"                     [id=21944, stack(0x0000009349200000,0x0000009349300000) (1024K)]
  0x0000025dc26cb130 ConcurrentGCThread "G1 Main Marker"            [id=21948, stack(0x0000009349300000,0x0000009349400000) (1024K)]
  0x0000025dc26cbc40 WorkerThread "G1 Conc#0"                       [id=21952, stack(0x0000009349400000,0x0000009349500000) (1024K)]
  0x0000025de0e6e040 ConcurrentGCThread "G1 Refine#0"               [id=21956, stack(0x0000009349500000,0x0000009349600000) (1024K)]
  0x0000025de0e70890 ConcurrentGCThread "G1 Service"                [id=21960, stack(0x0000009349600000,0x0000009349700000) (1024K)]
Total: 7

Threads with active compile tasks:
C1 CompilerThread0  37563  847       3       java.lang.invoke.LambdaForm::prepare (108 bytes)
Total: 1

VM state: not at safepoint (normal execution)

VM Mutex/Monitor currently owned by a thread:  ([mutex/lock_event])
[0x00007ffcfe891890] Metaspace_lock - owner thread: 0x0000025de0fdf690

Heap address: 0x0000000721200000, size: 3566 MB, Compressed Oops mode: Zero based, Oop shift amount: 3

CDS archive(s) mapped at: [0x0000025de2000000-0x0000025de2d70000-0x0000025de2d70000), size 14090240, SharedBaseAddress: 0x0000025de2000000, ArchiveRelocationMode: 1.
Compressed class space mapped at: 0x0000025de3000000-0x0000025e23000000, reserved size: 1073741824
Narrow klass base: 0x0000025de2000000, Narrow klass shift: 0, Narrow klass range: 0x41000000

GC Precious Log:
 CardTable entry size: 512
 Card Set container configuration: InlinePtr #cards 4 size 8 Array Of Cards #cards 16 size 48 Howl #buckets 8 coarsen threshold 3686 Howl Bitmap #cards 512 size 80 coarsen threshold 460 Card regions per heap region 1 cards per card region 4096
 CPUs: 8 total, 8 available
 Memory: 14258M
 Large Page Support: Disabled
 NUMA Support: Disabled
 Compressed Oops: Enabled (Zero based)
 Heap Region Size: 2M
 Heap Min Capacity: 8M
 Heap Initial Capacity: 224M
 Heap Max Capacity: 3566M
 Pre-touch: Disabled
 Parallel Workers: 8
 Concurrent Workers: 2
 Concurrent Refinement Workers: 8
 Periodic GC: Disabled

Heap:
 garbage-first heap   total reserved 3651584K, committed 229376K, used 10240K [0x0000000721200000, 0x0000000800000000)
  region size 2048K, 6 young (12288K), 0 survivors (0K)
 Metaspace       used 3065K, committed 3264K, reserved 1114112K
  class space    used 319K, committed 448K, reserved 1048576K

Heap Regions: E=young(eden), S=young(survivor), O=old, HS=humongous(starts), HC=humongous(continues), CS=collection set, F=free, TAMS=top-at-mark-start, PB=parsable bottom
|   0|0x0000000721200000, 0x0000000721200000, 0x0000000721400000|  0%| F|  |TAMS 0x0000000721200000| PB 0x0000000721200000| Untracked |  0
|   1|0x0000000721400000, 0x0000000721400000, 0x0000000721600000|  0%| F|  |TAMS 0x0000000721400000| PB 0x0000000721400000| Untracked |  0
|   2|0x0000000721600000, 0x0000000721600000, 0x0000000721800000|  0%| F|  |TAMS 0x0000000721600000| PB 0x0000000721600000| Untracked |  0
|   3|0x0000000721800000, 0x0000000721800000, 0x0000000721a00000|  0%| F|  |TAMS 0x0000000721800000| PB 0x0000000721800000| Untracked |  0
|   4|0x0000000721a00000, 0x0000000721a00000, 0x0000000721c00000|  0%| F|  |TAMS 0x0000000721a00000| PB 0x0000000721a00000| Untracked |  0
|   5|0x0000000721c00000, 0x0000000721c00000, 0x0000000721e00000|  0%| F|  |TAMS 0x0000000721c00000| PB 0x0000000721c00000| Untracked |  0
|   6|0x0000000721e00000, 0x0000000721e00000, 0x0000000722000000|  0%| F|  |TAMS 0x0000000721e00000| PB 0x0000000721e00000| Untracked |  0
|   7|0x0000000722000000, 0x0000000722000000, 0x0000000722200000|  0%| F|  |TAMS 0x0000000722000000| PB 0x0000000722000000| Untracked |  0
|   8|0x0000000722200000, 0x0000000722200000, 0x0000000722400000|  0%| F|  |TAMS 0x0000000722200000| PB 0x0000000722200000| Untracked |  0
|   9|0x0000000722400000, 0x0000000722400000, 0x0000000722600000|  0%| F|  |TAMS 0x0000000722400000| PB 0x0000000722400000| Untracked |  0
|  10|0x0000000722600000, 0x0000000722600000, 0x0000000722800000|  0%| F|  |TAMS 0x0000000722600000| PB 0x0000000722600000| Untracked |  0
|  11|0x0000000722800000, 0x0000000722800000, 0x0000000722a00000|  0%| F|  |TAMS 0x0000000722800000| PB 0x0000000722800000| Untracked |  0
|  12|0x0000000722a00000, 0x0000000722a00000, 0x0000000722c00000|  0%| F|  |TAMS 0x0000000722a00000| PB 0x0000000722a00000| Untracked |  0
|  13|0x0000000722c00000, 0x0000000722c00000, 0x0000000722e00000|  0%| F|  |TAMS 0x0000000722c00000| PB 0x0000000722c00000| Untracked |  0
|  14|0x0000000722e00000, 0x0000000722e00000, 0x0000000723000000|  0%| F|  |TAMS 0x0000000722e00000| PB 0x0000000722e00000| Untracked |  0
|  15|0x0000000723000000, 0x0000000723000000, 0x0000000723200000|  0%| F|  |TAMS 0x0000000723000000| PB 0x0000000723000000| Untracked |  0
|  16|0x0000000723200000, 0x0000000723200000, 0x0000000723400000|  0%| F|  |TAMS 0x0000000723200000| PB 0x0000000723200000| Untracked |  0
|  17|0x0000000723400000, 0x0000000723400000, 0x0000000723600000|  0%| F|  |TAMS 0x0000000723400000| PB 0x0000000723400000| Untracked |  0
|  18|0x0000000723600000, 0x0000000723600000, 0x0000000723800000|  0%| F|  |TAMS 0x0000000723600000| PB 0x0000000723600000| Untracked |  0
|  19|0x0000000723800000, 0x0000000723800000, 0x0000000723a00000|  0%| F|  |TAMS 0x0000000723800000| PB 0x0000000723800000| Untracked |  0
|  20|0x0000000723a00000, 0x0000000723a00000, 0x0000000723c00000|  0%| F|  |TAMS 0x0000000723a00000| PB 0x0000000723a00000| Untracked |  0
|  21|0x0000000723c00000, 0x0000000723c00000, 0x0000000723e00000|  0%| F|  |TAMS 0x0000000723c00000| PB 0x0000000723c00000| Untracked |  0
|  22|0x0000000723e00000, 0x0000000723e00000, 0x0000000724000000|  0%| F|  |TAMS 0x0000000723e00000| PB 0x0000000723e00000| Untracked |  0
|  23|0x0000000724000000, 0x0000000724000000, 0x0000000724200000|  0%| F|  |TAMS 0x0000000724000000| PB 0x0000000724000000| Untracked |  0
|  24|0x0000000724200000, 0x0000000724200000, 0x0000000724400000|  0%| F|  |TAMS 0x0000000724200000| PB 0x0000000724200000| Untracked |  0
|  25|0x0000000724400000, 0x0000000724400000, 0x0000000724600000|  0%| F|  |TAMS 0x0000000724400000| PB 0x0000000724400000| Untracked |  0
|  26|0x0000000724600000, 0x0000000724600000, 0x0000000724800000|  0%| F|  |TAMS 0x0000000724600000| PB 0x0000000724600000| Untracked |  0
|  27|0x0000000724800000, 0x0000000724800000, 0x0000000724a00000|  0%| F|  |TAMS 0x0000000724800000| PB 0x0000000724800000| Untracked |  0
|  28|0x0000000724a00000, 0x0000000724a00000, 0x0000000724c00000|  0%| F|  |TAMS 0x0000000724a00000| PB 0x0000000724a00000| Untracked |  0
|  29|0x0000000724c00000, 0x0000000724c00000, 0x0000000724e00000|  0%| F|  |TAMS 0x0000000724c00000| PB 0x0000000724c00000| Untracked |  0
|  30|0x0000000724e00000, 0x0000000724e00000, 0x0000000725000000|  0%| F|  |TAMS 0x0000000724e00000| PB 0x0000000724e00000| Untracked |  0
|  31|0x0000000725000000, 0x0000000725000000, 0x0000000725200000|  0%| F|  |TAMS 0x0000000725000000| PB 0x0000000725000000| Untracked |  0
|  32|0x0000000725200000, 0x0000000725200000, 0x0000000725400000|  0%| F|  |TAMS 0x0000000725200000| PB 0x0000000725200000| Untracked |  0
|  33|0x0000000725400000, 0x0000000725400000, 0x0000000725600000|  0%| F|  |TAMS 0x0000000725400000| PB 0x0000000725400000| Untracked |  0
|  34|0x0000000725600000, 0x0000000725600000, 0x0000000725800000|  0%| F|  |TAMS 0x0000000725600000| PB 0x0000000725600000| Untracked |  0
|  35|0x0000000725800000, 0x0000000725800000, 0x0000000725a00000|  0%| F|  |TAMS 0x0000000725800000| PB 0x0000000725800000| Untracked |  0
|  36|0x0000000725a00000, 0x0000000725a00000, 0x0000000725c00000|  0%| F|  |TAMS 0x0000000725a00000| PB 0x0000000725a00000| Untracked |  0
|  37|0x0000000725c00000, 0x0000000725c00000, 0x0000000725e00000|  0%| F|  |TAMS 0x0000000725c00000| PB 0x0000000725c00000| Untracked |  0
|  38|0x0000000725e00000, 0x0000000725e00000, 0x0000000726000000|  0%| F|  |TAMS 0x0000000725e00000| PB 0x0000000725e00000| Untracked |  0
|  39|0x0000000726000000, 0x0000000726000000, 0x0000000726200000|  0%| F|  |TAMS 0x0000000726000000| PB 0x0000000726000000| Untracked |  0
|  40|0x0000000726200000, 0x0000000726200000, 0x0000000726400000|  0%| F|  |TAMS 0x0000000726200000| PB 0x0000000726200000| Untracked |  0
|  41|0x0000000726400000, 0x0000000726400000, 0x0000000726600000|  0%| F|  |TAMS 0x0000000726400000| PB 0x0000000726400000| Untracked |  0
|  42|0x0000000726600000, 0x0000000726600000, 0x0000000726800000|  0%| F|  |TAMS 0x0000000726600000| PB 0x0000000726600000| Untracked |  0
|  43|0x0000000726800000, 0x0000000726800000, 0x0000000726a00000|  0%| F|  |TAMS 0x0000000726800000| PB 0x0000000726800000| Untracked |  0
|  44|0x0000000726a00000, 0x0000000726a00000, 0x0000000726c00000|  0%| F|  |TAMS 0x0000000726a00000| PB 0x0000000726a00000| Untracked |  0
|  45|0x0000000726c00000, 0x0000000726c00000, 0x0000000726e00000|  0%| F|  |TAMS 0x0000000726c00000| PB 0x0000000726c00000| Untracked |  0
|  46|0x0000000726e00000, 0x0000000726e00000, 0x0000000727000000|  0%| F|  |TAMS 0x0000000726e00000| PB 0x0000000726e00000| Untracked |  0
|  47|0x0000000727000000, 0x0000000727000000, 0x0000000727200000|  0%| F|  |TAMS 0x0000000727000000| PB 0x0000000727000000| Untracked |  0
|  48|0x0000000727200000, 0x0000000727200000, 0x0000000727400000|  0%| F|  |TAMS 0x0000000727200000| PB 0x0000000727200000| Untracked |  0
|  49|0x0000000727400000, 0x0000000727400000, 0x0000000727600000|  0%| F|  |TAMS 0x0000000727400000| PB 0x0000000727400000| Untracked |  0
|  50|0x0000000727600000, 0x0000000727600000, 0x0000000727800000|  0%| F|  |TAMS 0x0000000727600000| PB 0x0000000727600000| Untracked |  0
|  51|0x0000000727800000, 0x0000000727800000, 0x0000000727a00000|  0%| F|  |TAMS 0x0000000727800000| PB 0x0000000727800000| Untracked |  0
|  52|0x0000000727a00000, 0x0000000727a00000, 0x0000000727c00000|  0%| F|  |TAMS 0x0000000727a00000| PB 0x0000000727a00000| Untracked |  0
|  53|0x0000000727c00000, 0x0000000727c00000, 0x0000000727e00000|  0%| F|  |TAMS 0x0000000727c00000| PB 0x0000000727c00000| Untracked |  0
|  54|0x0000000727e00000, 0x0000000727e00000, 0x0000000728000000|  0%| F|  |TAMS 0x0000000727e00000| PB 0x0000000727e00000| Untracked |  0
|  55|0x0000000728000000, 0x0000000728000000, 0x0000000728200000|  0%| F|  |TAMS 0x0000000728000000| PB 0x0000000728000000| Untracked |  0
|  56|0x0000000728200000, 0x0000000728200000, 0x0000000728400000|  0%| F|  |TAMS 0x0000000728200000| PB 0x0000000728200000| Untracked |  0
|  57|0x0000000728400000, 0x0000000728400000, 0x0000000728600000|  0%| F|  |TAMS 0x0000000728400000| PB 0x0000000728400000| Untracked |  0
|  58|0x0000000728600000, 0x0000000728600000, 0x0000000728800000|  0%| F|  |TAMS 0x0000000728600000| PB 0x0000000728600000| Untracked |  0
|  59|0x0000000728800000, 0x0000000728800000, 0x0000000728a00000|  0%| F|  |TAMS 0x0000000728800000| PB 0x0000000728800000| Untracked |  0
|  60|0x0000000728a00000, 0x0000000728a00000, 0x0000000728c00000|  0%| F|  |TAMS 0x0000000728a00000| PB 0x0000000728a00000| Untracked |  0
|  61|0x0000000728c00000, 0x0000000728c00000, 0x0000000728e00000|  0%| F|  |TAMS 0x0000000728c00000| PB 0x0000000728c00000| Untracked |  0
|  62|0x0000000728e00000, 0x0000000728e00000, 0x0000000729000000|  0%| F|  |TAMS 0x0000000728e00000| PB 0x0000000728e00000| Untracked |  0
|  63|0x0000000729000000, 0x0000000729000000, 0x0000000729200000|  0%| F|  |TAMS 0x0000000729000000| PB 0x0000000729000000| Untracked |  0
|  64|0x0000000729200000, 0x0000000729200000, 0x0000000729400000|  0%| F|  |TAMS 0x0000000729200000| PB 0x0000000729200000| Untracked |  0
|  65|0x0000000729400000, 0x0000000729400000, 0x0000000729600000|  0%| F|  |TAMS 0x0000000729400000| PB 0x0000000729400000| Untracked |  0
|  66|0x0000000729600000, 0x0000000729600000, 0x0000000729800000|  0%| F|  |TAMS 0x0000000729600000| PB 0x0000000729600000| Untracked |  0
|  67|0x0000000729800000, 0x0000000729800000, 0x0000000729a00000|  0%| F|  |TAMS 0x0000000729800000| PB 0x0000000729800000| Untracked |  0
|  68|0x0000000729a00000, 0x0000000729a00000, 0x0000000729c00000|  0%| F|  |TAMS 0x0000000729a00000| PB 0x0000000729a00000| Untracked |  0
|  69|0x0000000729c00000, 0x0000000729c00000, 0x0000000729e00000|  0%| F|  |TAMS 0x0000000729c00000| PB 0x0000000729c00000| Untracked |  0
|  70|0x0000000729e00000, 0x0000000729e00000, 0x000000072a000000|  0%| F|  |TAMS 0x0000000729e00000| PB 0x0000000729e00000| Untracked |  0
|  71|0x000000072a000000, 0x000000072a000000, 0x000000072a200000|  0%| F|  |TAMS 0x000000072a000000| PB 0x000000072a000000| Untracked |  0
|  72|0x000000072a200000, 0x000000072a200000, 0x000000072a400000|  0%| F|  |TAMS 0x000000072a200000| PB 0x000000072a200000| Untracked |  0
|  73|0x000000072a400000, 0x000000072a400000, 0x000000072a600000|  0%| F|  |TAMS 0x000000072a400000| PB 0x000000072a400000| Untracked |  0
|  74|0x000000072a600000, 0x000000072a600000, 0x000000072a800000|  0%| F|  |TAMS 0x000000072a600000| PB 0x000000072a600000| Untracked |  0
|  75|0x000000072a800000, 0x000000072a800000, 0x000000072aa00000|  0%| F|  |TAMS 0x000000072a800000| PB 0x000000072a800000| Untracked |  0
|  76|0x000000072aa00000, 0x000000072aa00000, 0x000000072ac00000|  0%| F|  |TAMS 0x000000072aa00000| PB 0x000000072aa00000| Untracked |  0
|  77|0x000000072ac00000, 0x000000072ac00000, 0x000000072ae00000|  0%| F|  |TAMS 0x000000072ac00000| PB 0x000000072ac00000| Untracked |  0
|  78|0x000000072ae00000, 0x000000072ae00000, 0x000000072b000000|  0%| F|  |TAMS 0x000000072ae00000| PB 0x000000072ae00000| Untracked |  0
|  79|0x000000072b000000, 0x000000072b000000, 0x000000072b200000|  0%| F|  |TAMS 0x000000072b000000| PB 0x000000072b000000| Untracked |  0
|  80|0x000000072b200000, 0x000000072b200000, 0x000000072b400000|  0%| F|  |TAMS 0x000000072b200000| PB 0x000000072b200000| Untracked |  0
|  81|0x000000072b400000, 0x000000072b400000, 0x000000072b600000|  0%| F|  |TAMS 0x000000072b400000| PB 0x000000072b400000| Untracked |  0
|  82|0x000000072b600000, 0x000000072b600000, 0x000000072b800000|  0%| F|  |TAMS 0x000000072b600000| PB 0x000000072b600000| Untracked |  0
|  83|0x000000072b800000, 0x000000072b800000, 0x000000072ba00000|  0%| F|  |TAMS 0x000000072b800000| PB 0x000000072b800000| Untracked |  0
|  84|0x000000072ba00000, 0x000000072ba00000, 0x000000072bc00000|  0%| F|  |TAMS 0x000000072ba00000| PB 0x000000072ba00000| Untracked |  0
|  85|0x000000072bc00000, 0x000000072bc00000, 0x000000072be00000|  0%| F|  |TAMS 0x000000072bc00000| PB 0x000000072bc00000| Untracked |  0
|  86|0x000000072be00000, 0x000000072be00000, 0x000000072c000000|  0%| F|  |TAMS 0x000000072be00000| PB 0x000000072be00000| Untracked |  0
|  87|0x000000072c000000, 0x000000072c000000, 0x000000072c200000|  0%| F|  |TAMS 0x000000072c000000| PB 0x000000072c000000| Untracked |  0
|  88|0x000000072c200000, 0x000000072c200000, 0x000000072c400000|  0%| F|  |TAMS 0x000000072c200000| PB 0x000000072c200000| Untracked |  0
|  89|0x000000072c400000, 0x000000072c400000, 0x000000072c600000|  0%| F|  |TAMS 0x000000072c400000| PB 0x000000072c400000| Untracked |  0
|  90|0x000000072c600000, 0x000000072c600000, 0x000000072c800000|  0%| F|  |TAMS 0x000000072c600000| PB 0x000000072c600000| Untracked |  0
|  91|0x000000072c800000, 0x000000072c800000, 0x000000072ca00000|  0%| F|  |TAMS 0x000000072c800000| PB 0x000000072c800000| Untracked |  0
|  92|0x000000072ca00000, 0x000000072ca00000, 0x000000072cc00000|  0%| F|  |TAMS 0x000000072ca00000| PB 0x000000072ca00000| Untracked |  0
|  93|0x000000072cc00000, 0x000000072cc00000, 0x000000072ce00000|  0%| F|  |TAMS 0x000000072cc00000| PB 0x000000072cc00000| Untracked |  0
|  94|0x000000072ce00000, 0x000000072ce00000, 0x000000072d000000|  0%| F|  |TAMS 0x000000072ce00000| PB 0x000000072ce00000| Untracked |  0
|  95|0x000000072d000000, 0x000000072d000000, 0x000000072d200000|  0%| F|  |TAMS 0x000000072d000000| PB 0x000000072d000000| Untracked |  0
|  96|0x000000072d200000, 0x000000072d200000, 0x000000072d400000|  0%| F|  |TAMS 0x000000072d200000| PB 0x000000072d200000| Untracked |  0
|  97|0x000000072d400000, 0x000000072d400000, 0x000000072d600000|  0%| F|  |TAMS 0x000000072d400000| PB 0x000000072d400000| Untracked |  0
|  98|0x000000072d600000, 0x000000072d600000, 0x000000072d800000|  0%| F|  |TAMS 0x000000072d600000| PB 0x000000072d600000| Untracked |  0
|  99|0x000000072d800000, 0x000000072d800000, 0x000000072da00000|  0%| F|  |TAMS 0x000000072d800000| PB 0x000000072d800000| Untracked |  0
| 100|0x000000072da00000, 0x000000072da00000, 0x000000072dc00000|  0%| F|  |TAMS 0x000000072da00000| PB 0x000000072da00000| Untracked |  0
| 101|0x000000072dc00000, 0x000000072dc00000, 0x000000072de00000|  0%| F|  |TAMS 0x000000072dc00000| PB 0x000000072dc00000| Untracked |  0
| 102|0x000000072de00000, 0x000000072de00000, 0x000000072e000000|  0%| F|  |TAMS 0x000000072de00000| PB 0x000000072de00000| Untracked |  0
| 103|0x000000072e000000, 0x000000072e000000, 0x000000072e200000|  0%| F|  |TAMS 0x000000072e000000| PB 0x000000072e000000| Untracked |  0
| 104|0x000000072e200000, 0x000000072e200000, 0x000000072e400000|  0%| F|  |TAMS 0x000000072e200000| PB 0x000000072e200000| Untracked |  0
| 105|0x000000072e400000, 0x000000072e400000, 0x000000072e600000|  0%| F|  |TAMS 0x000000072e400000| PB 0x000000072e400000| Untracked |  0
| 106|0x000000072e600000, 0x000000072e772a88, 0x000000072e800000| 72%| E|  |TAMS 0x000000072e600000| PB 0x000000072e600000| Complete |  0
| 107|0x000000072e800000, 0x000000072ea00000, 0x000000072ea00000|100%| E|CS|TAMS 0x000000072e800000| PB 0x000000072e800000| Complete |  0
| 108|0x000000072ea00000, 0x000000072ec00000, 0x000000072ec00000|100%| E|CS|TAMS 0x000000072ea00000| PB 0x000000072ea00000| Complete |  0
| 109|0x000000072ec00000, 0x000000072ee00000, 0x000000072ee00000|100%| E|CS|TAMS 0x000000072ec00000| PB 0x000000072ec00000| Complete |  0
| 110|0x000000072ee00000, 0x000000072f000000, 0x000000072f000000|100%| E|CS|TAMS 0x000000072ee00000| PB 0x000000072ee00000| Complete |  0
| 111|0x000000072f000000, 0x000000072f200000, 0x000000072f200000|100%| E|CS|TAMS 0x000000072f000000| PB 0x000000072f000000| Complete |  0

Card table byte_map: [0x0000025dda7c0000,0x0000025ddaec0000] _byte_map_base: 0x0000025dd6eb7000

Marking Bits: (CMBitMap*) 0x0000025dc26b7d60
 Bits: [0x0000025ddaec0000, 0x0000025dde678000)

Polling page: 0x0000025dc0430000

Metaspace:

Usage:
  Non-class:      2.68 MB used.
      Class:    319.74 KB used.
       Both:      2.99 MB used.

Virtual space:
  Non-class space:       64.00 MB reserved,       2.75 MB (  4%) committed,  1 nodes.
      Class space:        1.00 GB reserved,     448.00 KB ( <1%) committed,  1 nodes.
             Both:        1.06 GB reserved,       3.19 MB ( <1%) committed. 

Chunk freelists:
   Non-Class:  10.79 MB
       Class:  15.55 MB
        Both:  26.34 MB

MaxMetaspaceSize: unlimited
CompressedClassSpaceSize: 1.00 GB
Initial GC threshold: 21.00 MB
Current GC threshold: 21.00 MB
CDS: on
 - commit_granule_bytes: 65536.
 - commit_granule_words: 8192.
 - virtual_space_node_default_size: 8388608.
 - enlarge_chunks_in_place: 1.
 - use_allocation_guard: 0.


Internal statistics:

num_allocs_failed_limit: 0.
num_arena_births: 38.
num_arena_deaths: 0.
num_vsnodes_births: 2.
num_vsnodes_deaths: 0.
num_space_committed: 51.
num_space_uncommitted: 0.
num_chunks_returned_to_freelist: 0.
num_chunks_taken_from_freelist: 107.
num_chunk_merges: 0.
num_chunk_splits: 70.
num_chunks_enlarged: 54.
num_inconsistent_stats: 0.

CodeHeap 'non-profiled nmethods': size=120064Kb used=243Kb max_used=243Kb free=119820Kb
 bounds [0x0000025dd2850000, 0x0000025dd2ac0000, 0x0000025dd9d90000]
CodeHeap 'profiled nmethods': size=120000Kb used=1215Kb max_used=1215Kb free=118784Kb
 bounds [0x0000025dcad90000, 0x0000025dcb000000, 0x0000025dd22c0000]
CodeHeap 'non-nmethods': size=5696Kb used=1332Kb max_used=1351Kb free=4363Kb
 bounds [0x0000025dd22c0000, 0x0000025dd2530000, 0x0000025dd2850000]
CodeCache: size=245760Kb, used=2790Kb, max_used=2809Kb, free=242967Kb
 total_blobs=1295, nmethods=846, adapters=355, full_count=0
Compilation: enabled, stopped_count=0, restarted_count=0

Compilation events (20 events):
Event: 33.830 Thread 0x0000025de0fdf690 nmethod 836 0x0000025dcaebc988 code [0x0000025dcaebcaa0, 0x0000025dcaebcb98]
Event: 33.831 Thread 0x0000025de0fd7150  837       4       java.lang.String::startsWith (123 bytes)
Event: 33.833 Thread 0x0000025de0fdf690  838   !   3       jdk.internal.loader.URLClassPath$JarLoader::checkResource (73 bytes)
Event: 33.834 Thread 0x0000025de0fdf690 nmethod 838 0x0000025dcaebcc88 code [0x0000025dcaebce40, 0x0000025dcaebd758]
Event: 33.837 Thread 0x0000025de0fd7150 nmethod 837 0x0000025dd288b808 code [0x0000025dd288b920, 0x0000025dd288bc40]
Event: 33.839 Thread 0x0000025de0fd7150  839       4       java.util.jar.Manifest$FastInputStream::readLine (296 bytes)
Event: 33.853 Thread 0x0000025de0fd7150 nmethod 839 0x0000025dd288bc88 code [0x0000025dd288bde0, 0x0000025dd288c608]
Event: 34.138 Thread 0x0000025de0fdf690  840       3       java.security.SecureClassLoader$CodeSourceKey::equals (60 bytes)
Event: 34.138 Thread 0x0000025de0fdf690 nmethod 840 0x0000025dcaebd808 code [0x0000025dcaebd980, 0x0000025dcaebdf80]
Event: 34.387 Thread 0x0000025de0fdf690  841       3       jdk.internal.misc.VM::isModuleSystemInited (13 bytes)
Event: 34.387 Thread 0x0000025de0fdf690 nmethod 841 0x0000025dcaebe008 code [0x0000025dcaebe120, 0x0000025dcaebe268]
Event: 35.021 Thread 0x0000025de0fdf690  842       3       java.lang.invoke.MethodType::genericMethodType (95 bytes)
Event: 35.022 Thread 0x0000025de0fdf690 nmethod 842 0x0000025dcaebe308 code [0x0000025dcaebe520, 0x0000025dcaebf210]
Event: 35.124 Thread 0x0000025de0fdf690  844       1       java.lang.invoke.LambdaForm$Name::index (5 bytes)
Event: 35.124 Thread 0x0000025de0fdf690 nmethod 844 0x0000025dd288c988 code [0x0000025dd288caa0, 0x0000025dd288cb68]
Event: 35.125 Thread 0x0000025de0fdf690  845       3       java.util.ImmutableCollections$List12::get (35 bytes)
Event: 35.125 Thread 0x0000025de0fdf690 nmethod 845 0x0000025dcaebf288 code [0x0000025dcaebf3c0, 0x0000025dcaebf650]
Event: 35.125 Thread 0x0000025de0fdf690  846       3       java.lang.invoke.MethodHandle::<init> (37 bytes)
Event: 35.126 Thread 0x0000025de0fdf690 nmethod 846 0x0000025dcaebf688 code [0x0000025dcaebf820, 0x0000025dcaebfda0]
Event: 35.126 Thread 0x0000025de0fdf690  847       3       java.lang.invoke.LambdaForm::prepare (108 bytes)

GC Heap History (0 events):
No events

Dll operation events (8 events):
Event: 0.025 Loaded shared library C:\Program Files\Java\jdk-23\bin\java.dll
Event: 4.396 Loaded shared library C:\Program Files\Java\jdk-23\bin\net.dll
Event: 4.397 Loaded shared library C:\Program Files\Java\jdk-23\bin\jsvml.dll
Event: 4.400 Loaded shared library C:\Program Files\Java\jdk-23\bin\nio.dll
Event: 4.407 Loaded shared library C:\Program Files\Java\jdk-23\bin\zip.dll
Event: 22.062 Loaded shared library C:\Program Files\NetBeans-24\netbeans\java\maven\lib\jansi-native\Windows\x86_64\jansi.dll
Event: 22.151 Loaded shared library C:\Program Files\Java\jdk-23\bin\verify.dll
Event: 22.230 Loaded shared library C:\Program Files\Java\jdk-23\bin\jimage.dll

Deoptimization events (20 events):
Event: 21.526 Thread 0x0000025dc2659630 DEOPT PACKING pc=0x0000025dcadc2dc1 sp=0x00000093490fa4a0
Event: 21.526 Thread 0x0000025dc2659630 DEOPT UNPACKING pc=0x0000025dd2314b22 sp=0x00000093490f9910 mode 0
Event: 22.065 Thread 0x0000025dc2659630 DEOPT PACKING pc=0x0000025dcadc2dc1 sp=0x00000093490fd6c0
Event: 22.065 Thread 0x0000025dc2659630 DEOPT UNPACKING pc=0x0000025dd2314b22 sp=0x00000093490fcb48 mode 0
Event: 30.004 Thread 0x0000025dc2659630 Uncommon trap: trap_request=0xffffff45 fr.pc=0x0000025dd285e510 relative=0x00000000000004d0
Event: 30.004 Thread 0x0000025dc2659630 Uncommon trap: reason=unstable_if action=reinterpret pc=0x0000025dd285e510 method=java.lang.StringLatin1.canEncode(C)Z @ 4 c2
Event: 30.004 Thread 0x0000025dc2659630 DEOPT PACKING pc=0x0000025dd285e510 sp=0x00000093490fe3c0
Event: 30.004 Thread 0x0000025dc2659630 DEOPT UNPACKING pc=0x0000025dd2314402 sp=0x00000093490fe2f0 mode 2
Event: 30.004 Thread 0x0000025dc2659630 Uncommon trap: trap_request=0xffffff45 fr.pc=0x0000025dd2878e60 relative=0x00000000000004a0
Event: 30.004 Thread 0x0000025dc2659630 Uncommon trap: reason=unstable_if action=reinterpret pc=0x0000025dd2878e60 method=java.lang.AbstractStringBuilder.isLatin1()Z @ 10 c2
Event: 30.004 Thread 0x0000025dc2659630 DEOPT PACKING pc=0x0000025dd2878e60 sp=0x00000093490fe3e0
Event: 30.004 Thread 0x0000025dc2659630 DEOPT UNPACKING pc=0x0000025dd2314402 sp=0x00000093490fe370 mode 2
Event: 30.004 Thread 0x0000025dc2659630 Uncommon trap: trap_request=0xffffff45 fr.pc=0x0000025dd285cfdc relative=0x000000000000005c
Event: 30.004 Thread 0x0000025dc2659630 Uncommon trap: reason=unstable_if action=reinterpret pc=0x0000025dd285cfdc method=java.lang.AbstractStringBuilder.isLatin1()Z @ 10 c2
Event: 30.004 Thread 0x0000025dc2659630 DEOPT PACKING pc=0x0000025dd285cfdc sp=0x00000093490fe3e0
Event: 30.004 Thread 0x0000025dc2659630 DEOPT UNPACKING pc=0x0000025dd2314402 sp=0x00000093490fe370 mode 2
Event: 31.245 Thread 0x0000025dc2659630 DEOPT PACKING pc=0x0000025dcadd4f8d sp=0x00000093490fd140
Event: 31.245 Thread 0x0000025dc2659630 DEOPT UNPACKING pc=0x0000025dd2314b22 sp=0x00000093490fc590 mode 0
Event: 33.843 Thread 0x0000025dc2659630 DEOPT PACKING pc=0x0000025dcadb2886 sp=0x00000093490fd590
Event: 33.844 Thread 0x0000025dc2659630 DEOPT UNPACKING pc=0x0000025dd2314b22 sp=0x00000093490fca20 mode 0

Classes loaded (20 events):
Event: 26.896 Loading class java/util/concurrent/locks/ReentrantReadWriteLock$Sync$ThreadLocalHoldCounter
Event: 26.896 Loading class java/util/concurrent/locks/ReentrantReadWriteLock$Sync$ThreadLocalHoldCounter done
Event: 26.896 Loading class java/util/concurrent/locks/ReentrantReadWriteLock$ReadLock
Event: 26.896 Loading class java/util/concurrent/locks/ReentrantReadWriteLock$ReadLock done
Event: 26.903 Loading class java/util/concurrent/locks/ReentrantReadWriteLock$WriteLock
Event: 26.904 Loading class java/util/concurrent/locks/ReentrantReadWriteLock$WriteLock done
Event: 26.917 Loading class java/text/ParseException
Event: 26.917 Loading class java/text/ParseException done
Event: 26.951 Loading class sun/util/calendar/ZoneInfoFile$Checksum
Event: 26.951 Loading class sun/util/calendar/ZoneInfoFile$Checksum done
Event: 27.180 Loading class jdk/internal/module/ModulePatcher$PatchedModuleReader
Event: 27.180 Loading class jdk/internal/module/ModulePatcher$PatchedModuleReader done
Event: 27.180 Loading class sun/net/www/protocol/jrt/Handler
Event: 27.180 Loading class sun/net/www/protocol/jrt/Handler done
Event: 30.000 Loading class sun/text/resources/cldr/FormatData_en
Event: 30.000 Loading class sun/text/resources/cldr/FormatData_en done
Event: 30.001 Loading class sun/text/resources/cldr/FormatData_en_US
Event: 30.001 Loading class sun/text/resources/cldr/FormatData_en_US done
Event: 33.697 Loading class java/io/FilterReader
Event: 33.697 Loading class java/io/FilterReader done

Classes unloaded (0 events):
No events

Classes redefined (0 events):
No events

Internal exceptions (20 events):
Event: 5.691 Thread 0x0000025dc2659630 Exception <a 'java/lang/NoSuchMethodError'{0x000000072ee28290}: 'int java.lang.invoke.DirectMethodHandle$Holder.invokeSpecial(java.lang.Object, java.lang.Object, java.lang.Object)'> (0x000000072ee28290) 
thrown [s\open\src\hotspot\share\interpreter\linkResolver.cpp, line 796]
Event: 21.952 Thread 0x0000025dc2659630 Exception <a 'java/lang/NoSuchMethodError'{0x000000072ec63e88}: 'java.lang.Object java.lang.invoke.Invokers$Holder.invokeExact_MT(java.lang.Object, java.lang.Object, java.lang.Object, java.lang.Object, java.lang.Object)'> (0x000000072ec63e88) 
thrown [s\open\src\hotspot\share\interpreter\linkResolver.cpp, line 796]
Event: 22.052 Thread 0x0000025dc2659630 Exception <a 'java/lang/NullPointerException'{0x000000072ecbea40}> (0x000000072ecbea40) 
thrown [s\open\src\hotspot\share\interpreter\linkResolver.cpp, line 1389]
Event: 22.065 Thread 0x0000025dc2659630 Exception <a 'java/lang/NullPointerException'{0x000000072ecdb9d8}> (0x000000072ecdb9d8) 
thrown [s\open\src\hotspot\share\interpreter\linkResolver.cpp, line 1389]
Event: 22.065 Thread 0x0000025dc2659630 Exception <a 'java/lang/NullPointerException'{0x000000072ecdbcb8}> (0x000000072ecdbcb8) 
thrown [s\open\src\hotspot\share\interpreter\linkResolver.cpp, line 1389]
Event: 22.065 Thread 0x0000025dc2659630 Exception <a 'java/lang/NullPointerException'{0x000000072ecdbf98}> (0x000000072ecdbf98) 
thrown [s\open\src\hotspot\share\interpreter\linkResolver.cpp, line 1389]
Event: 22.067 Thread 0x0000025dc2659630 Exception <a 'java/lang/NullPointerException'{0x000000072ece14a8}> (0x000000072ece14a8) 
thrown [s\open\src\hotspot\share\interpreter\linkResolver.cpp, line 1389]
Event: 22.069 Thread 0x0000025dc2659630 Exception <a 'java/lang/NullPointerException'{0x000000072ecf4cf0}> (0x000000072ecf4cf0) 
thrown [s\open\src\hotspot\share\interpreter\linkResolver.cpp, line 1389]
Event: 22.069 Thread 0x0000025dc2659630 Exception <a 'java/lang/NullPointerException'{0x000000072ecf4fd0}> (0x000000072ecf4fd0) 
thrown [s\open\src\hotspot\share\interpreter\linkResolver.cpp, line 1389]
Event: 22.069 Thread 0x0000025dc2659630 Exception <a 'java/lang/NullPointerException'{0x000000072ecf52b0}> (0x000000072ecf52b0) 
thrown [s\open\src\hotspot\share\interpreter\linkResolver.cpp, line 1389]
Event: 22.069 Thread 0x0000025dc2659630 Exception <a 'java/lang/NullPointerException'{0x000000072ecf5590}> (0x000000072ecf5590) 
thrown [s\open\src\hotspot\share\interpreter\linkResolver.cpp, line 1389]
Event: 22.146 Thread 0x0000025dc2659630 Exception <a 'sun/nio/fs/WindowsException'{0x000000072ed1fc38}> (0x000000072ed1fc38) 
thrown [s\open\src\hotspot\share\prims\jni.cpp, line 520]
Event: 22.146 Thread 0x0000025dc2659630 Exception <a 'sun/nio/fs/WindowsException'{0x000000072ed20388}> (0x000000072ed20388) 
thrown [s\open\src\hotspot\share\prims\jni.cpp, line 520]
Event: 22.146 Thread 0x0000025dc2659630 Exception <a 'sun/nio/fs/WindowsException'{0x000000072ed20900}> (0x000000072ed20900) 
thrown [s\open\src\hotspot\share\prims\jni.cpp, line 520]
Event: 22.146 Thread 0x0000025dc2659630 Exception <a 'sun/nio/fs/WindowsException'{0x000000072ed20e58}> (0x000000072ed20e58) 
thrown [s\open\src\hotspot\share\prims\jni.cpp, line 520]
Event: 22.146 Thread 0x0000025dc2659630 Exception <a 'sun/nio/fs/WindowsException'{0x000000072ed21360}> (0x000000072ed21360) 
thrown [s\open\src\hotspot\share\prims\jni.cpp, line 520]
Event: 22.146 Thread 0x0000025dc2659630 Exception <a 'sun/nio/fs/WindowsException'{0x000000072ed21820}> (0x000000072ed21820) 
thrown [s\open\src\hotspot\share\prims\jni.cpp, line 520]
Event: 22.167 Thread 0x0000025dc2659630 Exception <a 'java/lang/NoSuchMethodError'{0x000000072ed6e160}: 'void java.lang.invoke.DirectMethodHandle$Holder.invokeStatic(java.lang.Object, java.lang.Object)'> (0x000000072ed6e160) 
thrown [s\open\src\hotspot\share\interpreter\linkResolver.cpp, line 796]
Event: 22.168 Thread 0x0000025dc2659630 Exception <a 'java/lang/NoSuchMethodError'{0x000000072ed71578}: 'void java.lang.invoke.DirectMethodHandle$Holder.invokeStaticInit(java.lang.Object, java.lang.Object)'> (0x000000072ed71578) 
thrown [s\open\src\hotspot\share\interpreter\linkResolver.cpp, line 796]
Event: 26.535 Thread 0x0000025dc2659630 Exception <a 'java/lang/NoSuchMethodError'{0x000000072eb38fa8}: 'java.lang.Object java.lang.invoke.DirectMethodHandle$Holder.invokeSpecialIFC(java.lang.Object, java.lang.Object, java.lang.Object, java.lang.Object)'> (0x000000072eb38fa8) 
thrown [s\open\src\hotspot\share\interpreter\linkResolver.cpp, line 796]

VM Operations (4 events):
Event: 22.050 Executing VM operation: HandshakeAllThreads (Deoptimize)
Event: 22.050 Executing VM operation: HandshakeAllThreads (Deoptimize) done
Event: 22.234 Executing VM operation: HandshakeAllThreads (Deoptimize)
Event: 22.375 Executing VM operation: HandshakeAllThreads (Deoptimize) done

Memory protections (0 events):
No events

Nmethod flushes (0 events):
No events

Events (12 events):
Event: 0.464 Thread 0x0000025dc2659630 Thread added: 0x0000025dc2659630
Event: 1.458 Thread 0x0000025dc2659630 Thread added: 0x0000025de0fcb460
Event: 1.459 Thread 0x0000025dc2659630 Thread added: 0x0000025de0fd0d10
Event: 1.459 Thread 0x0000025dc2659630 Thread added: 0x0000025de0fd2490
Event: 1.459 Thread 0x0000025dc2659630 Thread added: 0x0000025de0fd2ef0
Event: 1.459 Thread 0x0000025dc2659630 Thread added: 0x0000025de0fd5960
Event: 1.459 Thread 0x0000025dc2659630 Thread added: 0x0000025de0fd63c0
Event: 1.460 Thread 0x0000025dc2659630 Thread added: 0x0000025de0fd7150
Event: 1.796 Thread 0x0000025dc2659630 Thread added: 0x0000025de0fdf690
Event: 2.290 Thread 0x0000025dc2659630 Thread added: 0x0000025de1166cb0
Event: 2.295 Thread 0x0000025dc2659630 Thread added: 0x0000025de1171f40
Event: 22.057 Thread 0x0000025dc2659630 Thread added: 0x0000025de16afc90


Dynamic libraries:
0x00007ff67dd80000 - 0x00007ff67dd90000 	C:\Program Files\Java\jdk-23\bin\java.exe
0x00007ffd5f560000 - 0x00007ffd5f7c7000 	C:\WINDOWS\SYSTEM32\ntdll.dll
0x00007ffd5e130000 - 0x00007ffd5e1f9000 	C:\WINDOWS\System32\KERNEL32.DLL
0x00007ffd5bf90000 - 0x00007ffd5c381000 	C:\WINDOWS\System32\KERNELBASE.dll
0x00007ffd5cf50000 - 0x00007ffd5d09b000 	C:\WINDOWS\System32\ucrtbase.dll
0x00007ffd57070000 - 0x00007ffd57087000 	C:\Program Files\Java\jdk-23\bin\jli.dll
0x00007ffd5e610000 - 0x00007ffd5e7d5000 	C:\WINDOWS\System32\USER32.dll
0x00007ffd5d150000 - 0x00007ffd5d177000 	C:\WINDOWS\System32\win32u.dll
0x00007ffd5da90000 - 0x00007ffd5dabb000 	C:\WINDOWS\System32\GDI32.dll
0x00007ffd5cc00000 - 0x00007ffd5cd2a000 	C:\WINDOWS\System32\gdi32full.dll
0x00007ffd5d0a0000 - 0x00007ffd5d143000 	C:\WINDOWS\System32\msvcp_win.dll
0x00007ffd59dc0000 - 0x00007ffd59ddb000 	C:\Program Files\Java\jdk-23\bin\VCRUNTIME140.dll
0x00007ffd4e0c0000 - 0x00007ffd4e353000 	C:\WINDOWS\WinSxS\amd64_microsoft.windows.common-controls_6595b64144ccf1df_6.0.26100.7922_none_3e089e1ee3342171\COMCTL32.dll
0x00007ffd5f460000 - 0x00007ffd5f509000 	C:\WINDOWS\System32\msvcrt.dll
0x00007ffd5ded0000 - 0x00007ffd5df01000 	C:\WINDOWS\System32\IMM32.DLL
0x00007ffd5a240000 - 0x00007ffd5a24c000 	C:\Program Files\Java\jdk-23\bin\vcruntime140_1.dll
0x00007ffd4eb00000 - 0x00007ffd4eb8e000 	C:\Program Files\Java\jdk-23\bin\msvcp140.dll
0x00007ffcfdc20000 - 0x00007ffcfe96f000 	C:\Program Files\Java\jdk-23\bin\server\jvm.dll
0x00007ffd5df10000 - 0x00007ffd5dfcb000 	C:\WINDOWS\System32\ADVAPI32.dll
0x00007ffd5d7f0000 - 0x00007ffd5d897000 	C:\WINDOWS\System32\sechost.dll
0x00007ffd5f320000 - 0x00007ffd5f438000 	C:\WINDOWS\System32\RPCRT4.dll
0x00007ffd5e480000 - 0x00007ffd5e4f4000 	C:\WINDOWS\System32\WS2_32.dll
0x00007ffd5bca0000 - 0x00007ffd5bcfe000 	C:\WINDOWS\SYSTEM32\POWRPROF.dll
0x00007ffd56060000 - 0x00007ffd56095000 	C:\WINDOWS\SYSTEM32\WINMM.dll
0x00007ffd560a0000 - 0x00007ffd560ab000 	C:\WINDOWS\SYSTEM32\VERSION.dll
0x00007ffd5bc80000 - 0x00007ffd5bc94000 	C:\WINDOWS\SYSTEM32\UMPDC.dll
0x00007ffd5abd0000 - 0x00007ffd5abeb000 	C:\WINDOWS\SYSTEM32\kernel.appcore.dll
0x00007ffd5a1f0000 - 0x00007ffd5a1fa000 	C:\Program Files\Java\jdk-23\bin\jimage.dll
0x00007ffd59e50000 - 0x00007ffd5a092000 	C:\WINDOWS\SYSTEM32\DBGHELP.DLL
0x00007ffd5dac0000 - 0x00007ffd5de42000 	C:\WINDOWS\System32\combase.dll
0x00007ffd5e7f0000 - 0x00007ffd5e8c7000 	C:\WINDOWS\System32\OLEAUT32.dll
0x00007ffd4ced0000 - 0x00007ffd4cf0b000 	C:\WINDOWS\SYSTEM32\dbgcore.DLL
0x00007ffd5cd30000 - 0x00007ffd5cdd5000 	C:\WINDOWS\System32\bcryptPrimitives.dll
0x00007ffd59d80000 - 0x00007ffd59d9e000 	C:\Program Files\Java\jdk-23\bin\java.dll
0x00007ffd5d8f0000 - 0x00007ffd5da85000 	C:\WINDOWS\System32\ole32.dll
0x00007ffd5e9c0000 - 0x00007ffd5f11f000 	C:\WINDOWS\System32\SHELL32.dll
0x00007ffd5cde0000 - 0x00007ffd5cf4a000 	C:\WINDOWS\System32\wintypes.dll
0x00007ffd5c390000 - 0x00007ffd5cbf4000 	C:\WINDOWS\System32\windows.storage.dll
0x00007ffd5f130000 - 0x00007ffd5f227000 	C:\WINDOWS\System32\SHCORE.dll
0x00007ffd5e8d0000 - 0x00007ffd5e937000 	C:\WINDOWS\System32\shlwapi.dll
0x00007ffd5bd60000 - 0x00007ffd5bd89000 	C:\WINDOWS\SYSTEM32\profapi.dll
0x00007ffd580c0000 - 0x00007ffd580d0000 	C:\Program Files\Java\jdk-23\bin\net.dll
0x00007ffd06010000 - 0x00007ffd060e7000 	C:\Program Files\Java\jdk-23\bin\jsvml.dll
0x00007ffd5b140000 - 0x00007ffd5b1ab000 	C:\WINDOWS\system32\mswsock.dll
0x00007ffd55950000 - 0x00007ffd55966000 	C:\Program Files\Java\jdk-23\bin\nio.dll
0x00007ffd52b10000 - 0x00007ffd52b27000 	C:\Program Files\Java\jdk-23\bin\zip.dll
0x00007ffd36960000 - 0x00007ffd36984000 	C:\Program Files\NetBeans-24\netbeans\java\maven\lib\jansi-native\Windows\x86_64\jansi.dll
0x00007ffd58070000 - 0x00007ffd58080000 	C:\Program Files\Java\jdk-23\bin\verify.dll

dbghelp: loaded successfully - version: 4.0.5 - missing functions: none
symbol engine: initialized successfully - sym options: 0x614 - pdb path: .;C:\Program Files\Java\jdk-23\bin;C:\WINDOWS\SYSTEM32;C:\WINDOWS\WinSxS\amd64_microsoft.windows.common-controls_6595b64144ccf1df_6.0.26100.7922_none_3e089e1ee3342171;C:\Program Files\Java\jdk-23\bin\server;C:\Program Files\NetBeans-24\netbeans\java\maven\lib\jansi-native\Windows\x86_64

VM Arguments:
jvm_args: -Dclassworlds.conf=C:\Program Files\NetBeans-24\netbeans\java\maven\bin\m2.conf -Dmaven.home=C:\Program Files\NetBeans-24\netbeans\java\maven -Dlibrary.jansi.path=C:\Program Files\NetBeans-24\netbeans\java\maven\lib\jansi-native -Dmaven.multiModuleProjectDirectory=C:\Users\Papa\Documents\NetBeansProjects\MotorPhPayroll 
java_command: org.codehaus.plexus.classworlds.launcher.Launcher -Dmaven.ext.class.path=C:\Program Files\NetBeans-24\netbeans\java\maven-nblib\netbeans-eventspy.jar --no-transfer-progress install
java_class_path (initial): C:\Program Files\NetBeans-24\netbeans\java\maven\boot\plexus-classworlds-2.8.0.jar
Launcher Type: SUN_STANDARD

[Global flags]
     intx CICompilerCount                          = 4                                         {product} {ergonomic}
     uint ConcGCThreads                            = 2                                         {product} {ergonomic}
     uint G1ConcRefinementThreads                  = 8                                         {product} {ergonomic}
   size_t G1HeapRegionSize                         = 2097152                                   {product} {ergonomic}
   size_t InitialHeapSize                          = 234881024                                 {product} {ergonomic}
   size_t MarkStackSize                            = 4194304                                   {product} {ergonomic}
   size_t MarkStackSizeMax                         = 536870912                                 {product} {ergonomic}
   size_t MaxHeapSize                              = 3739222016                                {product} {ergonomic}
   size_t MaxNewSize                               = 2241855488                                {product} {ergonomic}
   size_t MinHeapDeltaBytes                        = 2097152                                   {product} {ergonomic}
   size_t MinHeapSize                              = 8388608                                   {product} {ergonomic}
    uintx NonNMethodCodeHeapSize                   = 5832704                                {pd product} {ergonomic}
    uintx NonProfiledCodeHeapSize                  = 122945536                              {pd product} {ergonomic}
    uintx ProfiledCodeHeapSize                     = 122880000                              {pd product} {ergonomic}
    uintx ReservedCodeCacheSize                    = 251658240                              {pd product} {ergonomic}
     bool SegmentedCodeCache                       = true                                      {product} {ergonomic}
   size_t SoftMaxHeapSize                          = 3739222016                             {manageable} {ergonomic}
     bool UseCompressedOops                        = true                           {product lp64_product} {ergonomic}
     bool UseG1GC                                  = true                                      {product} {ergonomic}
     bool UseLargePagesIndividualAllocation        = false                                  {pd product} {ergonomic}

Logging:
Log output configuration:
 #0: stdout all=warning uptime,level,tags foldmultilines=false
 #1: stderr all=off uptime,level,tags foldmultilines=false

Environment Variables:
JAVA_HOME=C:\Program Files\Java\jdk-23
PATH=C:\Program Files\Common Files\Oracle\Java\javapath;C:\Python312\Scripts\;C:\Python312\;C:\WINDOWS\system32;C:\WINDOWS;C:\WINDOWS\System32\Wbem;C:\WINDOWS\System32\WindowsPowerShell\v1.0\;C:\WINDOWS\System32\OpenSSH\;C:\Program Files\nodejs\;C:\ProgramData\chocolatey\bin;C:\Program Files (x86)\AOMEI\AOMEI Backupper\7.4.1;C:\Program Files\Java\jdk-23\bin;C:\Users\Papa\AppData\Local\GitHubDesktop\bin;C:\Users\Papa\AppData\Local\Programs\Microsoft VS Code\bin;C:\Users\Papa\AppData\Local\Programs\Git\cmd;C:\Users\Papa\AppData\Roaming\npm;C:\Users\Papa\AppData\Local\Microsoft\WindowsApps;
USERNAME=Papa
OS=Windows_NT
PROCESSOR_IDENTIFIER=AMD64 Family 23 Model 24 Stepping 1, AuthenticAMD
TMP=C:\Users\Papa\AppData\Local\Temp
TEMP=C:\Users\Papa\AppData\Local\Temp




Periodic native trim disabled

---------------  S Y S T E M  ---------------

OS:
 Windows 11 , 64 bit Build 26100 (10.0.26100.7920)
OS uptime: 1 days 18:47 hours

CPU: total 8 (initial active 8) (8 cores per cpu, 2 threads per core) family 23 model 24 stepping 1 microcode 0x8108109, cx8, cmov, fxsr, ht, mmx, 3dnowpref, sse, sse2, sse3, ssse3, sse4a, sse4.1, sse4.2, popcnt, lzcnt, tsc, tscinvbit, avx, avx2, aes, clmul, bmi1, bmi2, adx, sha, fma, vzeroupper, clflush, clflushopt, rdtscp, f16c
Processor Information for the first 8 processors :
  Max Mhz: 3300, Current Mhz: 3300, Mhz Limit: 3300

Memory: 4k page, system-wide physical 14258M (2453M free)
TotalPageFile size 57266M (AvailPageFile size 56M)
current process WorkingSet (physical memory assigned to process): 59M, peak: 61M
current process commit charge ("private bytes"): 316M, peak: 320M

vm_info: Java HotSpot(TM) 64-Bit Server VM (23.0.1+11-39) for windows-amd64 JRE (23.0.1+11-39), built on 2024-09-30T07:20:43Z with MS VC++ 17.6 (VS2022)

END.
