#
# There is insufficient memory for the Java Runtime Environment to continue.
# Native memory allocation (mmap) failed to map 65536 bytes. Error detail: Failed to commit metaspace.
# Possible reasons:
#   The system is out of physical RAM or swap space
#   This process is running with CompressedOops enabled, and the Java Heap may be blocking the growth of the native heap
# Possible solutions:
#   Reduce memory load on the system
#   Increase physical memory or swap space
#   Check if swap backing store is full
#   Decrease Java heap size (-Xmx/-Xms)
#   Decrease number of Java threads
#   Decrease Java thread stack sizes (-Xss)
#   Set larger code cache with -XX:ReservedCodeCacheSize=
#   JVM is running with Zero Based Compressed Oops mode in which the Java heap is
#     placed in the first 32GB address space. The Java Heap base address is the
#     maximum limit for the native heap growth. Please use -XX:HeapBaseMinAddress
#     to set the Java Heap base and to place the Java Heap above 32GB virtual address.
# This output file may be truncated or incomplete.
#
#  Out of Memory Error (virtualSpaceNode.cpp:113), pid=29188, tid=29936
#
# JRE version: Java(TM) SE Runtime Environment (23.0.1+11) (build 23.0.1+11-39)
# Java VM: Java HotSpot(TM) 64-Bit Server VM (23.0.1+11-39, mixed mode, sharing, tiered, compressed oops, compressed class ptrs, g1 gc, windows-amd64)
# No core dump will be written. Minidumps are not enabled by default on client versions of Windows
#

---------------  S U M M A R Y ------------

Command Line: -Dclassworlds.conf=C:\Program Files\NetBeans-24\netbeans\java\maven\bin\m2.conf -Dmaven.home=C:\Program Files\NetBeans-24\netbeans\java\maven -Dlibrary.jansi.path=C:\Program Files\NetBeans-24\netbeans\java\maven\lib\jansi-native -Dmaven.multiModuleProjectDirectory=C:\Users\Papa\Documents\NetBeansProjects\MotorPhPayroll org.codehaus.plexus.classworlds.launcher.Launcher -Dmaven.ext.class.path=C:\Program Files\NetBeans-24\netbeans\java\maven-nblib\netbeans-eventspy.jar --no-transfer-progress install

Host: AMD Ryzen 5 3400GE with Radeon Vega Graphics   , 8 cores, 13G,  Windows 11 , 64 bit Build 26100 (10.0.26100.7920)
Time: Sat Mar  7 14:07:07 2026 Malay Peninsula Standard Time elapsed time: 65.563780 seconds (0d 0h 1m 5s)

---------------  T H R E A D  ---------------

Current thread (0x000001e126d39630):  JavaThread "main"             [_thread_in_vm, id=29936, stack(0x000000c1d1600000,0x000000c1d1700000) (1024K)]

Stack: [0x000000c1d1600000,0x000000c1d1700000]
Native frames: (J=compiled Java code, j=interpreted, Vv=VM code, C=native code)
V  [jvm.dll+0x6e08b9]  (no source info available)
V  [jvm.dll+0x87dc83]  (no source info available)
V  [jvm.dll+0x88010e]  (no source info available)
V  [jvm.dll+0x8807e3]  (no source info available)
V  [jvm.dll+0x27aee6]  (no source info available)
V  [jvm.dll+0x87988e]  (no source info available)
V  [jvm.dll+0x682035]  (no source info available)
V  [jvm.dll+0x1e09dc]  (no source info available)
V  [jvm.dll+0x1e07ae]  (no source info available)
V  [jvm.dll+0x684988]  (no source info available)
V  [jvm.dll+0x2219dc]  (no source info available)
V  [jvm.dll+0x682a4e]  (no source info available)
V  [jvm.dll+0x68ce28]  (no source info available)
V  [jvm.dll+0x211fe1]  (no source info available)
V  [jvm.dll+0x21244a]  (no source info available)
V  [jvm.dll+0x212e71]  (no source info available)
V  [jvm.dll+0x20811e]  (no source info available)
V  [jvm.dll+0x5be6df]  (no source info available)
V  [jvm.dll+0x7f3ad6]  (no source info available)
V  [jvm.dll+0x475cf6]  (no source info available)
V  [jvm.dll+0x47bb98]  (no source info available)
C  [java.dll+0x17d4]  (no source info available)
C  0x000001e136f5717c  (no source info available)

The last pc belongs to native nmethod (printed below).
Java frames: (J=compiled Java code, j=interpreted, Vv=VM code)
J 516  java.lang.ClassLoader.defineClass1(Ljava/lang/ClassLoader;Ljava/lang/String;[BIILjava/security/ProtectionDomain;Ljava/lang/String;)Ljava/lang/Class; java.base@23.0.1 (0 bytes) @ 0x000001e136f570e1 [0x000001e136f57020+0x00000000000000c1]
J 956 c1 java.lang.ClassLoader.defineClass(Ljava/lang/String;[BIILjava/security/ProtectionDomain;)Ljava/lang/Class; java.base@23.0.1 (43 bytes) @ 0x000001e12f5cafd4 [0x000001e12f5cac80+0x0000000000000354]
J 902 c1 java.security.SecureClassLoader.defineClass(Ljava/lang/String;[BIILjava/security/CodeSource;)Ljava/lang/Class; java.base@23.0.1 (16 bytes) @ 0x000001e12f5bb31c [0x000001e12f5bb240+0x00000000000000dc]
J 831 c1 java.net.URLClassLoader.defineClass(Ljava/lang/String;Ljdk/internal/loader/Resource;)Ljava/lang/Class; java.base@23.0.1 (224 bytes) @ 0x000001e12f5984c4 [0x000001e12f596ea0+0x0000000000001624]
J 955 c1 java.net.URLClassLoader$1.run()Ljava/lang/Class; java.base@23.0.1 (81 bytes) @ 0x000001e12f5ca04c [0x000001e12f5c9440+0x0000000000000c0c]
J 904 c1 java.net.URLClassLoader$1.run()Ljava/lang/Object; java.base@23.0.1 (5 bytes) @ 0x000001e12f5bbdb4 [0x000001e12f5bbd20+0x0000000000000094]
J 821 c1 java.security.AccessController.doPrivileged(Ljava/security/PrivilegedExceptionAction;Ljava/security/AccessControlContext;)Ljava/lang/Object; java.base@23.0.1 (26 bytes) @ 0x000001e12f594514 [0x000001e12f594320+0x00000000000001f4]
J 903 c1 java.net.URLClassLoader.findClass(Ljava/lang/String;)Ljava/lang/Class; java.base@23.0.1 (47 bytes) @ 0x000001e12f5bb734 [0x000001e12f5bb580+0x00000000000001b4]
J 828 c1 org.codehaus.plexus.classworlds.realm.ClassRealm.loadClassFromSelf(Ljava/lang/String;)Ljava/lang/Class; (40 bytes) @ 0x000001e12f5960ac [0x000001e12f595d00+0x00000000000003ac]
J 860 c1 org.codehaus.plexus.classworlds.strategy.SelfFirstStrategy.loadClass(Ljava/lang/String;)Ljava/lang/Class; (50 bytes) @ 0x000001e12f5a1c9c [0x000001e12f5a18c0+0x00000000000003dc]
J 815 c1 org.codehaus.plexus.classworlds.realm.ClassRealm.loadClass(Ljava/lang/String;Z)Ljava/lang/Class; (33 bytes) @ 0x000001e12f591154 [0x000001e12f590fe0+0x0000000000000174]
J 570 c1 org.codehaus.plexus.classworlds.realm.ClassRealm.loadClass(Ljava/lang/String;)Ljava/lang/Class; (7 bytes) @ 0x000001e12f51cda4 [0x000001e12f51cca0+0x0000000000000104]
J 860 c1 org.codehaus.plexus.classworlds.strategy.SelfFirstStrategy.loadClass(Ljava/lang/String;)Ljava/lang/Class; (50 bytes) @ 0x000001e12f5a1ffc [0x000001e12f5a18c0+0x000000000000073c]
J 815 c1 org.codehaus.plexus.classworlds.realm.ClassRealm.loadClass(Ljava/lang/String;Z)Ljava/lang/Class; (33 bytes) @ 0x000001e12f591154 [0x000001e12f590fe0+0x0000000000000174]
J 570 c1 org.codehaus.plexus.classworlds.realm.ClassRealm.loadClass(Ljava/lang/String;)Ljava/lang/Class; (7 bytes) @ 0x000001e12f51cda4 [0x000001e12f51cca0+0x0000000000000104]
j  org.eclipse.sisu.space.URLClassSpace.loadClass(Ljava/lang/String;)Ljava/lang/Class;+5
j  org.eclipse.sisu.space.QualifiedTypeVisitor.leaveClass()V+26
j  org.eclipse.sisu.plexus.PlexusTypeVisitor.leaveClass()V+79
j  org.eclipse.sisu.space.SpaceScanner$1.visitEnd()V+4
j  org.eclipse.sisu.space.asm.ClassReader.accept(Lorg/eclipse/sisu/space/asm/ClassVisitor;[Lorg/eclipse/sisu/space/asm/Attribute;I)V+1397
j  org.eclipse.sisu.space.asm.ClassReader.accept(Lorg/eclipse/sisu/space/asm/ClassVisitor;I)V+7
j  org.eclipse.sisu.space.SpaceScanner.accept(Lorg/eclipse/sisu/space/ClassVisitor;Ljava/net/URL;Z)V+25
j  org.eclipse.sisu.space.SpaceScanner.accept(Lorg/eclipse/sisu/space/SpaceVisitor;)V+65
j  org.eclipse.sisu.space.SpaceModule.scanForElements(Lcom/google/inject/Binder;)V+29
j  org.eclipse.sisu.space.SpaceModule.configure(Lcom/google/inject/Binder;)V+42
j  org.eclipse.sisu.plexus.PlexusAnnotatedBeanModule.configure(Lcom/google/inject/Binder;)Lorg/eclipse/sisu/plexus/PlexusBeanSource;+13
j  org.eclipse.sisu.plexus.PlexusBindingModule.configure(Lcom/google/inject/Binder;)V+41
j  com.google.inject.spi.Elements$RecordingBinder.install(Lcom/google/inject/Module;)V+209
j  com.google.inject.spi.Elements.getElements(Lcom/google/inject/Stage;Ljava/lang/Iterable;)Ljava/util/List;+40
j  com.google.inject.spi.Elements.getElements(Ljava/lang/Iterable;)Ljava/util/List;+4
j  org.eclipse.sisu.wire.WireModule.configure(Lcom/google/inject/Binder;)V+13
j  com.google.inject.spi.Elements$RecordingBinder.install(Lcom/google/inject/Module;)V+209
j  com.google.inject.spi.Elements.getElements(Lcom/google/inject/Stage;Ljava/lang/Iterable;)Ljava/util/List;+40
j  com.google.inject.internal.InjectorShell$Builder.build(Lcom/google/inject/internal/Initializer;Lcom/google/inject/internal/ProcessedBindingData;Lcom/google/inject/internal/util/ContinuousStopwatch;Lcom/google/inject/internal/Errors;)Ljava/util/List;+163
j  com.google.inject.internal.InternalInjectorCreator.build()Lcom/google/inject/Injector;+48
j  com.google.inject.Guice.createInjector(Lcom/google/inject/Stage;Ljava/lang/Iterable;)Lcom/google/inject/Injector;+15
j  com.google.inject.Guice.createInjector(Ljava/lang/Iterable;)Lcom/google/inject/Injector;+4
j  com.google.inject.Guice.createInjector([Lcom/google/inject/Module;)Lcom/google/inject/Injector;+4
j  org.codehaus.plexus.DefaultPlexusContainer.addPlexusInjector(Ljava/util/List;[Lcom/google/inject/Module;)Lcom/google/inject/Injector;+88
j  org.codehaus.plexus.DefaultPlexusContainer.<init>(Lorg/codehaus/plexus/ContainerConfiguration;[Lcom/google/inject/Module;)V+406
j  org.apache.maven.cli.MavenCli.container(Lorg/apache/maven/cli/CliRequest;)Lorg/codehaus/plexus/PlexusContainer;+279
j  org.apache.maven.cli.MavenCli.doMain(Lorg/apache/maven/cli/CliRequest;)I+34
j  org.apache.maven.cli.MavenCli.main([Ljava/lang/String;Lorg/codehaus/plexus/classworlds/ClassWorld;)I+24
j  java.lang.invoke.DirectMethodHandle$Holder.invokeStatic(Ljava/lang/Object;Ljava/lang/Object;Ljava/lang/Object;)I+11 java.base@23.0.1
j  java.lang.invoke.LambdaForm$MH+0x000001e147009400.invoke(Ljava/lang/Object;Ljava/lang/Object;Ljava/lang/Object;Ljava/lang/Object;)Ljava/lang/Object;+54 java.base@23.0.1
j  java.lang.invoke.LambdaForm$MH+0x000001e147009800.invokeExact_MT(Ljava/lang/Object;Ljava/lang/Object;Ljava/lang/Object;Ljava/lang/Object;Ljava/lang/Object;)Ljava/lang/Object;+22 java.base@23.0.1
j  jdk.internal.reflect.DirectMethodHandleAccessor.invokeImpl(Ljava/lang/Object;[Ljava/lang/Object;)Ljava/lang/Object;+72 java.base@23.0.1
j  jdk.internal.reflect.DirectMethodHandleAccessor.invoke(Ljava/lang/Object;[Ljava/lang/Object;)Ljava/lang/Object;+23 java.base@23.0.1
j  java.lang.reflect.Method.invoke(Ljava/lang/Object;[Ljava/lang/Object;)Ljava/lang/Object;+102 java.base@23.0.1
j  org.codehaus.plexus.classworlds.launcher.Launcher.launchEnhanced([Ljava/lang/String;)V+45
j  org.codehaus.plexus.classworlds.launcher.Launcher.launch([Ljava/lang/String;)V+2
j  org.codehaus.plexus.classworlds.launcher.Launcher.mainWithExitCode([Ljava/lang/String;)I+108
j  org.codehaus.plexus.classworlds.launcher.Launcher.main([Ljava/lang/String;)V+1
v  ~StubRoutines::call_stub 0x000001e1369a0fcd
Lock stack of current Java thread (top to bottom):
LockStack[0]: java.lang.Object 
{0x000000072ec15df0} - klass: 'java/lang/Object'
 - ---- fields (total size 2 words):


Compiled method (n/a) 67466  516     n 0       java.lang.ClassLoader::defineClass1 (native)
 total in heap  [0x000001e136f56f08,0x000001e136f574c0] = 1464
 relocation     [0x000001e136f56fe0,0x000001e136f57018] = 56
 main code      [0x000001e136f57020,0x000001e136f574bf] = 1183
 stub code      [0x000001e136f574bf,0x000001e136f574c0] = 1

[Constant Pool (empty)]

[MachCode]
[Entry Point]
  # {method} {0x000001e146478b70} 'defineClass1' '(Ljava/lang/ClassLoader;Ljava/lang/String;[BIILjava/security/ProtectionDomain;Ljava/lang/String;)Ljava/lang/Class;' in 'java/lang/ClassLoader'
  # parm0:    rdx:rdx   = 'java/lang/ClassLoader'
  # parm1:    r8:r8     = 'java/lang/String'
  # parm2:    r9:r9     = '[B'
  # parm3:    rdi       = int
  # parm4:    rsi       = int
  # parm5:    rcx:rcx   = 'java/security/ProtectionDomain'
  # parm6:    [sp+0xa0]   = 'java/lang/String'  (sp of caller)
  0x000001e136f57020: 6690 448b | 5208 443b 

  0x000001e136f57028: ;   {runtime_call ic_miss_stub}
  0x000001e136f57028: 5008 0f85 | b074 a9ff 
[Verified Entry Point]
  0x000001e136f57030: 8984 2400 | 80ff ff55 | 488b ec48 | 81ec 9000 | 0000 6690 | 4181 7f20 | 0100 0000 

  0x000001e136f5704c: ;   {runtime_call StubRoutines (final stubs)}
  0x000001e136f5704c: 7405 e8ed | 06a8 ff48 | 837d 1000 | 488d 4510 | 480f 4445 | 1048 8944 | 2440 4889 | 4c24 7048 
  0x000001e136f5706c: 83f9 0048 | 8d44 2470 | 480f 4444 | 2470 4889 | 4424 3848 | 8974 2430 | 4889 7c24 | 284c 894c 
  0x000001e136f5708c: 2458 4983 | f900 488d | 4424 5848 | 0f44 4424 | 5848 8944 | 2420 4c89 | 4424 5049 | 83f8 004c 
  0x000001e136f570ac: 8d4c 2450 | 4c0f 444c | 2450 4889 | 5424 4848 | 83fa 004c | 8d44 2448 | 4c0f 4444 

  0x000001e136f570c8: ;   {oop(a 'java/lang/Class'{0x000000072d8803b8} = 'java/lang/ClassLoader')}
  0x000001e136f570c8: 2448 49be | b803 882d | 0700 0000 | 4c89 7424 | 784c 8d74 | 2478 498b | d6c5 f877 

  0x000001e136f570e4: ;   {internal_word}
  0x000001e136f570e4: 49ba e170 | f536 e101 | 0000 4d89 | 97a8 0300 | 0049 89a7 | a003 0000 

  0x000001e136f570fc: ;   {external_word}
  0x000001e136f570fc: 49ba 41ad | 86fe fc7f | 0000 4180 | 3a00 0f84 | 4e00 0000 | 5241 5041 

  0x000001e136f57114: ;   {metadata({method} {0x000001e146478b70} 'defineClass1' '(Ljava/lang/ClassLoader;Ljava/lang/String;[BIILjava/security/ProtectionDomain;Ljava/lang/String;)Ljava/lang/Class;' in 'java/lang/ClassLoader')}
  0x000001e136f57114: 5148 ba68 | 8b47 46e1 | 0100 0049 | 8bcf 4883 | ec20 40f6 | c40f 0f84 | 1900 0000 | 4883 ec08 
  0x000001e136f57134: ;   {runtime_call}
  0x000001e136f57134: 48b8 10ee | 36fe fc7f | 0000 ffd0 | 4883 c408 | e90c 0000 

  0x000001e136f57148: ;   {runtime_call}
  0x000001e136f57148: 0048 b810 | ee36 fefc | 7f00 00ff | d048 83c4 | 2041 5941 | 585a 498d | 8fc0 0300 | 0041 c787 
  0x000001e136f57168: 4404 0000 | 0400 0000 

  0x000001e136f57170: ;   {runtime_call}
  0x000001e136f57170: 48b8 9416 | d859 fd7f | 0000 ffd0 | c5f8 7741 | c787 4404 | 0000 0500 | 0000 f083 | 4424 c000 
  0x000001e136f57190: 493b af48 | 0400 000f | 870e 0000 | 0041 83bf | 4004 0000 | 000f 842b | 0000 00c5 | f877 4889 
  0x000001e136f571b0: 45f8 498b | cf4c 8be4 | 4883 ec20 | 4883 e4f0 

  0x000001e136f571c0: ;   {runtime_call}
  0x000001e136f571c0: 48b8 90a9 | 00fe fc7f | 0000 ffd0 | 498b e44d | 33e4 488b | 45f8 41c7 | 8744 0400 | 0008 0000 
  0x000001e136f571e0: 0041 83bf | c804 0000 | 020f 84a3 

  0x000001e136f571ec: ;   {external_word}
  0x000001e136f571ec: 0200 0049 | ba41 ad86 | fefc 7f00 | 0041 803a | 000f 844c | 0000 0048 

  0x000001e136f57204: ;   {metadata({method} {0x000001e146478b70} 'defineClass1' '(Ljava/lang/ClassLoader;Ljava/lang/String;[BIILjava/security/ProtectionDomain;Ljava/lang/String;)Ljava/lang/Class;' in 'java/lang/ClassLoader')}
  0x000001e136f57204: 8945 f848 | ba68 8b47 | 46e1 0100 | 0049 8bcf | 4883 ec20 | 40f6 c40f | 0f84 1900 | 0000 4883 
  0x000001e136f57224: ;   {runtime_call}
  0x000001e136f57224: ec08 48b8 | 10ee 36fe | fc7f 0000 | ffd0 4883 | c408 e90c 

  0x000001e136f57238: ;   {runtime_call}
  0x000001e136f57238: 0000 0048 | b810 ee36 | fefc 7f00 | 00ff d048 | 83c4 2048 | 8b45 f849 | c787 a003 | 0000 0000 
  0x000001e136f57258: 0000 49c7 | 87a8 0300 | 0000 0000 | 00c5 f877 | 4885 c00f | 84fe 0100 | 00a8 030f | 8508 0000 
  0x000001e136f57278: 0048 8b00 | e9ee 0100 | 00a8 010f | 8509 0000 | 0048 8b40 | fee9 dd01 | 0000 488b | 40ff 4180 
  0x000001e136f57298: 7f38 000f | 84ce 0100 | 0048 83f8 | 000f 84c4 | 0100 0049 | 8b4f 2848 | 83f9 000f | 8414 0000 
  0x000001e136f572b8: 0048 83e9 | 0849 894f | 2849 034f | 3048 8901 | e9a2 0100 | 0048 81ec | d000 0000 | 4889 0424 
  0x000001e136f572d8: 4889 4c24 | 0848 8954 | 2410 4889 | 7424 1848 | 897c 2420 | 4c89 4424 | 284c 894c | 2430 4c89 
  0x000001e136f572f8: 5424 384c | 895c 2440 | c5fb 1144 | 2450 c5fb | 114c 2458 | c5fb 1154 | 2460 c5fb | 115c 2468 
  0x000001e136f57318: c5fb 1164 | 2470 c5fb | 116c 2478 | c5fb 11b4 | 2480 0000 | 00c5 fb11 | bc24 8800 | 0000 c57b 
  0x000001e136f57338: ;   {no_reloc}
  0x000001e136f57338: 1184 2490 | 0000 00c5 | 7b11 8c24 | 9800 0000 | c57b 1194 | 24a0 0000 | 00c5 7b11 | 9c24 a800 
  0x000001e136f57358: 0000 c57b | 11a4 24b0 | 0000 00c5 | 7b11 ac24 | b800 0000 | c57b 11b4 | 24c0 0000 | 00c5 7b11 
  0x000001e136f57378: bc24 c800 | 0000 498b | d748 8bc8 | 4883 ec20 | 40f6 c40f | 0f84 1900 | 0000 4883 

  0x000001e136f57394: ;   {runtime_call}
  0x000001e136f57394: ec08 48b8 | e007 f4fd | fc7f 0000 | ffd0 4883 | c408 e90c 

  0x000001e136f573a8: ;   {runtime_call}
  0x000001e136f573a8: 0000 0048 | b8e0 07f4 | fdfc 7f00 | 00ff d048 | 83c4 20c5 | 7b10 bc24 | c800 0000 | c57b 10b4 
  0x000001e136f573c8: 24c0 0000 | 00c5 7b10 | ac24 b800 | 0000 c57b | 10a4 24b0 | 0000 00c5 | 7b10 9c24 | a800 0000 
  0x000001e136f573e8: c57b 1094 | 24a0 0000 | 00c5 7b10 | 8c24 9800 | 0000 c57b | 1084 2490 | 0000 00c5 | fb10 bc24 
  0x000001e136f57408: 8800 0000 | c5fb 10b4 | 2480 0000 | 00c5 fb10 | 6c24 78c5 | fb10 6424 | 70c5 fb10 | 5c24 68c5 
  0x000001e136f57428: fb10 5424 | 60c5 fb10 | 4c24 58c5 | fb10 4424 | 504c 8b5c | 2440 4c8b | 5424 384c | 8b4c 2430 
  0x000001e136f57448: 4c8b 4424 | 2848 8b7c | 2420 488b | 7424 1848 | 8b54 2410 | 488b 4c24 | 0848 8b04 | 2448 81c4 
  0x000001e136f57468: d000 0000 | c5f8 7749 | 8b8f 3004 | 0000 c781 | 0001 0000 | 0000 0000 | c949 837f | 0800 0f85 
  0x000001e136f57488: 0100 0000 

  0x000001e136f5748c: ;   {runtime_call StubRoutines (initial stubs)}
  0x000001e136f5748c: c3e9 2e9a | a4ff c5f8 | 7748 8945 | f84c 8be4 | 4883 ec20 | 4883 e4f0 

  0x000001e136f574a4: ;   {runtime_call}
  0x000001e136f574a4: 48b8 c022 | 37fe fc7f | 0000 ffd0 | 498b e44d | 33e4 488b | 45f8 e930 | fdff fff4 
[/MachCode]


Compiled method (c1) 67483  956       3       java.lang.ClassLoader::defineClass (43 bytes)
 total in heap  [0x000001e12f5cab08,0x000001e12f5cb1d0] = 1736
 relocation     [0x000001e12f5cabe0,0x000001e12f5cac80] = 160
 main code      [0x000001e12f5cac80,0x000001e12f5cb118] = 1176
 stub code      [0x000001e12f5cb118,0x000001e12f5cb190] = 120
 metadata       [0x000001e12f5cb190,0x000001e12f5cb1d0] = 64
 immutable data [0x000001e18b60b100,0x000001e18b60b310] = 528
 dependencies   [0x000001e18b60b100,0x000001e18b60b118] = 24
 nul chk table  [0x000001e18b60b118,0x000001e18b60b140] = 40
 scopes pcs     [0x000001e18b60b140,0x000001e18b60b220] = 224
 scopes data    [0x000001e18b60b220,0x000001e18b60b310] = 240

[Constant Pool (empty)]

[MachCode]
[Instructions begin]
  0x000001e12f5cac80: 660f 1f84 | 0000 0000 | 0066 0f1f | 8400 0000 | 0000 448b | 5208 443b 

  0x000001e12f5cac98: ;   {runtime_call ic_miss_stub}
  0x000001e12f5cac98: 5008 0f85 | 4038 4207 
[Verified Entry Point]
  0x000001e12f5caca0: 8984 2400 | 80ff ff55 | 4881 ecb0 | 0000 0090 | 4181 7f20 | 0100 0000 

  0x000001e12f5cacb8: ;   {runtime_call StubRoutines (final stubs)}
  0x000001e12f5cacb8: 7405 e881 | ca40 0748 | 8954 2478 

  0x000001e12f5cacc4: ;   {metadata(method data for {method} {0x000001e146478ef0} 'defineClass' '(Ljava/lang/String;[BIILjava/security/ProtectionDomain;)Ljava/lang/Class;' in 'java/lang/ClassLoader')}
  0x000001e12f5cacc4: 48bb f8f6 | 1887 e101 | 0000 8b83 | cc00 0000 | 83c0 0289 | 83cc 0000 | 0025 fe07 | 0000 85c0 
  0x000001e12f5cace4: 0f84 5003 | 0000 89b4 | 2494 0000 | 0089 bc24 | 9000 0000 | 4c89 8c24 | 8800 0000 

  0x000001e12f5cad00: ;   {metadata(method data for {method} {0x000001e146478ef0} 'defineClass' '(Ljava/lang/String;[BIILjava/security/ProtectionDomain;)Ljava/lang/Class;' in 'java/lang/ClassLoader')}
  0x000001e12f5cad00: 488b da48 | b8f8 f618 | 87e1 0100 | 0048 8380 | 1801 0000 | 0149 8bd8 | 4c8b c34c | 8bc9 488b 
  0x000001e12f5cad20: ca48 8bd1 | 4889 9c24 | 8000 0000 

  0x000001e12f5cad2c: ;   {optimized virtual_call}
  0x000001e12f5cad2c: 6666 90e8 

  0x000001e12f5cad30: ; ImmutableOopMap {[120]=Oop [128]=Oop [136]=Oop }
                      ;*invokevirtual preDefineClass {reexecute=0 rethrow=0 return_oop=0}
                      ; - java.lang.ClassLoader::defineClass@4 (line 1024)
  0x000001e12f5cad30: 6cde fbff 

  0x000001e12f5cad34: ;   {other}
  0x000001e12f5cad34: 0f1f 8400 | 2c02 0000 | 4889 8424 | 9800 0000 | 488b 5424 

  0x000001e12f5cad48: ;   {metadata(method data for {method} {0x000001e146478ef0} 'defineClass' '(Ljava/lang/String;[BIILjava/security/ProtectionDomain;)Ljava/lang/Class;' in 'java/lang/ClassLoader')}
  0x000001e12f5cad48: 7849 b8f8 | f618 87e1 | 0100 0049 | 8380 4801 

  0x000001e12f5cad58: ;   {metadata(method data for {method} {0x000001e146478bd8} 'defineClassSourceLocation' '(Ljava/security/ProtectionDomain;)Ljava/lang/String;' in 'java/lang/ClassLoader')}
  0x000001e12f5cad58: 0000 0149 | b8f8 de18 | 87e1 0100 | 0041 8b90 | cc00 0000 | 83c2 0241 | 8990 cc00 | 0000 81e2 
  0x000001e12f5cad78: feff 1f00 | 85d2 0f84 | d702 0000 

  0x000001e12f5cad84: ; implicit exception: dispatches to 0x000001e12f5cb07c
  0x000001e12f5cad84: 483b 004c 

  0x000001e12f5cad88: ;   {metadata(method data for {method} {0x000001e146478bd8} 'defineClassSourceLocation' '(Ljava/security/ProtectionDomain;)Ljava/lang/String;' in 'java/lang/ClassLoader')}
  0x000001e12f5cad88: 8bc0 48ba | f8de 1887 | e101 0000 | 4883 8218 | 0100 0001 | 448b 4010 | 49c1 e003 

  0x000001e12f5cada4: ;   {metadata(method data for {method} {0x000001e146478bd8} 'defineClassSourceLocation' '(Ljava/security/ProtectionDomain;)Ljava/lang/String;' in 'java/lang/ClassLoader')}
  0x000001e12f5cada4: 4d85 c048 | baf8 de18 | 87e1 0100 | 00be 5801 | 0000 7505 | be48 0100 | 0048 8b3c | 3248 8d7f 
  0x000001e12f5cadc4: 0148 893c | 320f 850f 

  0x000001e12f5cadcc: ;   {oop(nullptr)}
  0x000001e12f5cadcc: 0000 0048 | bb00 0000 | 0000 0000 | 00e9 a101 | 0000 493b | 0049 8bd0 

  0x000001e12f5cade4: ;   {metadata(method data for {method} {0x000001e146478bd8} 'defineClassSourceLocation' '(Ljava/security/ProtectionDomain;)Ljava/lang/String;' in 'java/lang/ClassLoader')}
  0x000001e12f5cade4: 48be f8de | 1887 e101 | 0000 4883 | 8668 0100 | 0001 418b | 500c 48c1 | e203 4885 

  0x000001e12f5cae00: ;   {metadata(method data for {method} {0x000001e146478bd8} 'defineClassSourceLocation' '(Ljava/security/ProtectionDomain;)Ljava/lang/String;' in 'java/lang/ClassLoader')}
  0x000001e12f5cae00: d248 bef8 | de18 87e1 | 0100 00bf | a801 0000 | 7505 bf98 | 0100 0048 | 8b1c 3e48 | 8d5b 0148 
  0x000001e12f5cae20: 891c 3e0f | 850f 0000 

  0x000001e12f5cae28: ;   {oop(nullptr)}
  0x000001e12f5cae28: 0048 bb00 | 0000 0000 | 0000 00e9 | 4701 0000 

  0x000001e12f5cae38: ;   {metadata(method data for {method} {0x000001e146478bd8} 'defineClassSourceLocation' '(Ljava/security/ProtectionDomain;)Ljava/lang/String;' in 'java/lang/ClassLoader')}
  0x000001e12f5cae38: 48be f8de | 1887 e101 | 0000 4883 | 86b8 0100 | 0001 483b | 024c 8bc2 

  0x000001e12f5cae50: ;   {metadata(method data for {method} {0x000001e146478bd8} 'defineClassSourceLocation' '(Ljava/security/ProtectionDomain;)Ljava/lang/String;' in 'java/lang/ClassLoader')}
  0x000001e12f5cae50: 48be f8de | 1887 e101 | 0000 4883 | 86e8 0100 

  0x000001e12f5cae60: ;   {metadata(method data for {method} {0x000001e14617d7f8} 'toString' '()Ljava/lang/String;' in 'java/net/URL')}
  0x000001e12f5cae60: 0001 49b8 | 18f4 1687 | e101 0000 | 418b b0cc | 0000 0083 | c602 4189 | b0cc 0000 | 0081 e6fe 
  0x000001e12f5cae80: ff1f 0085 | f60f 8400 | 0200 004c 

  0x000001e12f5cae8c: ;   {metadata(method data for {method} {0x000001e14617d7f8} 'toString' '()Ljava/lang/String;' in 'java/net/URL')}
  0x000001e12f5cae8c: 8bc2 48be | 18f4 1687 | e101 0000 | 4883 8618 | 0100 0001 

  0x000001e12f5caea0: ;   {metadata(method data for {method} {0x000001e1464719c0} 'toExternalForm' '()Ljava/lang/String;' in 'java/net/URL')}
  0x000001e12f5caea0: 49b8 b8db | 1287 e101 | 0000 418b | b0cc 0000 | 0083 c602 | 4189 b0cc | 0000 0081 | e6fe ff1f 
  0x000001e12f5caec0: 0085 f60f | 84e3 0100 | 008b 7238 | 48c1 e603 

  0x000001e12f5caed0: ; implicit exception: dispatches to 0x000001e12f5cb0cd
  0x000001e12f5caed0: 483b 064c 

  0x000001e12f5caed4: ;   {metadata(method data for {method} {0x000001e1464719c0} 'toExternalForm' '()Ljava/lang/String;' in 'java/net/URL')}
  0x000001e12f5caed4: 8bc6 48bf | b8db 1287 | e101 0000 | 458b 4008 | 49ba 0000 | 0046 e101 | 0000 4d03 | c24c 3b87 
  0x000001e12f5caef4: 2001 0000 | 750d 4883 | 8728 0100 | 0001 e960 | 0000 004c | 3b87 3001 | 0000 750d | 4883 8738 
  0x000001e12f5caf14: 0100 0001 | e94a 0000 | 0048 83bf | 2001 0000 | 0075 174c | 8987 2001 | 0000 48c7 | 8728 0100 
  0x000001e12f5caf34: 0001 0000 | 00e9 2900 | 0000 4883 | bf30 0100 | 0000 7517 | 4c89 8730 | 0100 0048 | c787 3801 
  0x000001e12f5caf54: 0000 0100 | 0000 e908 | 0000 0048 | 8387 1801 | 0000 014c | 8bc2 488b 

  0x000001e12f5caf6c: ;   {optimized virtual_call}
  0x000001e12f5caf6c: d666 90e8 

  0x000001e12f5caf70: ; ImmutableOopMap {[120]=Oop [128]=Oop [136]=Oop [152]=Oop }
                      ;*invokevirtual toExternalForm {reexecute=0 rethrow=0 return_oop=0}
                      ; - java.net.URL::toExternalForm@5 (line 1203)
                      ; - java.net.URL::toString@1 (line 1189)
                      ; - java.lang.ClassLoader::defineClassSourceLocation@22 (line 928)
                      ; - java.lang.ClassLoader::defineClass@12 (line 1025)
  0x000001e12f5caf70: 2c77 fdff 

  0x000001e12f5caf74: ;   {other}
  0x000001e12f5caf74: 0f1f 8400 | 6c04 0001 | 488b d848 | 8b84 2498 | 0000 008b | b424 9400 | 0000 8bbc | 2490 0000 
  0x000001e12f5caf94: 004c 8b8c | 2488 0000 | 004c 8b84 | 2480 0000 | 0048 8b54 

  0x000001e12f5cafa8: ;   {metadata(method data for {method} {0x000001e146478ef0} 'defineClass' '(Ljava/lang/String;[BIILjava/security/ProtectionDomain;)Ljava/lang/Class;' in 'java/lang/ClassLoader')}
  0x000001e12f5cafa8: 2478 48b9 | f8f6 1887 | e101 0000 | 4883 8178 | 0100 0001 | 4c8b da49 | 8bd3 488b | c848 891c 
  0x000001e12f5cafc8: 2466 0f1f 

  0x000001e12f5cafcc: ;   {static_call}
  0x000001e12f5cafcc: 4400 00e8 

  0x000001e12f5cafd0: ; ImmutableOopMap {[120]=Oop [152]=Oop }
                      ;*invokestatic defineClass1 {reexecute=0 rethrow=0 return_oop=0}
                      ; - java.lang.ClassLoader::defineClass@27 (line 1026)
  0x000001e12f5cafd0: 5cc0 9807 

  0x000001e12f5cafd4: ;   {other}
  0x000001e12f5cafd4: 0f1f 8400 | cc04 0002 | 488b 5424 

  0x000001e12f5cafe0: ;   {metadata(method data for {method} {0x000001e146478ef0} 'defineClass' '(Ljava/lang/String;[BIILjava/security/ProtectionDomain;)Ljava/lang/Class;' in 'java/lang/ClassLoader')}
  0x000001e12f5cafe0: 7849 b8f8 | f618 87e1 | 0100 0049 | 8380 8801 | 0000 014c | 8bc0 4c8b | 8c24 9800 | 0000 488b 
  0x000001e12f5cb000: 5424 7848 | 8984 24a0 | 0000 000f 

  0x000001e12f5cb00c: ;   {optimized virtual_call}
  0x000001e12f5cb00c: 1f40 00e8 

  0x000001e12f5cb010: ; ImmutableOopMap {[160]=Oop }
                      ;*invokevirtual postDefineClass {reexecute=0 rethrow=0 return_oop=0}
                      ; - java.lang.ClassLoader::defineClass@37 (line 1027)
  0x000001e12f5cb010: 0c09 fcff 

  0x000001e12f5cb014: ;   {other}
  0x000001e12f5cb014: 0f1f 8400 | 0c05 0003 | 488b 8424 | a000 0000 | 4881 c4b0 | 0000 005d 

  0x000001e12f5cb02c: ;   {poll_return}
  0x000001e12f5cb02c: 493b a748 | 0400 000f | 8799 0000 

  0x000001e12f5cb038: ;   {metadata({method} {0x000001e146478ef0} 'defineClass' '(Ljava/lang/String;[BIILjava/security/ProtectionDomain;)Ljava/lang/Class;' in 'java/lang/ClassLoader')}
  0x000001e12f5cb038: 00c3 49ba | e88e 4746 | e101 0000 | 4c89 5424 | 0848 c704 | 24ff ffff 

  0x000001e12f5cb050: ;   {runtime_call counter_overflow Runtime1 stub}
  0x000001e12f5cb050: ffe8 8a95 

  0x000001e12f5cb054: ; ImmutableOopMap {rdx=Oop r8=Oop r9=Oop rcx=Oop [120]=Oop }
                      ;*synchronization entry
                      ; - java.lang.ClassLoader::defineClass@-1 (line 1024)
  0x000001e12f5cb054: 4f07 e98f 

  0x000001e12f5cb058: ;   {metadata({method} {0x000001e146478bd8} 'defineClassSourceLocation' '(Ljava/security/ProtectionDomain;)Ljava/lang/String;' in 'java/lang/ClassLoader')}
  0x000001e12f5cb058: fcff ff49 | bad0 8b47 | 46e1 0100 | 004c 8954 | 2408 48c7 | 0424 ffff 

  0x000001e12f5cb070: ;   {runtime_call counter_overflow Runtime1 stub}
  0x000001e12f5cb070: ffff e869 

  0x000001e12f5cb074: ; ImmutableOopMap {rax=Oop [120]=Oop [128]=Oop [136]=Oop [152]=Oop }
                      ;*synchronization entry
                      ; - java.lang.ClassLoader::defineClassSourceLocation@-1 (line 925)
                      ; - java.lang.ClassLoader::defineClass@12 (line 1025)
  0x000001e12f5cb074: 954f 07e9 | 08fd ffff 

  0x000001e12f5cb07c: ;   {runtime_call throw_null_pointer_exception Runtime1 stub}
  0x000001e12f5cb07c: e85f 444f 

  0x000001e12f5cb080: ; ImmutableOopMap {rax=Oop [120]=Oop [128]=Oop [136]=Oop [152]=Oop }
                      ;*invokevirtual getCodeSource {reexecute=0 rethrow=0 return_oop=0}
                      ; - java.lang.ClassLoader::defineClassSourceLocation@1 (line 925)
                      ; - java.lang.ClassLoader::defineClass@12 (line 1025)
                      ;   {runtime_call throw_null_pointer_exception Runtime1 stub}
  0x000001e12f5cb080: 07e8 5a44 

  0x000001e12f5cb084: ; ImmutableOopMap {rax=Oop r8=Oop [120]=Oop [128]=Oop [136]=Oop [152]=Oop }
                      ;*invokevirtual getLocation {reexecute=0 rethrow=0 return_oop=0}
                      ; - java.lang.ClassLoader::defineClassSourceLocation@12 (line 927)
                      ; - java.lang.ClassLoader::defineClass@12 (line 1025)
                      ;   {runtime_call throw_null_pointer_exception Runtime1 stub}
  0x000001e12f5cb084: 4f07 e855 

  0x000001e12f5cb088: ; ImmutableOopMap {rdx=Oop [120]=Oop [128]=Oop [136]=Oop [152]=Oop }
                      ;*invokevirtual toString {reexecute=0 rethrow=0 return_oop=0}
                      ; - java.lang.ClassLoader::defineClassSourceLocation@22 (line 928)
                      ; - java.lang.ClassLoader::defineClass@12 (line 1025)
                      ;   {metadata({method} {0x000001e14617d7f8} 'toString' '()Ljava/lang/String;' in 'java/net/URL')}
  0x000001e12f5cb088: 444f 0749 | baf0 d717 | 46e1 0100 | 004c 8954 | 2408 48c7 | 0424 ffff 

  0x000001e12f5cb0a0: ;   {runtime_call counter_overflow Runtime1 stub}
  0x000001e12f5cb0a0: ffff e839 

  0x000001e12f5cb0a4: ; ImmutableOopMap {rdx=Oop [120]=Oop [128]=Oop [136]=Oop [152]=Oop }
                      ;*synchronization entry
                      ; - java.net.URL::toString@-1 (line 1189)
                      ; - java.lang.ClassLoader::defineClassSourceLocation@22 (line 928)
                      ; - java.lang.ClassLoader::defineClass@12 (line 1025)
  0x000001e12f5cb0a4: 954f 07e9 | dffd ffff 

  0x000001e12f5cb0ac: ;   {metadata({method} {0x000001e1464719c0} 'toExternalForm' '()Ljava/lang/String;' in 'java/net/URL')}
  0x000001e12f5cb0ac: 49ba b819 | 4746 e101 | 0000 4c89 | 5424 0848 | c704 24ff 

  0x000001e12f5cb0c0: ;   {runtime_call counter_overflow Runtime1 stub}
  0x000001e12f5cb0c0: ffff ffe8 

  0x000001e12f5cb0c4: ; ImmutableOopMap {rdx=Oop [120]=Oop [128]=Oop [136]=Oop [152]=Oop }
                      ;*synchronization entry
                      ; - java.net.URL::toExternalForm@-1 (line 1203)
                      ; - java.net.URL::toString@1 (line 1189)
                      ; - java.lang.ClassLoader::defineClassSourceLocation@22 (line 928)
                      ; - java.lang.ClassLoader::defineClass@12 (line 1025)
  0x000001e12f5cb0c4: 1895 4f07 | e9fc fdff 

  0x000001e12f5cb0cc: ;   {runtime_call throw_null_pointer_exception Runtime1 stub}
  0x000001e12f5cb0cc: ffe8 0e44 

  0x000001e12f5cb0d0: ; ImmutableOopMap {rdx=Oop rsi=Oop [120]=Oop [128]=Oop [136]=Oop [152]=Oop }
                      ;*invokevirtual toExternalForm {reexecute=0 rethrow=0 return_oop=0}
                      ; - java.net.URL::toExternalForm@5 (line 1203)
                      ; - java.net.URL::toString@1 (line 1189)
                      ; - java.lang.ClassLoader::defineClassSourceLocation@22 (line 928)
                      ; - java.lang.ClassLoader::defineClass@12 (line 1025)
                      ;   {internal_word}
  0x000001e12f5cb0d0: 4f07 49ba | 2cb0 5c2f | e101 0000 | 4d89 9760 

  0x000001e12f5cb0e0: ;   {runtime_call SafepointBlob}
  0x000001e12f5cb0e0: 0400 00e9 | f8a2 4207 | 498b 8700 | 0500 0049 | c787 0005 | 0000 0000 | 0000 49c7 | 8708 0500 
  0x000001e12f5cb100: 0000 0000 | 0048 81c4 | b000 0000 

  0x000001e12f5cb10c: ;   {runtime_call unwind_exception Runtime1 stub}
  0x000001e12f5cb10c: 5de9 ce34 | 4f07 f4f4 | f4f4 f4f4 
[Stub Code]
  0x000001e12f5cb118: ;   {no_reloc}
  0x000001e12f5cb118: 0f1f 4400 

  0x000001e12f5cb11c: ;   {static_stub}
  0x000001e12f5cb11c: 0048 bb00 | 0000 0000 

  0x000001e12f5cb124: ;   {runtime_call nmethod}
  0x000001e12f5cb124: 0000 00e9 | fbff ffff 

  0x000001e12f5cb12c: ;   {static_stub}
  0x000001e12f5cb12c: 48bb 0000 | 0000 0000 

  0x000001e12f5cb134: ;   {runtime_call nmethod}
  0x000001e12f5cb134: 0000 e9fb 

  0x000001e12f5cb138: ;   {static_stub}
  0x000001e12f5cb138: ffff ff48 | bb00 0000 | 0000 0000 

  0x000001e12f5cb144: ;   {runtime_call nmethod}
  0x000001e12f5cb144: 00e9 fbff 

  0x000001e12f5cb148: ;   {static_stub}
  0x000001e12f5cb148: ffff 48bb | 0000 0000 | 0000 0000 

  0x000001e12f5cb154: ;   {runtime_call nmethod}
  0x000001e12f5cb154: e9fb ffff 

  0x000001e12f5cb158: ;   {runtime_call handle_exception_from_callee Runtime1 stub}
  0x000001e12f5cb158: ffe8 8261 

  0x000001e12f5cb15c: ;   {external_word}
  0x000001e12f5cb15c: 4f07 48b9 | 40d5 5efe | fc7f 0000 | 4883 e4f0 

  0x000001e12f5cb16c: ;   {runtime_call}
  0x000001e12f5cb16c: 48b8 704a | 25fe fc7f | 0000 ffd0 

  0x000001e12f5cb178: ;   {section_word}
  0x000001e12f5cb178: f449 ba79 | b15c 2fe1 | 0100 0041 

  0x000001e12f5cb184: ;   {runtime_call DeoptimizationBlob}
  0x000001e12f5cb184: 52e9 f694 | 4207 f4f4 | f4f4 f4f4 
[/MachCode]


Compiled method (c1) 67506  902       3       java.security.SecureClassLoader::defineClass (16 bytes)
 total in heap  [0x000001e12f5bb108,0x000001e12f5bb3f0] = 744
 relocation     [0x000001e12f5bb1e0,0x000001e12f5bb230] = 80
 main code      [0x000001e12f5bb240,0x000001e12f5bb398] = 344
 stub code      [0x000001e12f5bb398,0x000001e12f5bb3e8] = 80
 metadata       [0x000001e12f5bb3e8,0x000001e12f5bb3f0] = 8
 immutable data [0x000001e18b5b99e0,0x000001e18b5b9a80] = 160
 dependencies   [0x000001e18b5b99e0,0x000001e18b5b99e8] = 8
 scopes pcs     [0x000001e18b5b99e8,0x000001e18b5b9a38] = 80
 scopes data    [0x000001e18b5b9a38,0x000001e18b5b9a80] = 72

[Constant Pool (empty)]

[MachCode]
[Instructions begin]
  0x000001e12f5bb240: 660f 1f84 | 0000 0000 | 0066 0f1f | 8400 0000 | 0000 448b | 5208 443b 

  0x000001e12f5bb258: ;   {runtime_call ic_miss_stub}
  0x000001e12f5bb258: 5008 0f85 | 8032 4307 
[Verified Entry Point]
  0x000001e12f5bb260: 8984 2400 | 80ff ff55 | 4883 ec70 | 4181 7f20 | 0100 0000 

  0x000001e12f5bb274: ;   {runtime_call StubRoutines (final stubs)}
  0x000001e12f5bb274: 7405 e8c5 

  0x000001e12f5bb278: ;   {metadata(method data for {method} {0x000001e1461a0e20} 'defineClass' '(Ljava/lang/String;[BIILjava/security/CodeSource;)Ljava/lang/Class;' in 'java/security/SecureClassLoader')}
  0x000001e12f5bb278: c441 0748 | bbd0 bc17 | 87e1 0100 | 008b 83cc | 0000 0083 | c002 8983 | cc00 0000 | 25fe 0700 
  0x000001e12f5bb298: 0085 c00f | 8496 0000 | 0089 7424 | 5c89 7c24 | 584c 894c | 2450 4c89 | 4424 4848 

  0x000001e12f5bb2b4: ;   {metadata(method data for {method} {0x000001e1461a0e20} 'defineClass' '(Ljava/lang/String;[BIILjava/security/CodeSource;)Ljava/lang/Class;' in 'java/security/SecureClassLoader')}
  0x000001e12f5bb2b4: 8bda 48b8 | d0bc 1787 | e101 0000 | 4883 8018 | 0100 0001 | 4c8b c148 | 8bc2 488b | d048 8944 
  0x000001e12f5bb2d4: ;   {optimized virtual_call}
  0x000001e12f5bb2d4: 2440 90e8 

  0x000001e12f5bb2d8: ; ImmutableOopMap {[64]=Oop [72]=Oop [80]=Oop }
                      ;*invokevirtual getProtectionDomain {reexecute=0 rethrow=0 return_oop=0}
                      ; - java.security.SecureClassLoader::defineClass@9 (line 150)
  0x000001e12f5bb2d8: c4ca fcff 

  0x000001e12f5bb2dc: ;   {other}
  0x000001e12f5bb2dc: 0f1f 8400 | d401 0000 | 488b 5424 

  0x000001e12f5bb2e8: ;   {metadata(method data for {method} {0x000001e1461a0e20} 'defineClass' '(Ljava/lang/String;[BIILjava/security/CodeSource;)Ljava/lang/Class;' in 'java/security/SecureClassLoader')}
  0x000001e12f5bb2e8: 4049 b8d0 | bc17 87e1 | 0100 0049 | 8380 4801 | 0000 014c | 8b44 2448 | 4c8b 4c24 | 508b 7c24 
  0x000001e12f5bb308: 588b 7424 | 5c48 8bc8 | 488b 5424 

  0x000001e12f5bb314: ;   {optimized virtual_call}
  0x000001e12f5bb314: 4066 90e8 

  0x000001e12f5bb318: ; ImmutableOopMap {}
                      ;*invokevirtual defineClass {reexecute=0 rethrow=0 return_oop=0}
                      ; - java.security.SecureClassLoader::defineClass@12 (line 150)
  0x000001e12f5bb318: 84f9 0000 

  0x000001e12f5bb31c: ;   {other}
  0x000001e12f5bb31c: 0f1f 8400 | 1402 0001 | 4883 c470 

  0x000001e12f5bb328: ;   {poll_return}
  0x000001e12f5bb328: 5d49 3ba7 | 4804 0000 | 0f87 2200 

  0x000001e12f5bb334: ;   {metadata({method} {0x000001e1461a0e20} 'defineClass' '(Ljava/lang/String;[BIILjava/security/CodeSource;)Ljava/lang/Class;' in 'java/security/SecureClassLoader')}
  0x000001e12f5bb334: 0000 c349 | ba18 0e1a | 46e1 0100 | 004c 8954 | 2408 48c7 | 0424 ffff 

  0x000001e12f5bb34c: ;   {runtime_call counter_overflow Runtime1 stub}
  0x000001e12f5bb34c: ffff e88d 

  0x000001e12f5bb350: ; ImmutableOopMap {rdx=Oop r8=Oop r9=Oop rcx=Oop }
                      ;*synchronization entry
                      ; - java.security.SecureClassLoader::defineClass@-1 (line 150)
  0x000001e12f5bb350: 9250 07e9 | 49ff ffff 

  0x000001e12f5bb358: ;   {internal_word}
  0x000001e12f5bb358: 49ba 29b3 | 5b2f e101 | 0000 4d89 | 9760 0400 

  0x000001e12f5bb368: ;   {runtime_call SafepointBlob}
  0x000001e12f5bb368: 00e9 72a0 | 4307 498b | 8700 0500 | 0049 c787 | 0005 0000 | 0000 0000 | 49c7 8708 | 0500 0000 
  0x000001e12f5bb388: 0000 0048 | 83c4 705d 

  0x000001e12f5bb390: ;   {runtime_call unwind_exception Runtime1 stub}
  0x000001e12f5bb390: e94b 3250 | 07f4 f4f4 
[Stub Code]
  0x000001e12f5bb398: ;   {no_reloc}
  0x000001e12f5bb398: 48bb 0000 | 0000 0000 

  0x000001e12f5bb3a0: ;   {runtime_call nmethod}
  0x000001e12f5bb3a0: 0000 e9fb 

  0x000001e12f5bb3a4: ;   {static_stub}
  0x000001e12f5bb3a4: ffff ff48 | bbe8 8e47 | 46e1 0100 

  0x000001e12f5bb3b0: ;   {runtime_call I2C/C2I adapters}
  0x000001e12f5bb3b0: 00e9 0e86 

  0x000001e12f5bb3b4: ;   {runtime_call handle_exception_from_callee Runtime1 stub}
  0x000001e12f5bb3b4: 4207 e825 

  0x000001e12f5bb3b8: ;   {external_word}
  0x000001e12f5bb3b8: 5f50 0748 | b940 d55e | fefc 7f00 | 0048 83e4 

  0x000001e12f5bb3c8: ;   {runtime_call}
  0x000001e12f5bb3c8: f048 b870 | 4a25 fefc | 7f00 00ff 

  0x000001e12f5bb3d4: ;   {section_word}
  0x000001e12f5bb3d4: d0f4 49ba | d6b3 5b2f | e101 0000 

  0x000001e12f5bb3e0: ;   {runtime_call DeoptimizationBlob}
  0x000001e12f5bb3e0: 4152 e999 | 9243 07f4 
[/MachCode]


---------------  P R O C E S S  ---------------

Threads class SMR info:
_java_thread_list=0x000001e18b2b9a40, length=11, elements={
0x000001e126d39630, 0x000001e145791a10, 0x000001e1457952a0, 0x000001e145798a30,
0x000001e145799490, 0x000001e14579bf00, 0x000001e14579c960, 0x000001e14579d6f0,
0x000001e14579fbe0, 0x000001e1458160d0, 0x000001e145821b70
}

Java Threads: ( => current thread )
=>0x000001e126d39630 JavaThread "main"                              [_thread_in_vm, id=29936, stack(0x000000c1d1600000,0x000000c1d1700000) (1024K)]
  0x000001e145791a10 JavaThread "Reference Handler"          daemon [_thread_blocked, id=34640, stack(0x000000c1d1f00000,0x000000c1d2000000) (1024K)]
  0x000001e1457952a0 JavaThread "Finalizer"                  daemon [_thread_blocked, id=34644, stack(0x000000c1d2000000,0x000000c1d2100000) (1024K)]
  0x000001e145798a30 JavaThread "Signal Dispatcher"          daemon [_thread_blocked, id=34648, stack(0x000000c1d2100000,0x000000c1d2200000) (1024K)]
  0x000001e145799490 JavaThread "Attach Listener"            daemon [_thread_blocked, id=34652, stack(0x000000c1d2200000,0x000000c1d2300000) (1024K)]
  0x000001e14579bf00 JavaThread "Service Thread"             daemon [_thread_blocked, id=34656, stack(0x000000c1d2300000,0x000000c1d2400000) (1024K)]
  0x000001e14579c960 JavaThread "Monitor Deflation Thread"   daemon [_thread_blocked, id=34660, stack(0x000000c1d2400000,0x000000c1d2500000) (1024K)]
  0x000001e14579d6f0 JavaThread "C2 CompilerThread0"         daemon [_thread_blocked, id=34664, stack(0x000000c1d2500000,0x000000c1d2600000) (1024K)]
  0x000001e14579fbe0 JavaThread "C1 CompilerThread0"         daemon [_thread_blocked, id=34668, stack(0x000000c1d2600000,0x000000c1d2700000) (1024K)]
  0x000001e1458160d0 JavaThread "Notification Thread"        daemon [_thread_blocked, id=35104, stack(0x000000c1d2700000,0x000000c1d2800000) (1024K)]
  0x000001e145821b70 JavaThread "Common-Cleaner"             daemon [_thread_blocked, id=35224, stack(0x000000c1d2800000,0x000000c1d2900000) (1024K)]
Total: 11

Other Threads:
  0x000001e145773030 VMThread "VM Thread"                           [id=32820, stack(0x000000c1d1e00000,0x000000c1d1f00000) (1024K)]
  0x000001e145764020 WatcherThread "VM Periodic Task Thread"        [id=32776, stack(0x000000c1d1d00000,0x000000c1d1e00000) (1024K)]
  0x000001e126d97650 WorkerThread "GC Thread#0"                     [id=32704, stack(0x000000c1d1800000,0x000000c1d1900000) (1024K)]
  0x000001e18b2443d0 WorkerThread "GC Thread#1"                     [id=32888, stack(0x000000c1d1500000,0x000000c1d1600000) (1024K)]
  0x000001e18b2f6fb0 WorkerThread "GC Thread#2"                     [id=32852, stack(0x000000c1d1700000,0x000000c1d1800000) (1024K)]
  0x000001e18b2f7360 WorkerThread "GC Thread#3"                     [id=12300, stack(0x000000c1d2900000,0x000000c1d2a00000) (1024K)]
  0x000001e18b334f90 WorkerThread "GC Thread#4"                     [id=8612, stack(0x000000c1d2a00000,0x000000c1d2b00000) (1024K)]
  0x000001e18b9b30e0 WorkerThread "GC Thread#5"                     [id=18640, stack(0x000000c1d2b00000,0x000000c1d2c00000) (1024K)]
  0x000001e18b9b2220 WorkerThread "GC Thread#6"                     [id=1312, stack(0x000000c1d2c00000,0x000000c1d2d00000) (1024K)]
  0x000001e18b9b3490 WorkerThread "GC Thread#7"                     [id=17576, stack(0x000000c1d2d00000,0x000000c1d2e00000) (1024K)]
  0x000001e126dab130 ConcurrentGCThread "G1 Main Marker"            [id=32708, stack(0x000000c1d1900000,0x000000c1d1a00000) (1024K)]
  0x000001e126dabc40 WorkerThread "G1 Conc#0"                       [id=32712, stack(0x000000c1d1a00000,0x000000c1d1b00000) (1024K)]
  0x000001e126dfe820 ConcurrentGCThread "G1 Refine#0"               [id=32716, stack(0x000000c1d1b00000,0x000000c1d1c00000) (1024K)]
  0x000001e145635980 ConcurrentGCThread "G1 Service"                [id=32720, stack(0x000000c1d1c00000,0x000000c1d1d00000) (1024K)]
Total: 14

Threads with active compile tasks:
Total: 0

VM state: not at safepoint (normal execution)

VM Mutex/Monitor currently owned by a thread:  ([mutex/lock_event])
[0x00007ffcfe891890] Metaspace_lock - owner thread: 0x000001e126d39630

Heap address: 0x0000000721200000, size: 3566 MB, Compressed Oops mode: Zero based, Oop shift amount: 3

CDS archive(s) mapped at: [0x000001e146000000-0x000001e146d70000-0x000001e146d70000), size 14090240, SharedBaseAddress: 0x000001e146000000, ArchiveRelocationMode: 1.
Compressed class space mapped at: 0x000001e147000000-0x000001e187000000, reserved size: 1073741824
Narrow klass base: 0x000001e146000000, Narrow klass shift: 0, Narrow klass range: 0x41000000

GC Precious Log:
 CardTable entry size: 512
 Card Set container configuration: InlinePtr #cards 4 size 8 Array Of Cards #cards 16 size 48 Howl #buckets 8 coarsen threshold 3686 Howl Bitmap #cards 512 size 80 coarsen threshold 460 Card regions per heap region 1 cards per card region 4096
 CPUs: 8 total, 8 available
 Memory: 14258M
 Large Page Support: Disabled
 NUMA Support: Disabled
 Compressed Oops: Enabled (Zero based)
 Heap Region Size: 2M
 Heap Min Capacity: 8M
 Heap Initial Capacity: 224M
 Heap Max Capacity: 3566M
 Pre-touch: Disabled
 Parallel Workers: 8
 Concurrent Workers: 2
 Concurrent Refinement Workers: 8
 Periodic GC: Disabled

Heap:
 garbage-first heap   total reserved 3651584K, committed 229376K, used 7987K [0x0000000721200000, 0x0000000800000000)
  region size 2048K, 5 young (10240K), 2 survivors (4096K)
 Metaspace       used 6405K, committed 6592K, reserved 1114112K
  class space    used 779K, committed 896K, reserved 1048576K

Heap Regions: E=young(eden), S=young(survivor), O=old, HS=humongous(starts), HC=humongous(continues), CS=collection set, F=free, TAMS=top-at-mark-start, PB=parsable bottom
|   0|0x0000000721200000, 0x0000000721200000, 0x0000000721400000|  0%| F|  |TAMS 0x0000000721200000| PB 0x0000000721200000| Untracked |  0
|   1|0x0000000721400000, 0x0000000721400000, 0x0000000721600000|  0%| F|  |TAMS 0x0000000721400000| PB 0x0000000721400000| Untracked |  0
|   2|0x0000000721600000, 0x0000000721600000, 0x0000000721800000|  0%| F|  |TAMS 0x0000000721600000| PB 0x0000000721600000| Untracked |  0
|   3|0x0000000721800000, 0x0000000721800000, 0x0000000721a00000|  0%| F|  |TAMS 0x0000000721800000| PB 0x0000000721800000| Untracked |  0
|   4|0x0000000721a00000, 0x0000000721a00000, 0x0000000721c00000|  0%| F|  |TAMS 0x0000000721a00000| PB 0x0000000721a00000| Untracked |  0
|   5|0x0000000721c00000, 0x0000000721c00000, 0x0000000721e00000|  0%| F|  |TAMS 0x0000000721c00000| PB 0x0000000721c00000| Untracked |  0
|   6|0x0000000721e00000, 0x0000000721e00000, 0x0000000722000000|  0%| F|  |TAMS 0x0000000721e00000| PB 0x0000000721e00000| Untracked |  0
|   7|0x0000000722000000, 0x0000000722000000, 0x0000000722200000|  0%| F|  |TAMS 0x0000000722000000| PB 0x0000000722000000| Untracked |  0
|   8|0x0000000722200000, 0x0000000722200000, 0x0000000722400000|  0%| F|  |TAMS 0x0000000722200000| PB 0x0000000722200000| Untracked |  0
|   9|0x0000000722400000, 0x0000000722400000, 0x0000000722600000|  0%| F|  |TAMS 0x0000000722400000| PB 0x0000000722400000| Untracked |  0
|  10|0x0000000722600000, 0x0000000722600000, 0x0000000722800000|  0%| F|  |TAMS 0x0000000722600000| PB 0x0000000722600000| Untracked |  0
|  11|0x0000000722800000, 0x0000000722800000, 0x0000000722a00000|  0%| F|  |TAMS 0x0000000722800000| PB 0x0000000722800000| Untracked |  0
|  12|0x0000000722a00000, 0x0000000722a00000, 0x0000000722c00000|  0%| F|  |TAMS 0x0000000722a00000| PB 0x0000000722a00000| Untracked |  0
|  13|0x0000000722c00000, 0x0000000722c00000, 0x0000000722e00000|  0%| F|  |TAMS 0x0000000722c00000| PB 0x0000000722c00000| Untracked |  0
|  14|0x0000000722e00000, 0x0000000722e00000, 0x0000000723000000|  0%| F|  |TAMS 0x0000000722e00000| PB 0x0000000722e00000| Untracked |  0
|  15|0x0000000723000000, 0x0000000723000000, 0x0000000723200000|  0%| F|  |TAMS 0x0000000723000000| PB 0x0000000723000000| Untracked |  0
|  16|0x0000000723200000, 0x0000000723200000, 0x0000000723400000|  0%| F|  |TAMS 0x0000000723200000| PB 0x0000000723200000| Untracked |  0
|  17|0x0000000723400000, 0x0000000723400000, 0x0000000723600000|  0%| F|  |TAMS 0x0000000723400000| PB 0x0000000723400000| Untracked |  0
|  18|0x0000000723600000, 0x0000000723600000, 0x0000000723800000|  0%| F|  |TAMS 0x0000000723600000| PB 0x0000000723600000| Untracked |  0
|  19|0x0000000723800000, 0x0000000723800000, 0x0000000723a00000|  0%| F|  |TAMS 0x0000000723800000| PB 0x0000000723800000| Untracked |  0
|  20|0x0000000723a00000, 0x0000000723a00000, 0x0000000723c00000|  0%| F|  |TAMS 0x0000000723a00000| PB 0x0000000723a00000| Untracked |  0
|  21|0x0000000723c00000, 0x0000000723c00000, 0x0000000723e00000|  0%| F|  |TAMS 0x0000000723c00000| PB 0x0000000723c00000| Untracked |  0
|  22|0x0000000723e00000, 0x0000000723e00000, 0x0000000724000000|  0%| F|  |TAMS 0x0000000723e00000| PB 0x0000000723e00000| Untracked |  0
|  23|0x0000000724000000, 0x0000000724000000, 0x0000000724200000|  0%| F|  |TAMS 0x0000000724000000| PB 0x0000000724000000| Untracked |  0
|  24|0x0000000724200000, 0x0000000724200000, 0x0000000724400000|  0%| F|  |TAMS 0x0000000724200000| PB 0x0000000724200000| Untracked |  0
|  25|0x0000000724400000, 0x0000000724400000, 0x0000000724600000|  0%| F|  |TAMS 0x0000000724400000| PB 0x0000000724400000| Untracked |  0
|  26|0x0000000724600000, 0x0000000724600000, 0x0000000724800000|  0%| F|  |TAMS 0x0000000724600000| PB 0x0000000724600000| Untracked |  0
|  27|0x0000000724800000, 0x0000000724800000, 0x0000000724a00000|  0%| F|  |TAMS 0x0000000724800000| PB 0x0000000724800000| Untracked |  0
|  28|0x0000000724a00000, 0x0000000724a00000, 0x0000000724c00000|  0%| F|  |TAMS 0x0000000724a00000| PB 0x0000000724a00000| Untracked |  0
|  29|0x0000000724c00000, 0x0000000724c00000, 0x0000000724e00000|  0%| F|  |TAMS 0x0000000724c00000| PB 0x0000000724c00000| Untracked |  0
|  30|0x0000000724e00000, 0x0000000724e00000, 0x0000000725000000|  0%| F|  |TAMS 0x0000000724e00000| PB 0x0000000724e00000| Untracked |  0
|  31|0x0000000725000000, 0x0000000725000000, 0x0000000725200000|  0%| F|  |TAMS 0x0000000725000000| PB 0x0000000725000000| Untracked |  0
|  32|0x0000000725200000, 0x0000000725200000, 0x0000000725400000|  0%| F|  |TAMS 0x0000000725200000| PB 0x0000000725200000| Untracked |  0
|  33|0x0000000725400000, 0x0000000725400000, 0x0000000725600000|  0%| F|  |TAMS 0x0000000725400000| PB 0x0000000725400000| Untracked |  0
|  34|0x0000000725600000, 0x0000000725600000, 0x0000000725800000|  0%| F|  |TAMS 0x0000000725600000| PB 0x0000000725600000| Untracked |  0
|  35|0x0000000725800000, 0x0000000725800000, 0x0000000725a00000|  0%| F|  |TAMS 0x0000000725800000| PB 0x0000000725800000| Untracked |  0
|  36|0x0000000725a00000, 0x0000000725a00000, 0x0000000725c00000|  0%| F|  |TAMS 0x0000000725a00000| PB 0x0000000725a00000| Untracked |  0
|  37|0x0000000725c00000, 0x0000000725c00000, 0x0000000725e00000|  0%| F|  |TAMS 0x0000000725c00000| PB 0x0000000725c00000| Untracked |  0
|  38|0x0000000725e00000, 0x0000000725e00000, 0x0000000726000000|  0%| F|  |TAMS 0x0000000725e00000| PB 0x0000000725e00000| Untracked |  0
|  39|0x0000000726000000, 0x0000000726000000, 0x0000000726200000|  0%| F|  |TAMS 0x0000000726000000| PB 0x0000000726000000| Untracked |  0
|  40|0x0000000726200000, 0x0000000726200000, 0x0000000726400000|  0%| F|  |TAMS 0x0000000726200000| PB 0x0000000726200000| Untracked |  0
|  41|0x0000000726400000, 0x0000000726400000, 0x0000000726600000|  0%| F|  |TAMS 0x0000000726400000| PB 0x0000000726400000| Untracked |  0
|  42|0x0000000726600000, 0x0000000726600000, 0x0000000726800000|  0%| F|  |TAMS 0x0000000726600000| PB 0x0000000726600000| Untracked |  0
|  43|0x0000000726800000, 0x0000000726800000, 0x0000000726a00000|  0%| F|  |TAMS 0x0000000726800000| PB 0x0000000726800000| Untracked |  0
|  44|0x0000000726a00000, 0x0000000726a00000, 0x0000000726c00000|  0%| F|  |TAMS 0x0000000726a00000| PB 0x0000000726a00000| Untracked |  0
|  45|0x0000000726c00000, 0x0000000726c00000, 0x0000000726e00000|  0%| F|  |TAMS 0x0000000726c00000| PB 0x0000000726c00000| Untracked |  0
|  46|0x0000000726e00000, 0x0000000726e00000, 0x0000000727000000|  0%| F|  |TAMS 0x0000000726e00000| PB 0x0000000726e00000| Untracked |  0
|  47|0x0000000727000000, 0x0000000727000000, 0x0000000727200000|  0%| F|  |TAMS 0x0000000727000000| PB 0x0000000727000000| Untracked |  0
|  48|0x0000000727200000, 0x0000000727200000, 0x0000000727400000|  0%| F|  |TAMS 0x0000000727200000| PB 0x0000000727200000| Untracked |  0
|  49|0x0000000727400000, 0x0000000727400000, 0x0000000727600000|  0%| F|  |TAMS 0x0000000727400000| PB 0x0000000727400000| Untracked |  0
|  50|0x0000000727600000, 0x0000000727600000, 0x0000000727800000|  0%| F|  |TAMS 0x0000000727600000| PB 0x0000000727600000| Untracked |  0
|  51|0x0000000727800000, 0x0000000727800000, 0x0000000727a00000|  0%| F|  |TAMS 0x0000000727800000| PB 0x0000000727800000| Untracked |  0
|  52|0x0000000727a00000, 0x0000000727a00000, 0x0000000727c00000|  0%| F|  |TAMS 0x0000000727a00000| PB 0x0000000727a00000| Untracked |  0
|  53|0x0000000727c00000, 0x0000000727c00000, 0x0000000727e00000|  0%| F|  |TAMS 0x0000000727c00000| PB 0x0000000727c00000| Untracked |  0
|  54|0x0000000727e00000, 0x0000000727e00000, 0x0000000728000000|  0%| F|  |TAMS 0x0000000727e00000| PB 0x0000000727e00000| Untracked |  0
|  55|0x0000000728000000, 0x0000000728000000, 0x0000000728200000|  0%| F|  |TAMS 0x0000000728000000| PB 0x0000000728000000| Untracked |  0
|  56|0x0000000728200000, 0x0000000728200000, 0x0000000728400000|  0%| F|  |TAMS 0x0000000728200000| PB 0x0000000728200000| Untracked |  0
|  57|0x0000000728400000, 0x0000000728400000, 0x0000000728600000|  0%| F|  |TAMS 0x0000000728400000| PB 0x0000000728400000| Untracked |  0
|  58|0x0000000728600000, 0x0000000728600000, 0x0000000728800000|  0%| F|  |TAMS 0x0000000728600000| PB 0x0000000728600000| Untracked |  0
|  59|0x0000000728800000, 0x0000000728800000, 0x0000000728a00000|  0%| F|  |TAMS 0x0000000728800000| PB 0x0000000728800000| Untracked |  0
|  60|0x0000000728a00000, 0x0000000728a00000, 0x0000000728c00000|  0%| F|  |TAMS 0x0000000728a00000| PB 0x0000000728a00000| Untracked |  0
|  61|0x0000000728c00000, 0x0000000728c00000, 0x0000000728e00000|  0%| F|  |TAMS 0x0000000728c00000| PB 0x0000000728c00000| Untracked |  0
|  62|0x0000000728e00000, 0x0000000728e00000, 0x0000000729000000|  0%| F|  |TAMS 0x0000000728e00000| PB 0x0000000728e00000| Untracked |  0
|  63|0x0000000729000000, 0x0000000729000000, 0x0000000729200000|  0%| F|  |TAMS 0x0000000729000000| PB 0x0000000729000000| Untracked |  0
|  64|0x0000000729200000, 0x0000000729200000, 0x0000000729400000|  0%| F|  |TAMS 0x0000000729200000| PB 0x0000000729200000| Untracked |  0
|  65|0x0000000729400000, 0x0000000729400000, 0x0000000729600000|  0%| F|  |TAMS 0x0000000729400000| PB 0x0000000729400000| Untracked |  0
|  66|0x0000000729600000, 0x0000000729600000, 0x0000000729800000|  0%| F|  |TAMS 0x0000000729600000| PB 0x0000000729600000| Untracked |  0
|  67|0x0000000729800000, 0x0000000729800000, 0x0000000729a00000|  0%| F|  |TAMS 0x0000000729800000| PB 0x0000000729800000| Untracked |  0
|  68|0x0000000729a00000, 0x0000000729a00000, 0x0000000729c00000|  0%| F|  |TAMS 0x0000000729a00000| PB 0x0000000729a00000| Untracked |  0
|  69|0x0000000729c00000, 0x0000000729c00000, 0x0000000729e00000|  0%| F|  |TAMS 0x0000000729c00000| PB 0x0000000729c00000| Untracked |  0
|  70|0x0000000729e00000, 0x0000000729e00000, 0x000000072a000000|  0%| F|  |TAMS 0x0000000729e00000| PB 0x0000000729e00000| Untracked |  0
|  71|0x000000072a000000, 0x000000072a000000, 0x000000072a200000|  0%| F|  |TAMS 0x000000072a000000| PB 0x000000072a000000| Untracked |  0
|  72|0x000000072a200000, 0x000000072a200000, 0x000000072a400000|  0%| F|  |TAMS 0x000000072a200000| PB 0x000000072a200000| Untracked |  0
|  73|0x000000072a400000, 0x000000072a400000, 0x000000072a600000|  0%| F|  |TAMS 0x000000072a400000| PB 0x000000072a400000| Untracked |  0
|  74|0x000000072a600000, 0x000000072a600000, 0x000000072a800000|  0%| F|  |TAMS 0x000000072a600000| PB 0x000000072a600000| Untracked |  0
|  75|0x000000072a800000, 0x000000072a800000, 0x000000072aa00000|  0%| F|  |TAMS 0x000000072a800000| PB 0x000000072a800000| Untracked |  0
|  76|0x000000072aa00000, 0x000000072aa00000, 0x000000072ac00000|  0%| F|  |TAMS 0x000000072aa00000| PB 0x000000072aa00000| Untracked |  0
|  77|0x000000072ac00000, 0x000000072ac00000, 0x000000072ae00000|  0%| F|  |TAMS 0x000000072ac00000| PB 0x000000072ac00000| Untracked |  0
|  78|0x000000072ae00000, 0x000000072ae00000, 0x000000072b000000|  0%| F|  |TAMS 0x000000072ae00000| PB 0x000000072ae00000| Untracked |  0
|  79|0x000000072b000000, 0x000000072b000000, 0x000000072b200000|  0%| F|  |TAMS 0x000000072b000000| PB 0x000000072b000000| Untracked |  0
|  80|0x000000072b200000, 0x000000072b200000, 0x000000072b400000|  0%| F|  |TAMS 0x000000072b200000| PB 0x000000072b200000| Untracked |  0
|  81|0x000000072b400000, 0x000000072b400000, 0x000000072b600000|  0%| F|  |TAMS 0x000000072b400000| PB 0x000000072b400000| Untracked |  0
|  82|0x000000072b600000, 0x000000072b600000, 0x000000072b800000|  0%| F|  |TAMS 0x000000072b600000| PB 0x000000072b600000| Untracked |  0
|  83|0x000000072b800000, 0x000000072b800000, 0x000000072ba00000|  0%| F|  |TAMS 0x000000072b800000| PB 0x000000072b800000| Untracked |  0
|  84|0x000000072ba00000, 0x000000072ba00000, 0x000000072bc00000|  0%| F|  |TAMS 0x000000072ba00000| PB 0x000000072ba00000| Untracked |  0
|  85|0x000000072bc00000, 0x000000072bc00000, 0x000000072be00000|  0%| F|  |TAMS 0x000000072bc00000| PB 0x000000072bc00000| Untracked |  0
|  86|0x000000072be00000, 0x000000072be00000, 0x000000072c000000|  0%| F|  |TAMS 0x000000072be00000| PB 0x000000072be00000| Untracked |  0
|  87|0x000000072c000000, 0x000000072c000000, 0x000000072c200000|  0%| F|  |TAMS 0x000000072c000000| PB 0x000000072c000000| Untracked |  0
|  88|0x000000072c200000, 0x000000072c200000, 0x000000072c400000|  0%| F|  |TAMS 0x000000072c200000| PB 0x000000072c200000| Untracked |  0
|  89|0x000000072c400000, 0x000000072c400000, 0x000000072c600000|  0%| F|  |TAMS 0x000000072c400000| PB 0x000000072c400000| Untracked |  0
|  90|0x000000072c600000, 0x000000072c600000, 0x000000072c800000|  0%| F|  |TAMS 0x000000072c600000| PB 0x000000072c600000| Untracked |  0
|  91|0x000000072c800000, 0x000000072c800000, 0x000000072ca00000|  0%| F|  |TAMS 0x000000072c800000| PB 0x000000072c800000| Untracked |  0
|  92|0x000000072ca00000, 0x000000072ca00000, 0x000000072cc00000|  0%| F|  |TAMS 0x000000072ca00000| PB 0x000000072ca00000| Untracked |  0
|  93|0x000000072cc00000, 0x000000072cc00000, 0x000000072ce00000|  0%| F|  |TAMS 0x000000072cc00000| PB 0x000000072cc00000| Untracked |  0
|  94|0x000000072ce00000, 0x000000072ce00000, 0x000000072d000000|  0%| F|  |TAMS 0x000000072ce00000| PB 0x000000072ce00000| Untracked |  0
|  95|0x000000072d000000, 0x000000072d000000, 0x000000072d200000|  0%| F|  |TAMS 0x000000072d000000| PB 0x000000072d000000| Untracked |  0
|  96|0x000000072d200000, 0x000000072d200000, 0x000000072d400000|  0%| F|  |TAMS 0x000000072d200000| PB 0x000000072d200000| Untracked |  0
|  97|0x000000072d400000, 0x000000072d400000, 0x000000072d600000|  0%| F|  |TAMS 0x000000072d400000| PB 0x000000072d400000| Untracked |  0
|  98|0x000000072d600000, 0x000000072d7ccc20, 0x000000072d800000| 89%| S|CS|TAMS 0x000000072d600000| PB 0x000000072d600000| Complete |  0
|  99|0x000000072d800000, 0x000000072da00000, 0x000000072da00000|100%| S|CS|TAMS 0x000000072d800000| PB 0x000000072d800000| Complete |  0
| 100|0x000000072da00000, 0x000000072da00000, 0x000000072dc00000|  0%| F|  |TAMS 0x000000072da00000| PB 0x000000072da00000| Untracked |  0
| 101|0x000000072dc00000, 0x000000072dc00000, 0x000000072de00000|  0%| F|  |TAMS 0x000000072dc00000| PB 0x000000072dc00000| Untracked |  0
| 102|0x000000072de00000, 0x000000072de00000, 0x000000072e000000|  0%| F|  |TAMS 0x000000072de00000| PB 0x000000072de00000| Untracked |  0
| 103|0x000000072e000000, 0x000000072e000000, 0x000000072e200000|  0%| F|  |TAMS 0x000000072e000000| PB 0x000000072e000000| Untracked |  0
| 104|0x000000072e200000, 0x000000072e200000, 0x000000072e400000|  0%| F|  |TAMS 0x000000072e200000| PB 0x000000072e200000| Untracked |  0
| 105|0x000000072e400000, 0x000000072e400000, 0x000000072e600000|  0%| F|  |TAMS 0x000000072e400000| PB 0x000000072e400000| Untracked |  0
| 106|0x000000072e600000, 0x000000072e600000, 0x000000072e800000|  0%| F|  |TAMS 0x000000072e600000| PB 0x000000072e600000| Untracked |  0
| 107|0x000000072e800000, 0x000000072e800000, 0x000000072ea00000|  0%| F|  |TAMS 0x000000072e800000| PB 0x000000072e800000| Untracked |  0
| 108|0x000000072ea00000, 0x000000072ea00000, 0x000000072ec00000|  0%| F|  |TAMS 0x000000072ea00000| PB 0x000000072ea00000| Untracked |  0
| 109|0x000000072ec00000, 0x000000072ec63b50, 0x000000072ee00000| 19%| E|  |TAMS 0x000000072ec00000| PB 0x000000072ec00000| Complete |  0
| 110|0x000000072ee00000, 0x000000072f000000, 0x000000072f000000|100%| E|CS|TAMS 0x000000072ee00000| PB 0x000000072ee00000| Complete |  0
| 111|0x000000072f000000, 0x000000072f200000, 0x000000072f200000|100%| E|CS|TAMS 0x000000072f000000| PB 0x000000072f000000| Complete |  0

Card table byte_map: [0x000001e13eeb0000,0x000001e13f5b0000] _byte_map_base: 0x000001e13b5a7000

Marking Bits: (CMBitMap*) 0x000001e126d97d60
 Bits: [0x000001e13f5b0000, 0x000001e142d68000)

Polling page: 0x000001e1248f0000

Metaspace:

Usage:
  Non-class:      5.49 MB used.
      Class:    779.95 KB used.
       Both:      6.26 MB used.

Virtual space:
  Non-class space:       64.00 MB reserved,       5.56 MB (  9%) committed,  1 nodes.
      Class space:        1.00 GB reserved,     896.00 KB ( <1%) committed,  1 nodes.
             Both:        1.06 GB reserved,       6.44 MB ( <1%) committed. 

Chunk freelists:
   Non-Class:  8.92 MB
       Class:  14.97 MB
        Both:  23.90 MB

MaxMetaspaceSize: unlimited
CompressedClassSpaceSize: 1.00 GB
Initial GC threshold: 21.00 MB
Current GC threshold: 21.00 MB
CDS: on
 - commit_granule_bytes: 65536.
 - commit_granule_words: 8192.
 - virtual_space_node_default_size: 8388608.
 - enlarge_chunks_in_place: 1.
 - use_allocation_guard: 0.


Internal statistics:

num_allocs_failed_limit: 0.
num_arena_births: 60.
num_arena_deaths: 0.
num_vsnodes_births: 2.
num_vsnodes_deaths: 0.
num_space_committed: 103.
num_space_uncommitted: 0.
num_chunks_returned_to_freelist: 0.
num_chunks_taken_from_freelist: 241.
num_chunk_merges: 0.
num_chunk_splits: 151.
num_chunks_enlarged: 121.
num_inconsistent_stats: 0.

CodeHeap 'non-profiled nmethods': size=120064Kb used=467Kb max_used=467Kb free=119596Kb
 bounds [0x000001e136f30000, 0x000001e1371a0000, 0x000001e13e470000]
CodeHeap 'profiled nmethods': size=120000Kb used=2131Kb max_used=2131Kb free=117869Kb
 bounds [0x000001e12f470000, 0x000001e12f6e0000, 0x000001e1369a0000]
CodeHeap 'non-nmethods': size=5696Kb used=1359Kb max_used=1382Kb free=4336Kb
 bounds [0x000001e1369a0000, 0x000001e136c10000, 0x000001e136f30000]
CodeCache: size=245760Kb, used=3957Kb, max_used=3980Kb, free=241801Kb
 total_blobs=1957, nmethods=1485, adapters=378, full_count=0
Compilation: enabled, stopped_count=0, restarted_count=0

Compilation events (20 events):
Event: 63.181 Thread 0x000001e14579fbe0 1479       1       jdk.internal.classfile.impl.DirectMethodBuilder::methodName (5 bytes)
Event: 63.182 Thread 0x000001e14579fbe0 nmethod 1479 0x000001e136fa4508 code [0x000001e136fa4620, 0x000001e136fa46f0]
Event: 63.182 Thread 0x000001e14579fbe0 1480       3       java.lang.PublicMethods$Key::matches (31 bytes)
Event: 63.183 Thread 0x000001e14579fbe0 nmethod 1480 0x000001e12f67e908 code [0x000001e12f67ea60, 0x000001e12f67ed70]
Event: 63.184 Thread 0x000001e14579fbe0 1481       3       sun.nio.fs.WindowsPathParser::normalize (233 bytes)
Event: 63.185 Thread 0x000001e14579d6f0 1483       4       org.eclipse.sisu.space.asm.ClassReader::readUnsignedShort (26 bytes)
Event: 63.186 Thread 0x000001e14579d6f0 nmethod 1483 0x000001e136fa4808 code [0x000001e136fa4900, 0x000001e136fa49f8]
Event: 63.188 Thread 0x000001e14579fbe0 nmethod 1481 0x000001e12f67ee08 code [0x000001e12f67f340, 0x000001e12f681f50]
Event: 63.188 Thread 0x000001e14579fbe0 1484       3       org.eclipse.sisu.space.asm.ClassReader::readUtf (44 bytes)
Event: 63.188 Thread 0x000001e14579fbe0 nmethod 1484 0x000001e12f682088 code [0x000001e12f6821e0, 0x000001e12f6825d8]
Event: 63.188 Thread 0x000001e14579fbe0 1482       3       java.lang.Runtime$Version::feature (17 bytes)
Event: 63.188 Thread 0x000001e14579fbe0 nmethod 1482 0x000001e12f682608 code [0x000001e12f682740, 0x000001e12f682a18]
Event: 63.188 Thread 0x000001e14579fbe0 1485       3       com.google.inject.internal.MoreTypes::isFullySpecified (48 bytes)
Event: 63.189 Thread 0x000001e14579d6f0 1488       4       java.nio.DirectIntBufferU::ix (10 bytes)
Event: 63.189 Thread 0x000001e14579fbe0 nmethod 1485 0x000001e12f682a88 code [0x000001e12f682c00, 0x000001e12f683440]
Event: 63.189 Thread 0x000001e14579fbe0 1487       3       jdk.internal.jimage.BasicImageReader::match (37 bytes)
Event: 63.189 Thread 0x000001e14579fbe0 nmethod 1487 0x000001e12f683488 code [0x000001e12f6835c0, 0x000001e12f683860]
Event: 63.189 Thread 0x000001e14579fbe0 1486       3       com.google.inject.internal.MoreTypes::canonicalizeForKey (103 bytes)
Event: 63.189 Thread 0x000001e14579d6f0 nmethod 1488 0x000001e136fa4b08 code [0x000001e136fa4c00, 0x000001e136fa4c80]
Event: 63.190 Thread 0x000001e14579fbe0 nmethod 1486 0x000001e12f683888 code [0x000001e12f683b00, 0x000001e12f684b50]

GC Heap History (2 events):
Event: 61.627 GC heap before
{Heap before GC invocations=0 (full 0):
 garbage-first heap   total reserved 3651584K, committed 229376K, used 22528K [0x0000000721200000, 0x0000000800000000)
  region size 2048K, 12 young (24576K), 0 survivors (0K)
 Metaspace       used 6012K, committed 6208K, reserved 1114112K
  class space    used 738K, committed 832K, reserved 1048576K
}
Event: 61.829 GC heap after
{Heap after GC invocations=1 (full 0):
 garbage-first heap   total reserved 3651584K, committed 229376K, used 3891K [0x0000000721200000, 0x0000000800000000)
  region size 2048K, 2 young (4096K), 2 survivors (4096K)
 Metaspace       used 6012K, committed 6208K, reserved 1114112K
  class space    used 738K, committed 832K, reserved 1048576K
}

Dll operation events (8 events):
Event: 1.687 Loaded shared library C:\Program Files\Java\jdk-23\bin\java.dll
Event: 6.977 Loaded shared library C:\Program Files\Java\jdk-23\bin\net.dll
Event: 6.978 Loaded shared library C:\Program Files\Java\jdk-23\bin\jsvml.dll
Event: 6.981 Loaded shared library C:\Program Files\Java\jdk-23\bin\nio.dll
Event: 6.987 Loaded shared library C:\Program Files\Java\jdk-23\bin\zip.dll
Event: 39.083 Loaded shared library C:\Program Files\NetBeans-24\netbeans\java\maven\lib\jansi-native\Windows\x86_64\jansi.dll
Event: 39.133 Loaded shared library C:\Program Files\Java\jdk-23\bin\verify.dll
Event: 39.210 Loaded shared library C:\Program Files\Java\jdk-23\bin\jimage.dll

Deoptimization events (20 events):
Event: 62.390 Thread 0x000001e126d39630 Uncommon trap: trap_request=0xffffff45 fr.pc=0x000001e136f6e688 relative=0x0000000000000068
Event: 62.390 Thread 0x000001e126d39630 Uncommon trap: reason=unstable_if action=reinterpret pc=0x000001e136f6e688 method=java.lang.ref.ReferenceQueue.headIsNull()Z @ 4 c2
Event: 62.390 Thread 0x000001e126d39630 DEOPT PACKING pc=0x000001e136f6e688 sp=0x000000c1d16fd260
Event: 62.390 Thread 0x000001e126d39630 DEOPT UNPACKING pc=0x000001e1369f4402 sp=0x000000c1d16fd120 mode 2
Event: 62.410 Thread 0x000001e126d39630 Uncommon trap: trap_request=0xffffffc6 fr.pc=0x000001e136f695cc relative=0x00000000000003ec
Event: 62.410 Thread 0x000001e126d39630 Uncommon trap: reason=bimorphic_or_optimized_type_check action=maybe_recompile pc=0x000001e136f695cc method=java.util.concurrent.ConcurrentHashMap.get(Ljava/lang/Object;)Ljava/lang/Object; @ 149 c2
Event: 62.410 Thread 0x000001e126d39630 DEOPT PACKING pc=0x000001e136f695cc sp=0x000000c1d16fd7c0
Event: 62.410 Thread 0x000001e126d39630 DEOPT UNPACKING pc=0x000001e1369f4402 sp=0x000000c1d16fd740 mode 2
Event: 62.778 Thread 0x000001e126d39630 Uncommon trap: trap_request=0xffffff45 fr.pc=0x000001e136f93aec relative=0x00000000000007cc
Event: 62.778 Thread 0x000001e126d39630 Uncommon trap: reason=unstable_if action=reinterpret pc=0x000001e136f93aec method=java.util.HashMap.putVal(ILjava/lang/Object;Ljava/lang/Object;ZZ)Ljava/lang/Object; @ 181 c2
Event: 62.778 Thread 0x000001e126d39630 DEOPT PACKING pc=0x000001e136f93aec sp=0x000000c1d16fdd70
Event: 62.778 Thread 0x000001e126d39630 DEOPT UNPACKING pc=0x000001e1369f4402 sp=0x000000c1d16fdc80 mode 2
Event: 62.778 Thread 0x000001e126d39630 Uncommon trap: trap_request=0xffffff45 fr.pc=0x000001e136f8eba4 relative=0x0000000000000784
Event: 62.778 Thread 0x000001e126d39630 Uncommon trap: reason=unstable_if action=reinterpret pc=0x000001e136f8eba4 method=java.util.HashMap.putVal(ILjava/lang/Object;Ljava/lang/Object;ZZ)Ljava/lang/Object; @ 181 c2
Event: 62.778 Thread 0x000001e126d39630 DEOPT PACKING pc=0x000001e136f8eba4 sp=0x000000c1d16fdcb0
Event: 62.778 Thread 0x000001e126d39630 DEOPT UNPACKING pc=0x000001e1369f4402 sp=0x000000c1d16fdc70 mode 2
Event: 62.783 Thread 0x000001e126d39630 Uncommon trap: trap_request=0xffffffde fr.pc=0x000001e136f940a0 relative=0x00000000000002e0
Event: 62.783 Thread 0x000001e126d39630 Uncommon trap: reason=class_check action=maybe_recompile pc=0x000001e136f940a0 method=java.util.HashMap.getNode(Ljava/lang/Object;)Ljava/util/HashMap$Node; @ 128 c2
Event: 62.783 Thread 0x000001e126d39630 DEOPT PACKING pc=0x000001e136f940a0 sp=0x000000c1d16fda30
Event: 62.783 Thread 0x000001e126d39630 DEOPT UNPACKING pc=0x000001e1369f4402 sp=0x000000c1d16fd998 mode 2

Classes loaded (20 events):
Event: 59.271 Loading class java/lang/invoke/DirectMethodHandle$StaticAccessor
Event: 59.271 Loading class java/lang/invoke/DirectMethodHandle$StaticAccessor done
Event: 59.342 Loading class java/lang/reflect/ParameterizedType
Event: 59.342 Loading class java/lang/reflect/ParameterizedType done
Event: 59.350 Loading class java/lang/reflect/WildcardType
Event: 59.350 Loading class java/lang/reflect/WildcardType done
Event: 59.553 Loading class sun/reflect/generics/tree/TypeVariableSignature
Event: 59.553 Loading class sun/reflect/generics/tree/TypeVariableSignature done
Event: 59.693 Loading class java/lang/annotation/IncompleteAnnotationException
Event: 59.693 Loading class java/lang/annotation/IncompleteAnnotationException done
Event: 60.532 Loading class java/lang/foreign/MemorySegment
Event: 60.532 Loading class java/lang/foreign/MemorySegment done
Event: 62.405 Loading class sun/reflect/generics/reflectiveObjects/TypeVariableImpl
Event: 62.405 Loading class sun/reflect/generics/reflectiveObjects/LazyReflectiveObjectGenerator
Event: 62.405 Loading class sun/reflect/generics/reflectiveObjects/LazyReflectiveObjectGenerator done
Event: 62.405 Loading class sun/reflect/generics/reflectiveObjects/TypeVariableImpl done
Event: 62.406 Loading class sun/reflect/generics/reflectiveObjects/ParameterizedTypeImpl
Event: 62.406 Loading class sun/reflect/generics/reflectiveObjects/ParameterizedTypeImpl done
Event: 63.076 Loading class java/lang/ArrayIndexOutOfBoundsException
Event: 63.076 Loading class java/lang/ArrayIndexOutOfBoundsException done

Classes unloaded (0 events):
No events

Classes redefined (0 events):
No events

Internal exceptions (20 events):
Event: 39.110 Thread 0x000001e126d39630 Exception <a 'java/lang/NullPointerException'{0x000000072ecf3ff8}> (0x000000072ecf3ff8) 
thrown [s\open\src\hotspot\share\interpreter\linkResolver.cpp, line 1389]
Event: 39.110 Thread 0x000001e126d39630 Exception <a 'java/lang/NullPointerException'{0x000000072ecf42d8}> (0x000000072ecf42d8) 
thrown [s\open\src\hotspot\share\interpreter\linkResolver.cpp, line 1389]
Event: 39.110 Thread 0x000001e126d39630 Exception <a 'java/lang/NullPointerException'{0x000000072ecf45b8}> (0x000000072ecf45b8) 
thrown [s\open\src\hotspot\share\interpreter\linkResolver.cpp, line 1389]
Event: 39.110 Thread 0x000001e126d39630 Exception <a 'java/lang/NullPointerException'{0x000000072ecf4898}> (0x000000072ecf4898) 
thrown [s\open\src\hotspot\share\interpreter\linkResolver.cpp, line 1389]
Event: 39.130 Thread 0x000001e126d39630 Exception <a 'sun/nio/fs/WindowsException'{0x000000072ed9a768}> (0x000000072ed9a768) 
thrown [s\open\src\hotspot\share\prims\jni.cpp, line 520]
Event: 39.130 Thread 0x000001e126d39630 Exception <a 'sun/nio/fs/WindowsException'{0x000000072ed9aeb8}> (0x000000072ed9aeb8) 
thrown [s\open\src\hotspot\share\prims\jni.cpp, line 520]
Event: 39.130 Thread 0x000001e126d39630 Exception <a 'sun/nio/fs/WindowsException'{0x000000072ed9b430}> (0x000000072ed9b430) 
thrown [s\open\src\hotspot\share\prims\jni.cpp, line 520]
Event: 39.131 Thread 0x000001e126d39630 Exception <a 'sun/nio/fs/WindowsException'{0x000000072ed9b988}> (0x000000072ed9b988) 
thrown [s\open\src\hotspot\share\prims\jni.cpp, line 520]
Event: 39.131 Thread 0x000001e126d39630 Exception <a 'sun/nio/fs/WindowsException'{0x000000072ed9be90}> (0x000000072ed9be90) 
thrown [s\open\src\hotspot\share\prims\jni.cpp, line 520]
Event: 39.131 Thread 0x000001e126d39630 Exception <a 'sun/nio/fs/WindowsException'{0x000000072ed9c350}> (0x000000072ed9c350) 
thrown [s\open\src\hotspot\share\prims\jni.cpp, line 520]
Event: 39.159 Thread 0x000001e126d39630 Exception <a 'java/lang/NoSuchMethodError'{0x000000072ede8c90}: 'void java.lang.invoke.DirectMethodHandle$Holder.invokeStatic(java.lang.Object, java.lang.Object)'> (0x000000072ede8c90) 
thrown [s\open\src\hotspot\share\interpreter\linkResolver.cpp, line 796]
Event: 39.160 Thread 0x000001e126d39630 Exception <a 'java/lang/NoSuchMethodError'{0x000000072edec0a8}: 'void java.lang.invoke.DirectMethodHandle$Holder.invokeStaticInit(java.lang.Object, java.lang.Object)'> (0x000000072edec0a8) 
thrown [s\open\src\hotspot\share\interpreter\linkResolver.cpp, line 796]
Event: 39.497 Thread 0x000001e126d39630 Exception <a 'java/lang/NoSuchMethodError'{0x000000072eba3d28}: 'java.lang.Object java.lang.invoke.DirectMethodHandle$Holder.invokeSpecialIFC(java.lang.Object, java.lang.Object, java.lang.Object, java.lang.Object)'> (0x000000072eba3d28) 
thrown [s\open\src\hotspot\share\interpreter\linkResolver.cpp, line 796]
Event: 49.669 Thread 0x000001e126d39630 Exception <a 'java/lang/NoSuchMethodError'{0x000000072e548600}: 'void java.lang.invoke.DirectMethodHandle$Holder.invokeSpecial(java.lang.Object, java.lang.Object, java.lang.Object)'> (0x000000072e548600) 
thrown [s\open\src\hotspot\share\interpreter\linkResolver.cpp, line 796]
Event: 53.595 Thread 0x000001e126d39630 Exception <a 'java/lang/NoSuchMethodError'{0x000000072e296b90}: 'java.lang.Object java.lang.invoke.DirectMethodHandle$Holder.invokeInterface(java.lang.Object, java.lang.Object)'> (0x000000072e296b90) 
thrown [s\open\src\hotspot\share\interpreter\linkResolver.cpp, line 796]
Event: 54.974 Thread 0x000001e126d39630 Exception <a 'java/lang/NoSuchMethodError'{0x000000072e32fb20}: 'int java.lang.invoke.DirectMethodHandle$Holder.invokeStatic(java.lang.Object, java.lang.Object, java.lang.Object, java.lang.Object)'> (0x000000072e32fb20) 
thrown [s\open\src\hotspot\share\interpreter\linkResolver.cpp, line 796]
Event: 55.118 Thread 0x000001e126d39630 Exception <a 'java/lang/NoSuchMethodError'{0x000000072e33e490}: 'int java.lang.invoke.DirectMethodHandle$Holder.invokeSpecialIFC(java.lang.Object, java.lang.Object, java.lang.Object, java.lang.Object, java.lang.Object)'> (0x000000072e33e490) 
thrown [s\open\src\hotspot\share\interpreter\linkResolver.cpp, line 796]
Event: 58.628 Thread 0x000001e126d39630 Exception <a 'java/lang/NoSuchMethodError'{0x000000072e0d01a0}: 'void java.lang.invoke.DirectMethodHandle$Holder.invokeStatic(java.lang.Object, int, java.lang.Object)'> (0x000000072e0d01a0) 
thrown [s\open\src\hotspot\share\interpreter\linkResolver.cpp, line 796]
Event: 59.606 Thread 0x000001e126d39630 Exception <a 'java/lang/NoSuchMethodError'{0x000000072de3d560}: 'int java.lang.invoke.DirectMethodHandle$Holder.invokeStaticInit(java.lang.Object, java.lang.Object)'> (0x000000072de3d560) 
thrown [s\open\src\hotspot\share\interpreter\linkResolver.cpp, line 796]
Event: 59.743 Thread 0x000001e126d39630 Exception <a 'java/lang/NoClassDefFoundError'{0x000000072de72bb0}: javax/enterprise/inject/Typed> (0x000000072de72bb0) 
thrown [s\open\src\hotspot\share\classfile\systemDictionary.cpp, line 302]

VM Operations (10 events):
Event: 39.058 Executing VM operation: HandshakeAllThreads (Deoptimize)
Event: 39.058 Executing VM operation: HandshakeAllThreads (Deoptimize) done
Event: 39.225 Executing VM operation: HandshakeAllThreads (Deoptimize)
Event: 39.232 Executing VM operation: HandshakeAllThreads (Deoptimize) done
Event: 61.627 Executing VM operation: G1CollectForAllocation (G1 Evacuation Pause)
Event: 61.829 Executing VM operation: G1CollectForAllocation (G1 Evacuation Pause) done
Event: 61.830 Executing VM operation: HandshakeAllThreads (HandshakeForDeflation)
Event: 61.830 Executing VM operation: HandshakeAllThreads (HandshakeForDeflation) done
Event: 61.830 Executing VM operation: RendezvousGCThreads
Event: 61.830 Executing VM operation: RendezvousGCThreads done

Memory protections (0 events):
No events

Nmethod flushes (0 events):
No events

Events (20 events):
Event: 3.445 Thread 0x000001e126d39630 Thread added: 0x000001e1458160d0
Event: 3.595 Thread 0x000001e126d39630 Thread added: 0x000001e145821b70
Event: 7.743 Thread 0x000001e14579fbe0 Thread added: 0x000001e145937430
Event: 7.745 Thread 0x000001e14579fbe0 Thread added: 0x000001e145937cb0
Event: 9.527 Thread 0x000001e145937430 Thread exited: 0x000001e145937430
Event: 9.527 Thread 0x000001e145937cb0 Thread exited: 0x000001e145937cb0
Event: 39.072 Thread 0x000001e126d39630 Thread added: 0x000001e145a27a00
Event: 39.892 Thread 0x000001e145a27a00 Thread exited: 0x000001e145a27a00
Event: 39.948 Thread 0x000001e14579fbe0 Thread added: 0x000001e18b1ebac0
Event: 41.687 Thread 0x000001e18b1ebac0 Thread exited: 0x000001e18b1ebac0
Event: 60.011 Thread 0x000001e14579fbe0 Thread added: 0x000001e18b2d0030
Event: 60.292 Thread 0x000001e18b2d0030 Thread exited: 0x000001e18b2d0030
Event: 60.338 Thread 0x000001e14579d6f0 Thread added: 0x000001e18b307710
Event: 60.343 Thread 0x000001e14579d6f0 Thread added: 0x000001e18b307dd0
Event: 60.512 Thread 0x000001e18b307710 Thread exited: 0x000001e18b307710
Event: 60.512 Thread 0x000001e18b307dd0 Thread exited: 0x000001e18b307dd0
Event: 60.540 Thread 0x000001e14579d6f0 Thread added: 0x000001e18b335550
Event: 60.540 Thread 0x000001e14579d6f0 Thread added: 0x000001e18b331160
Event: 60.932 Thread 0x000001e18b331160 Thread exited: 0x000001e18b331160
Event: 60.932 Thread 0x000001e18b335550 Thread exited: 0x000001e18b335550


Dynamic libraries:
0x00007ff67dd80000 - 0x00007ff67dd90000 	C:\Program Files\Java\jdk-23\bin\java.exe
0x00007ffd5f560000 - 0x00007ffd5f7c7000 	C:\WINDOWS\SYSTEM32\ntdll.dll
0x00007ffd5e130000 - 0x00007ffd5e1f9000 	C:\WINDOWS\System32\KERNEL32.DLL
0x00007ffd5bf90000 - 0x00007ffd5c381000 	C:\WINDOWS\System32\KERNELBASE.dll
0x00007ffd5cf50000 - 0x00007ffd5d09b000 	C:\WINDOWS\System32\ucrtbase.dll
0x00007ffd57070000 - 0x00007ffd57087000 	C:\Program Files\Java\jdk-23\bin\jli.dll
0x00007ffd5e610000 - 0x00007ffd5e7d5000 	C:\WINDOWS\System32\USER32.dll
0x00007ffd5d150000 - 0x00007ffd5d177000 	C:\WINDOWS\System32\win32u.dll
0x00007ffd5da90000 - 0x00007ffd5dabb000 	C:\WINDOWS\System32\GDI32.dll
0x00007ffd5cc00000 - 0x00007ffd5cd2a000 	C:\WINDOWS\System32\gdi32full.dll
0x00007ffd5d0a0000 - 0x00007ffd5d143000 	C:\WINDOWS\System32\msvcp_win.dll
0x00007ffd59dc0000 - 0x00007ffd59ddb000 	C:\Program Files\Java\jdk-23\bin\VCRUNTIME140.dll
0x00007ffd4e0c0000 - 0x00007ffd4e353000 	C:\WINDOWS\WinSxS\amd64_microsoft.windows.common-controls_6595b64144ccf1df_6.0.26100.7922_none_3e089e1ee3342171\COMCTL32.dll
0x00007ffd5f460000 - 0x00007ffd5f509000 	C:\WINDOWS\System32\msvcrt.dll
0x00007ffd5ded0000 - 0x00007ffd5df01000 	C:\WINDOWS\System32\IMM32.DLL
0x00007ffd5a240000 - 0x00007ffd5a24c000 	C:\Program Files\Java\jdk-23\bin\vcruntime140_1.dll
0x00007ffd4eb00000 - 0x00007ffd4eb8e000 	C:\Program Files\Java\jdk-23\bin\msvcp140.dll
0x00007ffcfdc20000 - 0x00007ffcfe96f000 	C:\Program Files\Java\jdk-23\bin\server\jvm.dll
0x00007ffd5df10000 - 0x00007ffd5dfcb000 	C:\WINDOWS\System32\ADVAPI32.dll
0x00007ffd5d7f0000 - 0x00007ffd5d897000 	C:\WINDOWS\System32\sechost.dll
0x00007ffd5f320000 - 0x00007ffd5f438000 	C:\WINDOWS\System32\RPCRT4.dll
0x00007ffd5e480000 - 0x00007ffd5e4f4000 	C:\WINDOWS\System32\WS2_32.dll
0x00007ffd5bca0000 - 0x00007ffd5bcfe000 	C:\WINDOWS\SYSTEM32\POWRPROF.dll
0x00007ffd56060000 - 0x00007ffd56095000 	C:\WINDOWS\SYSTEM32\WINMM.dll
0x00007ffd560a0000 - 0x00007ffd560ab000 	C:\WINDOWS\SYSTEM32\VERSION.dll
0x00007ffd5bc80000 - 0x00007ffd5bc94000 	C:\WINDOWS\SYSTEM32\UMPDC.dll
0x00007ffd5abd0000 - 0x00007ffd5abeb000 	C:\WINDOWS\SYSTEM32\kernel.appcore.dll
0x00007ffd5a1f0000 - 0x00007ffd5a1fa000 	C:\Program Files\Java\jdk-23\bin\jimage.dll
0x00007ffd59e50000 - 0x00007ffd5a092000 	C:\WINDOWS\SYSTEM32\DBGHELP.DLL
0x00007ffd5dac0000 - 0x00007ffd5de42000 	C:\WINDOWS\System32\combase.dll
0x00007ffd5e7f0000 - 0x00007ffd5e8c7000 	C:\WINDOWS\System32\OLEAUT32.dll
0x00007ffd4ced0000 - 0x00007ffd4cf0b000 	C:\WINDOWS\SYSTEM32\dbgcore.DLL
0x00007ffd5cd30000 - 0x00007ffd5cdd5000 	C:\WINDOWS\System32\bcryptPrimitives.dll
0x00007ffd59d80000 - 0x00007ffd59d9e000 	C:\Program Files\Java\jdk-23\bin\java.dll
0x00007ffd5d8f0000 - 0x00007ffd5da85000 	C:\WINDOWS\System32\ole32.dll
0x00007ffd5e9c0000 - 0x00007ffd5f11f000 	C:\WINDOWS\System32\SHELL32.dll
0x00007ffd5cde0000 - 0x00007ffd5cf4a000 	C:\WINDOWS\System32\wintypes.dll
0x00007ffd5c390000 - 0x00007ffd5cbf4000 	C:\WINDOWS\System32\windows.storage.dll
0x00007ffd5f130000 - 0x00007ffd5f227000 	C:\WINDOWS\System32\SHCORE.dll
0x00007ffd5e8d0000 - 0x00007ffd5e937000 	C:\WINDOWS\System32\shlwapi.dll
0x00007ffd5bd60000 - 0x00007ffd5bd89000 	C:\WINDOWS\SYSTEM32\profapi.dll
0x00007ffd580c0000 - 0x00007ffd580d0000 	C:\Program Files\Java\jdk-23\bin\net.dll
0x00007ffd06010000 - 0x00007ffd060e7000 	C:\Program Files\Java\jdk-23\bin\jsvml.dll
0x00007ffd5b140000 - 0x00007ffd5b1ab000 	C:\WINDOWS\system32\mswsock.dll
0x00007ffd55950000 - 0x00007ffd55966000 	C:\Program Files\Java\jdk-23\bin\nio.dll
0x00007ffd52b10000 - 0x00007ffd52b27000 	C:\Program Files\Java\jdk-23\bin\zip.dll
0x00007ffd36960000 - 0x00007ffd36984000 	C:\Program Files\NetBeans-24\netbeans\java\maven\lib\jansi-native\Windows\x86_64\jansi.dll
0x00007ffd58070000 - 0x00007ffd58080000 	C:\Program Files\Java\jdk-23\bin\verify.dll

dbghelp: loaded successfully - version: 4.0.5 - missing functions: none
symbol engine: initialized successfully - sym options: 0x614 - pdb path: .;C:\Program Files\Java\jdk-23\bin;C:\WINDOWS\SYSTEM32;C:\WINDOWS\WinSxS\amd64_microsoft.windows.common-controls_6595b64144ccf1df_6.0.26100.7922_none_3e089e1ee3342171;C:\Program Files\Java\jdk-23\bin\server;C:\Program Files\NetBeans-24\netbeans\java\maven\lib\jansi-native\Windows\x86_64

VM Arguments:
jvm_args: -Dclassworlds.conf=C:\Program Files\NetBeans-24\netbeans\java\maven\bin\m2.conf -Dmaven.home=C:\Program Files\NetBeans-24\netbeans\java\maven -Dlibrary.jansi.path=C:\Program Files\NetBeans-24\netbeans\java\maven\lib\jansi-native -Dmaven.multiModuleProjectDirectory=C:\Users\Papa\Documents\NetBeansProjects\MotorPhPayroll 
java_command: org.codehaus.plexus.classworlds.launcher.Launcher -Dmaven.ext.class.path=C:\Program Files\NetBeans-24\netbeans\java\maven-nblib\netbeans-eventspy.jar --no-transfer-progress install
java_class_path (initial): C:\Program Files\NetBeans-24\netbeans\java\maven\boot\plexus-classworlds-2.8.0.jar
Launcher Type: SUN_STANDARD

[Global flags]
     intx CICompilerCount                          = 4                                         {product} {ergonomic}
     uint ConcGCThreads                            = 2                                         {product} {ergonomic}
     uint G1ConcRefinementThreads                  = 8                                         {product} {ergonomic}
   size_t G1HeapRegionSize                         = 2097152                                   {product} {ergonomic}
   size_t InitialHeapSize                          = 234881024                                 {product} {ergonomic}
   size_t MarkStackSize                            = 4194304                                   {product} {ergonomic}
   size_t MarkStackSizeMax                         = 536870912                                 {product} {ergonomic}
   size_t MaxHeapSize                              = 3739222016                                {product} {ergonomic}
   size_t MaxNewSize                               = 2241855488                                {product} {ergonomic}
   size_t MinHeapDeltaBytes                        = 2097152                                   {product} {ergonomic}
   size_t MinHeapSize                              = 8388608                                   {product} {ergonomic}
    uintx NonNMethodCodeHeapSize                   = 5832704                                {pd product} {ergonomic}
    uintx NonProfiledCodeHeapSize                  = 122945536                              {pd product} {ergonomic}
    uintx ProfiledCodeHeapSize                     = 122880000                              {pd product} {ergonomic}
    uintx ReservedCodeCacheSize                    = 251658240                              {pd product} {ergonomic}
     bool SegmentedCodeCache                       = true                                      {product} {ergonomic}
   size_t SoftMaxHeapSize                          = 3739222016                             {manageable} {ergonomic}
     bool UseCompressedOops                        = true                           {product lp64_product} {ergonomic}
     bool UseG1GC                                  = true                                      {product} {ergonomic}
     bool UseLargePagesIndividualAllocation        = false                                  {pd product} {ergonomic}

Logging:
Log output configuration:
 #0: stdout all=warning uptime,level,tags foldmultilines=false
 #1: stderr all=off uptime,level,tags foldmultilines=false

Environment Variables:
JAVA_HOME=C:\Program Files\Java\jdk-23
PATH=C:\Program Files\Common Files\Oracle\Java\javapath;C:\Python312\Scripts\;C:\Python312\;C:\WINDOWS\system32;C:\WINDOWS;C:\WINDOWS\System32\Wbem;C:\WINDOWS\System32\WindowsPowerShell\v1.0\;C:\WINDOWS\System32\OpenSSH\;C:\Program Files\nodejs\;C:\ProgramData\chocolatey\bin;C:\Program Files (x86)\AOMEI\AOMEI Backupper\7.4.1;C:\Program Files\Java\jdk-23\bin;C:\Users\Papa\AppData\Local\GitHubDesktop\bin;C:\Users\Papa\AppData\Local\Programs\Microsoft VS Code\bin;C:\Users\Papa\AppData\Local\Programs\Git\cmd;C:\Users\Papa\AppData\Roaming\npm;C:\Users\Papa\AppData\Local\Microsoft\WindowsApps;
USERNAME=Papa
OS=Windows_NT
PROCESSOR_IDENTIFIER=AMD64 Family 23 Model 24 Stepping 1, AuthenticAMD
TMP=C:\Users\Papa\AppData\Local\Temp
TEMP=C:\Users\Papa\AppData\Local\Temp




Periodic native trim disabled

---------------  S Y S T E M  ---------------

OS:
 Windows 11 , 64 bit Build 26100 (10.0.26100.7920)
OS uptime: 1 days 18:48 hours

CPU: total 8 (initial active 8) (8 cores per cpu, 2 threads per core) family 23 model 24 stepping 1 microcode 0x8108109, cx8, cmov, fxsr, ht, mmx, 3dnowpref, sse, sse2, sse3, ssse3, sse4a, sse4.1, sse4.2, popcnt, lzcnt, tsc, tscinvbit, avx, avx2, aes, clmul, bmi1, bmi2, adx, sha, fma, vzeroupper, clflush, clflushopt, rdtscp, f16c
Processor Information for the first 8 processors :
  Max Mhz: 3300, Current Mhz: 3300, Mhz Limit: 3300

Memory: 4k page, system-wide physical 14258M (1372M free)
TotalPageFile size 57266M (AvailPageFile size 1754M)
current process WorkingSet (physical memory assigned to process): 81M, peak: 87M
current process commit charge ("private bytes"): 320M, peak: 327M

vm_info: Java HotSpot(TM) 64-Bit Server VM (23.0.1+11-39) for windows-amd64 JRE (23.0.1+11-39), built on 2024-09-30T07:20:43Z with MS VC++ 17.6 (VS2022)

END.
