#
# There is insufficient memory for the Java Runtime Environment to continue.
# Native memory allocation (mmap) failed to map 65536 bytes. Error detail: Failed to commit metaspace.
# Possible reasons:
#   The system is out of physical RAM or swap space
#   This process is running with CompressedOops enabled, and the Java Heap may be blocking the growth of the native heap
# Possible solutions:
#   Reduce memory load on the system
#   Increase physical memory or swap space
#   Check if swap backing store is full
#   Decrease Java heap size (-Xmx/-Xms)
#   Decrease number of Java threads
#   Decrease Java thread stack sizes (-Xss)
#   Set larger code cache with -XX:ReservedCodeCacheSize=
#   JVM is running with Zero Based Compressed Oops mode in which the Java heap is
#     placed in the first 32GB address space. The Java Heap base address is the
#     maximum limit for the native heap growth. Please use -XX:HeapBaseMinAddress
#     to set the Java Heap base and to place the Java Heap above 32GB virtual address.
# This output file may be truncated or incomplete.
#
#  Out of Memory Error (virtualSpaceNode.cpp:113), pid=20488, tid=21156
#
# JRE version: Java(TM) SE Runtime Environment (23.0.1+11) (build 23.0.1+11-39)
# Java VM: Java HotSpot(TM) 64-Bit Server VM (23.0.1+11-39, mixed mode, sharing, tiered, compressed oops, compressed class ptrs, g1 gc, windows-amd64)
# No core dump will be written. Minidumps are not enabled by default on client versions of Windows
#

---------------  S U M M A R Y ------------

Command Line: -Dclassworlds.conf=C:\Program Files\NetBeans-24\netbeans\java\maven\bin\m2.conf -Dmaven.home=C:\Program Files\NetBeans-24\netbeans\java\maven -Dlibrary.jansi.path=C:\Program Files\NetBeans-24\netbeans\java\maven\lib\jansi-native -Dmaven.multiModuleProjectDirectory=C:\Users\Papa\Documents\NetBeansProjects\MotorPhPayroll org.codehaus.plexus.classworlds.launcher.Launcher -Dmaven.ext.class.path=C:\Program Files\NetBeans-24\netbeans\java\maven-nblib\netbeans-eventspy.jar --no-transfer-progress install

Host: AMD Ryzen 5 3400GE with Radeon Vega Graphics   , 8 cores, 13G,  Windows 11 , 64 bit Build 26100 (10.0.26100.7920)
Time: Sat Mar  7 14:07:07 2026 Malay Peninsula Standard Time elapsed time: 74.221794 seconds (0d 0h 1m 14s)

---------------  T H R E A D  ---------------

Current thread (0x00000248b80d9630):  JavaThread "main"             [_thread_in_vm, id=21156, stack(0x000000bf9c700000,0x000000bf9c800000) (1024K)]

Stack: [0x000000bf9c700000,0x000000bf9c800000]
Native frames: (J=compiled Java code, j=interpreted, Vv=VM code, C=native code)
V  [jvm.dll+0x6e08b9]  (no source info available)
V  [jvm.dll+0x87dc83]  (no source info available)
V  [jvm.dll+0x88010e]  (no source info available)
V  [jvm.dll+0x8807e3]  (no source info available)
V  [jvm.dll+0x27aee6]  (no source info available)
V  [jvm.dll+0x87988e]  (no source info available)
V  [jvm.dll+0x682035]  (no source info available)
V  [jvm.dll+0x1e09dc]  (no source info available)
V  [jvm.dll+0x1e07ae]  (no source info available)
V  [jvm.dll+0x684988]  (no source info available)
V  [jvm.dll+0x2219dc]  (no source info available)
V  [jvm.dll+0x682a4e]  (no source info available)
V  [jvm.dll+0x68ce28]  (no source info available)
V  [jvm.dll+0x211fe1]  (no source info available)
V  [jvm.dll+0x21244a]  (no source info available)
V  [jvm.dll+0x212e71]  (no source info available)
V  [jvm.dll+0x20811e]  (no source info available)
V  [jvm.dll+0x5be6df]  (no source info available)
V  [jvm.dll+0x7f3ad6]  (no source info available)
V  [jvm.dll+0x475cf6]  (no source info available)
V  [jvm.dll+0x47bb98]  (no source info available)
C  [java.dll+0x17d4]  (no source info available)
C  0x00000248c82f817c  (no source info available)

The last pc belongs to native nmethod (printed below).
Java frames: (J=compiled Java code, j=interpreted, Vv=VM code)
J 539  java.lang.ClassLoader.defineClass1(Ljava/lang/ClassLoader;Ljava/lang/String;[BIILjava/security/ProtectionDomain;Ljava/lang/String;)Ljava/lang/Class; java.base@23.0.1 (0 bytes) @ 0x00000248c82f80e1 [0x00000248c82f8020+0x00000000000000c1]
J 967 c1 java.lang.ClassLoader.defineClass(Ljava/lang/String;[BIILjava/security/ProtectionDomain;)Ljava/lang/Class; java.base@23.0.1 (43 bytes) @ 0x00000248c096df54 [0x00000248c096dc00+0x0000000000000354]
J 970 c1 java.security.SecureClassLoader.defineClass(Ljava/lang/String;[BIILjava/security/CodeSource;)Ljava/lang/Class; java.base@23.0.1 (16 bytes) @ 0x00000248c096ed9c [0x00000248c096ecc0+0x00000000000000dc]
J 934 c1 java.net.URLClassLoader.defineClass(Ljava/lang/String;Ljdk/internal/loader/Resource;)Ljava/lang/Class; java.base@23.0.1 (224 bytes) @ 0x00000248c0967ec4 [0x00000248c09668a0+0x0000000000001624]
J 933 c1 java.net.URLClassLoader$1.run()Ljava/lang/Class; java.base@23.0.1 (81 bytes) @ 0x00000248c0965a5c [0x00000248c0964e40+0x0000000000000c1c]
J 932 c1 java.net.URLClassLoader$1.run()Ljava/lang/Object; java.base@23.0.1 (5 bytes) @ 0x00000248c09649b4 [0x00000248c0964920+0x0000000000000094]
J 847 c1 java.security.AccessController.doPrivileged(Ljava/security/PrivilegedExceptionAction;Ljava/security/AccessControlContext;)Ljava/lang/Object; java.base@23.0.1 (26 bytes) @ 0x00000248c0939e14 [0x00000248c0939c20+0x00000000000001f4]
J 930 c1 java.net.URLClassLoader.findClass(Ljava/lang/String;)Ljava/lang/Class; java.base@23.0.1 (47 bytes) @ 0x00000248c0963fb4 [0x00000248c0963e00+0x00000000000001b4]
J 853 c1 org.codehaus.plexus.classworlds.realm.ClassRealm.loadClassFromSelf(Ljava/lang/String;)Ljava/lang/Class; (40 bytes) @ 0x00000248c093cd2c [0x00000248c093c980+0x00000000000003ac]
J 882 c1 org.codehaus.plexus.classworlds.strategy.SelfFirstStrategy.loadClass(Ljava/lang/String;)Ljava/lang/Class; (50 bytes) @ 0x00000248c094789c [0x00000248c09474c0+0x00000000000003dc]
J 573 c1 org.codehaus.plexus.classworlds.realm.ClassRealm.loadClass(Ljava/lang/String;Z)Ljava/lang/Class; (33 bytes) @ 0x00000248c08b9864 [0x00000248c08b96e0+0x0000000000000184]
J 572 c1 org.codehaus.plexus.classworlds.realm.ClassRealm.loadClass(Ljava/lang/String;)Ljava/lang/Class; (7 bytes) @ 0x00000248c08b9424 [0x00000248c08b9320+0x0000000000000104]
v  ~StubRoutines::call_stub 0x00000248c7d40fcd
J 539  java.lang.ClassLoader.defineClass1(Ljava/lang/ClassLoader;Ljava/lang/String;[BIILjava/security/ProtectionDomain;Ljava/lang/String;)Ljava/lang/Class; java.base@23.0.1 (0 bytes) @ 0x00000248c82f80e1 [0x00000248c82f8020+0x00000000000000c1]
J 967 c1 java.lang.ClassLoader.defineClass(Ljava/lang/String;[BIILjava/security/ProtectionDomain;)Ljava/lang/Class; java.base@23.0.1 (43 bytes) @ 0x00000248c096df54 [0x00000248c096dc00+0x0000000000000354]
J 970 c1 java.security.SecureClassLoader.defineClass(Ljava/lang/String;[BIILjava/security/CodeSource;)Ljava/lang/Class; java.base@23.0.1 (16 bytes) @ 0x00000248c096ed9c [0x00000248c096ecc0+0x00000000000000dc]
J 934 c1 java.net.URLClassLoader.defineClass(Ljava/lang/String;Ljdk/internal/loader/Resource;)Ljava/lang/Class; java.base@23.0.1 (224 bytes) @ 0x00000248c0967ec4 [0x00000248c09668a0+0x0000000000001624]
J 933 c1 java.net.URLClassLoader$1.run()Ljava/lang/Class; java.base@23.0.1 (81 bytes) @ 0x00000248c0965a5c [0x00000248c0964e40+0x0000000000000c1c]
J 932 c1 java.net.URLClassLoader$1.run()Ljava/lang/Object; java.base@23.0.1 (5 bytes) @ 0x00000248c09649b4 [0x00000248c0964920+0x0000000000000094]
J 847 c1 java.security.AccessController.doPrivileged(Ljava/security/PrivilegedExceptionAction;Ljava/security/AccessControlContext;)Ljava/lang/Object; java.base@23.0.1 (26 bytes) @ 0x00000248c0939e14 [0x00000248c0939c20+0x00000000000001f4]
J 930 c1 java.net.URLClassLoader.findClass(Ljava/lang/String;)Ljava/lang/Class; java.base@23.0.1 (47 bytes) @ 0x00000248c0963fb4 [0x00000248c0963e00+0x00000000000001b4]
J 853 c1 org.codehaus.plexus.classworlds.realm.ClassRealm.loadClassFromSelf(Ljava/lang/String;)Ljava/lang/Class; (40 bytes) @ 0x00000248c093cd2c [0x00000248c093c980+0x00000000000003ac]
J 882 c1 org.codehaus.plexus.classworlds.strategy.SelfFirstStrategy.loadClass(Ljava/lang/String;)Ljava/lang/Class; (50 bytes) @ 0x00000248c094789c [0x00000248c09474c0+0x00000000000003dc]
J 573 c1 org.codehaus.plexus.classworlds.realm.ClassRealm.loadClass(Ljava/lang/String;Z)Ljava/lang/Class; (33 bytes) @ 0x00000248c08b9864 [0x00000248c08b96e0+0x0000000000000184]
J 572 c1 org.codehaus.plexus.classworlds.realm.ClassRealm.loadClass(Ljava/lang/String;)Ljava/lang/Class; (7 bytes) @ 0x00000248c08b9424 [0x00000248c08b9320+0x0000000000000104]
v  ~StubRoutines::call_stub 0x00000248c7d40fcd
J 539  java.lang.ClassLoader.defineClass1(Ljava/lang/ClassLoader;Ljava/lang/String;[BIILjava/security/ProtectionDomain;Ljava/lang/String;)Ljava/lang/Class; java.base@23.0.1 (0 bytes) @ 0x00000248c82f80e1 [0x00000248c82f8020+0x00000000000000c1]
J 967 c1 java.lang.ClassLoader.defineClass(Ljava/lang/String;[BIILjava/security/ProtectionDomain;)Ljava/lang/Class; java.base@23.0.1 (43 bytes) @ 0x00000248c096df54 [0x00000248c096dc00+0x0000000000000354]
J 970 c1 java.security.SecureClassLoader.defineClass(Ljava/lang/String;[BIILjava/security/CodeSource;)Ljava/lang/Class; java.base@23.0.1 (16 bytes) @ 0x00000248c096ed9c [0x00000248c096ecc0+0x00000000000000dc]
J 934 c1 java.net.URLClassLoader.defineClass(Ljava/lang/String;Ljdk/internal/loader/Resource;)Ljava/lang/Class; java.base@23.0.1 (224 bytes) @ 0x00000248c0967ec4 [0x00000248c09668a0+0x0000000000001624]
J 933 c1 java.net.URLClassLoader$1.run()Ljava/lang/Class; java.base@23.0.1 (81 bytes) @ 0x00000248c0965a5c [0x00000248c0964e40+0x0000000000000c1c]
J 932 c1 java.net.URLClassLoader$1.run()Ljava/lang/Object; java.base@23.0.1 (5 bytes) @ 0x00000248c09649b4 [0x00000248c0964920+0x0000000000000094]
J 847 c1 java.security.AccessController.doPrivileged(Ljava/security/PrivilegedExceptionAction;Ljava/security/AccessControlContext;)Ljava/lang/Object; java.base@23.0.1 (26 bytes) @ 0x00000248c0939e14 [0x00000248c0939c20+0x00000000000001f4]
J 930 c1 java.net.URLClassLoader.findClass(Ljava/lang/String;)Ljava/lang/Class; java.base@23.0.1 (47 bytes) @ 0x00000248c0963fb4 [0x00000248c0963e00+0x00000000000001b4]
J 853 c1 org.codehaus.plexus.classworlds.realm.ClassRealm.loadClassFromSelf(Ljava/lang/String;)Ljava/lang/Class; (40 bytes) @ 0x00000248c093cd2c [0x00000248c093c980+0x00000000000003ac]
J 882 c1 org.codehaus.plexus.classworlds.strategy.SelfFirstStrategy.loadClass(Ljava/lang/String;)Ljava/lang/Class; (50 bytes) @ 0x00000248c094789c [0x00000248c09474c0+0x00000000000003dc]
J 573 c1 org.codehaus.plexus.classworlds.realm.ClassRealm.loadClass(Ljava/lang/String;Z)Ljava/lang/Class; (33 bytes) @ 0x00000248c08b9864 [0x00000248c08b96e0+0x0000000000000184]
J 572 c1 org.codehaus.plexus.classworlds.realm.ClassRealm.loadClass(Ljava/lang/String;)Ljava/lang/Class; (7 bytes) @ 0x00000248c08b9424 [0x00000248c08b9320+0x0000000000000104]
J 882 c1 org.codehaus.plexus.classworlds.strategy.SelfFirstStrategy.loadClass(Ljava/lang/String;)Ljava/lang/Class; (50 bytes) @ 0x00000248c0947bfc [0x00000248c09474c0+0x000000000000073c]
J 573 c1 org.codehaus.plexus.classworlds.realm.ClassRealm.loadClass(Ljava/lang/String;Z)Ljava/lang/Class; (33 bytes) @ 0x00000248c08b9864 [0x00000248c08b96e0+0x0000000000000184]
J 572 c1 org.codehaus.plexus.classworlds.realm.ClassRealm.loadClass(Ljava/lang/String;)Ljava/lang/Class; (7 bytes) @ 0x00000248c08b9424 [0x00000248c08b9320+0x0000000000000104]
j  org.eclipse.sisu.space.URLClassSpace.loadClass(Ljava/lang/String;)Ljava/lang/Class;+5
j  org.eclipse.sisu.space.QualifiedTypeVisitor.leaveClass()V+26
j  org.eclipse.sisu.plexus.PlexusTypeVisitor.leaveClass()V+79
j  org.eclipse.sisu.space.SpaceScanner$1.visitEnd()V+4
j  org.eclipse.sisu.space.asm.ClassReader.accept(Lorg/eclipse/sisu/space/asm/ClassVisitor;[Lorg/eclipse/sisu/space/asm/Attribute;I)V+1397
j  org.eclipse.sisu.space.asm.ClassReader.accept(Lorg/eclipse/sisu/space/asm/ClassVisitor;I)V+7
j  org.eclipse.sisu.space.SpaceScanner.accept(Lorg/eclipse/sisu/space/ClassVisitor;Ljava/net/URL;Z)V+25
j  org.eclipse.sisu.space.SpaceScanner.accept(Lorg/eclipse/sisu/space/SpaceVisitor;)V+65
j  org.eclipse.sisu.space.SpaceModule.scanForElements(Lcom/google/inject/Binder;)V+29
j  org.eclipse.sisu.space.SpaceModule.configure(Lcom/google/inject/Binder;)V+42
j  org.eclipse.sisu.plexus.PlexusAnnotatedBeanModule.configure(Lcom/google/inject/Binder;)Lorg/eclipse/sisu/plexus/PlexusBeanSource;+13
j  org.eclipse.sisu.plexus.PlexusBindingModule.configure(Lcom/google/inject/Binder;)V+41
j  com.google.inject.spi.Elements$RecordingBinder.install(Lcom/google/inject/Module;)V+209
j  com.google.inject.spi.Elements.getElements(Lcom/google/inject/Stage;Ljava/lang/Iterable;)Ljava/util/List;+40
j  com.google.inject.spi.Elements.getElements(Ljava/lang/Iterable;)Ljava/util/List;+4
j  org.eclipse.sisu.wire.WireModule.configure(Lcom/google/inject/Binder;)V+13
j  com.google.inject.spi.Elements$RecordingBinder.install(Lcom/google/inject/Module;)V+209
j  com.google.inject.spi.Elements.getElements(Lcom/google/inject/Stage;Ljava/lang/Iterable;)Ljava/util/List;+40
j  com.google.inject.internal.InjectorShell$Builder.build(Lcom/google/inject/internal/Initializer;Lcom/google/inject/internal/ProcessedBindingData;Lcom/google/inject/internal/util/ContinuousStopwatch;Lcom/google/inject/internal/Errors;)Ljava/util/List;+163
j  com.google.inject.internal.InternalInjectorCreator.build()Lcom/google/inject/Injector;+48
j  com.google.inject.Guice.createInjector(Lcom/google/inject/Stage;Ljava/lang/Iterable;)Lcom/google/inject/Injector;+15
j  com.google.inject.Guice.createInjector(Ljava/lang/Iterable;)Lcom/google/inject/Injector;+4
j  com.google.inject.Guice.createInjector([Lcom/google/inject/Module;)Lcom/google/inject/Injector;+4
j  org.codehaus.plexus.DefaultPlexusContainer.addPlexusInjector(Ljava/util/List;[Lcom/google/inject/Module;)Lcom/google/inject/Injector;+88
j  org.codehaus.plexus.DefaultPlexusContainer.<init>(Lorg/codehaus/plexus/ContainerConfiguration;[Lcom/google/inject/Module;)V+406
j  org.apache.maven.cli.MavenCli.container(Lorg/apache/maven/cli/CliRequest;)Lorg/codehaus/plexus/PlexusContainer;+279
j  org.apache.maven.cli.MavenCli.doMain(Lorg/apache/maven/cli/CliRequest;)I+34
j  org.apache.maven.cli.MavenCli.main([Ljava/lang/String;Lorg/codehaus/plexus/classworlds/ClassWorld;)I+24
j  java.lang.invoke.DirectMethodHandle$Holder.invokeStatic(Ljava/lang/Object;Ljava/lang/Object;Ljava/lang/Object;)I+11 java.base@23.0.1
j  java.lang.invoke.LambdaForm$MH+0x00000248d8009400.invoke(Ljava/lang/Object;Ljava/lang/Object;Ljava/lang/Object;Ljava/lang/Object;)Ljava/lang/Object;+54 java.base@23.0.1
j  java.lang.invoke.LambdaForm$MH+0x00000248d8009800.invokeExact_MT(Ljava/lang/Object;Ljava/lang/Object;Ljava/lang/Object;Ljava/lang/Object;Ljava/lang/Object;)Ljava/lang/Object;+22 java.base@23.0.1
j  jdk.internal.reflect.DirectMethodHandleAccessor.invokeImpl(Ljava/lang/Object;[Ljava/lang/Object;)Ljava/lang/Object;+72 java.base@23.0.1
j  jdk.internal.reflect.DirectMethodHandleAccessor.invoke(Ljava/lang/Object;[Ljava/lang/Object;)Ljava/lang/Object;+23 java.base@23.0.1
j  java.lang.reflect.Method.invoke(Ljava/lang/Object;[Ljava/lang/Object;)Ljava/lang/Object;+102 java.base@23.0.1
j  org.codehaus.plexus.classworlds.launcher.Launcher.launchEnhanced([Ljava/lang/String;)V+45
j  org.codehaus.plexus.classworlds.launcher.Launcher.launch([Ljava/lang/String;)V+2
j  org.codehaus.plexus.classworlds.launcher.Launcher.mainWithExitCode([Ljava/lang/String;)I+108
j  org.codehaus.plexus.classworlds.launcher.Launcher.main([Ljava/lang/String;)V+1
v  ~StubRoutines::call_stub 0x00000248c7d40fcd
Lock stack of current Java thread (top to bottom):
LockStack[2]: java.lang.Object 
{0x000000072eb659c8} - klass: 'java/lang/Object'
 - ---- fields (total size 2 words):
LockStack[1]: java.lang.Object 
{0x000000072eb61490} - klass: 'java/lang/Object'
 - ---- fields (total size 2 words):
LockStack[0]: java.lang.Object 
{0x000000072eb5df28} - klass: 'java/lang/Object'
 - ---- fields (total size 2 words):


Compiled method (n/a) 75158  539     n 0       java.lang.ClassLoader::defineClass1 (native)
 total in heap  [0x00000248c82f7f08,0x00000248c82f84c0] = 1464
 relocation     [0x00000248c82f7fe0,0x00000248c82f8018] = 56
 main code      [0x00000248c82f8020,0x00000248c82f84bf] = 1183
 stub code      [0x00000248c82f84bf,0x00000248c82f84c0] = 1

[Constant Pool (empty)]

[MachCode]
[Entry Point]
  # {method} {0x00000248d7478b70} 'defineClass1' '(Ljava/lang/ClassLoader;Ljava/lang/String;[BIILjava/security/ProtectionDomain;Ljava/lang/String;)Ljava/lang/Class;' in 'java/lang/ClassLoader'
  # parm0:    rdx:rdx   = 'java/lang/ClassLoader'
  # parm1:    r8:r8     = 'java/lang/String'
  # parm2:    r9:r9     = '[B'
  # parm3:    rdi       = int
  # parm4:    rsi       = int
  # parm5:    rcx:rcx   = 'java/security/ProtectionDomain'
  # parm6:    [sp+0xa0]   = 'java/lang/String'  (sp of caller)
  0x00000248c82f8020: 6690 448b | 5208 443b 

  0x00000248c82f8028: ;   {runtime_call ic_miss_stub}
  0x00000248c82f8028: 5008 0f85 | b064 a9ff 
[Verified Entry Point]
  0x00000248c82f8030: 8984 2400 | 80ff ff55 | 488b ec48 | 81ec 9000 | 0000 6690 | 4181 7f20 | 0100 0000 

  0x00000248c82f804c: ;   {runtime_call StubRoutines (final stubs)}
  0x00000248c82f804c: 7405 e8ed | f6a7 ff48 | 837d 1000 | 488d 4510 | 480f 4445 | 1048 8944 | 2440 4889 | 4c24 7048 
  0x00000248c82f806c: 83f9 0048 | 8d44 2470 | 480f 4444 | 2470 4889 | 4424 3848 | 8974 2430 | 4889 7c24 | 284c 894c 
  0x00000248c82f808c: 2458 4983 | f900 488d | 4424 5848 | 0f44 4424 | 5848 8944 | 2420 4c89 | 4424 5049 | 83f8 004c 
  0x00000248c82f80ac: 8d4c 2450 | 4c0f 444c | 2450 4889 | 5424 4848 | 83fa 004c | 8d44 2448 | 4c0f 4444 

  0x00000248c82f80c8: ;   {oop(a 'java/lang/Class'{0x000000072d878998} = 'java/lang/ClassLoader')}
  0x00000248c82f80c8: 2448 49be | 9889 872d | 0700 0000 | 4c89 7424 | 784c 8d74 | 2478 498b | d6c5 f877 

  0x00000248c82f80e4: ;   {internal_word}
  0x00000248c82f80e4: 49ba e180 | 2fc8 4802 | 0000 4d89 | 97a8 0300 | 0049 89a7 | a003 0000 

  0x00000248c82f80fc: ;   {external_word}
  0x00000248c82f80fc: 49ba 41ad | 86fe fc7f | 0000 4180 | 3a00 0f84 | 4e00 0000 | 5241 5041 

  0x00000248c82f8114: ;   {metadata({method} {0x00000248d7478b70} 'defineClass1' '(Ljava/lang/ClassLoader;Ljava/lang/String;[BIILjava/security/ProtectionDomain;Ljava/lang/String;)Ljava/lang/Class;' in 'java/lang/ClassLoader')}
  0x00000248c82f8114: 5148 ba68 | 8b47 d748 | 0200 0049 | 8bcf 4883 | ec20 40f6 | c40f 0f84 | 1900 0000 | 4883 ec08 
  0x00000248c82f8134: ;   {runtime_call}
  0x00000248c82f8134: 48b8 10ee | 36fe fc7f | 0000 ffd0 | 4883 c408 | e90c 0000 

  0x00000248c82f8148: ;   {runtime_call}
  0x00000248c82f8148: 0048 b810 | ee36 fefc | 7f00 00ff | d048 83c4 | 2041 5941 | 585a 498d | 8fc0 0300 | 0041 c787 
  0x00000248c82f8168: 4404 0000 | 0400 0000 

  0x00000248c82f8170: ;   {runtime_call}
  0x00000248c82f8170: 48b8 9416 | d859 fd7f | 0000 ffd0 | c5f8 7741 | c787 4404 | 0000 0500 | 0000 f083 | 4424 c000 
  0x00000248c82f8190: 493b af48 | 0400 000f | 870e 0000 | 0041 83bf | 4004 0000 | 000f 842b | 0000 00c5 | f877 4889 
  0x00000248c82f81b0: 45f8 498b | cf4c 8be4 | 4883 ec20 | 4883 e4f0 

  0x00000248c82f81c0: ;   {runtime_call}
  0x00000248c82f81c0: 48b8 90a9 | 00fe fc7f | 0000 ffd0 | 498b e44d | 33e4 488b | 45f8 41c7 | 8744 0400 | 0008 0000 
  0x00000248c82f81e0: 0041 83bf | c804 0000 | 020f 84a3 

  0x00000248c82f81ec: ;   {external_word}
  0x00000248c82f81ec: 0200 0049 | ba41 ad86 | fefc 7f00 | 0041 803a | 000f 844c | 0000 0048 

  0x00000248c82f8204: ;   {metadata({method} {0x00000248d7478b70} 'defineClass1' '(Ljava/lang/ClassLoader;Ljava/lang/String;[BIILjava/security/ProtectionDomain;Ljava/lang/String;)Ljava/lang/Class;' in 'java/lang/ClassLoader')}
  0x00000248c82f8204: 8945 f848 | ba68 8b47 | d748 0200 | 0049 8bcf | 4883 ec20 | 40f6 c40f | 0f84 1900 | 0000 4883 
  0x00000248c82f8224: ;   {runtime_call}
  0x00000248c82f8224: ec08 48b8 | 10ee 36fe | fc7f 0000 | ffd0 4883 | c408 e90c 

  0x00000248c82f8238: ;   {runtime_call}
  0x00000248c82f8238: 0000 0048 | b810 ee36 | fefc 7f00 | 00ff d048 | 83c4 2048 | 8b45 f849 | c787 a003 | 0000 0000 
  0x00000248c82f8258: 0000 49c7 | 87a8 0300 | 0000 0000 | 00c5 f877 | 4885 c00f | 84fe 0100 | 00a8 030f | 8508 0000 
  0x00000248c82f8278: 0048 8b00 | e9ee 0100 | 00a8 010f | 8509 0000 | 0048 8b40 | fee9 dd01 | 0000 488b | 40ff 4180 
  0x00000248c82f8298: 7f38 000f | 84ce 0100 | 0048 83f8 | 000f 84c4 | 0100 0049 | 8b4f 2848 | 83f9 000f | 8414 0000 
  0x00000248c82f82b8: 0048 83e9 | 0849 894f | 2849 034f | 3048 8901 | e9a2 0100 | 0048 81ec | d000 0000 | 4889 0424 
  0x00000248c82f82d8: 4889 4c24 | 0848 8954 | 2410 4889 | 7424 1848 | 897c 2420 | 4c89 4424 | 284c 894c | 2430 4c89 
  0x00000248c82f82f8: 5424 384c | 895c 2440 | c5fb 1144 | 2450 c5fb | 114c 2458 | c5fb 1154 | 2460 c5fb | 115c 2468 
  0x00000248c82f8318: c5fb 1164 | 2470 c5fb | 116c 2478 | c5fb 11b4 | 2480 0000 | 00c5 fb11 | bc24 8800 | 0000 c57b 
  0x00000248c82f8338: ;   {no_reloc}
  0x00000248c82f8338: 1184 2490 | 0000 00c5 | 7b11 8c24 | 9800 0000 | c57b 1194 | 24a0 0000 | 00c5 7b11 | 9c24 a800 
  0x00000248c82f8358: 0000 c57b | 11a4 24b0 | 0000 00c5 | 7b11 ac24 | b800 0000 | c57b 11b4 | 24c0 0000 | 00c5 7b11 
  0x00000248c82f8378: bc24 c800 | 0000 498b | d748 8bc8 | 4883 ec20 | 40f6 c40f | 0f84 1900 | 0000 4883 

  0x00000248c82f8394: ;   {runtime_call}
  0x00000248c82f8394: ec08 48b8 | e007 f4fd | fc7f 0000 | ffd0 4883 | c408 e90c 

  0x00000248c82f83a8: ;   {runtime_call}
  0x00000248c82f83a8: 0000 0048 | b8e0 07f4 | fdfc 7f00 | 00ff d048 | 83c4 20c5 | 7b10 bc24 | c800 0000 | c57b 10b4 
  0x00000248c82f83c8: 24c0 0000 | 00c5 7b10 | ac24 b800 | 0000 c57b | 10a4 24b0 | 0000 00c5 | 7b10 9c24 | a800 0000 
  0x00000248c82f83e8: c57b 1094 | 24a0 0000 | 00c5 7b10 | 8c24 9800 | 0000 c57b | 1084 2490 | 0000 00c5 | fb10 bc24 
  0x00000248c82f8408: 8800 0000 | c5fb 10b4 | 2480 0000 | 00c5 fb10 | 6c24 78c5 | fb10 6424 | 70c5 fb10 | 5c24 68c5 
  0x00000248c82f8428: fb10 5424 | 60c5 fb10 | 4c24 58c5 | fb10 4424 | 504c 8b5c | 2440 4c8b | 5424 384c | 8b4c 2430 
  0x00000248c82f8448: 4c8b 4424 | 2848 8b7c | 2420 488b | 7424 1848 | 8b54 2410 | 488b 4c24 | 0848 8b04 | 2448 81c4 
  0x00000248c82f8468: d000 0000 | c5f8 7749 | 8b8f 3004 | 0000 c781 | 0001 0000 | 0000 0000 | c949 837f | 0800 0f85 
  0x00000248c82f8488: 0100 0000 

  0x00000248c82f848c: ;   {runtime_call StubRoutines (initial stubs)}
  0x00000248c82f848c: c3e9 2e8a | a4ff c5f8 | 7748 8945 | f84c 8be4 | 4883 ec20 | 4883 e4f0 

  0x00000248c82f84a4: ;   {runtime_call}
  0x00000248c82f84a4: 48b8 c022 | 37fe fc7f | 0000 ffd0 | 498b e44d | 33e4 488b | 45f8 e930 | fdff fff4 
[/MachCode]


Compiled method (c1) 75206  967       3       java.lang.ClassLoader::defineClass (43 bytes)
 total in heap  [0x00000248c096da88,0x00000248c096e150] = 1736
 relocation     [0x00000248c096db60,0x00000248c096dc00] = 160
 main code      [0x00000248c096dc00,0x00000248c096e098] = 1176
 stub code      [0x00000248c096e098,0x00000248c096e110] = 120
 metadata       [0x00000248c096e110,0x00000248c096e150] = 64
 immutable data [0x000002491c97c1b0,0x000002491c97c3c0] = 528
 dependencies   [0x000002491c97c1b0,0x000002491c97c1c8] = 24
 nul chk table  [0x000002491c97c1c8,0x000002491c97c1f0] = 40
 scopes pcs     [0x000002491c97c1f0,0x000002491c97c2d0] = 224
 scopes data    [0x000002491c97c2d0,0x000002491c97c3c0] = 240

[Constant Pool (empty)]

[MachCode]
[Instructions begin]
  0x00000248c096dc00: 660f 1f84 | 0000 0000 | 0066 0f1f | 8400 0000 | 0000 448b | 5208 443b 

  0x00000248c096dc18: ;   {runtime_call ic_miss_stub}
  0x00000248c096dc18: 5008 0f85 | c008 4207 
[Verified Entry Point]
  0x00000248c096dc20: 8984 2400 | 80ff ff55 | 4881 ecb0 | 0000 0090 | 4181 7f20 | 0100 0000 

  0x00000248c096dc38: ;   {runtime_call StubRoutines (final stubs)}
  0x00000248c096dc38: 7405 e801 | 9b40 0748 | 8954 2478 

  0x00000248c096dc44: ;   {metadata(method data for {method} {0x00000248d7478ef0} 'defineClass' '(Ljava/lang/String;[BIILjava/security/ProtectionDomain;)Ljava/lang/Class;' in 'java/lang/ClassLoader')}
  0x00000248c096dc44: 48bb 28dc | 1b18 4902 | 0000 8b83 | cc00 0000 | 83c0 0289 | 83cc 0000 | 0025 fe07 | 0000 85c0 
  0x00000248c096dc64: 0f84 5003 | 0000 89b4 | 2494 0000 | 0089 bc24 | 9000 0000 | 4c89 8c24 | 8800 0000 

  0x00000248c096dc80: ;   {metadata(method data for {method} {0x00000248d7478ef0} 'defineClass' '(Ljava/lang/String;[BIILjava/security/ProtectionDomain;)Ljava/lang/Class;' in 'java/lang/ClassLoader')}
  0x00000248c096dc80: 488b da48 | b828 dc1b | 1849 0200 | 0048 8380 | 1801 0000 | 0149 8bd8 | 4c8b c34c | 8bc9 488b 
  0x00000248c096dca0: ca48 8bd1 | 4889 9c24 | 8000 0000 

  0x00000248c096dcac: ;   {optimized virtual_call}
  0x00000248c096dcac: 6666 90e8 

  0x00000248c096dcb0: ; ImmutableOopMap {[120]=Oop [128]=Oop [136]=Oop }
                      ;*invokevirtual preDefineClass {reexecute=0 rethrow=0 return_oop=0}
                      ; - java.lang.ClassLoader::defineClass@4 (line 1024)
  0x00000248c096dcb0: ece2 fbff 

  0x00000248c096dcb4: ;   {other}
  0x00000248c096dcb4: 0f1f 8400 | 2c02 0000 | 4889 8424 | 9800 0000 | 488b 5424 

  0x00000248c096dcc8: ;   {metadata(method data for {method} {0x00000248d7478ef0} 'defineClass' '(Ljava/lang/String;[BIILjava/security/ProtectionDomain;)Ljava/lang/Class;' in 'java/lang/ClassLoader')}
  0x00000248c096dcc8: 7849 b828 | dc1b 1849 | 0200 0049 | 8380 4801 

  0x00000248c096dcd8: ;   {metadata(method data for {method} {0x00000248d7478bd8} 'defineClassSourceLocation' '(Ljava/security/ProtectionDomain;)Ljava/lang/String;' in 'java/lang/ClassLoader')}
  0x00000248c096dcd8: 0000 0149 | b888 fb18 | 1849 0200 | 0041 8b90 | cc00 0000 | 83c2 0241 | 8990 cc00 | 0000 81e2 
  0x00000248c096dcf8: feff 1f00 | 85d2 0f84 | d702 0000 

  0x00000248c096dd04: ; implicit exception: dispatches to 0x00000248c096dffc
  0x00000248c096dd04: 483b 004c 

  0x00000248c096dd08: ;   {metadata(method data for {method} {0x00000248d7478bd8} 'defineClassSourceLocation' '(Ljava/security/ProtectionDomain;)Ljava/lang/String;' in 'java/lang/ClassLoader')}
  0x00000248c096dd08: 8bc0 48ba | 88fb 1818 | 4902 0000 | 4883 8218 | 0100 0001 | 448b 4010 | 49c1 e003 

  0x00000248c096dd24: ;   {metadata(method data for {method} {0x00000248d7478bd8} 'defineClassSourceLocation' '(Ljava/security/ProtectionDomain;)Ljava/lang/String;' in 'java/lang/ClassLoader')}
  0x00000248c096dd24: 4d85 c048 | ba88 fb18 | 1849 0200 | 00be 5801 | 0000 7505 | be48 0100 | 0048 8b3c | 3248 8d7f 
  0x00000248c096dd44: 0148 893c | 320f 850f 

  0x00000248c096dd4c: ;   {oop(nullptr)}
  0x00000248c096dd4c: 0000 0048 | bb00 0000 | 0000 0000 | 00e9 a101 | 0000 493b | 0049 8bd0 

  0x00000248c096dd64: ;   {metadata(method data for {method} {0x00000248d7478bd8} 'defineClassSourceLocation' '(Ljava/security/ProtectionDomain;)Ljava/lang/String;' in 'java/lang/ClassLoader')}
  0x00000248c096dd64: 48be 88fb | 1818 4902 | 0000 4883 | 8668 0100 | 0001 418b | 500c 48c1 | e203 4885 

  0x00000248c096dd80: ;   {metadata(method data for {method} {0x00000248d7478bd8} 'defineClassSourceLocation' '(Ljava/security/ProtectionDomain;)Ljava/lang/String;' in 'java/lang/ClassLoader')}
  0x00000248c096dd80: d248 be88 | fb18 1849 | 0200 00bf | a801 0000 | 7505 bf98 | 0100 0048 | 8b1c 3e48 | 8d5b 0148 
  0x00000248c096dda0: 891c 3e0f | 850f 0000 

  0x00000248c096dda8: ;   {oop(nullptr)}
  0x00000248c096dda8: 0048 bb00 | 0000 0000 | 0000 00e9 | 4701 0000 

  0x00000248c096ddb8: ;   {metadata(method data for {method} {0x00000248d7478bd8} 'defineClassSourceLocation' '(Ljava/security/ProtectionDomain;)Ljava/lang/String;' in 'java/lang/ClassLoader')}
  0x00000248c096ddb8: 48be 88fb | 1818 4902 | 0000 4883 | 86b8 0100 | 0001 483b | 024c 8bc2 

  0x00000248c096ddd0: ;   {metadata(method data for {method} {0x00000248d7478bd8} 'defineClassSourceLocation' '(Ljava/security/ProtectionDomain;)Ljava/lang/String;' in 'java/lang/ClassLoader')}
  0x00000248c096ddd0: 48be 88fb | 1818 4902 | 0000 4883 | 86e8 0100 

  0x00000248c096dde0: ;   {metadata(method data for {method} {0x00000248d717d7f8} 'toString' '()Ljava/lang/String;' in 'java/net/URL')}
  0x00000248c096dde0: 0001 49b8 | 8813 1718 | 4902 0000 | 418b b0cc | 0000 0083 | c602 4189 | b0cc 0000 | 0081 e6fe 
  0x00000248c096de00: ff1f 0085 | f60f 8400 | 0200 004c 

  0x00000248c096de0c: ;   {metadata(method data for {method} {0x00000248d717d7f8} 'toString' '()Ljava/lang/String;' in 'java/net/URL')}
  0x00000248c096de0c: 8bc2 48be | 8813 1718 | 4902 0000 | 4883 8618 | 0100 0001 

  0x00000248c096de20: ;   {metadata(method data for {method} {0x00000248d74719c0} 'toExternalForm' '()Ljava/lang/String;' in 'java/net/URL')}
  0x00000248c096de20: 49b8 40a6 | 1218 4902 | 0000 418b | b0cc 0000 | 0083 c602 | 4189 b0cc | 0000 0081 | e6fe ff1f 
  0x00000248c096de40: 0085 f60f | 84e3 0100 | 008b 7238 | 48c1 e603 

  0x00000248c096de50: ; implicit exception: dispatches to 0x00000248c096e04d
  0x00000248c096de50: 483b 064c 

  0x00000248c096de54: ;   {metadata(method data for {method} {0x00000248d74719c0} 'toExternalForm' '()Ljava/lang/String;' in 'java/net/URL')}
  0x00000248c096de54: 8bc6 48bf | 40a6 1218 | 4902 0000 | 458b 4008 | 49ba 0000 | 00d7 4802 | 0000 4d03 | c24c 3b87 
  0x00000248c096de74: 2001 0000 | 750d 4883 | 8728 0100 | 0001 e960 | 0000 004c | 3b87 3001 | 0000 750d | 4883 8738 
  0x00000248c096de94: 0100 0001 | e94a 0000 | 0048 83bf | 2001 0000 | 0075 174c | 8987 2001 | 0000 48c7 | 8728 0100 
  0x00000248c096deb4: 0001 0000 | 00e9 2900 | 0000 4883 | bf30 0100 | 0000 7517 | 4c89 8730 | 0100 0048 | c787 3801 
  0x00000248c096ded4: 0000 0100 | 0000 e908 | 0000 0048 | 8387 1801 | 0000 014c | 8bc2 488b 

  0x00000248c096deec: ;   {optimized virtual_call}
  0x00000248c096deec: d666 90e8 

  0x00000248c096def0: ; ImmutableOopMap {[120]=Oop [128]=Oop [136]=Oop [152]=Oop }
                      ;*invokevirtual toExternalForm {reexecute=0 rethrow=0 return_oop=0}
                      ; - java.net.URL::toExternalForm@5 (line 1203)
                      ; - java.net.URL::toString@1 (line 1189)
                      ; - java.lang.ClassLoader::defineClassSourceLocation@22 (line 928)
                      ; - java.lang.ClassLoader::defineClass@12 (line 1025)
  0x00000248c096def0: acd2 f4ff 

  0x00000248c096def4: ;   {other}
  0x00000248c096def4: 0f1f 8400 | 6c04 0001 | 488b d848 | 8b84 2498 | 0000 008b | b424 9400 | 0000 8bbc | 2490 0000 
  0x00000248c096df14: 004c 8b8c | 2488 0000 | 004c 8b84 | 2480 0000 | 0048 8b54 

  0x00000248c096df28: ;   {metadata(method data for {method} {0x00000248d7478ef0} 'defineClass' '(Ljava/lang/String;[BIILjava/security/ProtectionDomain;)Ljava/lang/Class;' in 'java/lang/ClassLoader')}
  0x00000248c096df28: 2478 48b9 | 28dc 1b18 | 4902 0000 | 4883 8178 | 0100 0001 | 4c8b da49 | 8bd3 488b | c848 891c 
  0x00000248c096df48: 2466 0f1f 

  0x00000248c096df4c: ;   {static_call}
  0x00000248c096df4c: 4400 00e8 

  0x00000248c096df50: ; ImmutableOopMap {[120]=Oop [152]=Oop }
                      ;*invokestatic defineClass1 {reexecute=0 rethrow=0 return_oop=0}
                      ; - java.lang.ClassLoader::defineClass@27 (line 1026)
  0x00000248c096df50: dca0 9807 

  0x00000248c096df54: ;   {other}
  0x00000248c096df54: 0f1f 8400 | cc04 0002 | 488b 5424 

  0x00000248c096df60: ;   {metadata(method data for {method} {0x00000248d7478ef0} 'defineClass' '(Ljava/lang/String;[BIILjava/security/ProtectionDomain;)Ljava/lang/Class;' in 'java/lang/ClassLoader')}
  0x00000248c096df60: 7849 b828 | dc1b 1849 | 0200 0049 | 8380 8801 | 0000 014c | 8bc0 4c8b | 8c24 9800 | 0000 488b 
  0x00000248c096df80: 5424 7848 | 8984 24a0 | 0000 000f 

  0x00000248c096df8c: ;   {optimized virtual_call}
  0x00000248c096df8c: 1f40 00e8 

  0x00000248c096df90: ; ImmutableOopMap {[160]=Oop }
                      ;*invokevirtual postDefineClass {reexecute=0 rethrow=0 return_oop=0}
                      ; - java.lang.ClassLoader::defineClass@37 (line 1027)
  0x00000248c096df90: 8c0d fcff 

  0x00000248c096df94: ;   {other}
  0x00000248c096df94: 0f1f 8400 | 0c05 0003 | 488b 8424 | a000 0000 | 4881 c4b0 | 0000 005d 

  0x00000248c096dfac: ;   {poll_return}
  0x00000248c096dfac: 493b a748 | 0400 000f | 8799 0000 

  0x00000248c096dfb8: ;   {metadata({method} {0x00000248d7478ef0} 'defineClass' '(Ljava/lang/String;[BIILjava/security/ProtectionDomain;)Ljava/lang/Class;' in 'java/lang/ClassLoader')}
  0x00000248c096dfb8: 00c3 49ba | e88e 47d7 | 4802 0000 | 4c89 5424 | 0848 c704 | 24ff ffff 

  0x00000248c096dfd0: ;   {runtime_call counter_overflow Runtime1 stub}
  0x00000248c096dfd0: ffe8 8a73 

  0x00000248c096dfd4: ; ImmutableOopMap {rdx=Oop r8=Oop r9=Oop rcx=Oop [120]=Oop }
                      ;*synchronization entry
                      ; - java.lang.ClassLoader::defineClass@-1 (line 1024)
  0x00000248c096dfd4: 4e07 e98f 

  0x00000248c096dfd8: ;   {metadata({method} {0x00000248d7478bd8} 'defineClassSourceLocation' '(Ljava/security/ProtectionDomain;)Ljava/lang/String;' in 'java/lang/ClassLoader')}
  0x00000248c096dfd8: fcff ff49 | bad0 8b47 | d748 0200 | 004c 8954 | 2408 48c7 | 0424 ffff 

  0x00000248c096dff0: ;   {runtime_call counter_overflow Runtime1 stub}
  0x00000248c096dff0: ffff e869 

  0x00000248c096dff4: ; ImmutableOopMap {rax=Oop [120]=Oop [128]=Oop [136]=Oop [152]=Oop }
                      ;*synchronization entry
                      ; - java.lang.ClassLoader::defineClassSourceLocation@-1 (line 925)
                      ; - java.lang.ClassLoader::defineClass@12 (line 1025)
  0x00000248c096dff4: 734e 07e9 | 08fd ffff 

  0x00000248c096dffc: ;   {runtime_call throw_null_pointer_exception Runtime1 stub}
  0x00000248c096dffc: e85f 224e 

  0x00000248c096e000: ; ImmutableOopMap {rax=Oop [120]=Oop [128]=Oop [136]=Oop [152]=Oop }
                      ;*invokevirtual getCodeSource {reexecute=0 rethrow=0 return_oop=0}
                      ; - java.lang.ClassLoader::defineClassSourceLocation@1 (line 925)
                      ; - java.lang.ClassLoader::defineClass@12 (line 1025)
                      ;   {runtime_call throw_null_pointer_exception Runtime1 stub}
  0x00000248c096e000: 07e8 5a22 

  0x00000248c096e004: ; ImmutableOopMap {rax=Oop r8=Oop [120]=Oop [128]=Oop [136]=Oop [152]=Oop }
                      ;*invokevirtual getLocation {reexecute=0 rethrow=0 return_oop=0}
                      ; - java.lang.ClassLoader::defineClassSourceLocation@12 (line 927)
                      ; - java.lang.ClassLoader::defineClass@12 (line 1025)
                      ;   {runtime_call throw_null_pointer_exception Runtime1 stub}
  0x00000248c096e004: 4e07 e855 

  0x00000248c096e008: ; ImmutableOopMap {rdx=Oop [120]=Oop [128]=Oop [136]=Oop [152]=Oop }
                      ;*invokevirtual toString {reexecute=0 rethrow=0 return_oop=0}
                      ; - java.lang.ClassLoader::defineClassSourceLocation@22 (line 928)
                      ; - java.lang.ClassLoader::defineClass@12 (line 1025)
                      ;   {metadata({method} {0x00000248d717d7f8} 'toString' '()Ljava/lang/String;' in 'java/net/URL')}
  0x00000248c096e008: 224e 0749 | baf0 d717 | d748 0200 | 004c 8954 | 2408 48c7 | 0424 ffff 

  0x00000248c096e020: ;   {runtime_call counter_overflow Runtime1 stub}
  0x00000248c096e020: ffff e839 

  0x00000248c096e024: ; ImmutableOopMap {rdx=Oop [120]=Oop [128]=Oop [136]=Oop [152]=Oop }
                      ;*synchronization entry
                      ; - java.net.URL::toString@-1 (line 1189)
                      ; - java.lang.ClassLoader::defineClassSourceLocation@22 (line 928)
                      ; - java.lang.ClassLoader::defineClass@12 (line 1025)
  0x00000248c096e024: 734e 07e9 | dffd ffff 

  0x00000248c096e02c: ;   {metadata({method} {0x00000248d74719c0} 'toExternalForm' '()Ljava/lang/String;' in 'java/net/URL')}
  0x00000248c096e02c: 49ba b819 | 47d7 4802 | 0000 4c89 | 5424 0848 | c704 24ff 

  0x00000248c096e040: ;   {runtime_call counter_overflow Runtime1 stub}
  0x00000248c096e040: ffff ffe8 

  0x00000248c096e044: ; ImmutableOopMap {rdx=Oop [120]=Oop [128]=Oop [136]=Oop [152]=Oop }
                      ;*synchronization entry
                      ; - java.net.URL::toExternalForm@-1 (line 1203)
                      ; - java.net.URL::toString@1 (line 1189)
                      ; - java.lang.ClassLoader::defineClassSourceLocation@22 (line 928)
                      ; - java.lang.ClassLoader::defineClass@12 (line 1025)
  0x00000248c096e044: 1873 4e07 | e9fc fdff 

  0x00000248c096e04c: ;   {runtime_call throw_null_pointer_exception Runtime1 stub}
  0x00000248c096e04c: ffe8 0e22 

  0x00000248c096e050: ; ImmutableOopMap {rdx=Oop rsi=Oop [120]=Oop [128]=Oop [136]=Oop [152]=Oop }
                      ;*invokevirtual toExternalForm {reexecute=0 rethrow=0 return_oop=0}
                      ; - java.net.URL::toExternalForm@5 (line 1203)
                      ; - java.net.URL::toString@1 (line 1189)
                      ; - java.lang.ClassLoader::defineClassSourceLocation@22 (line 928)
                      ; - java.lang.ClassLoader::defineClass@12 (line 1025)
                      ;   {internal_word}
  0x00000248c096e050: 4e07 49ba | acdf 96c0 | 4802 0000 | 4d89 9760 

  0x00000248c096e060: ;   {runtime_call SafepointBlob}
  0x00000248c096e060: 0400 00e9 | 7873 4207 | 498b 8700 | 0500 0049 | c787 0005 | 0000 0000 | 0000 49c7 | 8708 0500 
  0x00000248c096e080: 0000 0000 | 0048 81c4 | b000 0000 

  0x00000248c096e08c: ;   {runtime_call unwind_exception Runtime1 stub}
  0x00000248c096e08c: 5de9 ce12 | 4e07 f4f4 | f4f4 f4f4 
[Stub Code]
  0x00000248c096e098: ;   {no_reloc}
  0x00000248c096e098: 0f1f 4400 

  0x00000248c096e09c: ;   {static_stub}
  0x00000248c096e09c: 0048 bb00 | 0000 0000 

  0x00000248c096e0a4: ;   {runtime_call nmethod}
  0x00000248c096e0a4: 0000 00e9 | fbff ffff 

  0x00000248c096e0ac: ;   {static_stub}
  0x00000248c096e0ac: 48bb 0000 | 0000 0000 

  0x00000248c096e0b4: ;   {runtime_call nmethod}
  0x00000248c096e0b4: 0000 e9fb 

  0x00000248c096e0b8: ;   {static_stub}
  0x00000248c096e0b8: ffff ff48 | bb00 0000 | 0000 0000 

  0x00000248c096e0c4: ;   {runtime_call nmethod}
  0x00000248c096e0c4: 00e9 fbff 

  0x00000248c096e0c8: ;   {static_stub}
  0x00000248c096e0c8: ffff 48bb | 0000 0000 | 0000 0000 

  0x00000248c096e0d4: ;   {runtime_call nmethod}
  0x00000248c096e0d4: e9fb ffff 

  0x00000248c096e0d8: ;   {runtime_call handle_exception_from_callee Runtime1 stub}
  0x00000248c096e0d8: ffe8 823f 

  0x00000248c096e0dc: ;   {external_word}
  0x00000248c096e0dc: 4e07 48b9 | 40d5 5efe | fc7f 0000 | 4883 e4f0 

  0x00000248c096e0ec: ;   {runtime_call}
  0x00000248c096e0ec: 48b8 704a | 25fe fc7f | 0000 ffd0 

  0x00000248c096e0f8: ;   {section_word}
  0x00000248c096e0f8: f449 baf9 | e096 c048 | 0200 0041 

  0x00000248c096e104: ;   {runtime_call DeoptimizationBlob}
  0x00000248c096e104: 52e9 7665 | 4207 f4f4 | f4f4 f4f4 
[/MachCode]


Compiled method (c1) 75228  970       3       java.security.SecureClassLoader::defineClass (16 bytes)
 total in heap  [0x00000248c096eb88,0x00000248c096ee70] = 744
 relocation     [0x00000248c096ec60,0x00000248c096ecb0] = 80
 main code      [0x00000248c096ecc0,0x00000248c096ee18] = 344
 stub code      [0x00000248c096ee18,0x00000248c096ee68] = 80
 metadata       [0x00000248c096ee68,0x00000248c096ee70] = 8
 immutable data [0x000002491c2ac610,0x000002491c2ac6b0] = 160
 dependencies   [0x000002491c2ac610,0x000002491c2ac618] = 8
 scopes pcs     [0x000002491c2ac618,0x000002491c2ac668] = 80
 scopes data    [0x000002491c2ac668,0x000002491c2ac6b0] = 72

[Constant Pool (empty)]

[MachCode]
[Instructions begin]
  0x00000248c096ecc0: 660f 1f84 | 0000 0000 | 0066 0f1f | 8400 0000 | 0000 448b | 5208 443b 

  0x00000248c096ecd8: ;   {runtime_call ic_miss_stub}
  0x00000248c096ecd8: 5008 0f85 | 00f8 4107 
[Verified Entry Point]
  0x00000248c096ece0: 8984 2400 | 80ff ff55 | 4883 ec70 | 4181 7f20 | 0100 0000 

  0x00000248c096ecf4: ;   {runtime_call StubRoutines (final stubs)}
  0x00000248c096ecf4: 7405 e845 

  0x00000248c096ecf8: ;   {metadata(method data for {method} {0x00000248d71a0e20} 'defineClass' '(Ljava/lang/String;[BIILjava/security/CodeSource;)Ljava/lang/Class;' in 'java/security/SecureClassLoader')}
  0x00000248c096ecf8: 8a40 0748 | bb18 3d19 | 1849 0200 | 008b 83cc | 0000 0083 | c002 8983 | cc00 0000 | 25fe 0700 
  0x00000248c096ed18: 0085 c00f | 8496 0000 | 0089 7424 | 5c89 7c24 | 584c 894c | 2450 4c89 | 4424 4848 

  0x00000248c096ed34: ;   {metadata(method data for {method} {0x00000248d71a0e20} 'defineClass' '(Ljava/lang/String;[BIILjava/security/CodeSource;)Ljava/lang/Class;' in 'java/security/SecureClassLoader')}
  0x00000248c096ed34: 8bda 48b8 | 183d 1918 | 4902 0000 | 4883 8018 | 0100 0001 | 4c8b c148 | 8bc2 488b | d048 8944 
  0x00000248c096ed54: ;   {optimized virtual_call}
  0x00000248c096ed54: 2440 90e8 

  0x00000248c096ed58: ; ImmutableOopMap {[64]=Oop [72]=Oop [80]=Oop }
                      ;*invokevirtual getProtectionDomain {reexecute=0 rethrow=0 return_oop=0}
                      ; - java.security.SecureClassLoader::defineClass@9 (line 150)
  0x00000248c096ed58: 44c8 fbff 

  0x00000248c096ed5c: ;   {other}
  0x00000248c096ed5c: 0f1f 8400 | d401 0000 | 488b 5424 

  0x00000248c096ed68: ;   {metadata(method data for {method} {0x00000248d71a0e20} 'defineClass' '(Ljava/lang/String;[BIILjava/security/CodeSource;)Ljava/lang/Class;' in 'java/security/SecureClassLoader')}
  0x00000248c096ed68: 4049 b818 | 3d19 1849 | 0200 0049 | 8380 4801 | 0000 014c | 8b44 2448 | 4c8b 4c24 | 508b 7c24 
  0x00000248c096ed88: 588b 7424 | 5c48 8bc8 | 488b 5424 

  0x00000248c096ed94: ;   {optimized virtual_call}
  0x00000248c096ed94: 4066 90e8 

  0x00000248c096ed98: ; ImmutableOopMap {}
                      ;*invokevirtual defineClass {reexecute=0 rethrow=0 return_oop=0}
                      ; - java.security.SecureClassLoader::defineClass@12 (line 150)
  0x00000248c096ed98: 84ee ffff 

  0x00000248c096ed9c: ;   {other}
  0x00000248c096ed9c: 0f1f 8400 | 1402 0001 | 4883 c470 

  0x00000248c096eda8: ;   {poll_return}
  0x00000248c096eda8: 5d49 3ba7 | 4804 0000 | 0f87 2200 

  0x00000248c096edb4: ;   {metadata({method} {0x00000248d71a0e20} 'defineClass' '(Ljava/lang/String;[BIILjava/security/CodeSource;)Ljava/lang/Class;' in 'java/security/SecureClassLoader')}
  0x00000248c096edb4: 0000 c349 | ba18 0e1a | d748 0200 | 004c 8954 | 2408 48c7 | 0424 ffff 

  0x00000248c096edcc: ;   {runtime_call counter_overflow Runtime1 stub}
  0x00000248c096edcc: ffff e88d 

  0x00000248c096edd0: ; ImmutableOopMap {rdx=Oop r8=Oop r9=Oop rcx=Oop }
                      ;*synchronization entry
                      ; - java.security.SecureClassLoader::defineClass@-1 (line 150)
  0x00000248c096edd0: 654e 07e9 | 49ff ffff 

  0x00000248c096edd8: ;   {internal_word}
  0x00000248c096edd8: 49ba a9ed | 96c0 4802 | 0000 4d89 | 9760 0400 

  0x00000248c096ede8: ;   {runtime_call SafepointBlob}
  0x00000248c096ede8: 00e9 f265 | 4207 498b | 8700 0500 | 0049 c787 | 0005 0000 | 0000 0000 | 49c7 8708 | 0500 0000 
  0x00000248c096ee08: 0000 0048 | 83c4 705d 

  0x00000248c096ee10: ;   {runtime_call unwind_exception Runtime1 stub}
  0x00000248c096ee10: e94b 054e | 07f4 f4f4 
[Stub Code]
  0x00000248c096ee18: ;   {no_reloc}
  0x00000248c096ee18: 48bb 0000 | 0000 0000 

  0x00000248c096ee20: ;   {runtime_call nmethod}
  0x00000248c096ee20: 0000 e9fb 

  0x00000248c096ee24: ;   {static_stub}
  0x00000248c096ee24: ffff ff48 | bb00 0000 | 0000 0000 

  0x00000248c096ee30: ;   {runtime_call nmethod}
  0x00000248c096ee30: 00e9 fbff 

  0x00000248c096ee34: ;   {runtime_call handle_exception_from_callee Runtime1 stub}
  0x00000248c096ee34: ffff e825 

  0x00000248c096ee38: ;   {external_word}
  0x00000248c096ee38: 324e 0748 | b940 d55e | fefc 7f00 | 0048 83e4 

  0x00000248c096ee48: ;   {runtime_call}
  0x00000248c096ee48: f048 b870 | 4a25 fefc | 7f00 00ff 

  0x00000248c096ee54: ;   {section_word}
  0x00000248c096ee54: d0f4 49ba | 56ee 96c0 | 4802 0000 

  0x00000248c096ee60: ;   {runtime_call DeoptimizationBlob}
  0x00000248c096ee60: 4152 e919 | 5842 07f4 
[/MachCode]


---------------  P R O C E S S  ---------------

Threads class SMR info:
_java_thread_list=0x000002491c212460, length=11, elements={
0x00000248b80d9630, 0x00000248d6b20f70, 0x00000248d6b24800, 0x00000248d6b2aad0,
0x00000248d6b2c280, 0x00000248d6b2cce0, 0x00000248d6b2d740, 0x00000248d6b37c80,
0x00000248d6b3c6d0, 0x00000248d6c82550, 0x00000248d6c916e0
}

Java Threads: ( => current thread )
=>0x00000248b80d9630 JavaThread "main"                              [_thread_in_vm, id=21156, stack(0x000000bf9c700000,0x000000bf9c800000) (1024K)]
  0x00000248d6b20f70 JavaThread "Reference Handler"          daemon [_thread_blocked, id=24952, stack(0x000000bf9d000000,0x000000bf9d100000) (1024K)]
  0x00000248d6b24800 JavaThread "Finalizer"                  daemon [_thread_blocked, id=24956, stack(0x000000bf9d100000,0x000000bf9d200000) (1024K)]
  0x00000248d6b2aad0 JavaThread "Signal Dispatcher"          daemon [_thread_blocked, id=24960, stack(0x000000bf9d200000,0x000000bf9d300000) (1024K)]
  0x00000248d6b2c280 JavaThread "Attach Listener"            daemon [_thread_blocked, id=24968, stack(0x000000bf9d300000,0x000000bf9d400000) (1024K)]
  0x00000248d6b2cce0 JavaThread "Service Thread"             daemon [_thread_blocked, id=24972, stack(0x000000bf9d400000,0x000000bf9d500000) (1024K)]
  0x00000248d6b2d740 JavaThread "Monitor Deflation Thread"   daemon [_thread_blocked, id=24976, stack(0x000000bf9d500000,0x000000bf9d600000) (1024K)]
  0x00000248d6b37c80 JavaThread "C2 CompilerThread0"         daemon [_thread_blocked, id=24980, stack(0x000000bf9d600000,0x000000bf9d700000) (1024K)]
  0x00000248d6b3c6d0 JavaThread "C1 CompilerThread0"         daemon [_thread_blocked, id=24984, stack(0x000000bf9d700000,0x000000bf9d800000) (1024K)]
  0x00000248d6c82550 JavaThread "Notification Thread"        daemon [_thread_blocked, id=25004, stack(0x000000bf9d800000,0x000000bf9d900000) (1024K)]
  0x00000248d6c916e0 JavaThread "Common-Cleaner"             daemon [_thread_blocked, id=25808, stack(0x000000bf9d900000,0x000000bf9da00000) (1024K)]
Total: 11

Other Threads:
  0x00000248d6b08b10 VMThread "VM Thread"                           [id=24304, stack(0x000000bf9cf00000,0x000000bf9d000000) (1024K)]
  0x00000248d6af7350 WatcherThread "VM Periodic Task Thread"        [id=24108, stack(0x000000bf9ce00000,0x000000bf9cf00000) (1024K)]
  0x00000248b8137610 WorkerThread "GC Thread#0"                     [id=23380, stack(0x000000bf9c900000,0x000000bf9ca00000) (1024K)]
  0x000002491c6ed500 WorkerThread "GC Thread#1"                     [id=10416, stack(0x000000bf9da00000,0x000000bf9db00000) (1024K)]
  0x000002491c6ed8b0 WorkerThread "GC Thread#2"                     [id=6892, stack(0x000000bf9db00000,0x000000bf9dc00000) (1024K)]
  0x000002491d676da0 WorkerThread "GC Thread#3"                     [id=5048, stack(0x000000bf9dc00000,0x000000bf9dd00000) (1024K)]
  0x000002491d677150 WorkerThread "GC Thread#4"                     [id=40636, stack(0x000000bf9dd00000,0x000000bf9de00000) (1024K)]
  0x000002491d6b2830 WorkerThread "GC Thread#5"                     [id=37264, stack(0x000000bf9de00000,0x000000bf9df00000) (1024K)]
  0x000002491d6b2be0 WorkerThread "GC Thread#6"                     [id=37764, stack(0x000000bf9df00000,0x000000bf9e000000) (1024K)]
  0x000002491d292730 WorkerThread "GC Thread#7"                     [id=28532, stack(0x000000bf9e000000,0x000000bf9e100000) (1024K)]
  0x00000248b814b0f0 ConcurrentGCThread "G1 Main Marker"            [id=23384, stack(0x000000bf9ca00000,0x000000bf9cb00000) (1024K)]
  0x00000248b814cb20 WorkerThread "G1 Conc#0"                       [id=23388, stack(0x000000bf9cb00000,0x000000bf9cc00000) (1024K)]
  0x00000248d69c8520 ConcurrentGCThread "G1 Refine#0"               [id=23836, stack(0x000000bf9cc00000,0x000000bf9cd00000) (1024K)]
  0x00000248d69c9d60 ConcurrentGCThread "G1 Service"                [id=24088, stack(0x000000bf9cd00000,0x000000bf9ce00000) (1024K)]
Total: 14

Threads with active compile tasks:
Total: 0

VM state: not at safepoint (normal execution)

VM Mutex/Monitor currently owned by a thread:  ([mutex/lock_event])
[0x00007ffcfe891890] Metaspace_lock - owner thread: 0x00000248b80d9630

Heap address: 0x0000000721200000, size: 3566 MB, Compressed Oops mode: Zero based, Oop shift amount: 3

CDS archive(s) mapped at: [0x00000248d7000000-0x00000248d7d70000-0x00000248d7d70000), size 14090240, SharedBaseAddress: 0x00000248d7000000, ArchiveRelocationMode: 1.
Compressed class space mapped at: 0x00000248d8000000-0x0000024918000000, reserved size: 1073741824
Narrow klass base: 0x00000248d7000000, Narrow klass shift: 0, Narrow klass range: 0x41000000

GC Precious Log:
 CardTable entry size: 512
 Card Set container configuration: InlinePtr #cards 4 size 8 Array Of Cards #cards 16 size 48 Howl #buckets 8 coarsen threshold 3686 Howl Bitmap #cards 512 size 80 coarsen threshold 460 Card regions per heap region 1 cards per card region 4096
 CPUs: 8 total, 8 available
 Memory: 14258M
 Large Page Support: Disabled
 NUMA Support: Disabled
 Compressed Oops: Enabled (Zero based)
 Heap Region Size: 2M
 Heap Min Capacity: 8M
 Heap Initial Capacity: 224M
 Heap Max Capacity: 3566M
 Pre-touch: Disabled
 Parallel Workers: 8
 Concurrent Workers: 2
 Concurrent Refinement Workers: 8
 Periodic GC: Disabled

Heap:
 garbage-first heap   total reserved 3651584K, committed 229376K, used 10188K [0x0000000721200000, 0x0000000800000000)
  region size 2048K, 6 young (12288K), 2 survivors (4096K)
 Metaspace       used 6710K, committed 6848K, reserved 1114112K
  class space    used 814K, committed 896K, reserved 1048576K

Heap Regions: E=young(eden), S=young(survivor), O=old, HS=humongous(starts), HC=humongous(continues), CS=collection set, F=free, TAMS=top-at-mark-start, PB=parsable bottom
|   0|0x0000000721200000, 0x0000000721200000, 0x0000000721400000|  0%| F|  |TAMS 0x0000000721200000| PB 0x0000000721200000| Untracked |  0
|   1|0x0000000721400000, 0x0000000721400000, 0x0000000721600000|  0%| F|  |TAMS 0x0000000721400000| PB 0x0000000721400000| Untracked |  0
|   2|0x0000000721600000, 0x0000000721600000, 0x0000000721800000|  0%| F|  |TAMS 0x0000000721600000| PB 0x0000000721600000| Untracked |  0
|   3|0x0000000721800000, 0x0000000721800000, 0x0000000721a00000|  0%| F|  |TAMS 0x0000000721800000| PB 0x0000000721800000| Untracked |  0
|   4|0x0000000721a00000, 0x0000000721a00000, 0x0000000721c00000|  0%| F|  |TAMS 0x0000000721a00000| PB 0x0000000721a00000| Untracked |  0
|   5|0x0000000721c00000, 0x0000000721c00000, 0x0000000721e00000|  0%| F|  |TAMS 0x0000000721c00000| PB 0x0000000721c00000| Untracked |  0
|   6|0x0000000721e00000, 0x0000000721e00000, 0x0000000722000000|  0%| F|  |TAMS 0x0000000721e00000| PB 0x0000000721e00000| Untracked |  0
|   7|0x0000000722000000, 0x0000000722000000, 0x0000000722200000|  0%| F|  |TAMS 0x0000000722000000| PB 0x0000000722000000| Untracked |  0
|   8|0x0000000722200000, 0x0000000722200000, 0x0000000722400000|  0%| F|  |TAMS 0x0000000722200000| PB 0x0000000722200000| Untracked |  0
|   9|0x0000000722400000, 0x0000000722400000, 0x0000000722600000|  0%| F|  |TAMS 0x0000000722400000| PB 0x0000000722400000| Untracked |  0
|  10|0x0000000722600000, 0x0000000722600000, 0x0000000722800000|  0%| F|  |TAMS 0x0000000722600000| PB 0x0000000722600000| Untracked |  0
|  11|0x0000000722800000, 0x0000000722800000, 0x0000000722a00000|  0%| F|  |TAMS 0x0000000722800000| PB 0x0000000722800000| Untracked |  0
|  12|0x0000000722a00000, 0x0000000722a00000, 0x0000000722c00000|  0%| F|  |TAMS 0x0000000722a00000| PB 0x0000000722a00000| Untracked |  0
|  13|0x0000000722c00000, 0x0000000722c00000, 0x0000000722e00000|  0%| F|  |TAMS 0x0000000722c00000| PB 0x0000000722c00000| Untracked |  0
|  14|0x0000000722e00000, 0x0000000722e00000, 0x0000000723000000|  0%| F|  |TAMS 0x0000000722e00000| PB 0x0000000722e00000| Untracked |  0
|  15|0x0000000723000000, 0x0000000723000000, 0x0000000723200000|  0%| F|  |TAMS 0x0000000723000000| PB 0x0000000723000000| Untracked |  0
|  16|0x0000000723200000, 0x0000000723200000, 0x0000000723400000|  0%| F|  |TAMS 0x0000000723200000| PB 0x0000000723200000| Untracked |  0
|  17|0x0000000723400000, 0x0000000723400000, 0x0000000723600000|  0%| F|  |TAMS 0x0000000723400000| PB 0x0000000723400000| Untracked |  0
|  18|0x0000000723600000, 0x0000000723600000, 0x0000000723800000|  0%| F|  |TAMS 0x0000000723600000| PB 0x0000000723600000| Untracked |  0
|  19|0x0000000723800000, 0x0000000723800000, 0x0000000723a00000|  0%| F|  |TAMS 0x0000000723800000| PB 0x0000000723800000| Untracked |  0
|  20|0x0000000723a00000, 0x0000000723a00000, 0x0000000723c00000|  0%| F|  |TAMS 0x0000000723a00000| PB 0x0000000723a00000| Untracked |  0
|  21|0x0000000723c00000, 0x0000000723c00000, 0x0000000723e00000|  0%| F|  |TAMS 0x0000000723c00000| PB 0x0000000723c00000| Untracked |  0
|  22|0x0000000723e00000, 0x0000000723e00000, 0x0000000724000000|  0%| F|  |TAMS 0x0000000723e00000| PB 0x0000000723e00000| Untracked |  0
|  23|0x0000000724000000, 0x0000000724000000, 0x0000000724200000|  0%| F|  |TAMS 0x0000000724000000| PB 0x0000000724000000| Untracked |  0
|  24|0x0000000724200000, 0x0000000724200000, 0x0000000724400000|  0%| F|  |TAMS 0x0000000724200000| PB 0x0000000724200000| Untracked |  0
|  25|0x0000000724400000, 0x0000000724400000, 0x0000000724600000|  0%| F|  |TAMS 0x0000000724400000| PB 0x0000000724400000| Untracked |  0
|  26|0x0000000724600000, 0x0000000724600000, 0x0000000724800000|  0%| F|  |TAMS 0x0000000724600000| PB 0x0000000724600000| Untracked |  0
|  27|0x0000000724800000, 0x0000000724800000, 0x0000000724a00000|  0%| F|  |TAMS 0x0000000724800000| PB 0x0000000724800000| Untracked |  0
|  28|0x0000000724a00000, 0x0000000724a00000, 0x0000000724c00000|  0%| F|  |TAMS 0x0000000724a00000| PB 0x0000000724a00000| Untracked |  0
|  29|0x0000000724c00000, 0x0000000724c00000, 0x0000000724e00000|  0%| F|  |TAMS 0x0000000724c00000| PB 0x0000000724c00000| Untracked |  0
|  30|0x0000000724e00000, 0x0000000724e00000, 0x0000000725000000|  0%| F|  |TAMS 0x0000000724e00000| PB 0x0000000724e00000| Untracked |  0
|  31|0x0000000725000000, 0x0000000725000000, 0x0000000725200000|  0%| F|  |TAMS 0x0000000725000000| PB 0x0000000725000000| Untracked |  0
|  32|0x0000000725200000, 0x0000000725200000, 0x0000000725400000|  0%| F|  |TAMS 0x0000000725200000| PB 0x0000000725200000| Untracked |  0
|  33|0x0000000725400000, 0x0000000725400000, 0x0000000725600000|  0%| F|  |TAMS 0x0000000725400000| PB 0x0000000725400000| Untracked |  0
|  34|0x0000000725600000, 0x0000000725600000, 0x0000000725800000|  0%| F|  |TAMS 0x0000000725600000| PB 0x0000000725600000| Untracked |  0
|  35|0x0000000725800000, 0x0000000725800000, 0x0000000725a00000|  0%| F|  |TAMS 0x0000000725800000| PB 0x0000000725800000| Untracked |  0
|  36|0x0000000725a00000, 0x0000000725a00000, 0x0000000725c00000|  0%| F|  |TAMS 0x0000000725a00000| PB 0x0000000725a00000| Untracked |  0
|  37|0x0000000725c00000, 0x0000000725c00000, 0x0000000725e00000|  0%| F|  |TAMS 0x0000000725c00000| PB 0x0000000725c00000| Untracked |  0
|  38|0x0000000725e00000, 0x0000000725e00000, 0x0000000726000000|  0%| F|  |TAMS 0x0000000725e00000| PB 0x0000000725e00000| Untracked |  0
|  39|0x0000000726000000, 0x0000000726000000, 0x0000000726200000|  0%| F|  |TAMS 0x0000000726000000| PB 0x0000000726000000| Untracked |  0
|  40|0x0000000726200000, 0x0000000726200000, 0x0000000726400000|  0%| F|  |TAMS 0x0000000726200000| PB 0x0000000726200000| Untracked |  0
|  41|0x0000000726400000, 0x0000000726400000, 0x0000000726600000|  0%| F|  |TAMS 0x0000000726400000| PB 0x0000000726400000| Untracked |  0
|  42|0x0000000726600000, 0x0000000726600000, 0x0000000726800000|  0%| F|  |TAMS 0x0000000726600000| PB 0x0000000726600000| Untracked |  0
|  43|0x0000000726800000, 0x0000000726800000, 0x0000000726a00000|  0%| F|  |TAMS 0x0000000726800000| PB 0x0000000726800000| Untracked |  0
|  44|0x0000000726a00000, 0x0000000726a00000, 0x0000000726c00000|  0%| F|  |TAMS 0x0000000726a00000| PB 0x0000000726a00000| Untracked |  0
|  45|0x0000000726c00000, 0x0000000726c00000, 0x0000000726e00000|  0%| F|  |TAMS 0x0000000726c00000| PB 0x0000000726c00000| Untracked |  0
|  46|0x0000000726e00000, 0x0000000726e00000, 0x0000000727000000|  0%| F|  |TAMS 0x0000000726e00000| PB 0x0000000726e00000| Untracked |  0
|  47|0x0000000727000000, 0x0000000727000000, 0x0000000727200000|  0%| F|  |TAMS 0x0000000727000000| PB 0x0000000727000000| Untracked |  0
|  48|0x0000000727200000, 0x0000000727200000, 0x0000000727400000|  0%| F|  |TAMS 0x0000000727200000| PB 0x0000000727200000| Untracked |  0
|  49|0x0000000727400000, 0x0000000727400000, 0x0000000727600000|  0%| F|  |TAMS 0x0000000727400000| PB 0x0000000727400000| Untracked |  0
|  50|0x0000000727600000, 0x0000000727600000, 0x0000000727800000|  0%| F|  |TAMS 0x0000000727600000| PB 0x0000000727600000| Untracked |  0
|  51|0x0000000727800000, 0x0000000727800000, 0x0000000727a00000|  0%| F|  |TAMS 0x0000000727800000| PB 0x0000000727800000| Untracked |  0
|  52|0x0000000727a00000, 0x0000000727a00000, 0x0000000727c00000|  0%| F|  |TAMS 0x0000000727a00000| PB 0x0000000727a00000| Untracked |  0
|  53|0x0000000727c00000, 0x0000000727c00000, 0x0000000727e00000|  0%| F|  |TAMS 0x0000000727c00000| PB 0x0000000727c00000| Untracked |  0
|  54|0x0000000727e00000, 0x0000000727e00000, 0x0000000728000000|  0%| F|  |TAMS 0x0000000727e00000| PB 0x0000000727e00000| Untracked |  0
|  55|0x0000000728000000, 0x0000000728000000, 0x0000000728200000|  0%| F|  |TAMS 0x0000000728000000| PB 0x0000000728000000| Untracked |  0
|  56|0x0000000728200000, 0x0000000728200000, 0x0000000728400000|  0%| F|  |TAMS 0x0000000728200000| PB 0x0000000728200000| Untracked |  0
|  57|0x0000000728400000, 0x0000000728400000, 0x0000000728600000|  0%| F|  |TAMS 0x0000000728400000| PB 0x0000000728400000| Untracked |  0
|  58|0x0000000728600000, 0x0000000728600000, 0x0000000728800000|  0%| F|  |TAMS 0x0000000728600000| PB 0x0000000728600000| Untracked |  0
|  59|0x0000000728800000, 0x0000000728800000, 0x0000000728a00000|  0%| F|  |TAMS 0x0000000728800000| PB 0x0000000728800000| Untracked |  0
|  60|0x0000000728a00000, 0x0000000728a00000, 0x0000000728c00000|  0%| F|  |TAMS 0x0000000728a00000| PB 0x0000000728a00000| Untracked |  0
|  61|0x0000000728c00000, 0x0000000728c00000, 0x0000000728e00000|  0%| F|  |TAMS 0x0000000728c00000| PB 0x0000000728c00000| Untracked |  0
|  62|0x0000000728e00000, 0x0000000728e00000, 0x0000000729000000|  0%| F|  |TAMS 0x0000000728e00000| PB 0x0000000728e00000| Untracked |  0
|  63|0x0000000729000000, 0x0000000729000000, 0x0000000729200000|  0%| F|  |TAMS 0x0000000729000000| PB 0x0000000729000000| Untracked |  0
|  64|0x0000000729200000, 0x0000000729200000, 0x0000000729400000|  0%| F|  |TAMS 0x0000000729200000| PB 0x0000000729200000| Untracked |  0
|  65|0x0000000729400000, 0x0000000729400000, 0x0000000729600000|  0%| F|  |TAMS 0x0000000729400000| PB 0x0000000729400000| Untracked |  0
|  66|0x0000000729600000, 0x0000000729600000, 0x0000000729800000|  0%| F|  |TAMS 0x0000000729600000| PB 0x0000000729600000| Untracked |  0
|  67|0x0000000729800000, 0x0000000729800000, 0x0000000729a00000|  0%| F|  |TAMS 0x0000000729800000| PB 0x0000000729800000| Untracked |  0
|  68|0x0000000729a00000, 0x0000000729a00000, 0x0000000729c00000|  0%| F|  |TAMS 0x0000000729a00000| PB 0x0000000729a00000| Untracked |  0
|  69|0x0000000729c00000, 0x0000000729c00000, 0x0000000729e00000|  0%| F|  |TAMS 0x0000000729c00000| PB 0x0000000729c00000| Untracked |  0
|  70|0x0000000729e00000, 0x0000000729e00000, 0x000000072a000000|  0%| F|  |TAMS 0x0000000729e00000| PB 0x0000000729e00000| Untracked |  0
|  71|0x000000072a000000, 0x000000072a000000, 0x000000072a200000|  0%| F|  |TAMS 0x000000072a000000| PB 0x000000072a000000| Untracked |  0
|  72|0x000000072a200000, 0x000000072a200000, 0x000000072a400000|  0%| F|  |TAMS 0x000000072a200000| PB 0x000000072a200000| Untracked |  0
|  73|0x000000072a400000, 0x000000072a400000, 0x000000072a600000|  0%| F|  |TAMS 0x000000072a400000| PB 0x000000072a400000| Untracked |  0
|  74|0x000000072a600000, 0x000000072a600000, 0x000000072a800000|  0%| F|  |TAMS 0x000000072a600000| PB 0x000000072a600000| Untracked |  0
|  75|0x000000072a800000, 0x000000072a800000, 0x000000072aa00000|  0%| F|  |TAMS 0x000000072a800000| PB 0x000000072a800000| Untracked |  0
|  76|0x000000072aa00000, 0x000000072aa00000, 0x000000072ac00000|  0%| F|  |TAMS 0x000000072aa00000| PB 0x000000072aa00000| Untracked |  0
|  77|0x000000072ac00000, 0x000000072ac00000, 0x000000072ae00000|  0%| F|  |TAMS 0x000000072ac00000| PB 0x000000072ac00000| Untracked |  0
|  78|0x000000072ae00000, 0x000000072ae00000, 0x000000072b000000|  0%| F|  |TAMS 0x000000072ae00000| PB 0x000000072ae00000| Untracked |  0
|  79|0x000000072b000000, 0x000000072b000000, 0x000000072b200000|  0%| F|  |TAMS 0x000000072b000000| PB 0x000000072b000000| Untracked |  0
|  80|0x000000072b200000, 0x000000072b200000, 0x000000072b400000|  0%| F|  |TAMS 0x000000072b200000| PB 0x000000072b200000| Untracked |  0
|  81|0x000000072b400000, 0x000000072b400000, 0x000000072b600000|  0%| F|  |TAMS 0x000000072b400000| PB 0x000000072b400000| Untracked |  0
|  82|0x000000072b600000, 0x000000072b600000, 0x000000072b800000|  0%| F|  |TAMS 0x000000072b600000| PB 0x000000072b600000| Untracked |  0
|  83|0x000000072b800000, 0x000000072b800000, 0x000000072ba00000|  0%| F|  |TAMS 0x000000072b800000| PB 0x000000072b800000| Untracked |  0
|  84|0x000000072ba00000, 0x000000072ba00000, 0x000000072bc00000|  0%| F|  |TAMS 0x000000072ba00000| PB 0x000000072ba00000| Untracked |  0
|  85|0x000000072bc00000, 0x000000072bc00000, 0x000000072be00000|  0%| F|  |TAMS 0x000000072bc00000| PB 0x000000072bc00000| Untracked |  0
|  86|0x000000072be00000, 0x000000072be00000, 0x000000072c000000|  0%| F|  |TAMS 0x000000072be00000| PB 0x000000072be00000| Untracked |  0
|  87|0x000000072c000000, 0x000000072c000000, 0x000000072c200000|  0%| F|  |TAMS 0x000000072c000000| PB 0x000000072c000000| Untracked |  0
|  88|0x000000072c200000, 0x000000072c200000, 0x000000072c400000|  0%| F|  |TAMS 0x000000072c200000| PB 0x000000072c200000| Untracked |  0
|  89|0x000000072c400000, 0x000000072c400000, 0x000000072c600000|  0%| F|  |TAMS 0x000000072c400000| PB 0x000000072c400000| Untracked |  0
|  90|0x000000072c600000, 0x000000072c600000, 0x000000072c800000|  0%| F|  |TAMS 0x000000072c600000| PB 0x000000072c600000| Untracked |  0
|  91|0x000000072c800000, 0x000000072c800000, 0x000000072ca00000|  0%| F|  |TAMS 0x000000072c800000| PB 0x000000072c800000| Untracked |  0
|  92|0x000000072ca00000, 0x000000072ca00000, 0x000000072cc00000|  0%| F|  |TAMS 0x000000072ca00000| PB 0x000000072ca00000| Untracked |  0
|  93|0x000000072cc00000, 0x000000072cc00000, 0x000000072ce00000|  0%| F|  |TAMS 0x000000072cc00000| PB 0x000000072cc00000| Untracked |  0
|  94|0x000000072ce00000, 0x000000072ce00000, 0x000000072d000000|  0%| F|  |TAMS 0x000000072ce00000| PB 0x000000072ce00000| Untracked |  0
|  95|0x000000072d000000, 0x000000072d000000, 0x000000072d200000|  0%| F|  |TAMS 0x000000072d000000| PB 0x000000072d000000| Untracked |  0
|  96|0x000000072d200000, 0x000000072d200000, 0x000000072d400000|  0%| F|  |TAMS 0x000000072d200000| PB 0x000000072d200000| Untracked |  0
|  97|0x000000072d400000, 0x000000072d400000, 0x000000072d600000|  0%| F|  |TAMS 0x000000072d400000| PB 0x000000072d400000| Untracked |  0
|  98|0x000000072d600000, 0x000000072d7f3278, 0x000000072d800000| 97%| S|CS|TAMS 0x000000072d600000| PB 0x000000072d600000| Complete |  0
|  99|0x000000072d800000, 0x000000072da00000, 0x000000072da00000|100%| S|CS|TAMS 0x000000072d800000| PB 0x000000072d800000| Complete |  0
| 100|0x000000072da00000, 0x000000072da00000, 0x000000072dc00000|  0%| F|  |TAMS 0x000000072da00000| PB 0x000000072da00000| Untracked |  0
| 101|0x000000072dc00000, 0x000000072dc00000, 0x000000072de00000|  0%| F|  |TAMS 0x000000072dc00000| PB 0x000000072dc00000| Untracked |  0
| 102|0x000000072de00000, 0x000000072de00000, 0x000000072e000000|  0%| F|  |TAMS 0x000000072de00000| PB 0x000000072de00000| Untracked |  0
| 103|0x000000072e000000, 0x000000072e000000, 0x000000072e200000|  0%| F|  |TAMS 0x000000072e000000| PB 0x000000072e000000| Untracked |  0
| 104|0x000000072e200000, 0x000000072e200000, 0x000000072e400000|  0%| F|  |TAMS 0x000000072e200000| PB 0x000000072e200000| Untracked |  0
| 105|0x000000072e400000, 0x000000072e400000, 0x000000072e600000|  0%| F|  |TAMS 0x000000072e400000| PB 0x000000072e400000| Untracked |  0
| 106|0x000000072e600000, 0x000000072e600000, 0x000000072e800000|  0%| F|  |TAMS 0x000000072e600000| PB 0x000000072e600000| Untracked |  0
| 107|0x000000072e800000, 0x000000072e800000, 0x000000072ea00000|  0%| F|  |TAMS 0x000000072e800000| PB 0x000000072e800000| Untracked |  0
| 108|0x000000072ea00000, 0x000000072eb8b018, 0x000000072ec00000| 77%| E|  |TAMS 0x000000072ea00000| PB 0x000000072ea00000| Complete |  0
| 109|0x000000072ec00000, 0x000000072ee00000, 0x000000072ee00000|100%| E|CS|TAMS 0x000000072ec00000| PB 0x000000072ec00000| Complete |  0
| 110|0x000000072ee00000, 0x000000072f000000, 0x000000072f000000|100%| E|CS|TAMS 0x000000072ee00000| PB 0x000000072ee00000| Complete |  0
| 111|0x000000072f000000, 0x000000072f200000, 0x000000072f200000|100%| E|CS|TAMS 0x000000072f000000| PB 0x000000072f000000| Complete |  0

Card table byte_map: [0x00000248d0240000,0x00000248d0940000] _byte_map_base: 0x00000248cc937000

Marking Bits: (CMBitMap*) 0x00000248b8137d20
 Bits: [0x00000248d0940000, 0x00000248d40f8000)

Polling page: 0x00000248b60b0000

Metaspace:

Usage:
  Non-class:      5.76 MB used.
      Class:    814.41 KB used.
       Both:      6.55 MB used.

Virtual space:
  Non-class space:       64.00 MB reserved,       5.81 MB (  9%) committed,  1 nodes.
      Class space:        1.00 GB reserved,     896.00 KB ( <1%) committed,  1 nodes.
             Both:        1.06 GB reserved,       6.69 MB ( <1%) committed. 

Chunk freelists:
   Non-Class:  8.67 MB
       Class:  14.94 MB
        Both:  23.61 MB

MaxMetaspaceSize: unlimited
CompressedClassSpaceSize: 1.00 GB
Initial GC threshold: 21.00 MB
Current GC threshold: 21.00 MB
CDS: on
 - commit_granule_bytes: 65536.
 - commit_granule_words: 8192.
 - virtual_space_node_default_size: 8388608.
 - enlarge_chunks_in_place: 1.
 - use_allocation_guard: 0.


Internal statistics:

num_allocs_failed_limit: 0.
num_arena_births: 60.
num_arena_deaths: 0.
num_vsnodes_births: 2.
num_vsnodes_deaths: 0.
num_space_committed: 107.
num_space_uncommitted: 0.
num_chunks_returned_to_freelist: 0.
num_chunks_taken_from_freelist: 252.
num_chunk_merges: 0.
num_chunk_splits: 157.
num_chunks_enlarged: 130.
num_inconsistent_stats: 0.

CodeHeap 'non-profiled nmethods': size=120064Kb used=547Kb max_used=547Kb free=119516Kb
 bounds [0x00000248c82d0000, 0x00000248c8540000, 0x00000248cf810000]
CodeHeap 'profiled nmethods': size=120000Kb used=2214Kb max_used=2214Kb free=117785Kb
 bounds [0x00000248c0810000, 0x00000248c0a80000, 0x00000248c7d40000]
CodeHeap 'non-nmethods': size=5696Kb used=1365Kb max_used=1414Kb free=4330Kb
 bounds [0x00000248c7d40000, 0x00000248c7fb0000, 0x00000248c82d0000]
CodeCache: size=245760Kb, used=4126Kb, max_used=4175Kb, free=241631Kb
 total_blobs=2032, nmethods=1559, adapters=378, full_count=0
Compilation: enabled, stopped_count=0, restarted_count=0

Compilation events (20 events):
Event: 71.757 Thread 0x00000248d6b3c6d0 1553       3       java.io.WinNTFileSystem::normalizePrefix (132 bytes)
Event: 71.760 Thread 0x00000248d6b3c6d0 nmethod 1553 0x00000248c0a36a08 code [0x00000248c0a36da0, 0x00000248c0a38d10]
Event: 71.811 Thread 0x00000248d6b37c80 1554       4       java.util.concurrent.ConcurrentHashMap::putIfAbsent (8 bytes)
Event: 71.811 Thread 0x00000248d6b37c80 nmethod 1554 0x00000248c8356b88 code [0x00000248c8356ca0, 0x00000248c8356d48]
Event: 71.835 Thread 0x00000248d6b3c6d0 1555       3       java.lang.ref.Reference::<init> (7 bytes)
Event: 71.835 Thread 0x00000248d6b3c6d0 nmethod 1555 0x00000248c0a38d88 code [0x00000248c0a38ec0, 0x00000248c0a39180]
Event: 71.937 Thread 0x00000248d6b37c80 1556   !   4       java.util.jar.JarFile::checkForSpecialAttributes (163 bytes)
Event: 71.938 Thread 0x00000248d6b3c6d0 1557       1       sun.reflect.generics.visitor.Reifier::getFactory (5 bytes)
Event: 71.938 Thread 0x00000248d6b3c6d0 nmethod 1557 0x00000248c8356e88 code [0x00000248c8356fa0, 0x00000248c8357070]
Event: 71.941 Thread 0x00000248d6b3c6d0 1560       3       java.nio.ByteBuffer::allocate (20 bytes)
Event: 71.941 Thread 0x00000248d6b3c6d0 nmethod 1560 0x00000248c0a39208 code [0x00000248c0a39340, 0x00000248c0a39550]
Event: 71.941 Thread 0x00000248d6b3c6d0 1561       3       java.nio.charset.CharsetDecoder::<init> (10 bytes)
Event: 71.941 Thread 0x00000248d6b3c6d0 nmethod 1561 0x00000248c0a39588 code [0x00000248c0a396a0, 0x00000248c0a397e8]
Event: 71.948 Thread 0x00000248d6b37c80 nmethod 1556 0x00000248c8357188 code [0x00000248c8357340, 0x00000248c8357ea0]
Event: 71.948 Thread 0x00000248d6b37c80 1558       4       jdk.internal.jimage.ImageLocation::readValue (61 bytes)
Event: 71.953 Thread 0x00000248d6b37c80 nmethod 1558 0x00000248c8357f88 code [0x00000248c8358080, 0x00000248c8358270]
Event: 71.953 Thread 0x00000248d6b37c80 1559       4       org.eclipse.sisu.space.asm.ClassReader::readUtf (161 bytes)
Event: 71.964 Thread 0x00000248d6b37c80 nmethod 1559 0x00000248c8358308 code [0x00000248c8358440, 0x00000248c8358b30]
Event: 71.990 Thread 0x00000248d6b37c80 1562       4       org.eclipse.sisu.space.asm.ClassReader::readInt (52 bytes)
Event: 71.991 Thread 0x00000248d6b37c80 nmethod 1562 0x00000248c8358c08 code [0x00000248c8358d00, 0x00000248c8358e18]

GC Heap History (2 events):
Event: 69.276 GC heap before
{Heap before GC invocations=0 (full 0):
 garbage-first heap   total reserved 3651584K, committed 229376K, used 24576K [0x0000000721200000, 0x0000000800000000)
  region size 2048K, 12 young (24576K), 0 survivors (0K)
 Metaspace       used 5973K, committed 6144K, reserved 1114112K
  class space    used 731K, committed 832K, reserved 1048576K
}
Event: 69.350 GC heap after
{Heap after GC invocations=1 (full 0):
 garbage-first heap   total reserved 3651584K, committed 229376K, used 4044K [0x0000000721200000, 0x0000000800000000)
  region size 2048K, 2 young (4096K), 2 survivors (4096K)
 Metaspace       used 5973K, committed 6144K, reserved 1114112K
  class space    used 731K, committed 832K, reserved 1048576K
}

Dll operation events (8 events):
Event: 1.346 Loaded shared library C:\Program Files\Java\jdk-23\bin\java.dll
Event: 2.809 Loaded shared library C:\Program Files\Java\jdk-23\bin\jsvml.dll
Event: 4.527 Loaded shared library C:\Program Files\Java\jdk-23\bin\net.dll
Event: 4.531 Loaded shared library C:\Program Files\Java\jdk-23\bin\nio.dll
Event: 5.081 Loaded shared library C:\Program Files\Java\jdk-23\bin\zip.dll
Event: 26.277 Loaded shared library C:\Program Files\NetBeans-24\netbeans\java\maven\lib\jansi-native\Windows\x86_64\jansi.dll
Event: 27.527 Loaded shared library C:\Program Files\Java\jdk-23\bin\verify.dll
Event: 28.306 Loaded shared library C:\Program Files\Java\jdk-23\bin\jimage.dll

Deoptimization events (20 events):
Event: 69.763 Thread 0x00000248b80d9630 Uncommon trap: trap_request=0xffffff45 fr.pc=0x00000248c83367c4 relative=0x0000000000002b64
Event: 69.763 Thread 0x00000248b80d9630 Uncommon trap: reason=unstable_if action=reinterpret pc=0x00000248c83367c4 method=sun.nio.cs.StreamDecoder.lockedRead0()I @ 30 c2
Event: 69.763 Thread 0x00000248b80d9630 DEOPT PACKING pc=0x00000248c83367c4 sp=0x000000bf9c7fdcd0
Event: 69.763 Thread 0x00000248b80d9630 DEOPT UNPACKING pc=0x00000248c7d94402 sp=0x000000bf9c7fdbf8 mode 2
Event: 69.824 Thread 0x00000248b80d9630 Uncommon trap: trap_request=0xffffffc6 fr.pc=0x00000248c830e2c4 relative=0x00000000000003e4
Event: 69.824 Thread 0x00000248b80d9630 Uncommon trap: reason=bimorphic_or_optimized_type_check action=maybe_recompile pc=0x00000248c830e2c4 method=java.util.concurrent.ConcurrentHashMap.get(Ljava/lang/Object;)Ljava/lang/Object; @ 149 c2
Event: 69.824 Thread 0x00000248b80d9630 DEOPT PACKING pc=0x00000248c830e2c4 sp=0x000000bf9c7fd970
Event: 69.824 Thread 0x00000248b80d9630 DEOPT UNPACKING pc=0x00000248c7d94402 sp=0x000000bf9c7fd8e0 mode 2
Event: 69.885 Thread 0x00000248b80d9630 Uncommon trap: trap_request=0xffffff45 fr.pc=0x00000248c830f008 relative=0x0000000000000068
Event: 69.885 Thread 0x00000248b80d9630 Uncommon trap: reason=unstable_if action=reinterpret pc=0x00000248c830f008 method=java.lang.ref.ReferenceQueue.headIsNull()Z @ 4 c2
Event: 69.885 Thread 0x00000248b80d9630 DEOPT PACKING pc=0x00000248c830f008 sp=0x000000bf9c7fd310
Event: 69.885 Thread 0x00000248b80d9630 DEOPT UNPACKING pc=0x00000248c7d94402 sp=0x000000bf9c7fd1d0 mode 2
Event: 70.165 Thread 0x00000248b80d9630 Uncommon trap: trap_request=0xffffff45 fr.pc=0x00000248c832f6b0 relative=0x0000000000000790
Event: 70.165 Thread 0x00000248b80d9630 Uncommon trap: reason=unstable_if action=reinterpret pc=0x00000248c832f6b0 method=java.util.HashMap.putVal(ILjava/lang/Object;Ljava/lang/Object;ZZ)Ljava/lang/Object; @ 181 c2
Event: 70.165 Thread 0x00000248b80d9630 DEOPT PACKING pc=0x00000248c832f6b0 sp=0x000000bf9c7fdd80
Event: 70.165 Thread 0x00000248b80d9630 DEOPT UNPACKING pc=0x00000248c7d94402 sp=0x000000bf9c7fdd10 mode 2
Event: 70.172 Thread 0x00000248b80d9630 Uncommon trap: trap_request=0xffffffde fr.pc=0x00000248c833f2a0 relative=0x00000000000002e0
Event: 70.172 Thread 0x00000248b80d9630 Uncommon trap: reason=class_check action=maybe_recompile pc=0x00000248c833f2a0 method=java.util.HashMap.getNode(Ljava/lang/Object;)Ljava/util/HashMap$Node; @ 128 c2
Event: 70.172 Thread 0x00000248b80d9630 DEOPT PACKING pc=0x00000248c833f2a0 sp=0x000000bf9c7fdae0
Event: 70.172 Thread 0x00000248b80d9630 DEOPT UNPACKING pc=0x00000248c7d94402 sp=0x000000bf9c7fda48 mode 2

Classes loaded (20 events):
Event: 67.789 Loading class java/lang/invoke/DirectMethodHandle$StaticAccessor
Event: 67.789 Loading class java/lang/invoke/DirectMethodHandle$StaticAccessor done
Event: 68.053 Loading class java/lang/reflect/ParameterizedType
Event: 68.053 Loading class java/lang/reflect/ParameterizedType done
Event: 68.152 Loading class java/lang/reflect/WildcardType
Event: 68.152 Loading class java/lang/reflect/WildcardType done
Event: 68.157 Loading class sun/reflect/generics/tree/TypeVariableSignature
Event: 68.157 Loading class sun/reflect/generics/tree/TypeVariableSignature done
Event: 68.221 Loading class java/lang/annotation/IncompleteAnnotationException
Event: 68.221 Loading class java/lang/annotation/IncompleteAnnotationException done
Event: 68.816 Loading class java/lang/foreign/MemorySegment
Event: 68.816 Loading class java/lang/foreign/MemorySegment done
Event: 69.888 Loading class sun/reflect/generics/reflectiveObjects/TypeVariableImpl
Event: 69.888 Loading class sun/reflect/generics/reflectiveObjects/LazyReflectiveObjectGenerator
Event: 69.888 Loading class sun/reflect/generics/reflectiveObjects/LazyReflectiveObjectGenerator done
Event: 69.888 Loading class sun/reflect/generics/reflectiveObjects/TypeVariableImpl done
Event: 69.888 Loading class sun/reflect/generics/reflectiveObjects/ParameterizedTypeImpl
Event: 69.888 Loading class sun/reflect/generics/reflectiveObjects/ParameterizedTypeImpl done
Event: 70.415 Loading class java/lang/ArrayIndexOutOfBoundsException
Event: 70.415 Loading class java/lang/ArrayIndexOutOfBoundsException done

Classes unloaded (0 events):
No events

Classes redefined (0 events):
No events

Internal exceptions (20 events):
Event: 27.501 Thread 0x00000248b80d9630 Exception <a 'java/lang/NullPointerException'{0x000000072ecf5e48}> (0x000000072ecf5e48) 
thrown [s\open\src\hotspot\share\interpreter\linkResolver.cpp, line 1389]
Event: 27.501 Thread 0x00000248b80d9630 Exception <a 'java/lang/NullPointerException'{0x000000072ecf6128}> (0x000000072ecf6128) 
thrown [s\open\src\hotspot\share\interpreter\linkResolver.cpp, line 1389]
Event: 27.501 Thread 0x00000248b80d9630 Exception <a 'java/lang/NullPointerException'{0x000000072ecf6408}> (0x000000072ecf6408) 
thrown [s\open\src\hotspot\share\interpreter\linkResolver.cpp, line 1389]
Event: 27.501 Thread 0x00000248b80d9630 Exception <a 'java/lang/NullPointerException'{0x000000072ecf66e8}> (0x000000072ecf66e8) 
thrown [s\open\src\hotspot\share\interpreter\linkResolver.cpp, line 1389]
Event: 27.523 Thread 0x00000248b80d9630 Exception <a 'sun/nio/fs/WindowsException'{0x000000072ed218f8}> (0x000000072ed218f8) 
thrown [s\open\src\hotspot\share\prims\jni.cpp, line 520]
Event: 27.524 Thread 0x00000248b80d9630 Exception <a 'sun/nio/fs/WindowsException'{0x000000072ed22048}> (0x000000072ed22048) 
thrown [s\open\src\hotspot\share\prims\jni.cpp, line 520]
Event: 27.525 Thread 0x00000248b80d9630 Exception <a 'sun/nio/fs/WindowsException'{0x000000072ed225c0}> (0x000000072ed225c0) 
thrown [s\open\src\hotspot\share\prims\jni.cpp, line 520]
Event: 27.525 Thread 0x00000248b80d9630 Exception <a 'sun/nio/fs/WindowsException'{0x000000072ed22b18}> (0x000000072ed22b18) 
thrown [s\open\src\hotspot\share\prims\jni.cpp, line 520]
Event: 27.525 Thread 0x00000248b80d9630 Exception <a 'sun/nio/fs/WindowsException'{0x000000072ed23020}> (0x000000072ed23020) 
thrown [s\open\src\hotspot\share\prims\jni.cpp, line 520]
Event: 27.525 Thread 0x00000248b80d9630 Exception <a 'sun/nio/fs/WindowsException'{0x000000072ed234e0}> (0x000000072ed234e0) 
thrown [s\open\src\hotspot\share\prims\jni.cpp, line 520]
Event: 27.998 Thread 0x00000248b80d9630 Exception <a 'java/lang/NoSuchMethodError'{0x000000072ed6fe20}: 'void java.lang.invoke.DirectMethodHandle$Holder.invokeStatic(java.lang.Object, java.lang.Object)'> (0x000000072ed6fe20) 
thrown [s\open\src\hotspot\share\interpreter\linkResolver.cpp, line 796]
Event: 27.998 Thread 0x00000248b80d9630 Exception <a 'java/lang/NoSuchMethodError'{0x000000072ed73238}: 'void java.lang.invoke.DirectMethodHandle$Holder.invokeStaticInit(java.lang.Object, java.lang.Object)'> (0x000000072ed73238) 
thrown [s\open\src\hotspot\share\interpreter\linkResolver.cpp, line 796]
Event: 42.115 Thread 0x00000248b80d9630 Exception <a 'java/lang/NoSuchMethodError'{0x000000072eb375c8}: 'java.lang.Object java.lang.invoke.DirectMethodHandle$Holder.invokeSpecialIFC(java.lang.Object, java.lang.Object, java.lang.Object, java.lang.Object)'> (0x000000072eb375c8) 
thrown [s\open\src\hotspot\share\interpreter\linkResolver.cpp, line 796]
Event: 55.740 Thread 0x00000248b80d9630 Exception <a 'java/lang/NoSuchMethodError'{0x000000072e566888}: 'void java.lang.invoke.DirectMethodHandle$Holder.invokeSpecial(java.lang.Object, java.lang.Object, java.lang.Object)'> (0x000000072e566888) 
thrown [s\open\src\hotspot\share\interpreter\linkResolver.cpp, line 796]
Event: 59.667 Thread 0x00000248b80d9630 Exception <a 'java/lang/NoSuchMethodError'{0x000000072e2b22d8}: 'java.lang.Object java.lang.invoke.DirectMethodHandle$Holder.invokeInterface(java.lang.Object, java.lang.Object)'> (0x000000072e2b22d8) 
thrown [s\open\src\hotspot\share\interpreter\linkResolver.cpp, line 796]
Event: 61.239 Thread 0x00000248b80d9630 Exception <a 'java/lang/NoSuchMethodError'{0x000000072e34bbf8}: 'int java.lang.invoke.DirectMethodHandle$Holder.invokeStatic(java.lang.Object, java.lang.Object, java.lang.Object, java.lang.Object)'> (0x000000072e34bbf8) 
thrown [s\open\src\hotspot\share\interpreter\linkResolver.cpp, line 796]
Event: 61.440 Thread 0x00000248b80d9630 Exception <a 'java/lang/NoSuchMethodError'{0x000000072e35a588}: 'int java.lang.invoke.DirectMethodHandle$Holder.invokeSpecialIFC(java.lang.Object, java.lang.Object, java.lang.Object, java.lang.Object, java.lang.Object)'> (0x000000072e35a588) 
thrown [s\open\src\hotspot\share\interpreter\linkResolver.cpp, line 796]
Event: 65.423 Thread 0x00000248b80d9630 Exception <a 'java/lang/NoSuchMethodError'{0x000000072e0ec2e8}: 'void java.lang.invoke.DirectMethodHandle$Holder.invokeStatic(java.lang.Object, int, java.lang.Object)'> (0x000000072e0ec2e8) 
thrown [s\open\src\hotspot\share\interpreter\linkResolver.cpp, line 796]
Event: 68.205 Thread 0x00000248b80d9630 Exception <a 'java/lang/NoSuchMethodError'{0x000000072de57b98}: 'int java.lang.invoke.DirectMethodHandle$Holder.invokeStaticInit(java.lang.Object, java.lang.Object)'> (0x000000072de57b98) 
thrown [s\open\src\hotspot\share\interpreter\linkResolver.cpp, line 796]
Event: 68.221 Thread 0x00000248b80d9630 Exception <a 'java/lang/NoClassDefFoundError'{0x000000072de8ddc8}: javax/enterprise/inject/Typed> (0x000000072de8ddc8) 
thrown [s\open\src\hotspot\share\classfile\systemDictionary.cpp, line 302]

VM Operations (12 events):
Event: 5.085 Executing VM operation: HandshakeAllThreads (Deoptimize)
Event: 5.085 Executing VM operation: HandshakeAllThreads (Deoptimize) done
Event: 24.018 Executing VM operation: HandshakeAllThreads (Deoptimize)
Event: 24.019 Executing VM operation: HandshakeAllThreads (Deoptimize) done
Event: 28.313 Executing VM operation: HandshakeAllThreads (Deoptimize)
Event: 29.983 Executing VM operation: HandshakeAllThreads (Deoptimize) done
Event: 61.357 Executing VM operation: HandshakeAllThreads (HandshakeForDeflation)
Event: 61.444 Executing VM operation: HandshakeAllThreads (HandshakeForDeflation) done
Event: 61.444 Executing VM operation: RendezvousGCThreads
Event: 61.444 Executing VM operation: RendezvousGCThreads done
Event: 69.276 Executing VM operation: G1CollectForAllocation (G1 Evacuation Pause)
Event: 69.350 Executing VM operation: G1CollectForAllocation (G1 Evacuation Pause) done

Memory protections (0 events):
No events

Nmethod flushes (0 events):
No events

Events (19 events):
Event: 1.947 Thread 0x00000248b80d9630 Thread added: 0x00000248b80d9630
Event: 2.801 Thread 0x00000248b80d9630 Thread added: 0x00000248d6b20f70
Event: 2.801 Thread 0x00000248b80d9630 Thread added: 0x00000248d6b24800
Event: 2.803 Thread 0x00000248b80d9630 Thread added: 0x00000248d6b2aad0
Event: 2.806 Thread 0x00000248b80d9630 Thread added: 0x00000248d6b2c280
Event: 2.807 Thread 0x00000248b80d9630 Thread added: 0x00000248d6b2cce0
Event: 2.807 Thread 0x00000248b80d9630 Thread added: 0x00000248d6b2d740
Event: 2.807 Thread 0x00000248b80d9630 Thread added: 0x00000248d6b37c80
Event: 2.807 Thread 0x00000248b80d9630 Thread added: 0x00000248d6b3c6d0
Event: 2.863 Thread 0x00000248b80d9630 Thread added: 0x00000248d6c82550
Event: 3.702 Thread 0x00000248b80d9630 Thread added: 0x00000248d6c916e0
Event: 24.026 Thread 0x00000248b80d9630 Thread added: 0x00000248d6bb76f0
Event: 44.406 Thread 0x00000248d6bb76f0 Thread exited: 0x00000248d6bb76f0
Event: 68.253 Thread 0x00000248d6b3c6d0 Thread added: 0x00000248d6b3ab90
Event: 68.934 Thread 0x00000248d6b3ab90 Thread exited: 0x00000248d6b3ab90
Event: 68.970 Thread 0x00000248d6b3c6d0 Thread added: 0x00000248d6b3b260
Event: 68.979 Thread 0x00000248d6b3c6d0 Thread added: 0x00000248d6b39050
Event: 69.350 Thread 0x00000248d6b39050 Thread exited: 0x00000248d6b39050
Event: 69.748 Thread 0x00000248d6b3b260 Thread exited: 0x00000248d6b3b260


Dynamic libraries:
0x00007ff67dd80000 - 0x00007ff67dd90000 	C:\Program Files\Java\jdk-23\bin\java.exe
0x00007ffd5f560000 - 0x00007ffd5f7c7000 	C:\WINDOWS\SYSTEM32\ntdll.dll
0x00007ffd5e130000 - 0x00007ffd5e1f9000 	C:\WINDOWS\System32\KERNEL32.DLL
0x00007ffd5bf90000 - 0x00007ffd5c381000 	C:\WINDOWS\System32\KERNELBASE.dll
0x00007ffd5cf50000 - 0x00007ffd5d09b000 	C:\WINDOWS\System32\ucrtbase.dll
0x00007ffd57070000 - 0x00007ffd57087000 	C:\Program Files\Java\jdk-23\bin\jli.dll
0x00007ffd5e610000 - 0x00007ffd5e7d5000 	C:\WINDOWS\System32\USER32.dll
0x00007ffd5d150000 - 0x00007ffd5d177000 	C:\WINDOWS\System32\win32u.dll
0x00007ffd5da90000 - 0x00007ffd5dabb000 	C:\WINDOWS\System32\GDI32.dll
0x00007ffd5cc00000 - 0x00007ffd5cd2a000 	C:\WINDOWS\System32\gdi32full.dll
0x00007ffd5d0a0000 - 0x00007ffd5d143000 	C:\WINDOWS\System32\msvcp_win.dll
0x00007ffd59dc0000 - 0x00007ffd59ddb000 	C:\Program Files\Java\jdk-23\bin\VCRUNTIME140.dll
0x00007ffd4e0c0000 - 0x00007ffd4e353000 	C:\WINDOWS\WinSxS\amd64_microsoft.windows.common-controls_6595b64144ccf1df_6.0.26100.7922_none_3e089e1ee3342171\COMCTL32.dll
0x00007ffd5f460000 - 0x00007ffd5f509000 	C:\WINDOWS\System32\msvcrt.dll
0x00007ffd5ded0000 - 0x00007ffd5df01000 	C:\WINDOWS\System32\IMM32.DLL
0x00007ffd5a240000 - 0x00007ffd5a24c000 	C:\Program Files\Java\jdk-23\bin\vcruntime140_1.dll
0x00007ffd4eb00000 - 0x00007ffd4eb8e000 	C:\Program Files\Java\jdk-23\bin\msvcp140.dll
0x00007ffcfdc20000 - 0x00007ffcfe96f000 	C:\Program Files\Java\jdk-23\bin\server\jvm.dll
0x00007ffd5df10000 - 0x00007ffd5dfcb000 	C:\WINDOWS\System32\ADVAPI32.dll
0x00007ffd5d7f0000 - 0x00007ffd5d897000 	C:\WINDOWS\System32\sechost.dll
0x00007ffd5f320000 - 0x00007ffd5f438000 	C:\WINDOWS\System32\RPCRT4.dll
0x00007ffd5e480000 - 0x00007ffd5e4f4000 	C:\WINDOWS\System32\WS2_32.dll
0x00007ffd5bca0000 - 0x00007ffd5bcfe000 	C:\WINDOWS\SYSTEM32\POWRPROF.dll
0x00007ffd56060000 - 0x00007ffd56095000 	C:\WINDOWS\SYSTEM32\WINMM.dll
0x00007ffd560a0000 - 0x00007ffd560ab000 	C:\WINDOWS\SYSTEM32\VERSION.dll
0x00007ffd5bc80000 - 0x00007ffd5bc94000 	C:\WINDOWS\SYSTEM32\UMPDC.dll
0x00007ffd5abd0000 - 0x00007ffd5abeb000 	C:\WINDOWS\SYSTEM32\kernel.appcore.dll
0x00007ffd5a1f0000 - 0x00007ffd5a1fa000 	C:\Program Files\Java\jdk-23\bin\jimage.dll
0x00007ffd59e50000 - 0x00007ffd5a092000 	C:\WINDOWS\SYSTEM32\DBGHELP.DLL
0x00007ffd5dac0000 - 0x00007ffd5de42000 	C:\WINDOWS\System32\combase.dll
0x00007ffd5e7f0000 - 0x00007ffd5e8c7000 	C:\WINDOWS\System32\OLEAUT32.dll
0x00007ffd4ced0000 - 0x00007ffd4cf0b000 	C:\WINDOWS\SYSTEM32\dbgcore.DLL
0x00007ffd5cd30000 - 0x00007ffd5cdd5000 	C:\WINDOWS\System32\bcryptPrimitives.dll
0x00007ffd59d80000 - 0x00007ffd59d9e000 	C:\Program Files\Java\jdk-23\bin\java.dll
0x00007ffd5d8f0000 - 0x00007ffd5da85000 	C:\WINDOWS\System32\ole32.dll
0x00007ffd5e9c0000 - 0x00007ffd5f11f000 	C:\WINDOWS\System32\SHELL32.dll
0x00007ffd5cde0000 - 0x00007ffd5cf4a000 	C:\WINDOWS\System32\wintypes.dll
0x00007ffd5c390000 - 0x00007ffd5cbf4000 	C:\WINDOWS\System32\windows.storage.dll
0x00007ffd5f130000 - 0x00007ffd5f227000 	C:\WINDOWS\System32\SHCORE.dll
0x00007ffd5e8d0000 - 0x00007ffd5e937000 	C:\WINDOWS\System32\shlwapi.dll
0x00007ffd5bd60000 - 0x00007ffd5bd89000 	C:\WINDOWS\SYSTEM32\profapi.dll
0x00007ffd06010000 - 0x00007ffd060e7000 	C:\Program Files\Java\jdk-23\bin\jsvml.dll
0x00007ffd580c0000 - 0x00007ffd580d0000 	C:\Program Files\Java\jdk-23\bin\net.dll
0x00007ffd5b140000 - 0x00007ffd5b1ab000 	C:\WINDOWS\system32\mswsock.dll
0x00007ffd55950000 - 0x00007ffd55966000 	C:\Program Files\Java\jdk-23\bin\nio.dll
0x00007ffd52b10000 - 0x00007ffd52b27000 	C:\Program Files\Java\jdk-23\bin\zip.dll
0x00007ffd36960000 - 0x00007ffd36984000 	C:\Program Files\NetBeans-24\netbeans\java\maven\lib\jansi-native\Windows\x86_64\jansi.dll
0x00007ffd58070000 - 0x00007ffd58080000 	C:\Program Files\Java\jdk-23\bin\verify.dll

dbghelp: loaded successfully - version: 4.0.5 - missing functions: none
symbol engine: initialized successfully - sym options: 0x614 - pdb path: .;C:\Program Files\Java\jdk-23\bin;C:\WINDOWS\SYSTEM32;C:\WINDOWS\WinSxS\amd64_microsoft.windows.common-controls_6595b64144ccf1df_6.0.26100.7922_none_3e089e1ee3342171;C:\Program Files\Java\jdk-23\bin\server;C:\Program Files\NetBeans-24\netbeans\java\maven\lib\jansi-native\Windows\x86_64

VM Arguments:
jvm_args: -Dclassworlds.conf=C:\Program Files\NetBeans-24\netbeans\java\maven\bin\m2.conf -Dmaven.home=C:\Program Files\NetBeans-24\netbeans\java\maven -Dlibrary.jansi.path=C:\Program Files\NetBeans-24\netbeans\java\maven\lib\jansi-native -Dmaven.multiModuleProjectDirectory=C:\Users\Papa\Documents\NetBeansProjects\MotorPhPayroll 
java_command: org.codehaus.plexus.classworlds.launcher.Launcher -Dmaven.ext.class.path=C:\Program Files\NetBeans-24\netbeans\java\maven-nblib\netbeans-eventspy.jar --no-transfer-progress install
java_class_path (initial): C:\Program Files\NetBeans-24\netbeans\java\maven\boot\plexus-classworlds-2.8.0.jar
Launcher Type: SUN_STANDARD

[Global flags]
     intx CICompilerCount                          = 4                                         {product} {ergonomic}
     uint ConcGCThreads                            = 2                                         {product} {ergonomic}
     uint G1ConcRefinementThreads                  = 8                                         {product} {ergonomic}
   size_t G1HeapRegionSize                         = 2097152                                   {product} {ergonomic}
   size_t InitialHeapSize                          = 234881024                                 {product} {ergonomic}
   size_t MarkStackSize                            = 4194304                                   {product} {ergonomic}
   size_t MarkStackSizeMax                         = 536870912                                 {product} {ergonomic}
   size_t MaxHeapSize                              = 3739222016                                {product} {ergonomic}
   size_t MaxNewSize                               = 2241855488                                {product} {ergonomic}
   size_t MinHeapDeltaBytes                        = 2097152                                   {product} {ergonomic}
   size_t MinHeapSize                              = 8388608                                   {product} {ergonomic}
    uintx NonNMethodCodeHeapSize                   = 5832704                                {pd product} {ergonomic}
    uintx NonProfiledCodeHeapSize                  = 122945536                              {pd product} {ergonomic}
    uintx ProfiledCodeHeapSize                     = 122880000                              {pd product} {ergonomic}
    uintx ReservedCodeCacheSize                    = 251658240                              {pd product} {ergonomic}
     bool SegmentedCodeCache                       = true                                      {product} {ergonomic}
   size_t SoftMaxHeapSize                          = 3739222016                             {manageable} {ergonomic}
     bool UseCompressedOops                        = true                           {product lp64_product} {ergonomic}
     bool UseG1GC                                  = true                                      {product} {ergonomic}
     bool UseLargePagesIndividualAllocation        = false                                  {pd product} {ergonomic}

Logging:
Log output configuration:
 #0: stdout all=warning uptime,level,tags foldmultilines=false
 #1: stderr all=off uptime,level,tags foldmultilines=false

Environment Variables:
JAVA_HOME=C:\Program Files\Java\jdk-23
PATH=C:\Program Files\Common Files\Oracle\Java\javapath;C:\Python312\Scripts\;C:\Python312\;C:\WINDOWS\system32;C:\WINDOWS;C:\WINDOWS\System32\Wbem;C:\WINDOWS\System32\WindowsPowerShell\v1.0\;C:\WINDOWS\System32\OpenSSH\;C:\Program Files\nodejs\;C:\ProgramData\chocolatey\bin;C:\Program Files (x86)\AOMEI\AOMEI Backupper\7.4.1;C:\Program Files\Java\jdk-23\bin;C:\Users\Papa\AppData\Local\GitHubDesktop\bin;C:\Users\Papa\AppData\Local\Programs\Microsoft VS Code\bin;C:\Users\Papa\AppData\Local\Programs\Git\cmd;C:\Users\Papa\AppData\Roaming\npm;C:\Users\Papa\AppData\Local\Microsoft\WindowsApps;
USERNAME=Papa
OS=Windows_NT
PROCESSOR_IDENTIFIER=AMD64 Family 23 Model 24 Stepping 1, AuthenticAMD
TMP=C:\Users\Papa\AppData\Local\Temp
TEMP=C:\Users\Papa\AppData\Local\Temp




Periodic native trim disabled

---------------  S Y S T E M  ---------------

OS:
 Windows 11 , 64 bit Build 26100 (10.0.26100.7920)
OS uptime: 1 days 18:48 hours

CPU: total 8 (initial active 8) (8 cores per cpu, 2 threads per core) family 23 model 24 stepping 1 microcode 0x8108109, cx8, cmov, fxsr, ht, mmx, 3dnowpref, sse, sse2, sse3, ssse3, sse4a, sse4.1, sse4.2, popcnt, lzcnt, tsc, tscinvbit, avx, avx2, aes, clmul, bmi1, bmi2, adx, sha, fma, vzeroupper, clflush, clflushopt, rdtscp, f16c
Processor Information for the first 8 processors :
  Max Mhz: 3300, Current Mhz: 3300, Mhz Limit: 3300

Memory: 4k page, system-wide physical 14258M (1205M free)
TotalPageFile size 57266M (AvailPageFile size 117M)
current process WorkingSet (physical memory assigned to process): 86M, peak: 97M
current process commit charge ("private bytes"): 326M, peak: 342M

vm_info: Java HotSpot(TM) 64-Bit Server VM (23.0.1+11-39) for windows-amd64 JRE (23.0.1+11-39), built on 2024-09-30T07:20:43Z with MS VC++ 17.6 (VS2022)

END.
